
Train Epoch: 1 started
Train Epoch: 1, loss: 3.76429
Validation. Epoch: 1, loss: 3.2836, accuracy: 0.0000
Saved model to model-checkpoints/transformer/hebrew/low/model_1.pth
New best Loss, saved to model-checkpoints/transformer/hebrew/low/model_best.pth

Train Epoch: 2 started
Train Epoch: 2, loss: 3.38223
Validation. Epoch: 2, loss: 3.1245, accuracy: 0.0000
Saved model to model-checkpoints/transformer/hebrew/low/model_2.pth
New best Loss, saved to model-checkpoints/transformer/hebrew/low/model_best.pth

Train Epoch: 3 started
Train Epoch: 3, loss: 3.20835
Validation. Epoch: 3, loss: 3.0412, accuracy: 0.0000
Saved model to model-checkpoints/transformer/hebrew/low/model_3.pth
New best Loss, saved to model-checkpoints/transformer/hebrew/low/model_best.pth

Train Epoch: 4 started
Train Epoch: 4, loss: 3.11904
Validation. Epoch: 4, loss: 3.0136, accuracy: 0.0000
Saved model to model-checkpoints/transformer/hebrew/low/model_4.pth
New best Loss, saved to model-checkpoints/transformer/hebrew/low/model_best.pth

Train Epoch: 5 started
Train Epoch: 5, loss: 3.11303
Validation. Epoch: 5, loss: 2.9868, accuracy: 0.0000
Saved model to model-checkpoints/transformer/hebrew/low/model_5.pth
New best Loss, saved to model-checkpoints/transformer/hebrew/low/model_best.pth

Train Epoch: 6 started
Train Epoch: 6, loss: 3.13463
Validation. Epoch: 6, loss: 2.9720, accuracy: 0.0000
Saved model to model-checkpoints/transformer/hebrew/low/model_6.pth
New best Loss, saved to model-checkpoints/transformer/hebrew/low/model_best.pth

Train Epoch: 7 started
Train Epoch: 7, loss: 3.08934
Validation. Epoch: 7, loss: 2.9723, accuracy: 0.0000
Saved model to model-checkpoints/transformer/hebrew/low/model_7.pth

Train Epoch: 8 started
Train Epoch: 8, loss: 3.10350
Validation. Epoch: 8, loss: 2.9602, accuracy: 0.0000
Saved model to model-checkpoints/transformer/hebrew/low/model_8.pth
New best Loss, saved to model-checkpoints/transformer/hebrew/low/model_best.pth

Train Epoch: 9 started
Train Epoch: 9, loss: 3.06238
Validation. Epoch: 9, loss: 2.9387, accuracy: 0.0000
Saved model to model-checkpoints/transformer/hebrew/low/model_9.pth
New best Loss, saved to model-checkpoints/transformer/hebrew/low/model_best.pth

Train Epoch: 10 started
Train Epoch: 10, loss: 3.03225
Validation. Epoch: 10, loss: 2.9192, accuracy: 0.0000
Saved model to model-checkpoints/transformer/hebrew/low/model_10.pth
New best Loss, saved to model-checkpoints/transformer/hebrew/low/model_best.pth

Train Epoch: 11 started
Train Epoch: 11, loss: 3.00267
Validation. Epoch: 11, loss: 2.9044, accuracy: 0.0000
Saved model to model-checkpoints/transformer/hebrew/low/model_11.pth
New best Loss, saved to model-checkpoints/transformer/hebrew/low/model_best.pth

Train Epoch: 12 started
Train Epoch: 12, loss: 2.98115
Validation. Epoch: 12, loss: 2.8902, accuracy: 0.0000
Saved model to model-checkpoints/transformer/hebrew/low/model_12.pth
New best Loss, saved to model-checkpoints/transformer/hebrew/low/model_best.pth

Train Epoch: 13 started
Train Epoch: 13, loss: 3.01040
Validation. Epoch: 13, loss: 2.8775, accuracy: 0.0000
Saved model to model-checkpoints/transformer/hebrew/low/model_13.pth
New best Loss, saved to model-checkpoints/transformer/hebrew/low/model_best.pth

Train Epoch: 14 started
Train Epoch: 14, loss: 2.93838
Validation. Epoch: 14, loss: 2.8631, accuracy: 0.0000
Saved model to model-checkpoints/transformer/hebrew/low/model_14.pth
New best Loss, saved to model-checkpoints/transformer/hebrew/low/model_best.pth

Train Epoch: 15 started
Train Epoch: 15, loss: 2.93320
Validation. Epoch: 15, loss: 2.8498, accuracy: 0.0000
Saved model to model-checkpoints/transformer/hebrew/low/model_15.pth
New best Loss, saved to model-checkpoints/transformer/hebrew/low/model_best.pth

Train Epoch: 16 started
Train Epoch: 16, loss: 2.89543
Validation. Epoch: 16, loss: 2.8380, accuracy: 0.0000
Saved model to model-checkpoints/transformer/hebrew/low/model_16.pth
New best Loss, saved to model-checkpoints/transformer/hebrew/low/model_best.pth

Train Epoch: 17 started
Train Epoch: 17, loss: 2.92217
Validation. Epoch: 17, loss: 2.8270, accuracy: 0.0000
Saved model to model-checkpoints/transformer/hebrew/low/model_17.pth
New best Loss, saved to model-checkpoints/transformer/hebrew/low/model_best.pth

Train Epoch: 18 started
Train Epoch: 18, loss: 2.87704
Validation. Epoch: 18, loss: 2.8137, accuracy: 0.0000
Saved model to model-checkpoints/transformer/hebrew/low/model_18.pth
New best Loss, saved to model-checkpoints/transformer/hebrew/low/model_best.pth

Train Epoch: 19 started
Train Epoch: 19, loss: 2.86958
Validation. Epoch: 19, loss: 2.8086, accuracy: 0.0000
Saved model to model-checkpoints/transformer/hebrew/low/model_19.pth
New best Loss, saved to model-checkpoints/transformer/hebrew/low/model_best.pth

Train Epoch: 20 started
Train Epoch: 20, loss: 2.81200
Validation. Epoch: 20, loss: 2.8010, accuracy: 0.0000
Saved model to model-checkpoints/transformer/hebrew/low/model_20.pth
New best Loss, saved to model-checkpoints/transformer/hebrew/low/model_best.pth

Train Epoch: 21 started
Train Epoch: 21, loss: 2.86113
Validation. Epoch: 21, loss: 2.7899, accuracy: 0.0000
Saved model to model-checkpoints/transformer/hebrew/low/model_21.pth
New best Loss, saved to model-checkpoints/transformer/hebrew/low/model_best.pth

Train Epoch: 22 started
Train Epoch: 22, loss: 2.85139
Validation. Epoch: 22, loss: 2.7841, accuracy: 0.0000
Saved model to model-checkpoints/transformer/hebrew/low/model_22.pth
New best Loss, saved to model-checkpoints/transformer/hebrew/low/model_best.pth

Train Epoch: 23 started
Train Epoch: 23, loss: 2.82729
Validation. Epoch: 23, loss: 2.7672, accuracy: 0.0000
Saved model to model-checkpoints/transformer/hebrew/low/model_23.pth
New best Loss, saved to model-checkpoints/transformer/hebrew/low/model_best.pth

Train Epoch: 24 started
Train Epoch: 24, loss: 2.79348
Validation. Epoch: 24, loss: 2.7613, accuracy: 0.0000
Saved model to model-checkpoints/transformer/hebrew/low/model_24.pth
New best Loss, saved to model-checkpoints/transformer/hebrew/low/model_best.pth

Train Epoch: 25 started
Train Epoch: 25, loss: 2.81160
Validation. Epoch: 25, loss: 2.7497, accuracy: 0.0000
Saved model to model-checkpoints/transformer/hebrew/low/model_25.pth
New best Loss, saved to model-checkpoints/transformer/hebrew/low/model_best.pth

Train Epoch: 26 started
Train Epoch: 26, loss: 2.78633
Validation. Epoch: 26, loss: 2.7418, accuracy: 0.0000
Saved model to model-checkpoints/transformer/hebrew/low/model_26.pth
New best Loss, saved to model-checkpoints/transformer/hebrew/low/model_best.pth

Train Epoch: 27 started
Train Epoch: 27, loss: 2.79619
Validation. Epoch: 27, loss: 2.7613, accuracy: 0.0000
Saved model to model-checkpoints/transformer/hebrew/low/model_27.pth

Train Epoch: 28 started
Train Epoch: 28, loss: 2.78788
Validation. Epoch: 28, loss: 2.7404, accuracy: 0.0000
Saved model to model-checkpoints/transformer/hebrew/low/model_28.pth
New best Loss, saved to model-checkpoints/transformer/hebrew/low/model_best.pth

Train Epoch: 29 started
Train Epoch: 29, loss: 2.78842
Validation. Epoch: 29, loss: 2.7310, accuracy: 0.0000
Saved model to model-checkpoints/transformer/hebrew/low/model_29.pth
New best Loss, saved to model-checkpoints/transformer/hebrew/low/model_best.pth

Train Epoch: 30 started
Train Epoch: 30, loss: 2.75998
Validation. Epoch: 30, loss: 2.7554, accuracy: 0.0000
Saved model to model-checkpoints/transformer/hebrew/low/model_30.pth

Train Epoch: 31 started
Train Epoch: 31, loss: 2.75276
Validation. Epoch: 31, loss: 2.7334, accuracy: 0.0000
Saved model to model-checkpoints/transformer/hebrew/low/model_31.pth

Train Epoch: 32 started
Train Epoch: 32, loss: 2.74961
Validation. Epoch: 32, loss: 2.7081, accuracy: 0.0000
Saved model to model-checkpoints/transformer/hebrew/low/model_32.pth
New best Loss, saved to model-checkpoints/transformer/hebrew/low/model_best.pth

Train Epoch: 33 started
Train Epoch: 33, loss: 2.73414
Validation. Epoch: 33, loss: 2.6997, accuracy: 0.0000
Saved model to model-checkpoints/transformer/hebrew/low/model_33.pth
New best Loss, saved to model-checkpoints/transformer/hebrew/low/model_best.pth

Train Epoch: 34 started
Train Epoch: 34, loss: 2.73644
Validation. Epoch: 34, loss: 2.7319, accuracy: 0.0000
Saved model to model-checkpoints/transformer/hebrew/low/model_34.pth

Train Epoch: 35 started
Train Epoch: 35, loss: 2.70465
Validation. Epoch: 35, loss: 2.7059, accuracy: 0.0000
Saved model to model-checkpoints/transformer/hebrew/low/model_35.pth

Train Epoch: 36 started
Train Epoch: 36, loss: 2.69797
Validation. Epoch: 36, loss: 2.6931, accuracy: 0.0000
Saved model to model-checkpoints/transformer/hebrew/low/model_36.pth
New best Loss, saved to model-checkpoints/transformer/hebrew/low/model_best.pth

Train Epoch: 37 started
Train Epoch: 37, loss: 2.63035
Validation. Epoch: 37, loss: 2.6848, accuracy: 0.0000
Saved model to model-checkpoints/transformer/hebrew/low/model_37.pth
New best Loss, saved to model-checkpoints/transformer/hebrew/low/model_best.pth

Train Epoch: 38 started
Train Epoch: 38, loss: 2.67025
Validation. Epoch: 38, loss: 2.7269, accuracy: 0.0000
Saved model to model-checkpoints/transformer/hebrew/low/model_38.pth

Train Epoch: 39 started
Train Epoch: 39, loss: 2.68483
Validation. Epoch: 39, loss: 2.6774, accuracy: 0.0000
Saved model to model-checkpoints/transformer/hebrew/low/model_39.pth
New best Loss, saved to model-checkpoints/transformer/hebrew/low/model_best.pth

Train Epoch: 40 started
Train Epoch: 40, loss: 2.69511
Validation. Epoch: 40, loss: 2.6805, accuracy: 0.0000
Saved model to model-checkpoints/transformer/hebrew/low/model_40.pth

Train Epoch: 41 started
Train Epoch: 41, loss: 2.65818
Validation. Epoch: 41, loss: 2.7148, accuracy: 0.0000
Saved model to model-checkpoints/transformer/hebrew/low/model_41.pth

Train Epoch: 42 started
Train Epoch: 42, loss: 2.63401
Validation. Epoch: 42, loss: 2.6731, accuracy: 0.0000
Saved model to model-checkpoints/transformer/hebrew/low/model_42.pth
New best Loss, saved to model-checkpoints/transformer/hebrew/low/model_best.pth

Train Epoch: 43 started
Train Epoch: 43, loss: 2.59066
Validation. Epoch: 43, loss: 2.6747, accuracy: 0.0000
Saved model to model-checkpoints/transformer/hebrew/low/model_43.pth

Train Epoch: 44 started
Train Epoch: 44, loss: 2.58953
Validation. Epoch: 44, loss: 2.6562, accuracy: 0.0000
Saved model to model-checkpoints/transformer/hebrew/low/model_44.pth
New best Loss, saved to model-checkpoints/transformer/hebrew/low/model_best.pth

Train Epoch: 45 started
Train Epoch: 45, loss: 2.59780
Validation. Epoch: 45, loss: 2.6462, accuracy: 0.0000
Saved model to model-checkpoints/transformer/hebrew/low/model_45.pth
New best Loss, saved to model-checkpoints/transformer/hebrew/low/model_best.pth

Train Epoch: 46 started
Train Epoch: 46, loss: 2.53828
Validation. Epoch: 46, loss: 2.6523, accuracy: 0.0000
Saved model to model-checkpoints/transformer/hebrew/low/model_46.pth

Train Epoch: 47 started
Train Epoch: 47, loss: 2.60962
Validation. Epoch: 47, loss: 2.6500, accuracy: 0.0000
Saved model to model-checkpoints/transformer/hebrew/low/model_47.pth

Train Epoch: 48 started
Train Epoch: 48, loss: 2.57872
Validation. Epoch: 48, loss: 2.6352, accuracy: 0.0000
Saved model to model-checkpoints/transformer/hebrew/low/model_48.pth
New best Loss, saved to model-checkpoints/transformer/hebrew/low/model_best.pth

Train Epoch: 49 started
Train Epoch: 49, loss: 2.51280
Validation. Epoch: 49, loss: 2.6347, accuracy: 0.0000
Saved model to model-checkpoints/transformer/hebrew/low/model_49.pth
New best Loss, saved to model-checkpoints/transformer/hebrew/low/model_best.pth

Train Epoch: 50 started
Train Epoch: 50, loss: 2.54997
Validation. Epoch: 50, loss: 2.6354, accuracy: 0.0000
Saved model to model-checkpoints/transformer/hebrew/low/model_50.pth

Train Epoch: 51 started
Train Epoch: 51, loss: 2.52817
Validation. Epoch: 51, loss: 2.6031, accuracy: 0.0000
Saved model to model-checkpoints/transformer/hebrew/low/model_51.pth
New best Loss, saved to model-checkpoints/transformer/hebrew/low/model_best.pth

Train Epoch: 52 started
Train Epoch: 52, loss: 2.54386
Validation. Epoch: 52, loss: 2.6137, accuracy: 0.0000
Saved model to model-checkpoints/transformer/hebrew/low/model_52.pth

Train Epoch: 53 started
Train Epoch: 53, loss: 2.47147
Validation. Epoch: 53, loss: 2.5924, accuracy: 0.0000
Saved model to model-checkpoints/transformer/hebrew/low/model_53.pth
New best Loss, saved to model-checkpoints/transformer/hebrew/low/model_best.pth

Train Epoch: 54 started
Train Epoch: 54, loss: 2.50419
Validation. Epoch: 54, loss: 2.5748, accuracy: 0.0000
Saved model to model-checkpoints/transformer/hebrew/low/model_54.pth
New best Loss, saved to model-checkpoints/transformer/hebrew/low/model_best.pth

Train Epoch: 55 started
Train Epoch: 55, loss: 2.50245
Validation. Epoch: 55, loss: 2.6116, accuracy: 0.0000
Saved model to model-checkpoints/transformer/hebrew/low/model_55.pth

Train Epoch: 56 started
Train Epoch: 56, loss: 2.42146
Validation. Epoch: 56, loss: 2.5548, accuracy: 0.0000
Saved model to model-checkpoints/transformer/hebrew/low/model_56.pth
New best Loss, saved to model-checkpoints/transformer/hebrew/low/model_best.pth

Train Epoch: 57 started
Train Epoch: 57, loss: 2.39924
Validation. Epoch: 57, loss: 2.5687, accuracy: 0.0000
Saved model to model-checkpoints/transformer/hebrew/low/model_57.pth

Train Epoch: 58 started
Train Epoch: 58, loss: 2.43265
Validation. Epoch: 58, loss: 2.5233, accuracy: 0.0000
Saved model to model-checkpoints/transformer/hebrew/low/model_58.pth
New best Loss, saved to model-checkpoints/transformer/hebrew/low/model_best.pth

Train Epoch: 59 started
Train Epoch: 59, loss: 2.38632
Validation. Epoch: 59, loss: 2.5120, accuracy: 0.0000
Saved model to model-checkpoints/transformer/hebrew/low/model_59.pth
New best Loss, saved to model-checkpoints/transformer/hebrew/low/model_best.pth

Train Epoch: 60 started
Train Epoch: 60, loss: 2.40843
Validation. Epoch: 60, loss: 2.5088, accuracy: 0.0000
Saved model to model-checkpoints/transformer/hebrew/low/model_60.pth
New best Loss, saved to model-checkpoints/transformer/hebrew/low/model_best.pth

Train Epoch: 61 started
Train Epoch: 61, loss: 2.38728
Validation. Epoch: 61, loss: 2.4883, accuracy: 0.0000
Saved model to model-checkpoints/transformer/hebrew/low/model_61.pth
New best Loss, saved to model-checkpoints/transformer/hebrew/low/model_best.pth

Train Epoch: 62 started
Train Epoch: 62, loss: 2.32829
Validation. Epoch: 62, loss: 2.5115, accuracy: 0.0000
Saved model to model-checkpoints/transformer/hebrew/low/model_62.pth

Train Epoch: 63 started
Train Epoch: 63, loss: 2.34896
Validation. Epoch: 63, loss: 2.4711, accuracy: 0.0000
Saved model to model-checkpoints/transformer/hebrew/low/model_63.pth
New best Loss, saved to model-checkpoints/transformer/hebrew/low/model_best.pth

Train Epoch: 64 started
Train Epoch: 64, loss: 2.30614
Validation. Epoch: 64, loss: 2.4372, accuracy: 0.0000
Saved model to model-checkpoints/transformer/hebrew/low/model_64.pth
New best Loss, saved to model-checkpoints/transformer/hebrew/low/model_best.pth

Train Epoch: 65 started
Train Epoch: 65, loss: 2.28050
Validation. Epoch: 65, loss: 2.4437, accuracy: 0.0000
Saved model to model-checkpoints/transformer/hebrew/low/model_65.pth

Train Epoch: 66 started
Train Epoch: 66, loss: 2.28143
Validation. Epoch: 66, loss: 2.4051, accuracy: 0.0000
Saved model to model-checkpoints/transformer/hebrew/low/model_66.pth
New best Loss, saved to model-checkpoints/transformer/hebrew/low/model_best.pth

Train Epoch: 67 started
Train Epoch: 67, loss: 2.22067
Validation. Epoch: 67, loss: 2.4399, accuracy: 0.0000
Saved model to model-checkpoints/transformer/hebrew/low/model_67.pth

Train Epoch: 68 started
Train Epoch: 68, loss: 2.21478
Validation. Epoch: 68, loss: 2.3820, accuracy: 0.0000
Saved model to model-checkpoints/transformer/hebrew/low/model_68.pth
New best Loss, saved to model-checkpoints/transformer/hebrew/low/model_best.pth

Train Epoch: 69 started
Train Epoch: 69, loss: 2.21786
Validation. Epoch: 69, loss: 2.4048, accuracy: 0.0000
Saved model to model-checkpoints/transformer/hebrew/low/model_69.pth

Train Epoch: 70 started
Train Epoch: 70, loss: 2.25357
Validation. Epoch: 70, loss: 2.3803, accuracy: 0.0000
Saved model to model-checkpoints/transformer/hebrew/low/model_70.pth
New best Loss, saved to model-checkpoints/transformer/hebrew/low/model_best.pth

Train Epoch: 71 started
Train Epoch: 71, loss: 2.21927
Validation. Epoch: 71, loss: 2.3710, accuracy: 0.0000
Saved model to model-checkpoints/transformer/hebrew/low/model_71.pth
New best Loss, saved to model-checkpoints/transformer/hebrew/low/model_best.pth

Train Epoch: 72 started
Train Epoch: 72, loss: 2.17158
Validation. Epoch: 72, loss: 2.3880, accuracy: 0.0000
Saved model to model-checkpoints/transformer/hebrew/low/model_72.pth

Train Epoch: 73 started
Train Epoch: 73, loss: 2.17294
Validation. Epoch: 73, loss: 2.3376, accuracy: 0.0000
Saved model to model-checkpoints/transformer/hebrew/low/model_73.pth
New best Loss, saved to model-checkpoints/transformer/hebrew/low/model_best.pth

Train Epoch: 74 started
Train Epoch: 74, loss: 2.13756
Validation. Epoch: 74, loss: 2.3196, accuracy: 0.0000
Saved model to model-checkpoints/transformer/hebrew/low/model_74.pth
New best Loss, saved to model-checkpoints/transformer/hebrew/low/model_best.pth

Train Epoch: 75 started
Train Epoch: 75, loss: 2.07508
Validation. Epoch: 75, loss: 2.2969, accuracy: 0.0000
Saved model to model-checkpoints/transformer/hebrew/low/model_75.pth
New best Loss, saved to model-checkpoints/transformer/hebrew/low/model_best.pth

Train Epoch: 76 started
Train Epoch: 76, loss: 2.04486
Validation. Epoch: 76, loss: 2.3559, accuracy: 0.0000
Saved model to model-checkpoints/transformer/hebrew/low/model_76.pth

Train Epoch: 77 started
Train Epoch: 77, loss: 2.00684
Validation. Epoch: 77, loss: 2.3176, accuracy: 0.0000
Saved model to model-checkpoints/transformer/hebrew/low/model_77.pth

Train Epoch: 78 started
Train Epoch: 78, loss: 2.00985
Validation. Epoch: 78, loss: 2.3153, accuracy: 0.0000
Saved model to model-checkpoints/transformer/hebrew/low/model_78.pth

Train Epoch: 79 started
Train Epoch: 79, loss: 2.03741
Validation. Epoch: 79, loss: 2.2796, accuracy: 0.0000
Saved model to model-checkpoints/transformer/hebrew/low/model_79.pth
New best Loss, saved to model-checkpoints/transformer/hebrew/low/model_best.pth

Train Epoch: 80 started
Train Epoch: 80, loss: 1.97531
Validation. Epoch: 80, loss: 2.2565, accuracy: 0.0000
Saved model to model-checkpoints/transformer/hebrew/low/model_80.pth
New best Loss, saved to model-checkpoints/transformer/hebrew/low/model_best.pth

Train Epoch: 81 started
Train Epoch: 81, loss: 1.97864
Validation. Epoch: 81, loss: 2.2425, accuracy: 0.0000
Saved model to model-checkpoints/transformer/hebrew/low/model_81.pth
New best Loss, saved to model-checkpoints/transformer/hebrew/low/model_best.pth

Train Epoch: 82 started
Train Epoch: 82, loss: 1.94783
Validation. Epoch: 82, loss: 2.2532, accuracy: 0.0000
Saved model to model-checkpoints/transformer/hebrew/low/model_82.pth

Train Epoch: 83 started
Train Epoch: 83, loss: 1.96027
Validation. Epoch: 83, loss: 2.2605, accuracy: 0.0000
Saved model to model-checkpoints/transformer/hebrew/low/model_83.pth

Train Epoch: 84 started
Train Epoch: 84, loss: 1.96345
Validation. Epoch: 84, loss: 2.2362, accuracy: 0.0000
Saved model to model-checkpoints/transformer/hebrew/low/model_84.pth
New best Loss, saved to model-checkpoints/transformer/hebrew/low/model_best.pth

Train Epoch: 85 started
Train Epoch: 85, loss: 1.94650
Validation. Epoch: 85, loss: 2.2424, accuracy: 0.0010
Saved model to model-checkpoints/transformer/hebrew/low/model_85.pth

Train Epoch: 86 started
Train Epoch: 86, loss: 1.90974
Validation. Epoch: 86, loss: 2.2607, accuracy: 0.0000
Saved model to model-checkpoints/transformer/hebrew/low/model_86.pth

Train Epoch: 87 started
Train Epoch: 87, loss: 1.91423
Validation. Epoch: 87, loss: 2.2408, accuracy: 0.0000
Saved model to model-checkpoints/transformer/hebrew/low/model_87.pth

Train Epoch: 88 started
Train Epoch: 88, loss: 1.92663
Validation. Epoch: 88, loss: 2.2008, accuracy: 0.0000
Saved model to model-checkpoints/transformer/hebrew/low/model_88.pth
New best Loss, saved to model-checkpoints/transformer/hebrew/low/model_best.pth

Train Epoch: 89 started
Train Epoch: 89, loss: 1.88685
Validation. Epoch: 89, loss: 2.2258, accuracy: 0.0010
Saved model to model-checkpoints/transformer/hebrew/low/model_89.pth

Train Epoch: 90 started
Train Epoch: 90, loss: 1.84739
Validation. Epoch: 90, loss: 2.2138, accuracy: 0.0010
Saved model to model-checkpoints/transformer/hebrew/low/model_90.pth

Train Epoch: 91 started
Train Epoch: 91, loss: 1.84887
Validation. Epoch: 91, loss: 2.1689, accuracy: 0.0010
Saved model to model-checkpoints/transformer/hebrew/low/model_91.pth
New best Loss, saved to model-checkpoints/transformer/hebrew/low/model_best.pth

Train Epoch: 92 started
Train Epoch: 92, loss: 1.79781
Validation. Epoch: 92, loss: 2.1756, accuracy: 0.0020
Saved model to model-checkpoints/transformer/hebrew/low/model_92.pth

Train Epoch: 93 started
Train Epoch: 93, loss: 1.79090
Validation. Epoch: 93, loss: 2.1696, accuracy: 0.0010
Saved model to model-checkpoints/transformer/hebrew/low/model_93.pth

Train Epoch: 94 started
Train Epoch: 94, loss: 1.78616
Validation. Epoch: 94, loss: 2.1739, accuracy: 0.0000
Saved model to model-checkpoints/transformer/hebrew/low/model_94.pth

Train Epoch: 95 started
Train Epoch: 95, loss: 1.77391
Validation. Epoch: 95, loss: 2.1518, accuracy: 0.0000
Saved model to model-checkpoints/transformer/hebrew/low/model_95.pth
New best Loss, saved to model-checkpoints/transformer/hebrew/low/model_best.pth

Train Epoch: 96 started
Train Epoch: 96, loss: 1.79593
Validation. Epoch: 96, loss: 2.1321, accuracy: 0.0000
Saved model to model-checkpoints/transformer/hebrew/low/model_96.pth
New best Loss, saved to model-checkpoints/transformer/hebrew/low/model_best.pth

Train Epoch: 97 started
Train Epoch: 97, loss: 1.76128
Validation. Epoch: 97, loss: 2.1170, accuracy: 0.0010
Saved model to model-checkpoints/transformer/hebrew/low/model_97.pth
New best Loss, saved to model-checkpoints/transformer/hebrew/low/model_best.pth

Train Epoch: 98 started
Train Epoch: 98, loss: 1.77334
Validation. Epoch: 98, loss: 2.1360, accuracy: 0.0000
Saved model to model-checkpoints/transformer/hebrew/low/model_98.pth

Train Epoch: 99 started
Train Epoch: 99, loss: 1.72387
Validation. Epoch: 99, loss: 2.1176, accuracy: 0.0000
Saved model to model-checkpoints/transformer/hebrew/low/model_99.pth

Train Epoch: 100 started
Train Epoch: 100, loss: 1.68651
Validation. Epoch: 100, loss: 2.1025, accuracy: 0.0000
Saved model to model-checkpoints/transformer/hebrew/low/model_100.pth
New best Loss, saved to model-checkpoints/transformer/hebrew/low/model_best.pth

Train Epoch: 101 started
Train Epoch: 101, loss: 1.69127
Validation. Epoch: 101, loss: 2.0991, accuracy: 0.0000
Saved model to model-checkpoints/transformer/hebrew/low/model_101.pth
New best Loss, saved to model-checkpoints/transformer/hebrew/low/model_best.pth

Train Epoch: 102 started
Train Epoch: 102, loss: 1.67472
Validation. Epoch: 102, loss: 2.1039, accuracy: 0.0010
Saved model to model-checkpoints/transformer/hebrew/low/model_102.pth

Train Epoch: 103 started
Train Epoch: 103, loss: 1.70463
Validation. Epoch: 103, loss: 2.0926, accuracy: 0.0000
Saved model to model-checkpoints/transformer/hebrew/low/model_103.pth
New best Loss, saved to model-checkpoints/transformer/hebrew/low/model_best.pth

Train Epoch: 104 started
Train Epoch: 104, loss: 1.68535
Validation. Epoch: 104, loss: 2.0803, accuracy: 0.0010
Saved model to model-checkpoints/transformer/hebrew/low/model_104.pth
New best Loss, saved to model-checkpoints/transformer/hebrew/low/model_best.pth

Train Epoch: 105 started
Train Epoch: 105, loss: 1.70846
Validation. Epoch: 105, loss: 2.0583, accuracy: 0.0030
Saved model to model-checkpoints/transformer/hebrew/low/model_105.pth
New best Loss, saved to model-checkpoints/transformer/hebrew/low/model_best.pth

Train Epoch: 106 started
Train Epoch: 106, loss: 1.60260
Validation. Epoch: 106, loss: 2.0793, accuracy: 0.0010
Saved model to model-checkpoints/transformer/hebrew/low/model_106.pth

Train Epoch: 107 started
Train Epoch: 107, loss: 1.62264
Validation. Epoch: 107, loss: 2.0492, accuracy: 0.0010
Saved model to model-checkpoints/transformer/hebrew/low/model_107.pth
New best Loss, saved to model-checkpoints/transformer/hebrew/low/model_best.pth

Train Epoch: 108 started
Train Epoch: 108, loss: 1.62168
Validation. Epoch: 108, loss: 2.0443, accuracy: 0.0010
Saved model to model-checkpoints/transformer/hebrew/low/model_108.pth
New best Loss, saved to model-checkpoints/transformer/hebrew/low/model_best.pth

Train Epoch: 109 started
Train Epoch: 109, loss: 1.60982
Validation. Epoch: 109, loss: 2.0479, accuracy: 0.0030
Saved model to model-checkpoints/transformer/hebrew/low/model_109.pth

Train Epoch: 110 started
Train Epoch: 110, loss: 1.58225
Validation. Epoch: 110, loss: 2.0399, accuracy: 0.0030
Saved model to model-checkpoints/transformer/hebrew/low/model_110.pth
New best Loss, saved to model-checkpoints/transformer/hebrew/low/model_best.pth

Train Epoch: 111 started
Train Epoch: 111, loss: 1.58500
Validation. Epoch: 111, loss: 2.0322, accuracy: 0.0010
Saved model to model-checkpoints/transformer/hebrew/low/model_111.pth
New best Loss, saved to model-checkpoints/transformer/hebrew/low/model_best.pth

Train Epoch: 112 started
Train Epoch: 112, loss: 1.53428
Validation. Epoch: 112, loss: 2.0221, accuracy: 0.0000
Saved model to model-checkpoints/transformer/hebrew/low/model_112.pth
New best Loss, saved to model-checkpoints/transformer/hebrew/low/model_best.pth

Train Epoch: 113 started
Train Epoch: 113, loss: 1.51407
Validation. Epoch: 113, loss: 2.0189, accuracy: 0.0010
Saved model to model-checkpoints/transformer/hebrew/low/model_113.pth
New best Loss, saved to model-checkpoints/transformer/hebrew/low/model_best.pth

Train Epoch: 114 started
Train Epoch: 114, loss: 1.52319
Validation. Epoch: 114, loss: 2.0281, accuracy: 0.0000
Saved model to model-checkpoints/transformer/hebrew/low/model_114.pth

Train Epoch: 115 started
Train Epoch: 115, loss: 1.53043
Validation. Epoch: 115, loss: 1.9860, accuracy: 0.0020
Saved model to model-checkpoints/transformer/hebrew/low/model_115.pth
New best Loss, saved to model-checkpoints/transformer/hebrew/low/model_best.pth

Train Epoch: 116 started
Train Epoch: 116, loss: 1.45212
Validation. Epoch: 116, loss: 1.9775, accuracy: 0.0020
Saved model to model-checkpoints/transformer/hebrew/low/model_116.pth
New best Loss, saved to model-checkpoints/transformer/hebrew/low/model_best.pth

Train Epoch: 117 started
Train Epoch: 117, loss: 1.47017
Validation. Epoch: 117, loss: 2.0399, accuracy: 0.0010
Saved model to model-checkpoints/transformer/hebrew/low/model_117.pth

Train Epoch: 118 started
Train Epoch: 118, loss: 1.50323
Validation. Epoch: 118, loss: 2.0147, accuracy: 0.0020
Saved model to model-checkpoints/transformer/hebrew/low/model_118.pth

Train Epoch: 119 started
Train Epoch: 119, loss: 1.43286
Validation. Epoch: 119, loss: 1.9516, accuracy: 0.0000
Saved model to model-checkpoints/transformer/hebrew/low/model_119.pth
New best Loss, saved to model-checkpoints/transformer/hebrew/low/model_best.pth

Train Epoch: 120 started
Train Epoch: 120, loss: 1.45426
Validation. Epoch: 120, loss: 1.9665, accuracy: 0.0020
Saved model to model-checkpoints/transformer/hebrew/low/model_120.pth

Train Epoch: 121 started
Train Epoch: 121, loss: 1.43258
Validation. Epoch: 121, loss: 1.9607, accuracy: 0.0020
Saved model to model-checkpoints/transformer/hebrew/low/model_121.pth

Train Epoch: 122 started
Train Epoch: 122, loss: 1.44365
Validation. Epoch: 122, loss: 1.9644, accuracy: 0.0010
Saved model to model-checkpoints/transformer/hebrew/low/model_122.pth

Train Epoch: 123 started
Train Epoch: 123, loss: 1.50907
Validation. Epoch: 123, loss: 1.9577, accuracy: 0.0030
Saved model to model-checkpoints/transformer/hebrew/low/model_123.pth

Train Epoch: 124 started
Train Epoch: 124, loss: 1.41610
Validation. Epoch: 124, loss: 1.9446, accuracy: 0.0040
Saved model to model-checkpoints/transformer/hebrew/low/model_124.pth
New best Loss, saved to model-checkpoints/transformer/hebrew/low/model_best.pth

Train Epoch: 125 started
Train Epoch: 125, loss: 1.38390
Validation. Epoch: 125, loss: 1.9084, accuracy: 0.0040
Saved model to model-checkpoints/transformer/hebrew/low/model_125.pth
New best Loss, saved to model-checkpoints/transformer/hebrew/low/model_best.pth

Train Epoch: 126 started
Train Epoch: 126, loss: 1.39547
Validation. Epoch: 126, loss: 1.8976, accuracy: 0.0040
Saved model to model-checkpoints/transformer/hebrew/low/model_126.pth
New best Loss, saved to model-checkpoints/transformer/hebrew/low/model_best.pth

Train Epoch: 127 started
Train Epoch: 127, loss: 1.37281
Validation. Epoch: 127, loss: 1.8841, accuracy: 0.0020
Saved model to model-checkpoints/transformer/hebrew/low/model_127.pth
New best Loss, saved to model-checkpoints/transformer/hebrew/low/model_best.pth

Train Epoch: 128 started
Train Epoch: 128, loss: 1.38539
Validation. Epoch: 128, loss: 1.9118, accuracy: 0.0050
Saved model to model-checkpoints/transformer/hebrew/low/model_128.pth

Train Epoch: 129 started
Train Epoch: 129, loss: 1.38541
Validation. Epoch: 129, loss: 1.9002, accuracy: 0.0050
Saved model to model-checkpoints/transformer/hebrew/low/model_129.pth

Train Epoch: 130 started
Train Epoch: 130, loss: 1.37619
Validation. Epoch: 130, loss: 1.8772, accuracy: 0.0040
Saved model to model-checkpoints/transformer/hebrew/low/model_130.pth
New best Loss, saved to model-checkpoints/transformer/hebrew/low/model_best.pth

Train Epoch: 131 started
Train Epoch: 131, loss: 1.35279
Validation. Epoch: 131, loss: 1.8821, accuracy: 0.0030
Saved model to model-checkpoints/transformer/hebrew/low/model_131.pth

Train Epoch: 132 started
Train Epoch: 132, loss: 1.31697
Validation. Epoch: 132, loss: 1.9623, accuracy: 0.0040
Saved model to model-checkpoints/transformer/hebrew/low/model_132.pth

Train Epoch: 133 started
Train Epoch: 133, loss: 1.35680
Validation. Epoch: 133, loss: 1.8635, accuracy: 0.0040
Saved model to model-checkpoints/transformer/hebrew/low/model_133.pth
New best Loss, saved to model-checkpoints/transformer/hebrew/low/model_best.pth

Train Epoch: 134 started
Train Epoch: 134, loss: 1.31562
Validation. Epoch: 134, loss: 1.8692, accuracy: 0.0070
Saved model to model-checkpoints/transformer/hebrew/low/model_134.pth

Train Epoch: 135 started
Train Epoch: 135, loss: 1.29289
Validation. Epoch: 135, loss: 1.9309, accuracy: 0.0020
Saved model to model-checkpoints/transformer/hebrew/low/model_135.pth

Train Epoch: 136 started
Train Epoch: 136, loss: 1.26956
Validation. Epoch: 136, loss: 1.8422, accuracy: 0.0060
Saved model to model-checkpoints/transformer/hebrew/low/model_136.pth
New best Loss, saved to model-checkpoints/transformer/hebrew/low/model_best.pth

Train Epoch: 137 started
Train Epoch: 137, loss: 1.26815
Validation. Epoch: 137, loss: 1.8555, accuracy: 0.0020
Saved model to model-checkpoints/transformer/hebrew/low/model_137.pth

Train Epoch: 138 started
Train Epoch: 138, loss: 1.27756
Validation. Epoch: 138, loss: 1.8212, accuracy: 0.0050
Saved model to model-checkpoints/transformer/hebrew/low/model_138.pth
New best Loss, saved to model-checkpoints/transformer/hebrew/low/model_best.pth

Train Epoch: 139 started
Train Epoch: 139, loss: 1.26529
Validation. Epoch: 139, loss: 1.8297, accuracy: 0.0050
Saved model to model-checkpoints/transformer/hebrew/low/model_139.pth

Train Epoch: 140 started
Train Epoch: 140, loss: 1.24480
Validation. Epoch: 140, loss: 1.8274, accuracy: 0.0080
Saved model to model-checkpoints/transformer/hebrew/low/model_140.pth

Train Epoch: 141 started
Train Epoch: 141, loss: 1.22641
Validation. Epoch: 141, loss: 1.8479, accuracy: 0.0060
Saved model to model-checkpoints/transformer/hebrew/low/model_141.pth

Train Epoch: 142 started
Train Epoch: 142, loss: 1.22037
Validation. Epoch: 142, loss: 1.8282, accuracy: 0.0100
Saved model to model-checkpoints/transformer/hebrew/low/model_142.pth

Train Epoch: 143 started
Train Epoch: 143, loss: 1.20009
Validation. Epoch: 143, loss: 1.8095, accuracy: 0.0070
Saved model to model-checkpoints/transformer/hebrew/low/model_143.pth
New best Loss, saved to model-checkpoints/transformer/hebrew/low/model_best.pth

Train Epoch: 144 started
Train Epoch: 144, loss: 1.18337
Validation. Epoch: 144, loss: 1.8409, accuracy: 0.0090
Saved model to model-checkpoints/transformer/hebrew/low/model_144.pth

Train Epoch: 145 started
Train Epoch: 145, loss: 1.18727
Validation. Epoch: 145, loss: 1.8549, accuracy: 0.0060
Saved model to model-checkpoints/transformer/hebrew/low/model_145.pth

Train Epoch: 146 started
Train Epoch: 146, loss: 1.18687
Validation. Epoch: 146, loss: 1.8197, accuracy: 0.0120
Saved model to model-checkpoints/transformer/hebrew/low/model_146.pth

Train Epoch: 147 started
Train Epoch: 147, loss: 1.13856
Validation. Epoch: 147, loss: 1.7682, accuracy: 0.0090
Saved model to model-checkpoints/transformer/hebrew/low/model_147.pth
New best Loss, saved to model-checkpoints/transformer/hebrew/low/model_best.pth

Train Epoch: 148 started
Train Epoch: 148, loss: 1.20795
Validation. Epoch: 148, loss: 1.8122, accuracy: 0.0060
Saved model to model-checkpoints/transformer/hebrew/low/model_148.pth

Train Epoch: 149 started
Train Epoch: 149, loss: 1.17015
Validation. Epoch: 149, loss: 1.8551, accuracy: 0.0070
Saved model to model-checkpoints/transformer/hebrew/low/model_149.pth

Train Epoch: 150 started
Train Epoch: 150, loss: 1.15713
Validation. Epoch: 150, loss: 1.8016, accuracy: 0.0070
Saved model to model-checkpoints/transformer/hebrew/low/model_150.pth

Train Epoch: 151 started
Train Epoch: 151, loss: 1.12778
Validation. Epoch: 151, loss: 1.7582, accuracy: 0.0090
Saved model to model-checkpoints/transformer/hebrew/low/model_151.pth
New best Loss, saved to model-checkpoints/transformer/hebrew/low/model_best.pth

Train Epoch: 152 started
Train Epoch: 152, loss: 1.15744
Validation. Epoch: 152, loss: 1.7486, accuracy: 0.0120
Saved model to model-checkpoints/transformer/hebrew/low/model_152.pth
New best Loss, saved to model-checkpoints/transformer/hebrew/low/model_best.pth

Train Epoch: 153 started
Train Epoch: 153, loss: 1.07667
Validation. Epoch: 153, loss: 1.7761, accuracy: 0.0090
Saved model to model-checkpoints/transformer/hebrew/low/model_153.pth

Train Epoch: 154 started
Train Epoch: 154, loss: 1.06159
Validation. Epoch: 154, loss: 1.7641, accuracy: 0.0090
Saved model to model-checkpoints/transformer/hebrew/low/model_154.pth

Train Epoch: 155 started
Train Epoch: 155, loss: 1.05710
Validation. Epoch: 155, loss: 1.7429, accuracy: 0.0130
Saved model to model-checkpoints/transformer/hebrew/low/model_155.pth
New best Loss, saved to model-checkpoints/transformer/hebrew/low/model_best.pth

Train Epoch: 156 started
Train Epoch: 156, loss: 1.08546
Validation. Epoch: 156, loss: 1.7365, accuracy: 0.0100
Saved model to model-checkpoints/transformer/hebrew/low/model_156.pth
New best Loss, saved to model-checkpoints/transformer/hebrew/low/model_best.pth

Train Epoch: 157 started
Train Epoch: 157, loss: 1.02423
Validation. Epoch: 157, loss: 1.7510, accuracy: 0.0090
Saved model to model-checkpoints/transformer/hebrew/low/model_157.pth

Train Epoch: 158 started
Train Epoch: 158, loss: 1.02352
Validation. Epoch: 158, loss: 1.7563, accuracy: 0.0110
Saved model to model-checkpoints/transformer/hebrew/low/model_158.pth

Train Epoch: 159 started
Train Epoch: 159, loss: 1.02695
Validation. Epoch: 159, loss: 1.7442, accuracy: 0.0140
Saved model to model-checkpoints/transformer/hebrew/low/model_159.pth

Train Epoch: 160 started
Train Epoch: 160, loss: 1.05933
Validation. Epoch: 160, loss: 1.7230, accuracy: 0.0110
Saved model to model-checkpoints/transformer/hebrew/low/model_160.pth
New best Loss, saved to model-checkpoints/transformer/hebrew/low/model_best.pth

Train Epoch: 161 started
Train Epoch: 161, loss: 1.01686
Validation. Epoch: 161, loss: 1.7266, accuracy: 0.0120
Saved model to model-checkpoints/transformer/hebrew/low/model_161.pth

Train Epoch: 162 started
Train Epoch: 162, loss: 1.01922
Validation. Epoch: 162, loss: 1.7173, accuracy: 0.0070
Saved model to model-checkpoints/transformer/hebrew/low/model_162.pth
New best Loss, saved to model-checkpoints/transformer/hebrew/low/model_best.pth

Train Epoch: 163 started
Train Epoch: 163, loss: 0.96340
Validation. Epoch: 163, loss: 1.6943, accuracy: 0.0160
Saved model to model-checkpoints/transformer/hebrew/low/model_163.pth
New best Loss, saved to model-checkpoints/transformer/hebrew/low/model_best.pth

Train Epoch: 164 started
Train Epoch: 164, loss: 0.99642
Validation. Epoch: 164, loss: 1.7089, accuracy: 0.0220
Saved model to model-checkpoints/transformer/hebrew/low/model_164.pth

Train Epoch: 165 started
Train Epoch: 165, loss: 0.95527
Validation. Epoch: 165, loss: 1.6999, accuracy: 0.0220
Saved model to model-checkpoints/transformer/hebrew/low/model_165.pth

Train Epoch: 166 started
Train Epoch: 166, loss: 0.93321
Validation. Epoch: 166, loss: 1.6908, accuracy: 0.0210
Saved model to model-checkpoints/transformer/hebrew/low/model_166.pth
New best Loss, saved to model-checkpoints/transformer/hebrew/low/model_best.pth

Train Epoch: 167 started
Train Epoch: 167, loss: 0.99581
Validation. Epoch: 167, loss: 1.6643, accuracy: 0.0250
Saved model to model-checkpoints/transformer/hebrew/low/model_167.pth
New best Loss, saved to model-checkpoints/transformer/hebrew/low/model_best.pth

Train Epoch: 168 started
Train Epoch: 168, loss: 0.92591
Validation. Epoch: 168, loss: 1.6704, accuracy: 0.0210
Saved model to model-checkpoints/transformer/hebrew/low/model_168.pth

Train Epoch: 169 started
Train Epoch: 169, loss: 0.96767
Validation. Epoch: 169, loss: 1.6519, accuracy: 0.0240
Saved model to model-checkpoints/transformer/hebrew/low/model_169.pth
New best Loss, saved to model-checkpoints/transformer/hebrew/low/model_best.pth

Train Epoch: 170 started
Train Epoch: 170, loss: 0.98863
Validation. Epoch: 170, loss: 1.6769, accuracy: 0.0220
Saved model to model-checkpoints/transformer/hebrew/low/model_170.pth

Train Epoch: 171 started
Train Epoch: 171, loss: 0.90599
Validation. Epoch: 171, loss: 1.7254, accuracy: 0.0190
Saved model to model-checkpoints/transformer/hebrew/low/model_171.pth

Train Epoch: 172 started
Train Epoch: 172, loss: 0.92988
Validation. Epoch: 172, loss: 1.6917, accuracy: 0.0130
Saved model to model-checkpoints/transformer/hebrew/low/model_172.pth

Train Epoch: 173 started
Train Epoch: 173, loss: 0.98200
Validation. Epoch: 173, loss: 1.7018, accuracy: 0.0190
Saved model to model-checkpoints/transformer/hebrew/low/model_173.pth

Train Epoch: 174 started
Train Epoch: 174, loss: 0.90091
Validation. Epoch: 174, loss: 1.7467, accuracy: 0.0150
Saved model to model-checkpoints/transformer/hebrew/low/model_174.pth

Train Epoch: 175 started
Train Epoch: 175, loss: 0.87813
Validation. Epoch: 175, loss: 1.6970, accuracy: 0.0210
Saved model to model-checkpoints/transformer/hebrew/low/model_175.pth

Train Epoch: 176 started
Train Epoch: 176, loss: 0.87390
Validation. Epoch: 176, loss: 1.6569, accuracy: 0.0260
Saved model to model-checkpoints/transformer/hebrew/low/model_176.pth

Train Epoch: 177 started
Train Epoch: 177, loss: 0.88281
Validation. Epoch: 177, loss: 1.6812, accuracy: 0.0270
Saved model to model-checkpoints/transformer/hebrew/low/model_177.pth

Train Epoch: 178 started
Train Epoch: 178, loss: 0.87213
Validation. Epoch: 178, loss: 1.7468, accuracy: 0.0250
Saved model to model-checkpoints/transformer/hebrew/low/model_178.pth

Train Epoch: 179 started
Train Epoch: 179, loss: 0.87757
Validation. Epoch: 179, loss: 1.6920, accuracy: 0.0270
Saved model to model-checkpoints/transformer/hebrew/low/model_179.pth

Train Epoch: 180 started
Train Epoch: 180, loss: 0.84251
Validation. Epoch: 180, loss: 1.6636, accuracy: 0.0270
Saved model to model-checkpoints/transformer/hebrew/low/model_180.pth

Train Epoch: 181 started
Train Epoch: 181, loss: 0.85633
Validation. Epoch: 181, loss: 1.6619, accuracy: 0.0220
Saved model to model-checkpoints/transformer/hebrew/low/model_181.pth

Train Epoch: 182 started
Train Epoch: 182, loss: 0.84933
Validation. Epoch: 182, loss: 1.6621, accuracy: 0.0240
Saved model to model-checkpoints/transformer/hebrew/low/model_182.pth

Train Epoch: 183 started
Train Epoch: 183, loss: 0.87742
Validation. Epoch: 183, loss: 1.6348, accuracy: 0.0380
Saved model to model-checkpoints/transformer/hebrew/low/model_183.pth
New best Loss, saved to model-checkpoints/transformer/hebrew/low/model_best.pth

Train Epoch: 184 started
Train Epoch: 184, loss: 0.81450
Validation. Epoch: 184, loss: 1.6115, accuracy: 0.0310
Saved model to model-checkpoints/transformer/hebrew/low/model_184.pth
New best Loss, saved to model-checkpoints/transformer/hebrew/low/model_best.pth

Train Epoch: 185 started
Train Epoch: 185, loss: 0.79053
Validation. Epoch: 185, loss: 1.6205, accuracy: 0.0280
Saved model to model-checkpoints/transformer/hebrew/low/model_185.pth

Train Epoch: 186 started
Train Epoch: 186, loss: 0.77596
Validation. Epoch: 186, loss: 1.6173, accuracy: 0.0270
Saved model to model-checkpoints/transformer/hebrew/low/model_186.pth

Train Epoch: 187 started
Train Epoch: 187, loss: 0.80864
Validation. Epoch: 187, loss: 1.6309, accuracy: 0.0300
Saved model to model-checkpoints/transformer/hebrew/low/model_187.pth

Train Epoch: 188 started
Train Epoch: 188, loss: 0.75338
Validation. Epoch: 188, loss: 1.6616, accuracy: 0.0380
Saved model to model-checkpoints/transformer/hebrew/low/model_188.pth

Train Epoch: 189 started
Train Epoch: 189, loss: 0.74508
Validation. Epoch: 189, loss: 1.6619, accuracy: 0.0340
Saved model to model-checkpoints/transformer/hebrew/low/model_189.pth

Train Epoch: 190 started
Train Epoch: 190, loss: 0.77650
Validation. Epoch: 190, loss: 1.6634, accuracy: 0.0270
Saved model to model-checkpoints/transformer/hebrew/low/model_190.pth

Train Epoch: 191 started
Train Epoch: 191, loss: 0.76864
Validation. Epoch: 191, loss: 1.5873, accuracy: 0.0330
Saved model to model-checkpoints/transformer/hebrew/low/model_191.pth
New best Loss, saved to model-checkpoints/transformer/hebrew/low/model_best.pth

Train Epoch: 192 started
Train Epoch: 192, loss: 0.75558
Validation. Epoch: 192, loss: 1.5971, accuracy: 0.0350
Saved model to model-checkpoints/transformer/hebrew/low/model_192.pth

Train Epoch: 193 started
Train Epoch: 193, loss: 0.76735
Validation. Epoch: 193, loss: 1.6457, accuracy: 0.0270
Saved model to model-checkpoints/transformer/hebrew/low/model_193.pth

Train Epoch: 194 started
Train Epoch: 194, loss: 0.72596
Validation. Epoch: 194, loss: 1.6899, accuracy: 0.0290
Saved model to model-checkpoints/transformer/hebrew/low/model_194.pth

Train Epoch: 195 started
Train Epoch: 195, loss: 0.71613
Validation. Epoch: 195, loss: 1.6200, accuracy: 0.0380
Saved model to model-checkpoints/transformer/hebrew/low/model_195.pth

Train Epoch: 196 started
Train Epoch: 196, loss: 0.75509
Validation. Epoch: 196, loss: 1.6067, accuracy: 0.0360
Saved model to model-checkpoints/transformer/hebrew/low/model_196.pth

Train Epoch: 197 started
Train Epoch: 197, loss: 0.77295
Validation. Epoch: 197, loss: 1.6415, accuracy: 0.0320
Saved model to model-checkpoints/transformer/hebrew/low/model_197.pth

Train Epoch: 198 started
Train Epoch: 198, loss: 0.69141
Validation. Epoch: 198, loss: 1.6226, accuracy: 0.0330
Saved model to model-checkpoints/transformer/hebrew/low/model_198.pth

Train Epoch: 199 started
Train Epoch: 199, loss: 0.68823
Validation. Epoch: 199, loss: 1.6624, accuracy: 0.0310
Saved model to model-checkpoints/transformer/hebrew/low/model_199.pth

Train Epoch: 200 started
Train Epoch: 200, loss: 0.76243
Validation. Epoch: 200, loss: 1.6133, accuracy: 0.0320
Saved model to model-checkpoints/transformer/hebrew/low/model_200.pth

Train Epoch: 201 started
Train Epoch: 201, loss: 0.66813
Validation. Epoch: 201, loss: 1.6259, accuracy: 0.0400
Saved model to model-checkpoints/transformer/hebrew/low/model_201.pth

Train Epoch: 202 started
Train Epoch: 202, loss: 0.71382
Validation. Epoch: 202, loss: 1.5903, accuracy: 0.0430
Saved model to model-checkpoints/transformer/hebrew/low/model_202.pth

Train Epoch: 203 started
Train Epoch: 203, loss: 0.67758
Validation. Epoch: 203, loss: 1.6125, accuracy: 0.0410
Saved model to model-checkpoints/transformer/hebrew/low/model_203.pth

Train Epoch: 204 started
Train Epoch: 204, loss: 0.71709
Validation. Epoch: 204, loss: 1.6353, accuracy: 0.0420
Saved model to model-checkpoints/transformer/hebrew/low/model_204.pth

Train Epoch: 205 started
Train Epoch: 205, loss: 0.65676
Validation. Epoch: 205, loss: 1.6519, accuracy: 0.0380
Saved model to model-checkpoints/transformer/hebrew/low/model_205.pth

Train Epoch: 206 started
Train Epoch: 206, loss: 0.71365
Validation. Epoch: 206, loss: 1.5795, accuracy: 0.0380
Saved model to model-checkpoints/transformer/hebrew/low/model_206.pth
New best Loss, saved to model-checkpoints/transformer/hebrew/low/model_best.pth

Train Epoch: 207 started
Train Epoch: 207, loss: 0.63147
Validation. Epoch: 207, loss: 1.5611, accuracy: 0.0420
Saved model to model-checkpoints/transformer/hebrew/low/model_207.pth
New best Loss, saved to model-checkpoints/transformer/hebrew/low/model_best.pth

Train Epoch: 208 started
Train Epoch: 208, loss: 0.69148
Validation. Epoch: 208, loss: 1.5668, accuracy: 0.0450
Saved model to model-checkpoints/transformer/hebrew/low/model_208.pth

Train Epoch: 209 started
Train Epoch: 209, loss: 0.64123
Validation. Epoch: 209, loss: 1.6234, accuracy: 0.0370
Saved model to model-checkpoints/transformer/hebrew/low/model_209.pth

Train Epoch: 210 started
Train Epoch: 210, loss: 0.66770
Validation. Epoch: 210, loss: 1.5848, accuracy: 0.0380
Saved model to model-checkpoints/transformer/hebrew/low/model_210.pth

Train Epoch: 211 started
Train Epoch: 211, loss: 0.62530
Validation. Epoch: 211, loss: 1.5866, accuracy: 0.0460
Saved model to model-checkpoints/transformer/hebrew/low/model_211.pth

Train Epoch: 212 started
Train Epoch: 212, loss: 0.58776
Validation. Epoch: 212, loss: 1.5555, accuracy: 0.0470
Saved model to model-checkpoints/transformer/hebrew/low/model_212.pth
New best Loss, saved to model-checkpoints/transformer/hebrew/low/model_best.pth

Train Epoch: 213 started
Train Epoch: 213, loss: 0.62061
Validation. Epoch: 213, loss: 1.6210, accuracy: 0.0380
Saved model to model-checkpoints/transformer/hebrew/low/model_213.pth

Train Epoch: 214 started
Train Epoch: 214, loss: 0.65556
Validation. Epoch: 214, loss: 1.6155, accuracy: 0.0420
Saved model to model-checkpoints/transformer/hebrew/low/model_214.pth

Train Epoch: 215 started
Train Epoch: 215, loss: 0.58960
Validation. Epoch: 215, loss: 1.5950, accuracy: 0.0480
Saved model to model-checkpoints/transformer/hebrew/low/model_215.pth

Train Epoch: 216 started
Train Epoch: 216, loss: 0.62437
Validation. Epoch: 216, loss: 1.5910, accuracy: 0.0460
Saved model to model-checkpoints/transformer/hebrew/low/model_216.pth

Train Epoch: 217 started
Train Epoch: 217, loss: 0.62092
Validation. Epoch: 217, loss: 1.6211, accuracy: 0.0480
Saved model to model-checkpoints/transformer/hebrew/low/model_217.pth

Train Epoch: 218 started
Train Epoch: 218, loss: 0.61135
Validation. Epoch: 218, loss: 1.5915, accuracy: 0.0470
Saved model to model-checkpoints/transformer/hebrew/low/model_218.pth

Train Epoch: 219 started
Train Epoch: 219, loss: 0.61891
Validation. Epoch: 219, loss: 1.5861, accuracy: 0.0470
Saved model to model-checkpoints/transformer/hebrew/low/model_219.pth

Train Epoch: 220 started
Train Epoch: 220, loss: 0.52221
Validation. Epoch: 220, loss: 1.6174, accuracy: 0.0420
Saved model to model-checkpoints/transformer/hebrew/low/model_220.pth

Train Epoch: 221 started
Train Epoch: 221, loss: 0.57480
Validation. Epoch: 221, loss: 1.6168, accuracy: 0.0460
Saved model to model-checkpoints/transformer/hebrew/low/model_221.pth

Train Epoch: 222 started
Train Epoch: 222, loss: 0.58458
Validation. Epoch: 222, loss: 1.5952, accuracy: 0.0520
Saved model to model-checkpoints/transformer/hebrew/low/model_222.pth

Train Epoch: 223 started
Train Epoch: 223, loss: 0.57814
Validation. Epoch: 223, loss: 1.5731, accuracy: 0.0470
Saved model to model-checkpoints/transformer/hebrew/low/model_223.pth

Train Epoch: 224 started
Train Epoch: 224, loss: 0.58901
Validation. Epoch: 224, loss: 1.5719, accuracy: 0.0540
Saved model to model-checkpoints/transformer/hebrew/low/model_224.pth

Train Epoch: 225 started
Train Epoch: 225, loss: 0.55131
Validation. Epoch: 225, loss: 1.6112, accuracy: 0.0480
Saved model to model-checkpoints/transformer/hebrew/low/model_225.pth

Train Epoch: 226 started
Train Epoch: 226, loss: 0.52471
Validation. Epoch: 226, loss: 1.6130, accuracy: 0.0500
Saved model to model-checkpoints/transformer/hebrew/low/model_226.pth

Train Epoch: 227 started
Train Epoch: 227, loss: 0.57210
Validation. Epoch: 227, loss: 1.6037, accuracy: 0.0500
Saved model to model-checkpoints/transformer/hebrew/low/model_227.pth

Train Epoch: 228 started
Train Epoch: 228, loss: 0.53537
Validation. Epoch: 228, loss: 1.6037, accuracy: 0.0520
Saved model to model-checkpoints/transformer/hebrew/low/model_228.pth

Train Epoch: 229 started
Train Epoch: 229, loss: 0.56099
Validation. Epoch: 229, loss: 1.5953, accuracy: 0.0480
Saved model to model-checkpoints/transformer/hebrew/low/model_229.pth

Train Epoch: 230 started
Train Epoch: 230, loss: 0.53580
Validation. Epoch: 230, loss: 1.5791, accuracy: 0.0500
Saved model to model-checkpoints/transformer/hebrew/low/model_230.pth

Train Epoch: 231 started
Train Epoch: 231, loss: 0.54519
Validation. Epoch: 231, loss: 1.6129, accuracy: 0.0500
Saved model to model-checkpoints/transformer/hebrew/low/model_231.pth

Train Epoch: 232 started
Train Epoch: 232, loss: 0.50468
Validation. Epoch: 232, loss: 1.6223, accuracy: 0.0520
Saved model to model-checkpoints/transformer/hebrew/low/model_232.pth

Train Epoch: 233 started
Train Epoch: 233, loss: 0.51365
Validation. Epoch: 233, loss: 1.6340, accuracy: 0.0490
Saved model to model-checkpoints/transformer/hebrew/low/model_233.pth

Train Epoch: 234 started
Train Epoch: 234, loss: 0.53018
Validation. Epoch: 234, loss: 1.6117, accuracy: 0.0510
Saved model to model-checkpoints/transformer/hebrew/low/model_234.pth

Train Epoch: 235 started
Train Epoch: 235, loss: 0.49566
Validation. Epoch: 235, loss: 1.5909, accuracy: 0.0520
Saved model to model-checkpoints/transformer/hebrew/low/model_235.pth

Train Epoch: 236 started
Train Epoch: 236, loss: 0.49101
Validation. Epoch: 236, loss: 1.5827, accuracy: 0.0490
Saved model to model-checkpoints/transformer/hebrew/low/model_236.pth

Train Epoch: 237 started
Train Epoch: 237, loss: 0.50339
Validation. Epoch: 237, loss: 1.6216, accuracy: 0.0510
Saved model to model-checkpoints/transformer/hebrew/low/model_237.pth

Train Epoch: 238 started
Train Epoch: 238, loss: 0.48136
Validation. Epoch: 238, loss: 1.6112, accuracy: 0.0530
Saved model to model-checkpoints/transformer/hebrew/low/model_238.pth

Train Epoch: 239 started
Train Epoch: 239, loss: 0.49400
Validation. Epoch: 239, loss: 1.6384, accuracy: 0.0510
Saved model to model-checkpoints/transformer/hebrew/low/model_239.pth

Train Epoch: 240 started
Train Epoch: 240, loss: 0.47714
Validation. Epoch: 240, loss: 1.6419, accuracy: 0.0460
Saved model to model-checkpoints/transformer/hebrew/low/model_240.pth

Train Epoch: 241 started
Train Epoch: 241, loss: 0.51496
Validation. Epoch: 241, loss: 1.6465, accuracy: 0.0520
Saved model to model-checkpoints/transformer/hebrew/low/model_241.pth

Train Epoch: 242 started
Train Epoch: 242, loss: 0.47655
Validation. Epoch: 242, loss: 1.6196, accuracy: 0.0570
Saved model to model-checkpoints/transformer/hebrew/low/model_242.pth

Train Epoch: 243 started
Train Epoch: 243, loss: 0.50430
Validation. Epoch: 243, loss: 1.6537, accuracy: 0.0550
Saved model to model-checkpoints/transformer/hebrew/low/model_243.pth

Train Epoch: 244 started
Train Epoch: 244, loss: 0.46282
Validation. Epoch: 244, loss: 1.6548, accuracy: 0.0460
Saved model to model-checkpoints/transformer/hebrew/low/model_244.pth

Train Epoch: 245 started
Train Epoch: 245, loss: 0.47235
Validation. Epoch: 245, loss: 1.6576, accuracy: 0.0520
Saved model to model-checkpoints/transformer/hebrew/low/model_245.pth

Train Epoch: 246 started
Train Epoch: 246, loss: 0.47889
Validation. Epoch: 246, loss: 1.6483, accuracy: 0.0510
Saved model to model-checkpoints/transformer/hebrew/low/model_246.pth

Train Epoch: 247 started
Train Epoch: 247, loss: 0.45758
Validation. Epoch: 247, loss: 1.6100, accuracy: 0.0630
Saved model to model-checkpoints/transformer/hebrew/low/model_247.pth

Train Epoch: 248 started
Train Epoch: 248, loss: 0.52854
Validation. Epoch: 248, loss: 1.6861, accuracy: 0.0610
Saved model to model-checkpoints/transformer/hebrew/low/model_248.pth

Train Epoch: 249 started
Train Epoch: 249, loss: 0.48676
Validation. Epoch: 249, loss: 1.6884, accuracy: 0.0560
Saved model to model-checkpoints/transformer/hebrew/low/model_249.pth

Train Epoch: 250 started
Train Epoch: 250, loss: 0.51532
Validation. Epoch: 250, loss: 1.6495, accuracy: 0.0530
Saved model to model-checkpoints/transformer/hebrew/low/model_250.pth

Train Epoch: 251 started
Train Epoch: 251, loss: 0.45298
Validation. Epoch: 251, loss: 1.5834, accuracy: 0.0490
Saved model to model-checkpoints/transformer/hebrew/low/model_251.pth

Train Epoch: 252 started
Train Epoch: 252, loss: 0.44849
Validation. Epoch: 252, loss: 1.5736, accuracy: 0.0550
Saved model to model-checkpoints/transformer/hebrew/low/model_252.pth

Train Epoch: 253 started
Train Epoch: 253, loss: 0.44556
Validation. Epoch: 253, loss: 1.6298, accuracy: 0.0530
Saved model to model-checkpoints/transformer/hebrew/low/model_253.pth

Train Epoch: 254 started
Train Epoch: 254, loss: 0.43316
Validation. Epoch: 254, loss: 1.7114, accuracy: 0.0530
Saved model to model-checkpoints/transformer/hebrew/low/model_254.pth

Train Epoch: 255 started
Train Epoch: 255, loss: 0.44063
Validation. Epoch: 255, loss: 1.6620, accuracy: 0.0560
Saved model to model-checkpoints/transformer/hebrew/low/model_255.pth

Train Epoch: 256 started
Train Epoch: 256, loss: 0.40093
Validation. Epoch: 256, loss: 1.6226, accuracy: 0.0540
Saved model to model-checkpoints/transformer/hebrew/low/model_256.pth

Train Epoch: 257 started
Train Epoch: 257, loss: 0.51821
Validation. Epoch: 257, loss: 1.6011, accuracy: 0.0460
Saved model to model-checkpoints/transformer/hebrew/low/model_257.pth

Train Epoch: 258 started
Train Epoch: 258, loss: 0.42889
Validation. Epoch: 258, loss: 1.6032, accuracy: 0.0470
Saved model to model-checkpoints/transformer/hebrew/low/model_258.pth

Train Epoch: 259 started
Train Epoch: 259, loss: 0.39671
Validation. Epoch: 259, loss: 1.6227, accuracy: 0.0500
Saved model to model-checkpoints/transformer/hebrew/low/model_259.pth

Train Epoch: 260 started
Train Epoch: 260, loss: 0.38021
Validation. Epoch: 260, loss: 1.6181, accuracy: 0.0590
Saved model to model-checkpoints/transformer/hebrew/low/model_260.pth

Train Epoch: 261 started
Train Epoch: 261, loss: 0.38247
Validation. Epoch: 261, loss: 1.6239, accuracy: 0.0600
Saved model to model-checkpoints/transformer/hebrew/low/model_261.pth

Train Epoch: 262 started
Train Epoch: 262, loss: 0.43156
Validation. Epoch: 262, loss: 1.6117, accuracy: 0.0540
Saved model to model-checkpoints/transformer/hebrew/low/model_262.pth

Train Epoch: 263 started
Train Epoch: 263, loss: 0.41201
Validation. Epoch: 263, loss: 1.6112, accuracy: 0.0500
Saved model to model-checkpoints/transformer/hebrew/low/model_263.pth

Train Epoch: 264 started
Train Epoch: 264, loss: 0.46553
Validation. Epoch: 264, loss: 1.6445, accuracy: 0.0470
Saved model to model-checkpoints/transformer/hebrew/low/model_264.pth

Train Epoch: 265 started
Train Epoch: 265, loss: 0.38041
Validation. Epoch: 265, loss: 1.6601, accuracy: 0.0560
Saved model to model-checkpoints/transformer/hebrew/low/model_265.pth

Train Epoch: 266 started
Train Epoch: 266, loss: 0.40866
Validation. Epoch: 266, loss: 1.6284, accuracy: 0.0540
Saved model to model-checkpoints/transformer/hebrew/low/model_266.pth

Train Epoch: 267 started
Train Epoch: 267, loss: 0.38550
Validation. Epoch: 267, loss: 1.6234, accuracy: 0.0620
Saved model to model-checkpoints/transformer/hebrew/low/model_267.pth

Train Epoch: 268 started
Train Epoch: 268, loss: 0.39573
Validation. Epoch: 268, loss: 1.6193, accuracy: 0.0600
Saved model to model-checkpoints/transformer/hebrew/low/model_268.pth

Train Epoch: 269 started
Train Epoch: 269, loss: 0.38361
Validation. Epoch: 269, loss: 1.6326, accuracy: 0.0550
Saved model to model-checkpoints/transformer/hebrew/low/model_269.pth

Train Epoch: 270 started
Train Epoch: 270, loss: 0.40423
Validation. Epoch: 270, loss: 1.6082, accuracy: 0.0530
Saved model to model-checkpoints/transformer/hebrew/low/model_270.pth

Train Epoch: 271 started
Train Epoch: 271, loss: 0.36023
Validation. Epoch: 271, loss: 1.6139, accuracy: 0.0560
Saved model to model-checkpoints/transformer/hebrew/low/model_271.pth

Train Epoch: 272 started
Train Epoch: 272, loss: 0.37113
Validation. Epoch: 272, loss: 1.6547, accuracy: 0.0520
Saved model to model-checkpoints/transformer/hebrew/low/model_272.pth

Train Epoch: 273 started
Train Epoch: 273, loss: 0.34368
Validation. Epoch: 273, loss: 1.6841, accuracy: 0.0530
Saved model to model-checkpoints/transformer/hebrew/low/model_273.pth

Train Epoch: 274 started
Train Epoch: 274, loss: 0.40161
Validation. Epoch: 274, loss: 1.7098, accuracy: 0.0520
Saved model to model-checkpoints/transformer/hebrew/low/model_274.pth

Train Epoch: 275 started
Train Epoch: 275, loss: 0.36939
Validation. Epoch: 275, loss: 1.6374, accuracy: 0.0580
Saved model to model-checkpoints/transformer/hebrew/low/model_275.pth

Train Epoch: 276 started
Train Epoch: 276, loss: 0.39678
Validation. Epoch: 276, loss: 1.6277, accuracy: 0.0630
Saved model to model-checkpoints/transformer/hebrew/low/model_276.pth

Train Epoch: 277 started
Train Epoch: 277, loss: 0.37021
Validation. Epoch: 277, loss: 1.6412, accuracy: 0.0550
Saved model to model-checkpoints/transformer/hebrew/low/model_277.pth

Train Epoch: 278 started
Train Epoch: 278, loss: 0.37772
Validation. Epoch: 278, loss: 1.6846, accuracy: 0.0550
Saved model to model-checkpoints/transformer/hebrew/low/model_278.pth

Train Epoch: 279 started
Train Epoch: 279, loss: 0.36107
Validation. Epoch: 279, loss: 1.6588, accuracy: 0.0590
Saved model to model-checkpoints/transformer/hebrew/low/model_279.pth

Train Epoch: 280 started
Train Epoch: 280, loss: 0.37840
Validation. Epoch: 280, loss: 1.6459, accuracy: 0.0660
Saved model to model-checkpoints/transformer/hebrew/low/model_280.pth

Train Epoch: 281 started
Train Epoch: 281, loss: 0.38835
Validation. Epoch: 281, loss: 1.6610, accuracy: 0.0600
Saved model to model-checkpoints/transformer/hebrew/low/model_281.pth

Train Epoch: 282 started
Train Epoch: 282, loss: 0.41520
Validation. Epoch: 282, loss: 1.6703, accuracy: 0.0590
Saved model to model-checkpoints/transformer/hebrew/low/model_282.pth

Train Epoch: 283 started
Train Epoch: 283, loss: 0.35932
Validation. Epoch: 283, loss: 1.6893, accuracy: 0.0550
Saved model to model-checkpoints/transformer/hebrew/low/model_283.pth

Train Epoch: 284 started
Train Epoch: 284, loss: 0.34205
Validation. Epoch: 284, loss: 1.6412, accuracy: 0.0520
Saved model to model-checkpoints/transformer/hebrew/low/model_284.pth

Train Epoch: 285 started
Train Epoch: 285, loss: 0.37868
Validation. Epoch: 285, loss: 1.6220, accuracy: 0.0620
Saved model to model-checkpoints/transformer/hebrew/low/model_285.pth

Train Epoch: 286 started
Train Epoch: 286, loss: 0.33882
Validation. Epoch: 286, loss: 1.6541, accuracy: 0.0580
Saved model to model-checkpoints/transformer/hebrew/low/model_286.pth

Train Epoch: 287 started
Train Epoch: 287, loss: 0.33869
Validation. Epoch: 287, loss: 1.6545, accuracy: 0.0600
Saved model to model-checkpoints/transformer/hebrew/low/model_287.pth

Train Epoch: 288 started
Train Epoch: 288, loss: 0.33520
Validation. Epoch: 288, loss: 1.6552, accuracy: 0.0600
Saved model to model-checkpoints/transformer/hebrew/low/model_288.pth

Train Epoch: 289 started
Train Epoch: 289, loss: 0.35299
Validation. Epoch: 289, loss: 1.6527, accuracy: 0.0580
Saved model to model-checkpoints/transformer/hebrew/low/model_289.pth

Train Epoch: 290 started
Train Epoch: 290, loss: 0.32604
Validation. Epoch: 290, loss: 1.6409, accuracy: 0.0600
Saved model to model-checkpoints/transformer/hebrew/low/model_290.pth

Train Epoch: 291 started
Train Epoch: 291, loss: 0.36537
Validation. Epoch: 291, loss: 1.6336, accuracy: 0.0640
Saved model to model-checkpoints/transformer/hebrew/low/model_291.pth

Train Epoch: 292 started
Train Epoch: 292, loss: 0.29514
Validation. Epoch: 292, loss: 1.6292, accuracy: 0.0600
Saved model to model-checkpoints/transformer/hebrew/low/model_292.pth

Train Epoch: 293 started
Train Epoch: 293, loss: 0.30577
Validation. Epoch: 293, loss: 1.6231, accuracy: 0.0660
Saved model to model-checkpoints/transformer/hebrew/low/model_293.pth

Train Epoch: 294 started
Train Epoch: 294, loss: 0.31331
Validation. Epoch: 294, loss: 1.6331, accuracy: 0.0590
Saved model to model-checkpoints/transformer/hebrew/low/model_294.pth

Train Epoch: 295 started
Train Epoch: 295, loss: 0.34098
Validation. Epoch: 295, loss: 1.6207, accuracy: 0.0620
Saved model to model-checkpoints/transformer/hebrew/low/model_295.pth

Train Epoch: 296 started
Train Epoch: 296, loss: 0.32058
Validation. Epoch: 296, loss: 1.6233, accuracy: 0.0690
Saved model to model-checkpoints/transformer/hebrew/low/model_296.pth

Train Epoch: 297 started
Train Epoch: 297, loss: 0.32381
Validation. Epoch: 297, loss: 1.6457, accuracy: 0.0700
Saved model to model-checkpoints/transformer/hebrew/low/model_297.pth

Train Epoch: 298 started
Train Epoch: 298, loss: 0.31370
Validation. Epoch: 298, loss: 1.7006, accuracy: 0.0590
Saved model to model-checkpoints/transformer/hebrew/low/model_298.pth

Train Epoch: 299 started
Train Epoch: 299, loss: 0.34225
Validation. Epoch: 299, loss: 1.6872, accuracy: 0.0670
Saved model to model-checkpoints/transformer/hebrew/low/model_299.pth

Train Epoch: 300 started
Train Epoch: 300, loss: 0.31870
Validation. Epoch: 300, loss: 1.6617, accuracy: 0.0700
Saved model to model-checkpoints/transformer/hebrew/low/model_300.pth

Train Epoch: 301 started
Train Epoch: 301, loss: 0.28911
Validation. Epoch: 301, loss: 1.6414, accuracy: 0.0720
Saved model to model-checkpoints/transformer/hebrew/low/model_301.pth

Train Epoch: 302 started
Train Epoch: 302, loss: 0.30531
Validation. Epoch: 302, loss: 1.6694, accuracy: 0.0690
Saved model to model-checkpoints/transformer/hebrew/low/model_302.pth

Train Epoch: 303 started
Train Epoch: 303, loss: 0.31029
Validation. Epoch: 303, loss: 1.6728, accuracy: 0.0690
Saved model to model-checkpoints/transformer/hebrew/low/model_303.pth

Train Epoch: 304 started
Train Epoch: 304, loss: 0.33275
Validation. Epoch: 304, loss: 1.6447, accuracy: 0.0770
Saved model to model-checkpoints/transformer/hebrew/low/model_304.pth

Train Epoch: 305 started
Train Epoch: 305, loss: 0.33048
Validation. Epoch: 305, loss: 1.6432, accuracy: 0.0820
Saved model to model-checkpoints/transformer/hebrew/low/model_305.pth

Train Epoch: 306 started
Train Epoch: 306, loss: 0.33705
Validation. Epoch: 306, loss: 1.6401, accuracy: 0.0820
Saved model to model-checkpoints/transformer/hebrew/low/model_306.pth

Train Epoch: 307 started
Train Epoch: 307, loss: 0.29949
Validation. Epoch: 307, loss: 1.6994, accuracy: 0.0720
Saved model to model-checkpoints/transformer/hebrew/low/model_307.pth

Train Epoch: 308 started
Train Epoch: 308, loss: 0.32227
Validation. Epoch: 308, loss: 1.7216, accuracy: 0.0740
Saved model to model-checkpoints/transformer/hebrew/low/model_308.pth

Train Epoch: 309 started
Train Epoch: 309, loss: 0.32352
Validation. Epoch: 309, loss: 1.6698, accuracy: 0.0750
Saved model to model-checkpoints/transformer/hebrew/low/model_309.pth

Train Epoch: 310 started
Train Epoch: 310, loss: 0.29556
Validation. Epoch: 310, loss: 1.6486, accuracy: 0.0800
Saved model to model-checkpoints/transformer/hebrew/low/model_310.pth

Train Epoch: 311 started
Train Epoch: 311, loss: 0.28713
Validation. Epoch: 311, loss: 1.6323, accuracy: 0.0830
Saved model to model-checkpoints/transformer/hebrew/low/model_311.pth

Train Epoch: 312 started
Train Epoch: 312, loss: 0.30259
Validation. Epoch: 312, loss: 1.6573, accuracy: 0.0720
Saved model to model-checkpoints/transformer/hebrew/low/model_312.pth

Train Epoch: 313 started
Train Epoch: 313, loss: 0.28619
Validation. Epoch: 313, loss: 1.7093, accuracy: 0.0620
Saved model to model-checkpoints/transformer/hebrew/low/model_313.pth

Train Epoch: 314 started
Train Epoch: 314, loss: 0.28044
Validation. Epoch: 314, loss: 1.7078, accuracy: 0.0700
Saved model to model-checkpoints/transformer/hebrew/low/model_314.pth

Train Epoch: 315 started
Train Epoch: 315, loss: 0.33475
Validation. Epoch: 315, loss: 1.6665, accuracy: 0.0790
Saved model to model-checkpoints/transformer/hebrew/low/model_315.pth

Train Epoch: 316 started
Train Epoch: 316, loss: 0.29927
Validation. Epoch: 316, loss: 1.6578, accuracy: 0.0700
Saved model to model-checkpoints/transformer/hebrew/low/model_316.pth

Train Epoch: 317 started
Train Epoch: 317, loss: 0.25969
Validation. Epoch: 317, loss: 1.6729, accuracy: 0.0710
Saved model to model-checkpoints/transformer/hebrew/low/model_317.pth

Train Epoch: 318 started
Train Epoch: 318, loss: 0.28203
Validation. Epoch: 318, loss: 1.7090, accuracy: 0.0750
Saved model to model-checkpoints/transformer/hebrew/low/model_318.pth

Train Epoch: 319 started
Train Epoch: 319, loss: 0.27487
Validation. Epoch: 319, loss: 1.7506, accuracy: 0.0690
Saved model to model-checkpoints/transformer/hebrew/low/model_319.pth

Train Epoch: 320 started
Train Epoch: 320, loss: 0.26328
Validation. Epoch: 320, loss: 1.7490, accuracy: 0.0670
Saved model to model-checkpoints/transformer/hebrew/low/model_320.pth

Train Epoch: 321 started
Train Epoch: 321, loss: 0.26761
Validation. Epoch: 321, loss: 1.7132, accuracy: 0.0730
Saved model to model-checkpoints/transformer/hebrew/low/model_321.pth

Train Epoch: 322 started
Train Epoch: 322, loss: 0.28194
Validation. Epoch: 322, loss: 1.6997, accuracy: 0.0770
Saved model to model-checkpoints/transformer/hebrew/low/model_322.pth

Train Epoch: 323 started
Train Epoch: 323, loss: 0.26488
Validation. Epoch: 323, loss: 1.7145, accuracy: 0.0770
Saved model to model-checkpoints/transformer/hebrew/low/model_323.pth

Train Epoch: 324 started
Train Epoch: 324, loss: 0.24512
Validation. Epoch: 324, loss: 1.7125, accuracy: 0.0730
Saved model to model-checkpoints/transformer/hebrew/low/model_324.pth

Train Epoch: 325 started
Train Epoch: 325, loss: 0.25899
Validation. Epoch: 325, loss: 1.7284, accuracy: 0.0720
Saved model to model-checkpoints/transformer/hebrew/low/model_325.pth

Train Epoch: 326 started
Train Epoch: 326, loss: 0.23101
Validation. Epoch: 326, loss: 1.7014, accuracy: 0.0750
Saved model to model-checkpoints/transformer/hebrew/low/model_326.pth

Train Epoch: 327 started
Train Epoch: 327, loss: 0.28664
Validation. Epoch: 327, loss: 1.6568, accuracy: 0.0770
Saved model to model-checkpoints/transformer/hebrew/low/model_327.pth

Train Epoch: 328 started
Train Epoch: 328, loss: 0.25404
Validation. Epoch: 328, loss: 1.6321, accuracy: 0.0810
Saved model to model-checkpoints/transformer/hebrew/low/model_328.pth

Train Epoch: 329 started
Train Epoch: 329, loss: 0.23296
Validation. Epoch: 329, loss: 1.6302, accuracy: 0.0890
Saved model to model-checkpoints/transformer/hebrew/low/model_329.pth

Train Epoch: 330 started
Train Epoch: 330, loss: 0.27773
Validation. Epoch: 330, loss: 1.6686, accuracy: 0.0890
Saved model to model-checkpoints/transformer/hebrew/low/model_330.pth

Train Epoch: 331 started
Train Epoch: 331, loss: 0.27832
Validation. Epoch: 331, loss: 1.6993, accuracy: 0.0740
Saved model to model-checkpoints/transformer/hebrew/low/model_331.pth

Train Epoch: 332 started
Train Epoch: 332, loss: 0.22771
Validation. Epoch: 332, loss: 1.7070, accuracy: 0.0730
Saved model to model-checkpoints/transformer/hebrew/low/model_332.pth

Train Epoch: 333 started
Train Epoch: 333, loss: 0.23395
Validation. Epoch: 333, loss: 1.6911, accuracy: 0.0800
Saved model to model-checkpoints/transformer/hebrew/low/model_333.pth

Train Epoch: 334 started
Train Epoch: 334, loss: 0.26567
Validation. Epoch: 334, loss: 1.6497, accuracy: 0.0830
Saved model to model-checkpoints/transformer/hebrew/low/model_334.pth

Train Epoch: 335 started
Train Epoch: 335, loss: 0.24874
Validation. Epoch: 335, loss: 1.6513, accuracy: 0.0810
Saved model to model-checkpoints/transformer/hebrew/low/model_335.pth

Train Epoch: 336 started
Train Epoch: 336, loss: 0.24399
Validation. Epoch: 336, loss: 1.6822, accuracy: 0.0850
Saved model to model-checkpoints/transformer/hebrew/low/model_336.pth

Train Epoch: 337 started
Train Epoch: 337, loss: 0.24148
Validation. Epoch: 337, loss: 1.7126, accuracy: 0.0820
Saved model to model-checkpoints/transformer/hebrew/low/model_337.pth

Train Epoch: 338 started
Train Epoch: 338, loss: 0.23704
Validation. Epoch: 338, loss: 1.7300, accuracy: 0.0780
Saved model to model-checkpoints/transformer/hebrew/low/model_338.pth

Train Epoch: 339 started
Train Epoch: 339, loss: 0.24919
Validation. Epoch: 339, loss: 1.7202, accuracy: 0.0780
Saved model to model-checkpoints/transformer/hebrew/low/model_339.pth

Train Epoch: 340 started
Train Epoch: 340, loss: 0.31840
Validation. Epoch: 340, loss: 1.6912, accuracy: 0.0870
Saved model to model-checkpoints/transformer/hebrew/low/model_340.pth

Train Epoch: 341 started
Train Epoch: 341, loss: 0.25456
Validation. Epoch: 341, loss: 1.6654, accuracy: 0.0880
Saved model to model-checkpoints/transformer/hebrew/low/model_341.pth

Train Epoch: 342 started
Train Epoch: 342, loss: 0.24301
Validation. Epoch: 342, loss: 1.6532, accuracy: 0.0930
Saved model to model-checkpoints/transformer/hebrew/low/model_342.pth

Train Epoch: 343 started
Train Epoch: 343, loss: 0.27012
Validation. Epoch: 343, loss: 1.6891, accuracy: 0.0810
Saved model to model-checkpoints/transformer/hebrew/low/model_343.pth

Train Epoch: 344 started
Train Epoch: 344, loss: 0.25253
Validation. Epoch: 344, loss: 1.7220, accuracy: 0.0800
Saved model to model-checkpoints/transformer/hebrew/low/model_344.pth

Train Epoch: 345 started
Train Epoch: 345, loss: 0.22755
Validation. Epoch: 345, loss: 1.7538, accuracy: 0.0820
Saved model to model-checkpoints/transformer/hebrew/low/model_345.pth

Train Epoch: 346 started
Train Epoch: 346, loss: 0.25312
Validation. Epoch: 346, loss: 1.7730, accuracy: 0.0790
Saved model to model-checkpoints/transformer/hebrew/low/model_346.pth

Train Epoch: 347 started
Train Epoch: 347, loss: 0.26932
Validation. Epoch: 347, loss: 1.7496, accuracy: 0.0700
Saved model to model-checkpoints/transformer/hebrew/low/model_347.pth

Train Epoch: 348 started
Train Epoch: 348, loss: 0.24374
Validation. Epoch: 348, loss: 1.7302, accuracy: 0.0760
Saved model to model-checkpoints/transformer/hebrew/low/model_348.pth

Train Epoch: 349 started
Train Epoch: 349, loss: 0.27632
Validation. Epoch: 349, loss: 1.7246, accuracy: 0.0690
Saved model to model-checkpoints/transformer/hebrew/low/model_349.pth

Train Epoch: 350 started
Train Epoch: 350, loss: 0.30060
Validation. Epoch: 350, loss: 1.7309, accuracy: 0.0690
Saved model to model-checkpoints/transformer/hebrew/low/model_350.pth

Train Epoch: 351 started
Train Epoch: 351, loss: 0.23004
Validation. Epoch: 351, loss: 1.7261, accuracy: 0.0700
Saved model to model-checkpoints/transformer/hebrew/low/model_351.pth

Train Epoch: 352 started
Train Epoch: 352, loss: 0.24881
Validation. Epoch: 352, loss: 1.7560, accuracy: 0.0730
Saved model to model-checkpoints/transformer/hebrew/low/model_352.pth

Train Epoch: 353 started
Train Epoch: 353, loss: 0.21423
Validation. Epoch: 353, loss: 1.7511, accuracy: 0.0770
Saved model to model-checkpoints/transformer/hebrew/low/model_353.pth

Train Epoch: 354 started
Train Epoch: 354, loss: 0.22167
Validation. Epoch: 354, loss: 1.7363, accuracy: 0.0730
Saved model to model-checkpoints/transformer/hebrew/low/model_354.pth

Train Epoch: 355 started
Train Epoch: 355, loss: 0.24682
Validation. Epoch: 355, loss: 1.7170, accuracy: 0.0710
Saved model to model-checkpoints/transformer/hebrew/low/model_355.pth

Train Epoch: 356 started
Train Epoch: 356, loss: 0.22060
Validation. Epoch: 356, loss: 1.7051, accuracy: 0.0810
Saved model to model-checkpoints/transformer/hebrew/low/model_356.pth

Train Epoch: 357 started
Train Epoch: 357, loss: 0.20081
Validation. Epoch: 357, loss: 1.6866, accuracy: 0.0860
Saved model to model-checkpoints/transformer/hebrew/low/model_357.pth

Train Epoch: 358 started
Train Epoch: 358, loss: 0.23603
Validation. Epoch: 358, loss: 1.6894, accuracy: 0.0860
Saved model to model-checkpoints/transformer/hebrew/low/model_358.pth

Train Epoch: 359 started
Train Epoch: 359, loss: 0.25569
Validation. Epoch: 359, loss: 1.7206, accuracy: 0.0820
Saved model to model-checkpoints/transformer/hebrew/low/model_359.pth

Train Epoch: 360 started
Train Epoch: 360, loss: 0.19058
Validation. Epoch: 360, loss: 1.7342, accuracy: 0.0830
Saved model to model-checkpoints/transformer/hebrew/low/model_360.pth

Train Epoch: 361 started
Train Epoch: 361, loss: 0.17186
Validation. Epoch: 361, loss: 1.7280, accuracy: 0.0870
Saved model to model-checkpoints/transformer/hebrew/low/model_361.pth

Train Epoch: 362 started
Train Epoch: 362, loss: 0.23252
Validation. Epoch: 362, loss: 1.6998, accuracy: 0.0850
Saved model to model-checkpoints/transformer/hebrew/low/model_362.pth

Train Epoch: 363 started
Train Epoch: 363, loss: 0.23777
Validation. Epoch: 363, loss: 1.6701, accuracy: 0.0910
Saved model to model-checkpoints/transformer/hebrew/low/model_363.pth

Train Epoch: 364 started
Train Epoch: 364, loss: 0.21670
Validation. Epoch: 364, loss: 1.6532, accuracy: 0.0850
Saved model to model-checkpoints/transformer/hebrew/low/model_364.pth

Train Epoch: 365 started
Train Epoch: 365, loss: 0.23631
Validation. Epoch: 365, loss: 1.6369, accuracy: 0.0830
Saved model to model-checkpoints/transformer/hebrew/low/model_365.pth

Train Epoch: 366 started
Train Epoch: 366, loss: 0.20070
Validation. Epoch: 366, loss: 1.6486, accuracy: 0.0880
Saved model to model-checkpoints/transformer/hebrew/low/model_366.pth

Train Epoch: 367 started
Train Epoch: 367, loss: 0.21559
Validation. Epoch: 367, loss: 1.6769, accuracy: 0.0810
Saved model to model-checkpoints/transformer/hebrew/low/model_367.pth

Train Epoch: 368 started
Train Epoch: 368, loss: 0.20755
Validation. Epoch: 368, loss: 1.7188, accuracy: 0.0820
Saved model to model-checkpoints/transformer/hebrew/low/model_368.pth

Train Epoch: 369 started
Train Epoch: 369, loss: 0.22042
Validation. Epoch: 369, loss: 1.7494, accuracy: 0.0850
Saved model to model-checkpoints/transformer/hebrew/low/model_369.pth

Train Epoch: 370 started
Train Epoch: 370, loss: 0.23113
Validation. Epoch: 370, loss: 1.7151, accuracy: 0.0890
Saved model to model-checkpoints/transformer/hebrew/low/model_370.pth

Train Epoch: 371 started
Train Epoch: 371, loss: 0.22114
Validation. Epoch: 371, loss: 1.6989, accuracy: 0.0900
Saved model to model-checkpoints/transformer/hebrew/low/model_371.pth

Train Epoch: 372 started
Train Epoch: 372, loss: 0.22089
Validation. Epoch: 372, loss: 1.6983, accuracy: 0.0920
Saved model to model-checkpoints/transformer/hebrew/low/model_372.pth

Train Epoch: 373 started
Train Epoch: 373, loss: 0.19534
Validation. Epoch: 373, loss: 1.7161, accuracy: 0.0830
Saved model to model-checkpoints/transformer/hebrew/low/model_373.pth

Train Epoch: 374 started
Train Epoch: 374, loss: 0.19293
Validation. Epoch: 374, loss: 1.7496, accuracy: 0.0800
Saved model to model-checkpoints/transformer/hebrew/low/model_374.pth

Train Epoch: 375 started
Train Epoch: 375, loss: 0.20801
Validation. Epoch: 375, loss: 1.7376, accuracy: 0.0860
Saved model to model-checkpoints/transformer/hebrew/low/model_375.pth

Train Epoch: 376 started
Train Epoch: 376, loss: 0.19541
Validation. Epoch: 376, loss: 1.7386, accuracy: 0.0810
Saved model to model-checkpoints/transformer/hebrew/low/model_376.pth

Train Epoch: 377 started
Train Epoch: 377, loss: 0.19779
Validation. Epoch: 377, loss: 1.7210, accuracy: 0.0930
Saved model to model-checkpoints/transformer/hebrew/low/model_377.pth

Train Epoch: 378 started
Train Epoch: 378, loss: 0.19769
Validation. Epoch: 378, loss: 1.7142, accuracy: 0.0910
Saved model to model-checkpoints/transformer/hebrew/low/model_378.pth

Train Epoch: 379 started
Train Epoch: 379, loss: 0.22322
Validation. Epoch: 379, loss: 1.7141, accuracy: 0.0890
Saved model to model-checkpoints/transformer/hebrew/low/model_379.pth

Train Epoch: 380 started
Train Epoch: 380, loss: 0.18937
Validation. Epoch: 380, loss: 1.7037, accuracy: 0.0920
Saved model to model-checkpoints/transformer/hebrew/low/model_380.pth

Train Epoch: 381 started
Train Epoch: 381, loss: 0.18612
Validation. Epoch: 381, loss: 1.7198, accuracy: 0.0920
Saved model to model-checkpoints/transformer/hebrew/low/model_381.pth

Train Epoch: 382 started
Train Epoch: 382, loss: 0.20139
Validation. Epoch: 382, loss: 1.7067, accuracy: 0.0990
Saved model to model-checkpoints/transformer/hebrew/low/model_382.pth

Train Epoch: 383 started
Train Epoch: 383, loss: 0.18797
Validation. Epoch: 383, loss: 1.7317, accuracy: 0.0940
Saved model to model-checkpoints/transformer/hebrew/low/model_383.pth

Train Epoch: 384 started
Train Epoch: 384, loss: 0.20363
Validation. Epoch: 384, loss: 1.7664, accuracy: 0.0930
Saved model to model-checkpoints/transformer/hebrew/low/model_384.pth

Train Epoch: 385 started
Train Epoch: 385, loss: 0.19889
Validation. Epoch: 385, loss: 1.7787, accuracy: 0.0880
Saved model to model-checkpoints/transformer/hebrew/low/model_385.pth

Train Epoch: 386 started
Train Epoch: 386, loss: 0.22869
Validation. Epoch: 386, loss: 1.7426, accuracy: 0.0870
Saved model to model-checkpoints/transformer/hebrew/low/model_386.pth

Train Epoch: 387 started
Train Epoch: 387, loss: 0.16620
Validation. Epoch: 387, loss: 1.7402, accuracy: 0.0870
Saved model to model-checkpoints/transformer/hebrew/low/model_387.pth

Train Epoch: 388 started
Train Epoch: 388, loss: 0.19721
Validation. Epoch: 388, loss: 1.7181, accuracy: 0.0840
Saved model to model-checkpoints/transformer/hebrew/low/model_388.pth

Train Epoch: 389 started
Train Epoch: 389, loss: 0.22646
Validation. Epoch: 389, loss: 1.7270, accuracy: 0.0900
Saved model to model-checkpoints/transformer/hebrew/low/model_389.pth

Train Epoch: 390 started
Train Epoch: 390, loss: 0.20870
Validation. Epoch: 390, loss: 1.7720, accuracy: 0.0890
Saved model to model-checkpoints/transformer/hebrew/low/model_390.pth

Train Epoch: 391 started
Train Epoch: 391, loss: 0.17195
Validation. Epoch: 391, loss: 1.7823, accuracy: 0.0800
Saved model to model-checkpoints/transformer/hebrew/low/model_391.pth

Train Epoch: 392 started
Train Epoch: 392, loss: 0.15341
Validation. Epoch: 392, loss: 1.7523, accuracy: 0.0870
Saved model to model-checkpoints/transformer/hebrew/low/model_392.pth

Train Epoch: 393 started
Train Epoch: 393, loss: 0.17753
Validation. Epoch: 393, loss: 1.7332, accuracy: 0.0870
Saved model to model-checkpoints/transformer/hebrew/low/model_393.pth

Train Epoch: 394 started
Train Epoch: 394, loss: 0.20710
Validation. Epoch: 394, loss: 1.7517, accuracy: 0.0890
Saved model to model-checkpoints/transformer/hebrew/low/model_394.pth

Train Epoch: 395 started
Train Epoch: 395, loss: 0.17418
Validation. Epoch: 395, loss: 1.7841, accuracy: 0.0910
Saved model to model-checkpoints/transformer/hebrew/low/model_395.pth

Train Epoch: 396 started
Train Epoch: 396, loss: 0.16176
Validation. Epoch: 396, loss: 1.8023, accuracy: 0.0840
Saved model to model-checkpoints/transformer/hebrew/low/model_396.pth

Train Epoch: 397 started
Train Epoch: 397, loss: 0.18380
Validation. Epoch: 397, loss: 1.7733, accuracy: 0.0850
Saved model to model-checkpoints/transformer/hebrew/low/model_397.pth

Train Epoch: 398 started
Train Epoch: 398, loss: 0.20127
Validation. Epoch: 398, loss: 1.7639, accuracy: 0.0910
Saved model to model-checkpoints/transformer/hebrew/low/model_398.pth

Train Epoch: 399 started
Train Epoch: 399, loss: 0.18891
Validation. Epoch: 399, loss: 1.7947, accuracy: 0.0790
Saved model to model-checkpoints/transformer/hebrew/low/model_399.pth

Train Epoch: 400 started
Train Epoch: 400, loss: 0.20934
Validation. Epoch: 400, loss: 1.7826, accuracy: 0.0870
Saved model to model-checkpoints/transformer/hebrew/low/model_400.pth

Finished training, best model on validation set:  212
