
Train Epoch: 1 started
Train Epoch: 1, loss: 3.74532
Validation. Epoch: 1, loss: 3.1393, accuracy: 0.0000
Saved model to model-checkpoints/transformer/spanish/low/model_1.pth
New best Loss, saved to model-checkpoints/transformer/spanish/low/model_best.pth

Train Epoch: 2 started
Train Epoch: 2, loss: 3.27735
Validation. Epoch: 2, loss: 3.0053, accuracy: 0.0000
Saved model to model-checkpoints/transformer/spanish/low/model_2.pth
New best Loss, saved to model-checkpoints/transformer/spanish/low/model_best.pth

Train Epoch: 3 started
Train Epoch: 3, loss: 3.21011
Validation. Epoch: 3, loss: 2.9615, accuracy: 0.0000
Saved model to model-checkpoints/transformer/spanish/low/model_3.pth
New best Loss, saved to model-checkpoints/transformer/spanish/low/model_best.pth

Train Epoch: 4 started
Train Epoch: 4, loss: 3.10475
Validation. Epoch: 4, loss: 2.9327, accuracy: 0.0000
Saved model to model-checkpoints/transformer/spanish/low/model_4.pth
New best Loss, saved to model-checkpoints/transformer/spanish/low/model_best.pth

Train Epoch: 5 started
Train Epoch: 5, loss: 3.10759
Validation. Epoch: 5, loss: 2.9235, accuracy: 0.0000
Saved model to model-checkpoints/transformer/spanish/low/model_5.pth
New best Loss, saved to model-checkpoints/transformer/spanish/low/model_best.pth

Train Epoch: 6 started
Train Epoch: 6, loss: 3.06073
Validation. Epoch: 6, loss: 2.9185, accuracy: 0.0000
Saved model to model-checkpoints/transformer/spanish/low/model_6.pth
New best Loss, saved to model-checkpoints/transformer/spanish/low/model_best.pth

Train Epoch: 7 started
Train Epoch: 7, loss: 3.04853
Validation. Epoch: 7, loss: 2.9183, accuracy: 0.0000
Saved model to model-checkpoints/transformer/spanish/low/model_7.pth
New best Loss, saved to model-checkpoints/transformer/spanish/low/model_best.pth

Train Epoch: 8 started
Train Epoch: 8, loss: 3.04191
Validation. Epoch: 8, loss: 2.9033, accuracy: 0.0000
Saved model to model-checkpoints/transformer/spanish/low/model_8.pth
New best Loss, saved to model-checkpoints/transformer/spanish/low/model_best.pth

Train Epoch: 9 started
Train Epoch: 9, loss: 3.03616
Validation. Epoch: 9, loss: 2.8897, accuracy: 0.0000
Saved model to model-checkpoints/transformer/spanish/low/model_9.pth
New best Loss, saved to model-checkpoints/transformer/spanish/low/model_best.pth

Train Epoch: 10 started
Train Epoch: 10, loss: 3.01910
Validation. Epoch: 10, loss: 2.8842, accuracy: 0.0000
Saved model to model-checkpoints/transformer/spanish/low/model_10.pth
New best Loss, saved to model-checkpoints/transformer/spanish/low/model_best.pth

Train Epoch: 11 started
Train Epoch: 11, loss: 3.00229
Validation. Epoch: 11, loss: 2.8824, accuracy: 0.0000
Saved model to model-checkpoints/transformer/spanish/low/model_11.pth
New best Loss, saved to model-checkpoints/transformer/spanish/low/model_best.pth

Train Epoch: 12 started
Train Epoch: 12, loss: 2.96551
Validation. Epoch: 12, loss: 2.8787, accuracy: 0.0000
Saved model to model-checkpoints/transformer/spanish/low/model_12.pth
New best Loss, saved to model-checkpoints/transformer/spanish/low/model_best.pth

Train Epoch: 13 started
Train Epoch: 13, loss: 2.98122
Validation. Epoch: 13, loss: 2.8706, accuracy: 0.0000
Saved model to model-checkpoints/transformer/spanish/low/model_13.pth
New best Loss, saved to model-checkpoints/transformer/spanish/low/model_best.pth

Train Epoch: 14 started
Train Epoch: 14, loss: 3.00091
Validation. Epoch: 14, loss: 2.8679, accuracy: 0.0000
Saved model to model-checkpoints/transformer/spanish/low/model_14.pth
New best Loss, saved to model-checkpoints/transformer/spanish/low/model_best.pth

Train Epoch: 15 started
Train Epoch: 15, loss: 2.94658
Validation. Epoch: 15, loss: 2.8592, accuracy: 0.0000
Saved model to model-checkpoints/transformer/spanish/low/model_15.pth
New best Loss, saved to model-checkpoints/transformer/spanish/low/model_best.pth

Train Epoch: 16 started
Train Epoch: 16, loss: 2.95371
Validation. Epoch: 16, loss: 2.8524, accuracy: 0.0000
Saved model to model-checkpoints/transformer/spanish/low/model_16.pth
New best Loss, saved to model-checkpoints/transformer/spanish/low/model_best.pth

Train Epoch: 17 started
Train Epoch: 17, loss: 2.92016
Validation. Epoch: 17, loss: 2.8483, accuracy: 0.0000
Saved model to model-checkpoints/transformer/spanish/low/model_17.pth
New best Loss, saved to model-checkpoints/transformer/spanish/low/model_best.pth

Train Epoch: 18 started
Train Epoch: 18, loss: 2.93768
Validation. Epoch: 18, loss: 2.8377, accuracy: 0.0000
Saved model to model-checkpoints/transformer/spanish/low/model_18.pth
New best Loss, saved to model-checkpoints/transformer/spanish/low/model_best.pth

Train Epoch: 19 started
Train Epoch: 19, loss: 2.92745
Validation. Epoch: 19, loss: 2.8240, accuracy: 0.0000
Saved model to model-checkpoints/transformer/spanish/low/model_19.pth
New best Loss, saved to model-checkpoints/transformer/spanish/low/model_best.pth

Train Epoch: 20 started
Train Epoch: 20, loss: 2.93429
Validation. Epoch: 20, loss: 2.8109, accuracy: 0.0000
Saved model to model-checkpoints/transformer/spanish/low/model_20.pth
New best Loss, saved to model-checkpoints/transformer/spanish/low/model_best.pth

Train Epoch: 21 started
Train Epoch: 21, loss: 2.91048
Validation. Epoch: 21, loss: 2.8072, accuracy: 0.0000
Saved model to model-checkpoints/transformer/spanish/low/model_21.pth
New best Loss, saved to model-checkpoints/transformer/spanish/low/model_best.pth

Train Epoch: 22 started
Train Epoch: 22, loss: 2.90624
Validation. Epoch: 22, loss: 2.7973, accuracy: 0.0000
Saved model to model-checkpoints/transformer/spanish/low/model_22.pth
New best Loss, saved to model-checkpoints/transformer/spanish/low/model_best.pth

Train Epoch: 23 started
Train Epoch: 23, loss: 2.87697
Validation. Epoch: 23, loss: 2.7851, accuracy: 0.0000
Saved model to model-checkpoints/transformer/spanish/low/model_23.pth
New best Loss, saved to model-checkpoints/transformer/spanish/low/model_best.pth

Train Epoch: 24 started
Train Epoch: 24, loss: 2.88951
Validation. Epoch: 24, loss: 2.7735, accuracy: 0.0000
Saved model to model-checkpoints/transformer/spanish/low/model_24.pth
New best Loss, saved to model-checkpoints/transformer/spanish/low/model_best.pth

Train Epoch: 25 started
Train Epoch: 25, loss: 2.86888
Validation. Epoch: 25, loss: 2.7783, accuracy: 0.0000
Saved model to model-checkpoints/transformer/spanish/low/model_25.pth

Train Epoch: 26 started
Train Epoch: 26, loss: 2.85136
Validation. Epoch: 26, loss: 2.7633, accuracy: 0.0000
Saved model to model-checkpoints/transformer/spanish/low/model_26.pth
New best Loss, saved to model-checkpoints/transformer/spanish/low/model_best.pth

Train Epoch: 27 started
Train Epoch: 27, loss: 2.84541
Validation. Epoch: 27, loss: 2.7516, accuracy: 0.0000
Saved model to model-checkpoints/transformer/spanish/low/model_27.pth
New best Loss, saved to model-checkpoints/transformer/spanish/low/model_best.pth

Train Epoch: 28 started
Train Epoch: 28, loss: 2.83161
Validation. Epoch: 28, loss: 2.7461, accuracy: 0.0000
Saved model to model-checkpoints/transformer/spanish/low/model_28.pth
New best Loss, saved to model-checkpoints/transformer/spanish/low/model_best.pth

Train Epoch: 29 started
Train Epoch: 29, loss: 2.81998
Validation. Epoch: 29, loss: 2.7347, accuracy: 0.0000
Saved model to model-checkpoints/transformer/spanish/low/model_29.pth
New best Loss, saved to model-checkpoints/transformer/spanish/low/model_best.pth

Train Epoch: 30 started
Train Epoch: 30, loss: 2.80571
Validation. Epoch: 30, loss: 2.7293, accuracy: 0.0000
Saved model to model-checkpoints/transformer/spanish/low/model_30.pth
New best Loss, saved to model-checkpoints/transformer/spanish/low/model_best.pth

Train Epoch: 31 started
Train Epoch: 31, loss: 2.79171
Validation. Epoch: 31, loss: 2.7324, accuracy: 0.0000
Saved model to model-checkpoints/transformer/spanish/low/model_31.pth

Train Epoch: 32 started
Train Epoch: 32, loss: 2.78036
Validation. Epoch: 32, loss: 2.7162, accuracy: 0.0000
Saved model to model-checkpoints/transformer/spanish/low/model_32.pth
New best Loss, saved to model-checkpoints/transformer/spanish/low/model_best.pth

Train Epoch: 33 started
Train Epoch: 33, loss: 2.77177
Validation. Epoch: 33, loss: 2.7154, accuracy: 0.0000
Saved model to model-checkpoints/transformer/spanish/low/model_33.pth
New best Loss, saved to model-checkpoints/transformer/spanish/low/model_best.pth

Train Epoch: 34 started
Train Epoch: 34, loss: 2.76944
Validation. Epoch: 34, loss: 2.7058, accuracy: 0.0000
Saved model to model-checkpoints/transformer/spanish/low/model_34.pth
New best Loss, saved to model-checkpoints/transformer/spanish/low/model_best.pth

Train Epoch: 35 started
Train Epoch: 35, loss: 2.74172
Validation. Epoch: 35, loss: 2.6949, accuracy: 0.0000
Saved model to model-checkpoints/transformer/spanish/low/model_35.pth
New best Loss, saved to model-checkpoints/transformer/spanish/low/model_best.pth

Train Epoch: 36 started
Train Epoch: 36, loss: 2.75901
Validation. Epoch: 36, loss: 2.6883, accuracy: 0.0000
Saved model to model-checkpoints/transformer/spanish/low/model_36.pth
New best Loss, saved to model-checkpoints/transformer/spanish/low/model_best.pth

Train Epoch: 37 started
Train Epoch: 37, loss: 2.73849
Validation. Epoch: 37, loss: 2.6805, accuracy: 0.0000
Saved model to model-checkpoints/transformer/spanish/low/model_37.pth
New best Loss, saved to model-checkpoints/transformer/spanish/low/model_best.pth

Train Epoch: 38 started
Train Epoch: 38, loss: 2.72659
Validation. Epoch: 38, loss: 2.6739, accuracy: 0.0000
Saved model to model-checkpoints/transformer/spanish/low/model_38.pth
New best Loss, saved to model-checkpoints/transformer/spanish/low/model_best.pth

Train Epoch: 39 started
Train Epoch: 39, loss: 2.72731
Validation. Epoch: 39, loss: 2.6697, accuracy: 0.0000
Saved model to model-checkpoints/transformer/spanish/low/model_39.pth
New best Loss, saved to model-checkpoints/transformer/spanish/low/model_best.pth

Train Epoch: 40 started
Train Epoch: 40, loss: 2.69006
Validation. Epoch: 40, loss: 2.6638, accuracy: 0.0000
Saved model to model-checkpoints/transformer/spanish/low/model_40.pth
New best Loss, saved to model-checkpoints/transformer/spanish/low/model_best.pth

Train Epoch: 41 started
Train Epoch: 41, loss: 2.68705
Validation. Epoch: 41, loss: 2.6595, accuracy: 0.0000
Saved model to model-checkpoints/transformer/spanish/low/model_41.pth
New best Loss, saved to model-checkpoints/transformer/spanish/low/model_best.pth

Train Epoch: 42 started
Train Epoch: 42, loss: 2.69611
Validation. Epoch: 42, loss: 2.6592, accuracy: 0.0000
Saved model to model-checkpoints/transformer/spanish/low/model_42.pth
New best Loss, saved to model-checkpoints/transformer/spanish/low/model_best.pth

Train Epoch: 43 started
Train Epoch: 43, loss: 2.67891
Validation. Epoch: 43, loss: 2.6380, accuracy: 0.0000
Saved model to model-checkpoints/transformer/spanish/low/model_43.pth
New best Loss, saved to model-checkpoints/transformer/spanish/low/model_best.pth

Train Epoch: 44 started
Train Epoch: 44, loss: 2.67783
Validation. Epoch: 44, loss: 2.6293, accuracy: 0.0000
Saved model to model-checkpoints/transformer/spanish/low/model_44.pth
New best Loss, saved to model-checkpoints/transformer/spanish/low/model_best.pth

Train Epoch: 45 started
Train Epoch: 45, loss: 2.67250
Validation. Epoch: 45, loss: 2.6377, accuracy: 0.0000
Saved model to model-checkpoints/transformer/spanish/low/model_45.pth

Train Epoch: 46 started
Train Epoch: 46, loss: 2.64366
Validation. Epoch: 46, loss: 2.6211, accuracy: 0.0000
Saved model to model-checkpoints/transformer/spanish/low/model_46.pth
New best Loss, saved to model-checkpoints/transformer/spanish/low/model_best.pth

Train Epoch: 47 started
Train Epoch: 47, loss: 2.65337
Validation. Epoch: 47, loss: 2.6057, accuracy: 0.0000
Saved model to model-checkpoints/transformer/spanish/low/model_47.pth
New best Loss, saved to model-checkpoints/transformer/spanish/low/model_best.pth

Train Epoch: 48 started
Train Epoch: 48, loss: 2.61708
Validation. Epoch: 48, loss: 2.6051, accuracy: 0.0000
Saved model to model-checkpoints/transformer/spanish/low/model_48.pth
New best Loss, saved to model-checkpoints/transformer/spanish/low/model_best.pth

Train Epoch: 49 started
Train Epoch: 49, loss: 2.61498
Validation. Epoch: 49, loss: 2.5998, accuracy: 0.0000
Saved model to model-checkpoints/transformer/spanish/low/model_49.pth
New best Loss, saved to model-checkpoints/transformer/spanish/low/model_best.pth

Train Epoch: 50 started
Train Epoch: 50, loss: 2.58607
Validation. Epoch: 50, loss: 2.5795, accuracy: 0.0000
Saved model to model-checkpoints/transformer/spanish/low/model_50.pth
New best Loss, saved to model-checkpoints/transformer/spanish/low/model_best.pth

Train Epoch: 51 started
Train Epoch: 51, loss: 2.56597
Validation. Epoch: 51, loss: 2.5940, accuracy: 0.0000
Saved model to model-checkpoints/transformer/spanish/low/model_51.pth

Train Epoch: 52 started
Train Epoch: 52, loss: 2.53806
Validation. Epoch: 52, loss: 2.5843, accuracy: 0.0000
Saved model to model-checkpoints/transformer/spanish/low/model_52.pth

Train Epoch: 53 started
Train Epoch: 53, loss: 2.56741
Validation. Epoch: 53, loss: 2.5542, accuracy: 0.0000
Saved model to model-checkpoints/transformer/spanish/low/model_53.pth
New best Loss, saved to model-checkpoints/transformer/spanish/low/model_best.pth

Train Epoch: 54 started
Train Epoch: 54, loss: 2.55307
Validation. Epoch: 54, loss: 2.5353, accuracy: 0.0000
Saved model to model-checkpoints/transformer/spanish/low/model_54.pth
New best Loss, saved to model-checkpoints/transformer/spanish/low/model_best.pth

Train Epoch: 55 started
Train Epoch: 55, loss: 2.51128
Validation. Epoch: 55, loss: 2.5217, accuracy: 0.0000
Saved model to model-checkpoints/transformer/spanish/low/model_55.pth
New best Loss, saved to model-checkpoints/transformer/spanish/low/model_best.pth

Train Epoch: 56 started
Train Epoch: 56, loss: 2.51796
Validation. Epoch: 56, loss: 2.5261, accuracy: 0.0000
Saved model to model-checkpoints/transformer/spanish/low/model_56.pth

Train Epoch: 57 started
Train Epoch: 57, loss: 2.50038
Validation. Epoch: 57, loss: 2.5179, accuracy: 0.0000
Saved model to model-checkpoints/transformer/spanish/low/model_57.pth
New best Loss, saved to model-checkpoints/transformer/spanish/low/model_best.pth

Train Epoch: 58 started
Train Epoch: 58, loss: 2.49964
Validation. Epoch: 58, loss: 2.4985, accuracy: 0.0000
Saved model to model-checkpoints/transformer/spanish/low/model_58.pth
New best Loss, saved to model-checkpoints/transformer/spanish/low/model_best.pth

Train Epoch: 59 started
Train Epoch: 59, loss: 2.45189
Validation. Epoch: 59, loss: 2.4689, accuracy: 0.0000
Saved model to model-checkpoints/transformer/spanish/low/model_59.pth
New best Loss, saved to model-checkpoints/transformer/spanish/low/model_best.pth

Train Epoch: 60 started
Train Epoch: 60, loss: 2.42948
Validation. Epoch: 60, loss: 2.4619, accuracy: 0.0000
Saved model to model-checkpoints/transformer/spanish/low/model_60.pth
New best Loss, saved to model-checkpoints/transformer/spanish/low/model_best.pth

Train Epoch: 61 started
Train Epoch: 61, loss: 2.43978
Validation. Epoch: 61, loss: 2.4674, accuracy: 0.0000
Saved model to model-checkpoints/transformer/spanish/low/model_61.pth

Train Epoch: 62 started
Train Epoch: 62, loss: 2.43374
Validation. Epoch: 62, loss: 2.4330, accuracy: 0.0000
Saved model to model-checkpoints/transformer/spanish/low/model_62.pth
New best Loss, saved to model-checkpoints/transformer/spanish/low/model_best.pth

Train Epoch: 63 started
Train Epoch: 63, loss: 2.38992
Validation. Epoch: 63, loss: 2.4380, accuracy: 0.0000
Saved model to model-checkpoints/transformer/spanish/low/model_63.pth

Train Epoch: 64 started
Train Epoch: 64, loss: 2.37679
Validation. Epoch: 64, loss: 2.4262, accuracy: 0.0000
Saved model to model-checkpoints/transformer/spanish/low/model_64.pth
New best Loss, saved to model-checkpoints/transformer/spanish/low/model_best.pth

Train Epoch: 65 started
Train Epoch: 65, loss: 2.40457
Validation. Epoch: 65, loss: 2.3825, accuracy: 0.0000
Saved model to model-checkpoints/transformer/spanish/low/model_65.pth
New best Loss, saved to model-checkpoints/transformer/spanish/low/model_best.pth

Train Epoch: 66 started
Train Epoch: 66, loss: 2.31703
Validation. Epoch: 66, loss: 2.3729, accuracy: 0.0000
Saved model to model-checkpoints/transformer/spanish/low/model_66.pth
New best Loss, saved to model-checkpoints/transformer/spanish/low/model_best.pth

Train Epoch: 67 started
Train Epoch: 67, loss: 2.31876
Validation. Epoch: 67, loss: 2.3560, accuracy: 0.0000
Saved model to model-checkpoints/transformer/spanish/low/model_67.pth
New best Loss, saved to model-checkpoints/transformer/spanish/low/model_best.pth

Train Epoch: 68 started
Train Epoch: 68, loss: 2.28372
Validation. Epoch: 68, loss: 2.3458, accuracy: 0.0000
Saved model to model-checkpoints/transformer/spanish/low/model_68.pth
New best Loss, saved to model-checkpoints/transformer/spanish/low/model_best.pth

Train Epoch: 69 started
Train Epoch: 69, loss: 2.32808
Validation. Epoch: 69, loss: 2.3215, accuracy: 0.0000
Saved model to model-checkpoints/transformer/spanish/low/model_69.pth
New best Loss, saved to model-checkpoints/transformer/spanish/low/model_best.pth

Train Epoch: 70 started
Train Epoch: 70, loss: 2.27798
Validation. Epoch: 70, loss: 2.3031, accuracy: 0.0000
Saved model to model-checkpoints/transformer/spanish/low/model_70.pth
New best Loss, saved to model-checkpoints/transformer/spanish/low/model_best.pth

Train Epoch: 71 started
Train Epoch: 71, loss: 2.27764
Validation. Epoch: 71, loss: 2.3297, accuracy: 0.0000
Saved model to model-checkpoints/transformer/spanish/low/model_71.pth

Train Epoch: 72 started
Train Epoch: 72, loss: 2.21007
Validation. Epoch: 72, loss: 2.3057, accuracy: 0.0000
Saved model to model-checkpoints/transformer/spanish/low/model_72.pth

Train Epoch: 73 started
Train Epoch: 73, loss: 2.22913
Validation. Epoch: 73, loss: 2.3141, accuracy: 0.0000
Saved model to model-checkpoints/transformer/spanish/low/model_73.pth

Train Epoch: 74 started
Train Epoch: 74, loss: 2.20965
Validation. Epoch: 74, loss: 2.2894, accuracy: 0.0000
Saved model to model-checkpoints/transformer/spanish/low/model_74.pth
New best Loss, saved to model-checkpoints/transformer/spanish/low/model_best.pth

Train Epoch: 75 started
Train Epoch: 75, loss: 2.17633
Validation. Epoch: 75, loss: 2.2642, accuracy: 0.0000
Saved model to model-checkpoints/transformer/spanish/low/model_75.pth
New best Loss, saved to model-checkpoints/transformer/spanish/low/model_best.pth

Train Epoch: 76 started
Train Epoch: 76, loss: 2.17116
Validation. Epoch: 76, loss: 2.2866, accuracy: 0.0000
Saved model to model-checkpoints/transformer/spanish/low/model_76.pth

Train Epoch: 77 started
Train Epoch: 77, loss: 2.15423
Validation. Epoch: 77, loss: 2.2658, accuracy: 0.0000
Saved model to model-checkpoints/transformer/spanish/low/model_77.pth

Train Epoch: 78 started
Train Epoch: 78, loss: 2.15453
Validation. Epoch: 78, loss: 2.2520, accuracy: 0.0000
Saved model to model-checkpoints/transformer/spanish/low/model_78.pth
New best Loss, saved to model-checkpoints/transformer/spanish/low/model_best.pth

Train Epoch: 79 started
Train Epoch: 79, loss: 2.12697
Validation. Epoch: 79, loss: 2.2404, accuracy: 0.0000
Saved model to model-checkpoints/transformer/spanish/low/model_79.pth
New best Loss, saved to model-checkpoints/transformer/spanish/low/model_best.pth

Train Epoch: 80 started
Train Epoch: 80, loss: 2.10115
Validation. Epoch: 80, loss: 2.2614, accuracy: 0.0000
Saved model to model-checkpoints/transformer/spanish/low/model_80.pth

Train Epoch: 81 started
Train Epoch: 81, loss: 2.08454
Validation. Epoch: 81, loss: 2.2266, accuracy: 0.0000
Saved model to model-checkpoints/transformer/spanish/low/model_81.pth
New best Loss, saved to model-checkpoints/transformer/spanish/low/model_best.pth

Train Epoch: 82 started
Train Epoch: 82, loss: 2.07524
Validation. Epoch: 82, loss: 2.2176, accuracy: 0.0000
Saved model to model-checkpoints/transformer/spanish/low/model_82.pth
New best Loss, saved to model-checkpoints/transformer/spanish/low/model_best.pth

Train Epoch: 83 started
Train Epoch: 83, loss: 2.05063
Validation. Epoch: 83, loss: 2.2041, accuracy: 0.0000
Saved model to model-checkpoints/transformer/spanish/low/model_83.pth
New best Loss, saved to model-checkpoints/transformer/spanish/low/model_best.pth

Train Epoch: 84 started
Train Epoch: 84, loss: 2.02651
Validation. Epoch: 84, loss: 2.1885, accuracy: 0.0000
Saved model to model-checkpoints/transformer/spanish/low/model_84.pth
New best Loss, saved to model-checkpoints/transformer/spanish/low/model_best.pth

Train Epoch: 85 started
Train Epoch: 85, loss: 2.02235
Validation. Epoch: 85, loss: 2.2163, accuracy: 0.0000
Saved model to model-checkpoints/transformer/spanish/low/model_85.pth

Train Epoch: 86 started
Train Epoch: 86, loss: 2.02109
Validation. Epoch: 86, loss: 2.1833, accuracy: 0.0000
Saved model to model-checkpoints/transformer/spanish/low/model_86.pth
New best Loss, saved to model-checkpoints/transformer/spanish/low/model_best.pth

Train Epoch: 87 started
Train Epoch: 87, loss: 2.00305
Validation. Epoch: 87, loss: 2.1639, accuracy: 0.0000
Saved model to model-checkpoints/transformer/spanish/low/model_87.pth
New best Loss, saved to model-checkpoints/transformer/spanish/low/model_best.pth

Train Epoch: 88 started
Train Epoch: 88, loss: 1.99061
Validation. Epoch: 88, loss: 2.1608, accuracy: 0.0000
Saved model to model-checkpoints/transformer/spanish/low/model_88.pth
New best Loss, saved to model-checkpoints/transformer/spanish/low/model_best.pth

Train Epoch: 89 started
Train Epoch: 89, loss: 1.96351
Validation. Epoch: 89, loss: 2.1443, accuracy: 0.0000
Saved model to model-checkpoints/transformer/spanish/low/model_89.pth
New best Loss, saved to model-checkpoints/transformer/spanish/low/model_best.pth

Train Epoch: 90 started
Train Epoch: 90, loss: 1.93689
Validation. Epoch: 90, loss: 2.1363, accuracy: 0.0000
Saved model to model-checkpoints/transformer/spanish/low/model_90.pth
New best Loss, saved to model-checkpoints/transformer/spanish/low/model_best.pth

Train Epoch: 91 started
Train Epoch: 91, loss: 1.90650
Validation. Epoch: 91, loss: 2.1341, accuracy: 0.0000
Saved model to model-checkpoints/transformer/spanish/low/model_91.pth
New best Loss, saved to model-checkpoints/transformer/spanish/low/model_best.pth

Train Epoch: 92 started
Train Epoch: 92, loss: 1.95274
Validation. Epoch: 92, loss: 2.1191, accuracy: 0.0000
Saved model to model-checkpoints/transformer/spanish/low/model_92.pth
New best Loss, saved to model-checkpoints/transformer/spanish/low/model_best.pth

Train Epoch: 93 started
Train Epoch: 93, loss: 1.94173
Validation. Epoch: 93, loss: 2.1162, accuracy: 0.0000
Saved model to model-checkpoints/transformer/spanish/low/model_93.pth
New best Loss, saved to model-checkpoints/transformer/spanish/low/model_best.pth

Train Epoch: 94 started
Train Epoch: 94, loss: 1.90848
Validation. Epoch: 94, loss: 2.1027, accuracy: 0.0000
Saved model to model-checkpoints/transformer/spanish/low/model_94.pth
New best Loss, saved to model-checkpoints/transformer/spanish/low/model_best.pth

Train Epoch: 95 started
Train Epoch: 95, loss: 1.89477
Validation. Epoch: 95, loss: 2.1165, accuracy: 0.0000
Saved model to model-checkpoints/transformer/spanish/low/model_95.pth

Train Epoch: 96 started
Train Epoch: 96, loss: 1.87728
Validation. Epoch: 96, loss: 2.1072, accuracy: 0.0000
Saved model to model-checkpoints/transformer/spanish/low/model_96.pth

Train Epoch: 97 started
Train Epoch: 97, loss: 1.85017
Validation. Epoch: 97, loss: 2.0838, accuracy: 0.0000
Saved model to model-checkpoints/transformer/spanish/low/model_97.pth
New best Loss, saved to model-checkpoints/transformer/spanish/low/model_best.pth

Train Epoch: 98 started
Train Epoch: 98, loss: 1.83878
Validation. Epoch: 98, loss: 2.0843, accuracy: 0.0000
Saved model to model-checkpoints/transformer/spanish/low/model_98.pth

Train Epoch: 99 started
Train Epoch: 99, loss: 1.85617
Validation. Epoch: 99, loss: 2.0607, accuracy: 0.0000
Saved model to model-checkpoints/transformer/spanish/low/model_99.pth
New best Loss, saved to model-checkpoints/transformer/spanish/low/model_best.pth

Train Epoch: 100 started
Train Epoch: 100, loss: 1.82183
Validation. Epoch: 100, loss: 2.0465, accuracy: 0.0000
Saved model to model-checkpoints/transformer/spanish/low/model_100.pth
New best Loss, saved to model-checkpoints/transformer/spanish/low/model_best.pth

Train Epoch: 101 started
Train Epoch: 101, loss: 1.82419
Validation. Epoch: 101, loss: 2.0784, accuracy: 0.0000
Saved model to model-checkpoints/transformer/spanish/low/model_101.pth

Train Epoch: 102 started
Train Epoch: 102, loss: 1.80855
Validation. Epoch: 102, loss: 2.1022, accuracy: 0.0000
Saved model to model-checkpoints/transformer/spanish/low/model_102.pth

Train Epoch: 103 started
Train Epoch: 103, loss: 1.77966
Validation. Epoch: 103, loss: 2.0358, accuracy: 0.0000
Saved model to model-checkpoints/transformer/spanish/low/model_103.pth
New best Loss, saved to model-checkpoints/transformer/spanish/low/model_best.pth

Train Epoch: 104 started
Train Epoch: 104, loss: 1.76688
Validation. Epoch: 104, loss: 2.0353, accuracy: 0.0000
Saved model to model-checkpoints/transformer/spanish/low/model_104.pth
New best Loss, saved to model-checkpoints/transformer/spanish/low/model_best.pth

Train Epoch: 105 started
Train Epoch: 105, loss: 1.79764
Validation. Epoch: 105, loss: 2.0447, accuracy: 0.0000
Saved model to model-checkpoints/transformer/spanish/low/model_105.pth

Train Epoch: 106 started
Train Epoch: 106, loss: 1.76282
Validation. Epoch: 106, loss: 2.0432, accuracy: 0.0000
Saved model to model-checkpoints/transformer/spanish/low/model_106.pth

Train Epoch: 107 started
Train Epoch: 107, loss: 1.75755
Validation. Epoch: 107, loss: 1.9855, accuracy: 0.0000
Saved model to model-checkpoints/transformer/spanish/low/model_107.pth
New best Loss, saved to model-checkpoints/transformer/spanish/low/model_best.pth

Train Epoch: 108 started
Train Epoch: 108, loss: 1.77058
Validation. Epoch: 108, loss: 1.9779, accuracy: 0.0000
Saved model to model-checkpoints/transformer/spanish/low/model_108.pth
New best Loss, saved to model-checkpoints/transformer/spanish/low/model_best.pth

Train Epoch: 109 started
Train Epoch: 109, loss: 1.74128
Validation. Epoch: 109, loss: 1.9638, accuracy: 0.0000
Saved model to model-checkpoints/transformer/spanish/low/model_109.pth
New best Loss, saved to model-checkpoints/transformer/spanish/low/model_best.pth

Train Epoch: 110 started
Train Epoch: 110, loss: 1.71551
Validation. Epoch: 110, loss: 1.9778, accuracy: 0.0000
Saved model to model-checkpoints/transformer/spanish/low/model_110.pth

Train Epoch: 111 started
Train Epoch: 111, loss: 1.70163
Validation. Epoch: 111, loss: 1.9543, accuracy: 0.0000
Saved model to model-checkpoints/transformer/spanish/low/model_111.pth
New best Loss, saved to model-checkpoints/transformer/spanish/low/model_best.pth

Train Epoch: 112 started
Train Epoch: 112, loss: 1.66563
Validation. Epoch: 112, loss: 1.9385, accuracy: 0.0000
Saved model to model-checkpoints/transformer/spanish/low/model_112.pth
New best Loss, saved to model-checkpoints/transformer/spanish/low/model_best.pth

Train Epoch: 113 started
Train Epoch: 113, loss: 1.63027
Validation. Epoch: 113, loss: 1.9362, accuracy: 0.0000
Saved model to model-checkpoints/transformer/spanish/low/model_113.pth
New best Loss, saved to model-checkpoints/transformer/spanish/low/model_best.pth

Train Epoch: 114 started
Train Epoch: 114, loss: 1.67025
Validation. Epoch: 114, loss: 1.9479, accuracy: 0.0000
Saved model to model-checkpoints/transformer/spanish/low/model_114.pth

Train Epoch: 115 started
Train Epoch: 115, loss: 1.66038
Validation. Epoch: 115, loss: 1.9158, accuracy: 0.0000
Saved model to model-checkpoints/transformer/spanish/low/model_115.pth
New best Loss, saved to model-checkpoints/transformer/spanish/low/model_best.pth

Train Epoch: 116 started
Train Epoch: 116, loss: 1.61149
Validation. Epoch: 116, loss: 1.9201, accuracy: 0.0000
Saved model to model-checkpoints/transformer/spanish/low/model_116.pth

Train Epoch: 117 started
Train Epoch: 117, loss: 1.59499
Validation. Epoch: 117, loss: 1.8765, accuracy: 0.0010
Saved model to model-checkpoints/transformer/spanish/low/model_117.pth
New best Loss, saved to model-checkpoints/transformer/spanish/low/model_best.pth

Train Epoch: 118 started
Train Epoch: 118, loss: 1.60815
Validation. Epoch: 118, loss: 1.8901, accuracy: 0.0010
Saved model to model-checkpoints/transformer/spanish/low/model_118.pth

Train Epoch: 119 started
Train Epoch: 119, loss: 1.57285
Validation. Epoch: 119, loss: 1.8778, accuracy: 0.0000
Saved model to model-checkpoints/transformer/spanish/low/model_119.pth

Train Epoch: 120 started
Train Epoch: 120, loss: 1.59685
Validation. Epoch: 120, loss: 1.8838, accuracy: 0.0000
Saved model to model-checkpoints/transformer/spanish/low/model_120.pth

Train Epoch: 121 started
Train Epoch: 121, loss: 1.56838
Validation. Epoch: 121, loss: 1.8622, accuracy: 0.0000
Saved model to model-checkpoints/transformer/spanish/low/model_121.pth
New best Loss, saved to model-checkpoints/transformer/spanish/low/model_best.pth

Train Epoch: 122 started
Train Epoch: 122, loss: 1.51852
Validation. Epoch: 122, loss: 1.8292, accuracy: 0.0000
Saved model to model-checkpoints/transformer/spanish/low/model_122.pth
New best Loss, saved to model-checkpoints/transformer/spanish/low/model_best.pth

Train Epoch: 123 started
Train Epoch: 123, loss: 1.53043
Validation. Epoch: 123, loss: 1.8341, accuracy: 0.0000
Saved model to model-checkpoints/transformer/spanish/low/model_123.pth

Train Epoch: 124 started
Train Epoch: 124, loss: 1.53866
Validation. Epoch: 124, loss: 1.8307, accuracy: 0.0000
Saved model to model-checkpoints/transformer/spanish/low/model_124.pth

Train Epoch: 125 started
Train Epoch: 125, loss: 1.49815
Validation. Epoch: 125, loss: 1.8357, accuracy: 0.0010
Saved model to model-checkpoints/transformer/spanish/low/model_125.pth

Train Epoch: 126 started
Train Epoch: 126, loss: 1.53864
Validation. Epoch: 126, loss: 1.8133, accuracy: 0.0000
Saved model to model-checkpoints/transformer/spanish/low/model_126.pth
New best Loss, saved to model-checkpoints/transformer/spanish/low/model_best.pth

Train Epoch: 127 started
Train Epoch: 127, loss: 1.49867
Validation. Epoch: 127, loss: 1.7990, accuracy: 0.0000
Saved model to model-checkpoints/transformer/spanish/low/model_127.pth
New best Loss, saved to model-checkpoints/transformer/spanish/low/model_best.pth

Train Epoch: 128 started
Train Epoch: 128, loss: 1.50766
Validation. Epoch: 128, loss: 1.8032, accuracy: 0.0000
Saved model to model-checkpoints/transformer/spanish/low/model_128.pth

Train Epoch: 129 started
Train Epoch: 129, loss: 1.46862
Validation. Epoch: 129, loss: 1.7996, accuracy: 0.0000
Saved model to model-checkpoints/transformer/spanish/low/model_129.pth

Train Epoch: 130 started
Train Epoch: 130, loss: 1.47800
Validation. Epoch: 130, loss: 1.7675, accuracy: 0.0000
Saved model to model-checkpoints/transformer/spanish/low/model_130.pth
New best Loss, saved to model-checkpoints/transformer/spanish/low/model_best.pth

Train Epoch: 131 started
Train Epoch: 131, loss: 1.41059
Validation. Epoch: 131, loss: 1.7448, accuracy: 0.0000
Saved model to model-checkpoints/transformer/spanish/low/model_131.pth
New best Loss, saved to model-checkpoints/transformer/spanish/low/model_best.pth

Train Epoch: 132 started
Train Epoch: 132, loss: 1.43298
Validation. Epoch: 132, loss: 1.7444, accuracy: 0.0000
Saved model to model-checkpoints/transformer/spanish/low/model_132.pth
New best Loss, saved to model-checkpoints/transformer/spanish/low/model_best.pth

Train Epoch: 133 started
Train Epoch: 133, loss: 1.39297
Validation. Epoch: 133, loss: 1.7286, accuracy: 0.0000
Saved model to model-checkpoints/transformer/spanish/low/model_133.pth
New best Loss, saved to model-checkpoints/transformer/spanish/low/model_best.pth

Train Epoch: 134 started
Train Epoch: 134, loss: 1.37231
Validation. Epoch: 134, loss: 1.6928, accuracy: 0.0010
Saved model to model-checkpoints/transformer/spanish/low/model_134.pth
New best Loss, saved to model-checkpoints/transformer/spanish/low/model_best.pth

Train Epoch: 135 started
Train Epoch: 135, loss: 1.36350
Validation. Epoch: 135, loss: 1.6996, accuracy: 0.0010
Saved model to model-checkpoints/transformer/spanish/low/model_135.pth

Train Epoch: 136 started
Train Epoch: 136, loss: 1.36969
Validation. Epoch: 136, loss: 1.6738, accuracy: 0.0010
Saved model to model-checkpoints/transformer/spanish/low/model_136.pth
New best Loss, saved to model-checkpoints/transformer/spanish/low/model_best.pth

Train Epoch: 137 started
Train Epoch: 137, loss: 1.40784
Validation. Epoch: 137, loss: 1.6601, accuracy: 0.0010
Saved model to model-checkpoints/transformer/spanish/low/model_137.pth
New best Loss, saved to model-checkpoints/transformer/spanish/low/model_best.pth

Train Epoch: 138 started
Train Epoch: 138, loss: 1.32796
Validation. Epoch: 138, loss: 1.6466, accuracy: 0.0010
Saved model to model-checkpoints/transformer/spanish/low/model_138.pth
New best Loss, saved to model-checkpoints/transformer/spanish/low/model_best.pth

Train Epoch: 139 started
Train Epoch: 139, loss: 1.37189
Validation. Epoch: 139, loss: 1.6435, accuracy: 0.0010
Saved model to model-checkpoints/transformer/spanish/low/model_139.pth
New best Loss, saved to model-checkpoints/transformer/spanish/low/model_best.pth

Train Epoch: 140 started
Train Epoch: 140, loss: 1.29803
Validation. Epoch: 140, loss: 1.6403, accuracy: 0.0030
Saved model to model-checkpoints/transformer/spanish/low/model_140.pth
New best Loss, saved to model-checkpoints/transformer/spanish/low/model_best.pth

Train Epoch: 141 started
Train Epoch: 141, loss: 1.30545
Validation. Epoch: 141, loss: 1.5933, accuracy: 0.0020
Saved model to model-checkpoints/transformer/spanish/low/model_141.pth
New best Loss, saved to model-checkpoints/transformer/spanish/low/model_best.pth

Train Epoch: 142 started
Train Epoch: 142, loss: 1.30605
Validation. Epoch: 142, loss: 1.5903, accuracy: 0.0010
Saved model to model-checkpoints/transformer/spanish/low/model_142.pth
New best Loss, saved to model-checkpoints/transformer/spanish/low/model_best.pth

Train Epoch: 143 started
Train Epoch: 143, loss: 1.28938
Validation. Epoch: 143, loss: 1.6192, accuracy: 0.0010
Saved model to model-checkpoints/transformer/spanish/low/model_143.pth

Train Epoch: 144 started
Train Epoch: 144, loss: 1.28541
Validation. Epoch: 144, loss: 1.6046, accuracy: 0.0030
Saved model to model-checkpoints/transformer/spanish/low/model_144.pth

Train Epoch: 145 started
Train Epoch: 145, loss: 1.28452
Validation. Epoch: 145, loss: 1.5773, accuracy: 0.0030
Saved model to model-checkpoints/transformer/spanish/low/model_145.pth
New best Loss, saved to model-checkpoints/transformer/spanish/low/model_best.pth

Train Epoch: 146 started
Train Epoch: 146, loss: 1.24487
Validation. Epoch: 146, loss: 1.6172, accuracy: 0.0050
Saved model to model-checkpoints/transformer/spanish/low/model_146.pth

Train Epoch: 147 started
Train Epoch: 147, loss: 1.25780
Validation. Epoch: 147, loss: 1.5786, accuracy: 0.0020
Saved model to model-checkpoints/transformer/spanish/low/model_147.pth

Train Epoch: 148 started
Train Epoch: 148, loss: 1.22731
Validation. Epoch: 148, loss: 1.5232, accuracy: 0.0030
Saved model to model-checkpoints/transformer/spanish/low/model_148.pth
New best Loss, saved to model-checkpoints/transformer/spanish/low/model_best.pth

Train Epoch: 149 started
Train Epoch: 149, loss: 1.21165
Validation. Epoch: 149, loss: 1.5299, accuracy: 0.0060
Saved model to model-checkpoints/transformer/spanish/low/model_149.pth

Train Epoch: 150 started
Train Epoch: 150, loss: 1.21729
Validation. Epoch: 150, loss: 1.5199, accuracy: 0.0080
Saved model to model-checkpoints/transformer/spanish/low/model_150.pth
New best Loss, saved to model-checkpoints/transformer/spanish/low/model_best.pth

Train Epoch: 151 started
Train Epoch: 151, loss: 1.17777
Validation. Epoch: 151, loss: 1.5051, accuracy: 0.0040
Saved model to model-checkpoints/transformer/spanish/low/model_151.pth
New best Loss, saved to model-checkpoints/transformer/spanish/low/model_best.pth

Train Epoch: 152 started
Train Epoch: 152, loss: 1.18449
Validation. Epoch: 152, loss: 1.4795, accuracy: 0.0070
Saved model to model-checkpoints/transformer/spanish/low/model_152.pth
New best Loss, saved to model-checkpoints/transformer/spanish/low/model_best.pth

Train Epoch: 153 started
Train Epoch: 153, loss: 1.18064
Validation. Epoch: 153, loss: 1.4429, accuracy: 0.0090
Saved model to model-checkpoints/transformer/spanish/low/model_153.pth
New best Loss, saved to model-checkpoints/transformer/spanish/low/model_best.pth

Train Epoch: 154 started
Train Epoch: 154, loss: 1.17213
Validation. Epoch: 154, loss: 1.4846, accuracy: 0.0090
Saved model to model-checkpoints/transformer/spanish/low/model_154.pth

Train Epoch: 155 started
Train Epoch: 155, loss: 1.15491
Validation. Epoch: 155, loss: 1.4444, accuracy: 0.0090
Saved model to model-checkpoints/transformer/spanish/low/model_155.pth

Train Epoch: 156 started
Train Epoch: 156, loss: 1.12354
Validation. Epoch: 156, loss: 1.4227, accuracy: 0.0110
Saved model to model-checkpoints/transformer/spanish/low/model_156.pth
New best Loss, saved to model-checkpoints/transformer/spanish/low/model_best.pth

Train Epoch: 157 started
Train Epoch: 157, loss: 1.12984
Validation. Epoch: 157, loss: 1.3903, accuracy: 0.0130
Saved model to model-checkpoints/transformer/spanish/low/model_157.pth
New best Loss, saved to model-checkpoints/transformer/spanish/low/model_best.pth

Train Epoch: 158 started
Train Epoch: 158, loss: 1.08630
Validation. Epoch: 158, loss: 1.3984, accuracy: 0.0090
Saved model to model-checkpoints/transformer/spanish/low/model_158.pth

Train Epoch: 159 started
Train Epoch: 159, loss: 1.07949
Validation. Epoch: 159, loss: 1.3837, accuracy: 0.0130
Saved model to model-checkpoints/transformer/spanish/low/model_159.pth
New best Loss, saved to model-checkpoints/transformer/spanish/low/model_best.pth

Train Epoch: 160 started
Train Epoch: 160, loss: 1.09815
Validation. Epoch: 160, loss: 1.3888, accuracy: 0.0140
Saved model to model-checkpoints/transformer/spanish/low/model_160.pth

Train Epoch: 161 started
Train Epoch: 161, loss: 1.04559
Validation. Epoch: 161, loss: 1.4109, accuracy: 0.0060
Saved model to model-checkpoints/transformer/spanish/low/model_161.pth

Train Epoch: 162 started
Train Epoch: 162, loss: 1.07569
Validation. Epoch: 162, loss: 1.3500, accuracy: 0.0070
Saved model to model-checkpoints/transformer/spanish/low/model_162.pth
New best Loss, saved to model-checkpoints/transformer/spanish/low/model_best.pth

Train Epoch: 163 started
Train Epoch: 163, loss: 1.03664
Validation. Epoch: 163, loss: 1.3685, accuracy: 0.0140
Saved model to model-checkpoints/transformer/spanish/low/model_163.pth

Train Epoch: 164 started
Train Epoch: 164, loss: 1.05484
Validation. Epoch: 164, loss: 1.3469, accuracy: 0.0160
Saved model to model-checkpoints/transformer/spanish/low/model_164.pth
New best Loss, saved to model-checkpoints/transformer/spanish/low/model_best.pth

Train Epoch: 165 started
Train Epoch: 165, loss: 0.99278
Validation. Epoch: 165, loss: 1.3267, accuracy: 0.0140
Saved model to model-checkpoints/transformer/spanish/low/model_165.pth
New best Loss, saved to model-checkpoints/transformer/spanish/low/model_best.pth

Train Epoch: 166 started
Train Epoch: 166, loss: 1.01845
Validation. Epoch: 166, loss: 1.3059, accuracy: 0.0190
Saved model to model-checkpoints/transformer/spanish/low/model_166.pth
New best Loss, saved to model-checkpoints/transformer/spanish/low/model_best.pth

Train Epoch: 167 started
Train Epoch: 167, loss: 1.03246
Validation. Epoch: 167, loss: 1.3006, accuracy: 0.0200
Saved model to model-checkpoints/transformer/spanish/low/model_167.pth
New best Loss, saved to model-checkpoints/transformer/spanish/low/model_best.pth

Train Epoch: 168 started
Train Epoch: 168, loss: 0.97601
Validation. Epoch: 168, loss: 1.3129, accuracy: 0.0190
Saved model to model-checkpoints/transformer/spanish/low/model_168.pth

Train Epoch: 169 started
Train Epoch: 169, loss: 0.98424
Validation. Epoch: 169, loss: 1.2593, accuracy: 0.0210
Saved model to model-checkpoints/transformer/spanish/low/model_169.pth
New best Loss, saved to model-checkpoints/transformer/spanish/low/model_best.pth

Train Epoch: 170 started
Train Epoch: 170, loss: 0.98369
Validation. Epoch: 170, loss: 1.2492, accuracy: 0.0230
Saved model to model-checkpoints/transformer/spanish/low/model_170.pth
New best Loss, saved to model-checkpoints/transformer/spanish/low/model_best.pth

Train Epoch: 171 started
Train Epoch: 171, loss: 0.89414
Validation. Epoch: 171, loss: 1.2810, accuracy: 0.0180
Saved model to model-checkpoints/transformer/spanish/low/model_171.pth

Train Epoch: 172 started
Train Epoch: 172, loss: 1.00031
Validation. Epoch: 172, loss: 1.2733, accuracy: 0.0260
Saved model to model-checkpoints/transformer/spanish/low/model_172.pth

Train Epoch: 173 started
Train Epoch: 173, loss: 0.93683
Validation. Epoch: 173, loss: 1.2368, accuracy: 0.0250
Saved model to model-checkpoints/transformer/spanish/low/model_173.pth
New best Loss, saved to model-checkpoints/transformer/spanish/low/model_best.pth

Train Epoch: 174 started
Train Epoch: 174, loss: 0.93745
Validation. Epoch: 174, loss: 1.2394, accuracy: 0.0190
Saved model to model-checkpoints/transformer/spanish/low/model_174.pth

Train Epoch: 175 started
Train Epoch: 175, loss: 0.96854
Validation. Epoch: 175, loss: 1.2161, accuracy: 0.0330
Saved model to model-checkpoints/transformer/spanish/low/model_175.pth
New best Loss, saved to model-checkpoints/transformer/spanish/low/model_best.pth

Train Epoch: 176 started
Train Epoch: 176, loss: 0.92742
Validation. Epoch: 176, loss: 1.2713, accuracy: 0.0260
Saved model to model-checkpoints/transformer/spanish/low/model_176.pth

Train Epoch: 177 started
Train Epoch: 177, loss: 0.92955
Validation. Epoch: 177, loss: 1.2313, accuracy: 0.0310
Saved model to model-checkpoints/transformer/spanish/low/model_177.pth

Train Epoch: 178 started
Train Epoch: 178, loss: 0.89835
Validation. Epoch: 178, loss: 1.2332, accuracy: 0.0220
Saved model to model-checkpoints/transformer/spanish/low/model_178.pth

Train Epoch: 179 started
Train Epoch: 179, loss: 0.89552
Validation. Epoch: 179, loss: 1.2028, accuracy: 0.0290
Saved model to model-checkpoints/transformer/spanish/low/model_179.pth
New best Loss, saved to model-checkpoints/transformer/spanish/low/model_best.pth

Train Epoch: 180 started
Train Epoch: 180, loss: 0.88911
Validation. Epoch: 180, loss: 1.1595, accuracy: 0.0380
Saved model to model-checkpoints/transformer/spanish/low/model_180.pth
New best Loss, saved to model-checkpoints/transformer/spanish/low/model_best.pth

Train Epoch: 181 started
Train Epoch: 181, loss: 0.89320
Validation. Epoch: 181, loss: 1.1590, accuracy: 0.0420
Saved model to model-checkpoints/transformer/spanish/low/model_181.pth
New best Loss, saved to model-checkpoints/transformer/spanish/low/model_best.pth

Train Epoch: 182 started
Train Epoch: 182, loss: 0.83443
Validation. Epoch: 182, loss: 1.1523, accuracy: 0.0420
Saved model to model-checkpoints/transformer/spanish/low/model_182.pth
New best Loss, saved to model-checkpoints/transformer/spanish/low/model_best.pth

Train Epoch: 183 started
Train Epoch: 183, loss: 0.90183
Validation. Epoch: 183, loss: 1.1614, accuracy: 0.0380
Saved model to model-checkpoints/transformer/spanish/low/model_183.pth

Train Epoch: 184 started
Train Epoch: 184, loss: 0.83734
Validation. Epoch: 184, loss: 1.1536, accuracy: 0.0410
Saved model to model-checkpoints/transformer/spanish/low/model_184.pth

Train Epoch: 185 started
Train Epoch: 185, loss: 0.84261
Validation. Epoch: 185, loss: 1.1422, accuracy: 0.0470
Saved model to model-checkpoints/transformer/spanish/low/model_185.pth
New best Loss, saved to model-checkpoints/transformer/spanish/low/model_best.pth

Train Epoch: 186 started
Train Epoch: 186, loss: 0.81445
Validation. Epoch: 186, loss: 1.1458, accuracy: 0.0470
Saved model to model-checkpoints/transformer/spanish/low/model_186.pth

Train Epoch: 187 started
Train Epoch: 187, loss: 0.79298
Validation. Epoch: 187, loss: 1.1616, accuracy: 0.0350
Saved model to model-checkpoints/transformer/spanish/low/model_187.pth

Train Epoch: 188 started
Train Epoch: 188, loss: 0.80941
Validation. Epoch: 188, loss: 1.1022, accuracy: 0.0560
Saved model to model-checkpoints/transformer/spanish/low/model_188.pth
New best Loss, saved to model-checkpoints/transformer/spanish/low/model_best.pth

Train Epoch: 189 started
Train Epoch: 189, loss: 0.77854
Validation. Epoch: 189, loss: 1.1104, accuracy: 0.0500
Saved model to model-checkpoints/transformer/spanish/low/model_189.pth

Train Epoch: 190 started
Train Epoch: 190, loss: 0.76857
Validation. Epoch: 190, loss: 1.1096, accuracy: 0.0480
Saved model to model-checkpoints/transformer/spanish/low/model_190.pth

Train Epoch: 191 started
Train Epoch: 191, loss: 0.75724
Validation. Epoch: 191, loss: 1.1198, accuracy: 0.0410
Saved model to model-checkpoints/transformer/spanish/low/model_191.pth

Train Epoch: 192 started
Train Epoch: 192, loss: 0.79650
Validation. Epoch: 192, loss: 1.1089, accuracy: 0.0460
Saved model to model-checkpoints/transformer/spanish/low/model_192.pth

Train Epoch: 193 started
Train Epoch: 193, loss: 0.76394
Validation. Epoch: 193, loss: 1.1065, accuracy: 0.0530
Saved model to model-checkpoints/transformer/spanish/low/model_193.pth

Train Epoch: 194 started
Train Epoch: 194, loss: 0.73026
Validation. Epoch: 194, loss: 1.0799, accuracy: 0.0600
Saved model to model-checkpoints/transformer/spanish/low/model_194.pth
New best Loss, saved to model-checkpoints/transformer/spanish/low/model_best.pth

Train Epoch: 195 started
Train Epoch: 195, loss: 0.71038
Validation. Epoch: 195, loss: 1.0935, accuracy: 0.0540
Saved model to model-checkpoints/transformer/spanish/low/model_195.pth

Train Epoch: 196 started
Train Epoch: 196, loss: 0.77075
Validation. Epoch: 196, loss: 1.1032, accuracy: 0.0540
Saved model to model-checkpoints/transformer/spanish/low/model_196.pth

Train Epoch: 197 started
Train Epoch: 197, loss: 0.74083
Validation. Epoch: 197, loss: 1.1062, accuracy: 0.0580
Saved model to model-checkpoints/transformer/spanish/low/model_197.pth

Train Epoch: 198 started
Train Epoch: 198, loss: 0.76075
Validation. Epoch: 198, loss: 1.0898, accuracy: 0.0490
Saved model to model-checkpoints/transformer/spanish/low/model_198.pth

Train Epoch: 199 started
Train Epoch: 199, loss: 0.67711
Validation. Epoch: 199, loss: 1.1048, accuracy: 0.0410
Saved model to model-checkpoints/transformer/spanish/low/model_199.pth

Train Epoch: 200 started
Train Epoch: 200, loss: 0.72156
Validation. Epoch: 200, loss: 1.1063, accuracy: 0.0510
Saved model to model-checkpoints/transformer/spanish/low/model_200.pth

Train Epoch: 201 started
Train Epoch: 201, loss: 0.70866
Validation. Epoch: 201, loss: 1.0826, accuracy: 0.0600
Saved model to model-checkpoints/transformer/spanish/low/model_201.pth

Train Epoch: 202 started
Train Epoch: 202, loss: 0.71026
Validation. Epoch: 202, loss: 1.0642, accuracy: 0.0640
Saved model to model-checkpoints/transformer/spanish/low/model_202.pth
New best Loss, saved to model-checkpoints/transformer/spanish/low/model_best.pth

Train Epoch: 203 started
Train Epoch: 203, loss: 0.68507
Validation. Epoch: 203, loss: 1.0882, accuracy: 0.0510
Saved model to model-checkpoints/transformer/spanish/low/model_203.pth

Train Epoch: 204 started
Train Epoch: 204, loss: 0.67315
Validation. Epoch: 204, loss: 1.0733, accuracy: 0.0540
Saved model to model-checkpoints/transformer/spanish/low/model_204.pth

Train Epoch: 205 started
Train Epoch: 205, loss: 0.67998
Validation. Epoch: 205, loss: 1.0625, accuracy: 0.0620
Saved model to model-checkpoints/transformer/spanish/low/model_205.pth
New best Loss, saved to model-checkpoints/transformer/spanish/low/model_best.pth

Train Epoch: 206 started
Train Epoch: 206, loss: 0.66647
Validation. Epoch: 206, loss: 1.0579, accuracy: 0.0660
Saved model to model-checkpoints/transformer/spanish/low/model_206.pth
New best Loss, saved to model-checkpoints/transformer/spanish/low/model_best.pth

Train Epoch: 207 started
Train Epoch: 207, loss: 0.70835
Validation. Epoch: 207, loss: 1.0333, accuracy: 0.0790
Saved model to model-checkpoints/transformer/spanish/low/model_207.pth
New best Loss, saved to model-checkpoints/transformer/spanish/low/model_best.pth

Train Epoch: 208 started
Train Epoch: 208, loss: 0.67549
Validation. Epoch: 208, loss: 1.0447, accuracy: 0.0810
Saved model to model-checkpoints/transformer/spanish/low/model_208.pth

Train Epoch: 209 started
Train Epoch: 209, loss: 0.66081
Validation. Epoch: 209, loss: 1.0335, accuracy: 0.0690
Saved model to model-checkpoints/transformer/spanish/low/model_209.pth

Train Epoch: 210 started
Train Epoch: 210, loss: 0.66985
Validation. Epoch: 210, loss: 1.0478, accuracy: 0.0810
Saved model to model-checkpoints/transformer/spanish/low/model_210.pth

Train Epoch: 211 started
Train Epoch: 211, loss: 0.64742
Validation. Epoch: 211, loss: 1.0509, accuracy: 0.0690
Saved model to model-checkpoints/transformer/spanish/low/model_211.pth

Train Epoch: 212 started
Train Epoch: 212, loss: 0.66902
Validation. Epoch: 212, loss: 1.0302, accuracy: 0.0730
Saved model to model-checkpoints/transformer/spanish/low/model_212.pth
New best Loss, saved to model-checkpoints/transformer/spanish/low/model_best.pth

Train Epoch: 213 started
Train Epoch: 213, loss: 0.60060
Validation. Epoch: 213, loss: 1.0313, accuracy: 0.0790
Saved model to model-checkpoints/transformer/spanish/low/model_213.pth

Train Epoch: 214 started
Train Epoch: 214, loss: 0.58697
Validation. Epoch: 214, loss: 1.0392, accuracy: 0.0800
Saved model to model-checkpoints/transformer/spanish/low/model_214.pth

Train Epoch: 215 started
Train Epoch: 215, loss: 0.61248
Validation. Epoch: 215, loss: 1.0219, accuracy: 0.0850
Saved model to model-checkpoints/transformer/spanish/low/model_215.pth
New best Loss, saved to model-checkpoints/transformer/spanish/low/model_best.pth

Train Epoch: 216 started
Train Epoch: 216, loss: 0.61865
Validation. Epoch: 216, loss: 1.0172, accuracy: 0.0910
Saved model to model-checkpoints/transformer/spanish/low/model_216.pth
New best Loss, saved to model-checkpoints/transformer/spanish/low/model_best.pth

Train Epoch: 217 started
Train Epoch: 217, loss: 0.59215
Validation. Epoch: 217, loss: 1.0360, accuracy: 0.0850
Saved model to model-checkpoints/transformer/spanish/low/model_217.pth

Train Epoch: 218 started
Train Epoch: 218, loss: 0.61399
Validation. Epoch: 218, loss: 1.0078, accuracy: 0.0830
Saved model to model-checkpoints/transformer/spanish/low/model_218.pth
New best Loss, saved to model-checkpoints/transformer/spanish/low/model_best.pth

Train Epoch: 219 started
Train Epoch: 219, loss: 0.59350
Validation. Epoch: 219, loss: 1.0249, accuracy: 0.0790
Saved model to model-checkpoints/transformer/spanish/low/model_219.pth

Train Epoch: 220 started
Train Epoch: 220, loss: 0.58647
Validation. Epoch: 220, loss: 1.0147, accuracy: 0.0810
Saved model to model-checkpoints/transformer/spanish/low/model_220.pth

Train Epoch: 221 started
Train Epoch: 221, loss: 0.59979
Validation. Epoch: 221, loss: 1.0125, accuracy: 0.0770
Saved model to model-checkpoints/transformer/spanish/low/model_221.pth

Train Epoch: 222 started
Train Epoch: 222, loss: 0.56620
Validation. Epoch: 222, loss: 1.0120, accuracy: 0.0770
Saved model to model-checkpoints/transformer/spanish/low/model_222.pth

Train Epoch: 223 started
Train Epoch: 223, loss: 0.56958
Validation. Epoch: 223, loss: 1.0091, accuracy: 0.0910
Saved model to model-checkpoints/transformer/spanish/low/model_223.pth

Train Epoch: 224 started
Train Epoch: 224, loss: 0.54898
Validation. Epoch: 224, loss: 1.0191, accuracy: 0.0890
Saved model to model-checkpoints/transformer/spanish/low/model_224.pth

Train Epoch: 225 started
Train Epoch: 225, loss: 0.55900
Validation. Epoch: 225, loss: 1.0168, accuracy: 0.0850
Saved model to model-checkpoints/transformer/spanish/low/model_225.pth

Train Epoch: 226 started
Train Epoch: 226, loss: 0.56373
Validation. Epoch: 226, loss: 1.0105, accuracy: 0.0900
Saved model to model-checkpoints/transformer/spanish/low/model_226.pth

Train Epoch: 227 started
Train Epoch: 227, loss: 0.54232
Validation. Epoch: 227, loss: 1.0092, accuracy: 0.0920
Saved model to model-checkpoints/transformer/spanish/low/model_227.pth

Train Epoch: 228 started
Train Epoch: 228, loss: 0.54962
Validation. Epoch: 228, loss: 1.0093, accuracy: 0.1080
Saved model to model-checkpoints/transformer/spanish/low/model_228.pth

Train Epoch: 229 started
Train Epoch: 229, loss: 0.54885
Validation. Epoch: 229, loss: 0.9987, accuracy: 0.0980
Saved model to model-checkpoints/transformer/spanish/low/model_229.pth
New best Loss, saved to model-checkpoints/transformer/spanish/low/model_best.pth

Train Epoch: 230 started
Train Epoch: 230, loss: 0.52734
Validation. Epoch: 230, loss: 1.0063, accuracy: 0.0840
Saved model to model-checkpoints/transformer/spanish/low/model_230.pth

Train Epoch: 231 started
Train Epoch: 231, loss: 0.54843
Validation. Epoch: 231, loss: 1.0219, accuracy: 0.0870
Saved model to model-checkpoints/transformer/spanish/low/model_231.pth

Train Epoch: 232 started
Train Epoch: 232, loss: 0.53388
Validation. Epoch: 232, loss: 1.0436, accuracy: 0.1020
Saved model to model-checkpoints/transformer/spanish/low/model_232.pth

Train Epoch: 233 started
Train Epoch: 233, loss: 0.50687
Validation. Epoch: 233, loss: 1.0078, accuracy: 0.0980
Saved model to model-checkpoints/transformer/spanish/low/model_233.pth

Train Epoch: 234 started
Train Epoch: 234, loss: 0.50716
Validation. Epoch: 234, loss: 0.9942, accuracy: 0.0820
Saved model to model-checkpoints/transformer/spanish/low/model_234.pth
New best Loss, saved to model-checkpoints/transformer/spanish/low/model_best.pth

Train Epoch: 235 started
Train Epoch: 235, loss: 0.53595
Validation. Epoch: 235, loss: 0.9844, accuracy: 0.1020
Saved model to model-checkpoints/transformer/spanish/low/model_235.pth
New best Loss, saved to model-checkpoints/transformer/spanish/low/model_best.pth

Train Epoch: 236 started
Train Epoch: 236, loss: 0.53417
Validation. Epoch: 236, loss: 1.0313, accuracy: 0.1020
Saved model to model-checkpoints/transformer/spanish/low/model_236.pth

Train Epoch: 237 started
Train Epoch: 237, loss: 0.55636
Validation. Epoch: 237, loss: 0.9855, accuracy: 0.1070
Saved model to model-checkpoints/transformer/spanish/low/model_237.pth

Train Epoch: 238 started
Train Epoch: 238, loss: 0.49460
Validation. Epoch: 238, loss: 0.9810, accuracy: 0.1090
Saved model to model-checkpoints/transformer/spanish/low/model_238.pth
New best Loss, saved to model-checkpoints/transformer/spanish/low/model_best.pth

Train Epoch: 239 started
Train Epoch: 239, loss: 0.52997
Validation. Epoch: 239, loss: 0.9692, accuracy: 0.1070
Saved model to model-checkpoints/transformer/spanish/low/model_239.pth
New best Loss, saved to model-checkpoints/transformer/spanish/low/model_best.pth

Train Epoch: 240 started
Train Epoch: 240, loss: 0.48476
Validation. Epoch: 240, loss: 0.9752, accuracy: 0.1040
Saved model to model-checkpoints/transformer/spanish/low/model_240.pth

Train Epoch: 241 started
Train Epoch: 241, loss: 0.49477
Validation. Epoch: 241, loss: 0.9760, accuracy: 0.1070
Saved model to model-checkpoints/transformer/spanish/low/model_241.pth

Train Epoch: 242 started
Train Epoch: 242, loss: 0.49257
Validation. Epoch: 242, loss: 0.9901, accuracy: 0.1040
Saved model to model-checkpoints/transformer/spanish/low/model_242.pth

Train Epoch: 243 started
Train Epoch: 243, loss: 0.49093
Validation. Epoch: 243, loss: 0.9977, accuracy: 0.1070
Saved model to model-checkpoints/transformer/spanish/low/model_243.pth

Train Epoch: 244 started
Train Epoch: 244, loss: 0.51257
Validation. Epoch: 244, loss: 1.0277, accuracy: 0.1070
Saved model to model-checkpoints/transformer/spanish/low/model_244.pth

Train Epoch: 245 started
Train Epoch: 245, loss: 0.49290
Validation. Epoch: 245, loss: 1.0367, accuracy: 0.0950
Saved model to model-checkpoints/transformer/spanish/low/model_245.pth

Train Epoch: 246 started
Train Epoch: 246, loss: 0.47644
Validation. Epoch: 246, loss: 1.0047, accuracy: 0.1030
Saved model to model-checkpoints/transformer/spanish/low/model_246.pth

Train Epoch: 247 started
Train Epoch: 247, loss: 0.47904
Validation. Epoch: 247, loss: 0.9979, accuracy: 0.1080
Saved model to model-checkpoints/transformer/spanish/low/model_247.pth

Train Epoch: 248 started
Train Epoch: 248, loss: 0.44721
Validation. Epoch: 248, loss: 0.9924, accuracy: 0.1180
Saved model to model-checkpoints/transformer/spanish/low/model_248.pth

Train Epoch: 249 started
Train Epoch: 249, loss: 0.47714
Validation. Epoch: 249, loss: 0.9877, accuracy: 0.1230
Saved model to model-checkpoints/transformer/spanish/low/model_249.pth

Train Epoch: 250 started
Train Epoch: 250, loss: 0.44658
Validation. Epoch: 250, loss: 0.9806, accuracy: 0.1100
Saved model to model-checkpoints/transformer/spanish/low/model_250.pth

Train Epoch: 251 started
Train Epoch: 251, loss: 0.45029
Validation. Epoch: 251, loss: 0.9768, accuracy: 0.1010
Saved model to model-checkpoints/transformer/spanish/low/model_251.pth

Train Epoch: 252 started
Train Epoch: 252, loss: 0.47912
Validation. Epoch: 252, loss: 0.9689, accuracy: 0.1030
Saved model to model-checkpoints/transformer/spanish/low/model_252.pth
New best Loss, saved to model-checkpoints/transformer/spanish/low/model_best.pth

Train Epoch: 253 started
Train Epoch: 253, loss: 0.44091
Validation. Epoch: 253, loss: 0.9798, accuracy: 0.1180
Saved model to model-checkpoints/transformer/spanish/low/model_253.pth

Train Epoch: 254 started
Train Epoch: 254, loss: 0.45446
Validation. Epoch: 254, loss: 0.9952, accuracy: 0.1170
Saved model to model-checkpoints/transformer/spanish/low/model_254.pth

Train Epoch: 255 started
Train Epoch: 255, loss: 0.45103
Validation. Epoch: 255, loss: 0.9791, accuracy: 0.1120
Saved model to model-checkpoints/transformer/spanish/low/model_255.pth

Train Epoch: 256 started
Train Epoch: 256, loss: 0.47993
Validation. Epoch: 256, loss: 0.9647, accuracy: 0.1210
Saved model to model-checkpoints/transformer/spanish/low/model_256.pth
New best Loss, saved to model-checkpoints/transformer/spanish/low/model_best.pth

Train Epoch: 257 started
Train Epoch: 257, loss: 0.40292
Validation. Epoch: 257, loss: 0.9763, accuracy: 0.1060
Saved model to model-checkpoints/transformer/spanish/low/model_257.pth

Train Epoch: 258 started
Train Epoch: 258, loss: 0.42017
Validation. Epoch: 258, loss: 0.9964, accuracy: 0.1070
Saved model to model-checkpoints/transformer/spanish/low/model_258.pth

Train Epoch: 259 started
Train Epoch: 259, loss: 0.43845
Validation. Epoch: 259, loss: 0.9913, accuracy: 0.1210
Saved model to model-checkpoints/transformer/spanish/low/model_259.pth

Train Epoch: 260 started
Train Epoch: 260, loss: 0.40662
Validation. Epoch: 260, loss: 0.9750, accuracy: 0.1170
Saved model to model-checkpoints/transformer/spanish/low/model_260.pth

Train Epoch: 261 started
Train Epoch: 261, loss: 0.42489
Validation. Epoch: 261, loss: 0.9768, accuracy: 0.1050
Saved model to model-checkpoints/transformer/spanish/low/model_261.pth

Train Epoch: 262 started
Train Epoch: 262, loss: 0.42864
Validation. Epoch: 262, loss: 0.9756, accuracy: 0.1050
Saved model to model-checkpoints/transformer/spanish/low/model_262.pth

Train Epoch: 263 started
Train Epoch: 263, loss: 0.39618
Validation. Epoch: 263, loss: 0.9828, accuracy: 0.1250
Saved model to model-checkpoints/transformer/spanish/low/model_263.pth

Train Epoch: 264 started
Train Epoch: 264, loss: 0.40866
Validation. Epoch: 264, loss: 0.9754, accuracy: 0.1300
Saved model to model-checkpoints/transformer/spanish/low/model_264.pth

Train Epoch: 265 started
Train Epoch: 265, loss: 0.40487
Validation. Epoch: 265, loss: 0.9616, accuracy: 0.1180
Saved model to model-checkpoints/transformer/spanish/low/model_265.pth
New best Loss, saved to model-checkpoints/transformer/spanish/low/model_best.pth

Train Epoch: 266 started
Train Epoch: 266, loss: 0.41042
Validation. Epoch: 266, loss: 0.9688, accuracy: 0.1290
Saved model to model-checkpoints/transformer/spanish/low/model_266.pth

Train Epoch: 267 started
Train Epoch: 267, loss: 0.38855
Validation. Epoch: 267, loss: 0.9856, accuracy: 0.1270
Saved model to model-checkpoints/transformer/spanish/low/model_267.pth

Train Epoch: 268 started
Train Epoch: 268, loss: 0.42039
Validation. Epoch: 268, loss: 0.9849, accuracy: 0.1180
Saved model to model-checkpoints/transformer/spanish/low/model_268.pth

Train Epoch: 269 started
Train Epoch: 269, loss: 0.36104
Validation. Epoch: 269, loss: 0.9719, accuracy: 0.1230
Saved model to model-checkpoints/transformer/spanish/low/model_269.pth

Train Epoch: 270 started
Train Epoch: 270, loss: 0.41585
Validation. Epoch: 270, loss: 0.9808, accuracy: 0.1220
Saved model to model-checkpoints/transformer/spanish/low/model_270.pth

Train Epoch: 271 started
Train Epoch: 271, loss: 0.35455
Validation. Epoch: 271, loss: 0.9749, accuracy: 0.1260
Saved model to model-checkpoints/transformer/spanish/low/model_271.pth

Train Epoch: 272 started
Train Epoch: 272, loss: 0.37606
Validation. Epoch: 272, loss: 0.9672, accuracy: 0.1160
Saved model to model-checkpoints/transformer/spanish/low/model_272.pth

Train Epoch: 273 started
Train Epoch: 273, loss: 0.37860
Validation. Epoch: 273, loss: 0.9733, accuracy: 0.1020
Saved model to model-checkpoints/transformer/spanish/low/model_273.pth

Train Epoch: 274 started
Train Epoch: 274, loss: 0.42430
Validation. Epoch: 274, loss: 0.9618, accuracy: 0.1300
Saved model to model-checkpoints/transformer/spanish/low/model_274.pth

Train Epoch: 275 started
Train Epoch: 275, loss: 0.39021
Validation. Epoch: 275, loss: 1.0140, accuracy: 0.1290
Saved model to model-checkpoints/transformer/spanish/low/model_275.pth

Train Epoch: 276 started
Train Epoch: 276, loss: 0.36966
Validation. Epoch: 276, loss: 0.9727, accuracy: 0.1340
Saved model to model-checkpoints/transformer/spanish/low/model_276.pth

Train Epoch: 277 started
Train Epoch: 277, loss: 0.35431
Validation. Epoch: 277, loss: 0.9853, accuracy: 0.0960
Saved model to model-checkpoints/transformer/spanish/low/model_277.pth

Train Epoch: 278 started
Train Epoch: 278, loss: 0.37760
Validation. Epoch: 278, loss: 0.9747, accuracy: 0.1030
Saved model to model-checkpoints/transformer/spanish/low/model_278.pth

Train Epoch: 279 started
Train Epoch: 279, loss: 0.37279
Validation. Epoch: 279, loss: 0.9890, accuracy: 0.1320
Saved model to model-checkpoints/transformer/spanish/low/model_279.pth

Train Epoch: 280 started
Train Epoch: 280, loss: 0.35461
Validation. Epoch: 280, loss: 0.9721, accuracy: 0.1430
Saved model to model-checkpoints/transformer/spanish/low/model_280.pth

Train Epoch: 281 started
Train Epoch: 281, loss: 0.39496
Validation. Epoch: 281, loss: 0.9761, accuracy: 0.1260
Saved model to model-checkpoints/transformer/spanish/low/model_281.pth

Train Epoch: 282 started
Train Epoch: 282, loss: 0.36133
Validation. Epoch: 282, loss: 0.9628, accuracy: 0.1290
Saved model to model-checkpoints/transformer/spanish/low/model_282.pth

Train Epoch: 283 started
Train Epoch: 283, loss: 0.39858
Validation. Epoch: 283, loss: 0.9703, accuracy: 0.1370
Saved model to model-checkpoints/transformer/spanish/low/model_283.pth

Train Epoch: 284 started
Train Epoch: 284, loss: 0.37568
Validation. Epoch: 284, loss: 0.9480, accuracy: 0.1460
Saved model to model-checkpoints/transformer/spanish/low/model_284.pth
New best Loss, saved to model-checkpoints/transformer/spanish/low/model_best.pth

Train Epoch: 285 started
Train Epoch: 285, loss: 0.35354
Validation. Epoch: 285, loss: 0.9546, accuracy: 0.1420
Saved model to model-checkpoints/transformer/spanish/low/model_285.pth

Train Epoch: 286 started
Train Epoch: 286, loss: 0.33287
Validation. Epoch: 286, loss: 0.9231, accuracy: 0.1450
Saved model to model-checkpoints/transformer/spanish/low/model_286.pth
New best Loss, saved to model-checkpoints/transformer/spanish/low/model_best.pth

Train Epoch: 287 started
Train Epoch: 287, loss: 0.34776
Validation. Epoch: 287, loss: 0.9524, accuracy: 0.1420
Saved model to model-checkpoints/transformer/spanish/low/model_287.pth

Train Epoch: 288 started
Train Epoch: 288, loss: 0.36316
Validation. Epoch: 288, loss: 0.9498, accuracy: 0.1560
Saved model to model-checkpoints/transformer/spanish/low/model_288.pth

Train Epoch: 289 started
Train Epoch: 289, loss: 0.33494
Validation. Epoch: 289, loss: 0.9665, accuracy: 0.1490
Saved model to model-checkpoints/transformer/spanish/low/model_289.pth

Train Epoch: 290 started
Train Epoch: 290, loss: 0.33154
Validation. Epoch: 290, loss: 0.9653, accuracy: 0.1450
Saved model to model-checkpoints/transformer/spanish/low/model_290.pth

Train Epoch: 291 started
Train Epoch: 291, loss: 0.33034
Validation. Epoch: 291, loss: 0.9564, accuracy: 0.1280
Saved model to model-checkpoints/transformer/spanish/low/model_291.pth

Train Epoch: 292 started
Train Epoch: 292, loss: 0.32541
Validation. Epoch: 292, loss: 0.9713, accuracy: 0.1320
Saved model to model-checkpoints/transformer/spanish/low/model_292.pth

Train Epoch: 293 started
Train Epoch: 293, loss: 0.30798
Validation. Epoch: 293, loss: 0.9894, accuracy: 0.1340
Saved model to model-checkpoints/transformer/spanish/low/model_293.pth

Train Epoch: 294 started
Train Epoch: 294, loss: 0.34096
Validation. Epoch: 294, loss: 0.9703, accuracy: 0.1300
Saved model to model-checkpoints/transformer/spanish/low/model_294.pth

Train Epoch: 295 started
Train Epoch: 295, loss: 0.34301
Validation. Epoch: 295, loss: 0.9655, accuracy: 0.1260
Saved model to model-checkpoints/transformer/spanish/low/model_295.pth

Train Epoch: 296 started
Train Epoch: 296, loss: 0.29504
Validation. Epoch: 296, loss: 0.9618, accuracy: 0.1270
Saved model to model-checkpoints/transformer/spanish/low/model_296.pth

Train Epoch: 297 started
Train Epoch: 297, loss: 0.34116
Validation. Epoch: 297, loss: 0.9942, accuracy: 0.1430
Saved model to model-checkpoints/transformer/spanish/low/model_297.pth

Train Epoch: 298 started
Train Epoch: 298, loss: 0.36435
Validation. Epoch: 298, loss: 1.0224, accuracy: 0.1350
Saved model to model-checkpoints/transformer/spanish/low/model_298.pth

Train Epoch: 299 started
Train Epoch: 299, loss: 0.33939
Validation. Epoch: 299, loss: 0.9885, accuracy: 0.1310
Saved model to model-checkpoints/transformer/spanish/low/model_299.pth

Train Epoch: 300 started
Train Epoch: 300, loss: 0.33349
Validation. Epoch: 300, loss: 0.9942, accuracy: 0.1060
Saved model to model-checkpoints/transformer/spanish/low/model_300.pth

Train Epoch: 301 started
Train Epoch: 301, loss: 0.31980
Validation. Epoch: 301, loss: 0.9932, accuracy: 0.1230
Saved model to model-checkpoints/transformer/spanish/low/model_301.pth

Train Epoch: 302 started
Train Epoch: 302, loss: 0.30042
Validation. Epoch: 302, loss: 1.0289, accuracy: 0.1350
Saved model to model-checkpoints/transformer/spanish/low/model_302.pth

Train Epoch: 303 started
Train Epoch: 303, loss: 0.32780
Validation. Epoch: 303, loss: 1.0369, accuracy: 0.1170
Saved model to model-checkpoints/transformer/spanish/low/model_303.pth

Train Epoch: 304 started
Train Epoch: 304, loss: 0.31203
Validation. Epoch: 304, loss: 1.0040, accuracy: 0.1220
Saved model to model-checkpoints/transformer/spanish/low/model_304.pth

Train Epoch: 305 started
Train Epoch: 305, loss: 0.31382
Validation. Epoch: 305, loss: 0.9811, accuracy: 0.1410
Saved model to model-checkpoints/transformer/spanish/low/model_305.pth

Train Epoch: 306 started
Train Epoch: 306, loss: 0.29623
Validation. Epoch: 306, loss: 0.9644, accuracy: 0.1470
Saved model to model-checkpoints/transformer/spanish/low/model_306.pth

Train Epoch: 307 started
Train Epoch: 307, loss: 0.29232
Validation. Epoch: 307, loss: 0.9670, accuracy: 0.1470
Saved model to model-checkpoints/transformer/spanish/low/model_307.pth

Train Epoch: 308 started
Train Epoch: 308, loss: 0.28911
Validation. Epoch: 308, loss: 0.9686, accuracy: 0.1410
Saved model to model-checkpoints/transformer/spanish/low/model_308.pth

Train Epoch: 309 started
Train Epoch: 309, loss: 0.30858
Validation. Epoch: 309, loss: 0.9754, accuracy: 0.1360
Saved model to model-checkpoints/transformer/spanish/low/model_309.pth

Train Epoch: 310 started
Train Epoch: 310, loss: 0.30574
Validation. Epoch: 310, loss: 0.9552, accuracy: 0.1310
Saved model to model-checkpoints/transformer/spanish/low/model_310.pth

Train Epoch: 311 started
Train Epoch: 311, loss: 0.31027
Validation. Epoch: 311, loss: 0.9570, accuracy: 0.1530
Saved model to model-checkpoints/transformer/spanish/low/model_311.pth

Train Epoch: 312 started
Train Epoch: 312, loss: 0.29941
Validation. Epoch: 312, loss: 0.9365, accuracy: 0.1710
Saved model to model-checkpoints/transformer/spanish/low/model_312.pth

Train Epoch: 313 started
Train Epoch: 313, loss: 0.32002
Validation. Epoch: 313, loss: 0.9442, accuracy: 0.1750
Saved model to model-checkpoints/transformer/spanish/low/model_313.pth

Train Epoch: 314 started
Train Epoch: 314, loss: 0.29990
Validation. Epoch: 314, loss: 0.9573, accuracy: 0.1550
Saved model to model-checkpoints/transformer/spanish/low/model_314.pth

Train Epoch: 315 started
Train Epoch: 315, loss: 0.29163
Validation. Epoch: 315, loss: 0.9647, accuracy: 0.1490
Saved model to model-checkpoints/transformer/spanish/low/model_315.pth

Train Epoch: 316 started
Train Epoch: 316, loss: 0.27776
Validation. Epoch: 316, loss: 0.9841, accuracy: 0.1430
Saved model to model-checkpoints/transformer/spanish/low/model_316.pth

Train Epoch: 317 started
Train Epoch: 317, loss: 0.28726
Validation. Epoch: 317, loss: 0.9914, accuracy: 0.1370
Saved model to model-checkpoints/transformer/spanish/low/model_317.pth

Train Epoch: 318 started
Train Epoch: 318, loss: 0.27795
Validation. Epoch: 318, loss: 0.9714, accuracy: 0.1400
Saved model to model-checkpoints/transformer/spanish/low/model_318.pth

Train Epoch: 319 started
Train Epoch: 319, loss: 0.28488
Validation. Epoch: 319, loss: 0.9648, accuracy: 0.1540
Saved model to model-checkpoints/transformer/spanish/low/model_319.pth

Train Epoch: 320 started
Train Epoch: 320, loss: 0.28440
Validation. Epoch: 320, loss: 0.9443, accuracy: 0.1570
Saved model to model-checkpoints/transformer/spanish/low/model_320.pth

Train Epoch: 321 started
Train Epoch: 321, loss: 0.27251
Validation. Epoch: 321, loss: 0.9504, accuracy: 0.1530
Saved model to model-checkpoints/transformer/spanish/low/model_321.pth

Train Epoch: 322 started
Train Epoch: 322, loss: 0.26736
Validation. Epoch: 322, loss: 0.9613, accuracy: 0.1560
Saved model to model-checkpoints/transformer/spanish/low/model_322.pth

Train Epoch: 323 started
Train Epoch: 323, loss: 0.26285
Validation. Epoch: 323, loss: 0.9974, accuracy: 0.1440
Saved model to model-checkpoints/transformer/spanish/low/model_323.pth

Train Epoch: 324 started
Train Epoch: 324, loss: 0.27733
Validation. Epoch: 324, loss: 0.9830, accuracy: 0.1320
Saved model to model-checkpoints/transformer/spanish/low/model_324.pth

Train Epoch: 325 started
Train Epoch: 325, loss: 0.25806
Validation. Epoch: 325, loss: 0.9738, accuracy: 0.1320
Saved model to model-checkpoints/transformer/spanish/low/model_325.pth

Train Epoch: 326 started
Train Epoch: 326, loss: 0.27059
Validation. Epoch: 326, loss: 0.9919, accuracy: 0.1410
Saved model to model-checkpoints/transformer/spanish/low/model_326.pth

Train Epoch: 327 started
Train Epoch: 327, loss: 0.27785
Validation. Epoch: 327, loss: 0.9864, accuracy: 0.1670
Saved model to model-checkpoints/transformer/spanish/low/model_327.pth

Train Epoch: 328 started
Train Epoch: 328, loss: 0.29875
Validation. Epoch: 328, loss: 0.9389, accuracy: 0.1640
Saved model to model-checkpoints/transformer/spanish/low/model_328.pth

Train Epoch: 329 started
Train Epoch: 329, loss: 0.23538
Validation. Epoch: 329, loss: 0.9582, accuracy: 0.1480
Saved model to model-checkpoints/transformer/spanish/low/model_329.pth

Train Epoch: 330 started
Train Epoch: 330, loss: 0.26459
Validation. Epoch: 330, loss: 0.9498, accuracy: 0.1500
Saved model to model-checkpoints/transformer/spanish/low/model_330.pth

Train Epoch: 331 started
Train Epoch: 331, loss: 0.28085
Validation. Epoch: 331, loss: 0.9819, accuracy: 0.1700
Saved model to model-checkpoints/transformer/spanish/low/model_331.pth

Train Epoch: 332 started
Train Epoch: 332, loss: 0.27843
Validation. Epoch: 332, loss: 0.9900, accuracy: 0.1680
Saved model to model-checkpoints/transformer/spanish/low/model_332.pth

Train Epoch: 333 started
Train Epoch: 333, loss: 0.25683
Validation. Epoch: 333, loss: 0.9643, accuracy: 0.1440
Saved model to model-checkpoints/transformer/spanish/low/model_333.pth

Train Epoch: 334 started
Train Epoch: 334, loss: 0.27439
Validation. Epoch: 334, loss: 0.9685, accuracy: 0.1280
Saved model to model-checkpoints/transformer/spanish/low/model_334.pth

Train Epoch: 335 started
Train Epoch: 335, loss: 0.28222
Validation. Epoch: 335, loss: 0.9702, accuracy: 0.1560
Saved model to model-checkpoints/transformer/spanish/low/model_335.pth

Train Epoch: 336 started
Train Epoch: 336, loss: 0.24177
Validation. Epoch: 336, loss: 1.0033, accuracy: 0.1530
Saved model to model-checkpoints/transformer/spanish/low/model_336.pth

Train Epoch: 337 started
Train Epoch: 337, loss: 0.22079
Validation. Epoch: 337, loss: 0.9763, accuracy: 0.1650
Saved model to model-checkpoints/transformer/spanish/low/model_337.pth

Train Epoch: 338 started
Train Epoch: 338, loss: 0.24399
Validation. Epoch: 338, loss: 0.9789, accuracy: 0.1440
Saved model to model-checkpoints/transformer/spanish/low/model_338.pth

Train Epoch: 339 started
Train Epoch: 339, loss: 0.22526
Validation. Epoch: 339, loss: 0.9937, accuracy: 0.1230
Saved model to model-checkpoints/transformer/spanish/low/model_339.pth

Train Epoch: 340 started
Train Epoch: 340, loss: 0.25183
Validation. Epoch: 340, loss: 0.9909, accuracy: 0.1290
Saved model to model-checkpoints/transformer/spanish/low/model_340.pth

Train Epoch: 341 started
Train Epoch: 341, loss: 0.22309
Validation. Epoch: 341, loss: 0.9889, accuracy: 0.1530
Saved model to model-checkpoints/transformer/spanish/low/model_341.pth

Train Epoch: 342 started
Train Epoch: 342, loss: 0.22842
Validation. Epoch: 342, loss: 0.9680, accuracy: 0.1560
Saved model to model-checkpoints/transformer/spanish/low/model_342.pth

Train Epoch: 343 started
Train Epoch: 343, loss: 0.24421
Validation. Epoch: 343, loss: 0.9535, accuracy: 0.1530
Saved model to model-checkpoints/transformer/spanish/low/model_343.pth

Train Epoch: 344 started
Train Epoch: 344, loss: 0.25123
Validation. Epoch: 344, loss: 0.9530, accuracy: 0.1470
Saved model to model-checkpoints/transformer/spanish/low/model_344.pth

Train Epoch: 345 started
Train Epoch: 345, loss: 0.23505
Validation. Epoch: 345, loss: 0.9478, accuracy: 0.1590
Saved model to model-checkpoints/transformer/spanish/low/model_345.pth

Train Epoch: 346 started
Train Epoch: 346, loss: 0.22137
Validation. Epoch: 346, loss: 0.9577, accuracy: 0.1550
Saved model to model-checkpoints/transformer/spanish/low/model_346.pth

Train Epoch: 347 started
Train Epoch: 347, loss: 0.23283
Validation. Epoch: 347, loss: 0.9640, accuracy: 0.1560
Saved model to model-checkpoints/transformer/spanish/low/model_347.pth

Train Epoch: 348 started
Train Epoch: 348, loss: 0.21789
Validation. Epoch: 348, loss: 0.9576, accuracy: 0.1540
Saved model to model-checkpoints/transformer/spanish/low/model_348.pth

Train Epoch: 349 started
Train Epoch: 349, loss: 0.24146
Validation. Epoch: 349, loss: 0.9588, accuracy: 0.1570
Saved model to model-checkpoints/transformer/spanish/low/model_349.pth

Train Epoch: 350 started
Train Epoch: 350, loss: 0.20757
Validation. Epoch: 350, loss: 0.9657, accuracy: 0.1450
Saved model to model-checkpoints/transformer/spanish/low/model_350.pth

Train Epoch: 351 started
Train Epoch: 351, loss: 0.20878
Validation. Epoch: 351, loss: 0.9798, accuracy: 0.1480
Saved model to model-checkpoints/transformer/spanish/low/model_351.pth

Train Epoch: 352 started
Train Epoch: 352, loss: 0.23494
Validation. Epoch: 352, loss: 0.9977, accuracy: 0.1460
Saved model to model-checkpoints/transformer/spanish/low/model_352.pth

Train Epoch: 353 started
Train Epoch: 353, loss: 0.24873
Validation. Epoch: 353, loss: 1.0081, accuracy: 0.1440
Saved model to model-checkpoints/transformer/spanish/low/model_353.pth

Train Epoch: 354 started
Train Epoch: 354, loss: 0.24063
Validation. Epoch: 354, loss: 1.0066, accuracy: 0.1450
Saved model to model-checkpoints/transformer/spanish/low/model_354.pth

Train Epoch: 355 started
Train Epoch: 355, loss: 0.19730
Validation. Epoch: 355, loss: 0.9764, accuracy: 0.1450
Saved model to model-checkpoints/transformer/spanish/low/model_355.pth

Train Epoch: 356 started
Train Epoch: 356, loss: 0.21428
Validation. Epoch: 356, loss: 0.9752, accuracy: 0.1570
Saved model to model-checkpoints/transformer/spanish/low/model_356.pth

Train Epoch: 357 started
Train Epoch: 357, loss: 0.18099
Validation. Epoch: 357, loss: 0.9750, accuracy: 0.1500
Saved model to model-checkpoints/transformer/spanish/low/model_357.pth

Train Epoch: 358 started
Train Epoch: 358, loss: 0.20540
Validation. Epoch: 358, loss: 0.9684, accuracy: 0.1630
Saved model to model-checkpoints/transformer/spanish/low/model_358.pth

Train Epoch: 359 started
Train Epoch: 359, loss: 0.23531
Validation. Epoch: 359, loss: 0.9730, accuracy: 0.1570
Saved model to model-checkpoints/transformer/spanish/low/model_359.pth

Train Epoch: 360 started
Train Epoch: 360, loss: 0.19758
Validation. Epoch: 360, loss: 0.9847, accuracy: 0.1520
Saved model to model-checkpoints/transformer/spanish/low/model_360.pth

Train Epoch: 361 started
Train Epoch: 361, loss: 0.22198
Validation. Epoch: 361, loss: 0.9860, accuracy: 0.1500
Saved model to model-checkpoints/transformer/spanish/low/model_361.pth

Train Epoch: 362 started
Train Epoch: 362, loss: 0.20432
Validation. Epoch: 362, loss: 0.9861, accuracy: 0.1510
Saved model to model-checkpoints/transformer/spanish/low/model_362.pth

Train Epoch: 363 started
Train Epoch: 363, loss: 0.21849
Validation. Epoch: 363, loss: 0.9719, accuracy: 0.1590
Saved model to model-checkpoints/transformer/spanish/low/model_363.pth

Train Epoch: 364 started
Train Epoch: 364, loss: 0.20318
Validation. Epoch: 364, loss: 0.9649, accuracy: 0.1710
Saved model to model-checkpoints/transformer/spanish/low/model_364.pth

Train Epoch: 365 started
Train Epoch: 365, loss: 0.22844
Validation. Epoch: 365, loss: 0.9863, accuracy: 0.1550
Saved model to model-checkpoints/transformer/spanish/low/model_365.pth

Train Epoch: 366 started
Train Epoch: 366, loss: 0.21968
Validation. Epoch: 366, loss: 0.9773, accuracy: 0.1610
Saved model to model-checkpoints/transformer/spanish/low/model_366.pth

Train Epoch: 367 started
Train Epoch: 367, loss: 0.21133
Validation. Epoch: 367, loss: 0.9648, accuracy: 0.1550
Saved model to model-checkpoints/transformer/spanish/low/model_367.pth

Train Epoch: 368 started
Train Epoch: 368, loss: 0.20886
Validation. Epoch: 368, loss: 0.9683, accuracy: 0.1640
Saved model to model-checkpoints/transformer/spanish/low/model_368.pth

Train Epoch: 369 started
Train Epoch: 369, loss: 0.22933
Validation. Epoch: 369, loss: 0.9836, accuracy: 0.1630
Saved model to model-checkpoints/transformer/spanish/low/model_369.pth

Train Epoch: 370 started
Train Epoch: 370, loss: 0.20665
Validation. Epoch: 370, loss: 0.9915, accuracy: 0.1510
Saved model to model-checkpoints/transformer/spanish/low/model_370.pth

Train Epoch: 371 started
Train Epoch: 371, loss: 0.19978
Validation. Epoch: 371, loss: 0.9859, accuracy: 0.1490
Saved model to model-checkpoints/transformer/spanish/low/model_371.pth

Train Epoch: 372 started
Train Epoch: 372, loss: 0.19817
Validation. Epoch: 372, loss: 0.9855, accuracy: 0.1480
Saved model to model-checkpoints/transformer/spanish/low/model_372.pth

Train Epoch: 373 started
Train Epoch: 373, loss: 0.21437
Validation. Epoch: 373, loss: 0.9860, accuracy: 0.1470
Saved model to model-checkpoints/transformer/spanish/low/model_373.pth

Train Epoch: 374 started
Train Epoch: 374, loss: 0.20518
Validation. Epoch: 374, loss: 0.9717, accuracy: 0.1700
Saved model to model-checkpoints/transformer/spanish/low/model_374.pth

Train Epoch: 375 started
Train Epoch: 375, loss: 0.19902
Validation. Epoch: 375, loss: 0.9817, accuracy: 0.1590
Saved model to model-checkpoints/transformer/spanish/low/model_375.pth

Train Epoch: 376 started
Train Epoch: 376, loss: 0.19053
Validation. Epoch: 376, loss: 0.9953, accuracy: 0.1590
Saved model to model-checkpoints/transformer/spanish/low/model_376.pth

Train Epoch: 377 started
Train Epoch: 377, loss: 0.21585
Validation. Epoch: 377, loss: 0.9902, accuracy: 0.1590
Saved model to model-checkpoints/transformer/spanish/low/model_377.pth

Train Epoch: 378 started
Train Epoch: 378, loss: 0.18113
Validation. Epoch: 378, loss: 0.9785, accuracy: 0.1660
Saved model to model-checkpoints/transformer/spanish/low/model_378.pth

Train Epoch: 379 started
Train Epoch: 379, loss: 0.22076
Validation. Epoch: 379, loss: 0.9710, accuracy: 0.1700
Saved model to model-checkpoints/transformer/spanish/low/model_379.pth

Train Epoch: 380 started
Train Epoch: 380, loss: 0.19899
Validation. Epoch: 380, loss: 0.9829, accuracy: 0.1700
Saved model to model-checkpoints/transformer/spanish/low/model_380.pth

Train Epoch: 381 started
Train Epoch: 381, loss: 0.19383
Validation. Epoch: 381, loss: 0.9811, accuracy: 0.1650
Saved model to model-checkpoints/transformer/spanish/low/model_381.pth

Train Epoch: 382 started
Train Epoch: 382, loss: 0.20475
Validation. Epoch: 382, loss: 0.9829, accuracy: 0.1590
Saved model to model-checkpoints/transformer/spanish/low/model_382.pth

Train Epoch: 383 started
Train Epoch: 383, loss: 0.19771
Validation. Epoch: 383, loss: 0.9763, accuracy: 0.1560
Saved model to model-checkpoints/transformer/spanish/low/model_383.pth

Train Epoch: 384 started
Train Epoch: 384, loss: 0.20392
Validation. Epoch: 384, loss: 0.9936, accuracy: 0.1470
Saved model to model-checkpoints/transformer/spanish/low/model_384.pth

Train Epoch: 385 started
Train Epoch: 385, loss: 0.19659
Validation. Epoch: 385, loss: 0.9847, accuracy: 0.1570
Saved model to model-checkpoints/transformer/spanish/low/model_385.pth

Train Epoch: 386 started
Train Epoch: 386, loss: 0.20652
Validation. Epoch: 386, loss: 0.9876, accuracy: 0.1630
Saved model to model-checkpoints/transformer/spanish/low/model_386.pth

Train Epoch: 387 started
Train Epoch: 387, loss: 0.16375
Validation. Epoch: 387, loss: 0.9971, accuracy: 0.1590
Saved model to model-checkpoints/transformer/spanish/low/model_387.pth

Train Epoch: 388 started
Train Epoch: 388, loss: 0.20186
Validation. Epoch: 388, loss: 0.9881, accuracy: 0.1540
Saved model to model-checkpoints/transformer/spanish/low/model_388.pth

Train Epoch: 389 started
Train Epoch: 389, loss: 0.18237
Validation. Epoch: 389, loss: 0.9926, accuracy: 0.1550
Saved model to model-checkpoints/transformer/spanish/low/model_389.pth

Train Epoch: 390 started
Train Epoch: 390, loss: 0.19401
Validation. Epoch: 390, loss: 0.9907, accuracy: 0.1540
Saved model to model-checkpoints/transformer/spanish/low/model_390.pth

Train Epoch: 391 started
Train Epoch: 391, loss: 0.18071
Validation. Epoch: 391, loss: 0.9898, accuracy: 0.1570
Saved model to model-checkpoints/transformer/spanish/low/model_391.pth

Train Epoch: 392 started
Train Epoch: 392, loss: 0.15907
Validation. Epoch: 392, loss: 0.9853, accuracy: 0.1580
Saved model to model-checkpoints/transformer/spanish/low/model_392.pth

Train Epoch: 393 started
Train Epoch: 393, loss: 0.20551
Validation. Epoch: 393, loss: 0.9867, accuracy: 0.1590
Saved model to model-checkpoints/transformer/spanish/low/model_393.pth

Train Epoch: 394 started
Train Epoch: 394, loss: 0.18379
Validation. Epoch: 394, loss: 0.9946, accuracy: 0.1660
Saved model to model-checkpoints/transformer/spanish/low/model_394.pth

Train Epoch: 395 started
Train Epoch: 395, loss: 0.17936
Validation. Epoch: 395, loss: 1.0021, accuracy: 0.1600
Saved model to model-checkpoints/transformer/spanish/low/model_395.pth

Train Epoch: 396 started
Train Epoch: 396, loss: 0.18513
Validation. Epoch: 396, loss: 0.9821, accuracy: 0.1690
Saved model to model-checkpoints/transformer/spanish/low/model_396.pth

Train Epoch: 397 started
Train Epoch: 397, loss: 0.17707
Validation. Epoch: 397, loss: 0.9821, accuracy: 0.1640
Saved model to model-checkpoints/transformer/spanish/low/model_397.pth

Train Epoch: 398 started
Train Epoch: 398, loss: 0.20477
Validation. Epoch: 398, loss: 0.9842, accuracy: 0.1620
Saved model to model-checkpoints/transformer/spanish/low/model_398.pth

Train Epoch: 399 started
Train Epoch: 399, loss: 0.16501
Validation. Epoch: 399, loss: 0.9977, accuracy: 0.1560
Saved model to model-checkpoints/transformer/spanish/low/model_399.pth

Train Epoch: 400 started
Train Epoch: 400, loss: 0.22361
Validation. Epoch: 400, loss: 1.0009, accuracy: 0.1550
Saved model to model-checkpoints/transformer/spanish/low/model_400.pth

Finished training, best model on validation set:  286
