
Train Epoch: 1 started
Train Epoch: 1, loss: 3.29625
Validation. Epoch: 1, loss: 2.9775, accuracy: 0.0000
Saved model to model-checkpoints/pointer_generator/irish/low/model_1.pth
New best Loss, saved to model-checkpoints/pointer_generator/irish/low/model_best.pth

Train Epoch: 2 started
Train Epoch: 2, loss: 3.07415
Validation. Epoch: 2, loss: 2.8823, accuracy: 0.0000
Saved model to model-checkpoints/pointer_generator/irish/low/model_2.pth
New best Loss, saved to model-checkpoints/pointer_generator/irish/low/model_best.pth

Train Epoch: 3 started
Train Epoch: 3, loss: 2.94843
Validation. Epoch: 3, loss: 2.8125, accuracy: 0.0000
Saved model to model-checkpoints/pointer_generator/irish/low/model_3.pth
New best Loss, saved to model-checkpoints/pointer_generator/irish/low/model_best.pth

Train Epoch: 4 started
Train Epoch: 4, loss: 2.90991
Validation. Epoch: 4, loss: 2.7791, accuracy: 0.0000
Saved model to model-checkpoints/pointer_generator/irish/low/model_4.pth
New best Loss, saved to model-checkpoints/pointer_generator/irish/low/model_best.pth

Train Epoch: 5 started
Train Epoch: 5, loss: 2.89443
Validation. Epoch: 5, loss: 2.7500, accuracy: 0.0000
Saved model to model-checkpoints/pointer_generator/irish/low/model_5.pth
New best Loss, saved to model-checkpoints/pointer_generator/irish/low/model_best.pth

Train Epoch: 6 started
Train Epoch: 6, loss: 2.85330
Validation. Epoch: 6, loss: 2.7115, accuracy: 0.0000
Saved model to model-checkpoints/pointer_generator/irish/low/model_6.pth
New best Loss, saved to model-checkpoints/pointer_generator/irish/low/model_best.pth

Train Epoch: 7 started
Train Epoch: 7, loss: 2.77896
Validation. Epoch: 7, loss: 2.6958, accuracy: 0.0000
Saved model to model-checkpoints/pointer_generator/irish/low/model_7.pth
New best Loss, saved to model-checkpoints/pointer_generator/irish/low/model_best.pth

Train Epoch: 8 started
Train Epoch: 8, loss: 2.77920
Validation. Epoch: 8, loss: 2.6860, accuracy: 0.0000
Saved model to model-checkpoints/pointer_generator/irish/low/model_8.pth
New best Loss, saved to model-checkpoints/pointer_generator/irish/low/model_best.pth

Train Epoch: 9 started
Train Epoch: 9, loss: 2.78036
Validation. Epoch: 9, loss: 2.6745, accuracy: 0.0000
Saved model to model-checkpoints/pointer_generator/irish/low/model_9.pth
New best Loss, saved to model-checkpoints/pointer_generator/irish/low/model_best.pth

Train Epoch: 10 started
Train Epoch: 10, loss: 2.75178
Validation. Epoch: 10, loss: 2.6525, accuracy: 0.0000
Saved model to model-checkpoints/pointer_generator/irish/low/model_10.pth
New best Loss, saved to model-checkpoints/pointer_generator/irish/low/model_best.pth

Train Epoch: 11 started
Train Epoch: 11, loss: 2.74633
Validation. Epoch: 11, loss: 2.6371, accuracy: 0.0000
Saved model to model-checkpoints/pointer_generator/irish/low/model_11.pth
New best Loss, saved to model-checkpoints/pointer_generator/irish/low/model_best.pth

Train Epoch: 12 started
Train Epoch: 12, loss: 2.72378
Validation. Epoch: 12, loss: 2.5896, accuracy: 0.0000
Saved model to model-checkpoints/pointer_generator/irish/low/model_12.pth
New best Loss, saved to model-checkpoints/pointer_generator/irish/low/model_best.pth

Train Epoch: 13 started
Train Epoch: 13, loss: 2.70361
Validation. Epoch: 13, loss: 2.5474, accuracy: 0.0000
Saved model to model-checkpoints/pointer_generator/irish/low/model_13.pth
New best Loss, saved to model-checkpoints/pointer_generator/irish/low/model_best.pth

Train Epoch: 14 started
Train Epoch: 14, loss: 2.67793
Validation. Epoch: 14, loss: 2.5347, accuracy: 0.0000
Saved model to model-checkpoints/pointer_generator/irish/low/model_14.pth
New best Loss, saved to model-checkpoints/pointer_generator/irish/low/model_best.pth

Train Epoch: 15 started
Train Epoch: 15, loss: 2.64036
Validation. Epoch: 15, loss: 2.5347, accuracy: 0.0000
Saved model to model-checkpoints/pointer_generator/irish/low/model_15.pth

Train Epoch: 16 started
Train Epoch: 16, loss: 2.63666
Validation. Epoch: 16, loss: 2.4982, accuracy: 0.0000
Saved model to model-checkpoints/pointer_generator/irish/low/model_16.pth
New best Loss, saved to model-checkpoints/pointer_generator/irish/low/model_best.pth

Train Epoch: 17 started
Train Epoch: 17, loss: 2.60942
Validation. Epoch: 17, loss: 2.4771, accuracy: 0.0000
Saved model to model-checkpoints/pointer_generator/irish/low/model_17.pth
New best Loss, saved to model-checkpoints/pointer_generator/irish/low/model_best.pth

Train Epoch: 18 started
Train Epoch: 18, loss: 2.60127
Validation. Epoch: 18, loss: 2.4698, accuracy: 0.0000
Saved model to model-checkpoints/pointer_generator/irish/low/model_18.pth
New best Loss, saved to model-checkpoints/pointer_generator/irish/low/model_best.pth

Train Epoch: 19 started
Train Epoch: 19, loss: 2.56031
Validation. Epoch: 19, loss: 2.4618, accuracy: 0.0000
Saved model to model-checkpoints/pointer_generator/irish/low/model_19.pth
New best Loss, saved to model-checkpoints/pointer_generator/irish/low/model_best.pth

Train Epoch: 20 started
Train Epoch: 20, loss: 2.53533
Validation. Epoch: 20, loss: 2.4228, accuracy: 0.0000
Saved model to model-checkpoints/pointer_generator/irish/low/model_20.pth
New best Loss, saved to model-checkpoints/pointer_generator/irish/low/model_best.pth

Train Epoch: 21 started
Train Epoch: 21, loss: 2.52687
Validation. Epoch: 21, loss: 2.4198, accuracy: 0.0000
Saved model to model-checkpoints/pointer_generator/irish/low/model_21.pth
New best Loss, saved to model-checkpoints/pointer_generator/irish/low/model_best.pth

Train Epoch: 22 started
Train Epoch: 22, loss: 2.49245
Validation. Epoch: 22, loss: 2.4192, accuracy: 0.0000
Saved model to model-checkpoints/pointer_generator/irish/low/model_22.pth
New best Loss, saved to model-checkpoints/pointer_generator/irish/low/model_best.pth

Train Epoch: 23 started
Train Epoch: 23, loss: 2.49818
Validation. Epoch: 23, loss: 2.3993, accuracy: 0.0000
Saved model to model-checkpoints/pointer_generator/irish/low/model_23.pth
New best Loss, saved to model-checkpoints/pointer_generator/irish/low/model_best.pth

Train Epoch: 24 started
Train Epoch: 24, loss: 2.48046
Validation. Epoch: 24, loss: 2.3915, accuracy: 0.0000
Saved model to model-checkpoints/pointer_generator/irish/low/model_24.pth
New best Loss, saved to model-checkpoints/pointer_generator/irish/low/model_best.pth

Train Epoch: 25 started
Train Epoch: 25, loss: 2.46718
Validation. Epoch: 25, loss: 2.3784, accuracy: 0.0000
Saved model to model-checkpoints/pointer_generator/irish/low/model_25.pth
New best Loss, saved to model-checkpoints/pointer_generator/irish/low/model_best.pth

Train Epoch: 26 started
Train Epoch: 26, loss: 2.46567
Validation. Epoch: 26, loss: 2.3569, accuracy: 0.0000
Saved model to model-checkpoints/pointer_generator/irish/low/model_26.pth
New best Loss, saved to model-checkpoints/pointer_generator/irish/low/model_best.pth

Train Epoch: 27 started
Train Epoch: 27, loss: 2.41690
Validation. Epoch: 27, loss: 2.3423, accuracy: 0.0000
Saved model to model-checkpoints/pointer_generator/irish/low/model_27.pth
New best Loss, saved to model-checkpoints/pointer_generator/irish/low/model_best.pth

Train Epoch: 28 started
Train Epoch: 28, loss: 2.40524
Validation. Epoch: 28, loss: 2.3256, accuracy: 0.0000
Saved model to model-checkpoints/pointer_generator/irish/low/model_28.pth
New best Loss, saved to model-checkpoints/pointer_generator/irish/low/model_best.pth

Train Epoch: 29 started
Train Epoch: 29, loss: 2.42461
Validation. Epoch: 29, loss: 2.3095, accuracy: 0.0000
Saved model to model-checkpoints/pointer_generator/irish/low/model_29.pth
New best Loss, saved to model-checkpoints/pointer_generator/irish/low/model_best.pth

Train Epoch: 30 started
Train Epoch: 30, loss: 2.39729
Validation. Epoch: 30, loss: 2.3040, accuracy: 0.0000
Saved model to model-checkpoints/pointer_generator/irish/low/model_30.pth
New best Loss, saved to model-checkpoints/pointer_generator/irish/low/model_best.pth

Train Epoch: 31 started
Train Epoch: 31, loss: 2.39316
Validation. Epoch: 31, loss: 2.2913, accuracy: 0.0000
Saved model to model-checkpoints/pointer_generator/irish/low/model_31.pth
New best Loss, saved to model-checkpoints/pointer_generator/irish/low/model_best.pth

Train Epoch: 32 started
Train Epoch: 32, loss: 2.38736
Validation. Epoch: 32, loss: 2.2924, accuracy: 0.0000
Saved model to model-checkpoints/pointer_generator/irish/low/model_32.pth

Train Epoch: 33 started
Train Epoch: 33, loss: 2.34976
Validation. Epoch: 33, loss: 2.2675, accuracy: 0.0000
Saved model to model-checkpoints/pointer_generator/irish/low/model_33.pth
New best Loss, saved to model-checkpoints/pointer_generator/irish/low/model_best.pth

Train Epoch: 34 started
Train Epoch: 34, loss: 2.35196
Validation. Epoch: 34, loss: 2.2654, accuracy: 0.0000
Saved model to model-checkpoints/pointer_generator/irish/low/model_34.pth
New best Loss, saved to model-checkpoints/pointer_generator/irish/low/model_best.pth

Train Epoch: 35 started
Train Epoch: 35, loss: 2.32598
Validation. Epoch: 35, loss: 2.2393, accuracy: 0.0000
Saved model to model-checkpoints/pointer_generator/irish/low/model_35.pth
New best Loss, saved to model-checkpoints/pointer_generator/irish/low/model_best.pth

Train Epoch: 36 started
Train Epoch: 36, loss: 2.30792
Validation. Epoch: 36, loss: 2.2110, accuracy: 0.0000
Saved model to model-checkpoints/pointer_generator/irish/low/model_36.pth
New best Loss, saved to model-checkpoints/pointer_generator/irish/low/model_best.pth

Train Epoch: 37 started
Train Epoch: 37, loss: 2.29359
Validation. Epoch: 37, loss: 2.2148, accuracy: 0.0000
Saved model to model-checkpoints/pointer_generator/irish/low/model_37.pth

Train Epoch: 38 started
Train Epoch: 38, loss: 2.28245
Validation. Epoch: 38, loss: 2.1920, accuracy: 0.0000
Saved model to model-checkpoints/pointer_generator/irish/low/model_38.pth
New best Loss, saved to model-checkpoints/pointer_generator/irish/low/model_best.pth

Train Epoch: 39 started
Train Epoch: 39, loss: 2.26926
Validation. Epoch: 39, loss: 2.1902, accuracy: 0.0000
Saved model to model-checkpoints/pointer_generator/irish/low/model_39.pth
New best Loss, saved to model-checkpoints/pointer_generator/irish/low/model_best.pth

Train Epoch: 40 started
Train Epoch: 40, loss: 2.22595
Validation. Epoch: 40, loss: 2.2027, accuracy: 0.0030
Saved model to model-checkpoints/pointer_generator/irish/low/model_40.pth

Train Epoch: 41 started
Train Epoch: 41, loss: 2.24407
Validation. Epoch: 41, loss: 2.1650, accuracy: 0.0000
Saved model to model-checkpoints/pointer_generator/irish/low/model_41.pth
New best Loss, saved to model-checkpoints/pointer_generator/irish/low/model_best.pth

Train Epoch: 42 started
Train Epoch: 42, loss: 2.23583
Validation. Epoch: 42, loss: 2.1395, accuracy: 0.0000
Saved model to model-checkpoints/pointer_generator/irish/low/model_42.pth
New best Loss, saved to model-checkpoints/pointer_generator/irish/low/model_best.pth

Train Epoch: 43 started
Train Epoch: 43, loss: 2.20645
Validation. Epoch: 43, loss: 2.1185, accuracy: 0.0000
Saved model to model-checkpoints/pointer_generator/irish/low/model_43.pth
New best Loss, saved to model-checkpoints/pointer_generator/irish/low/model_best.pth

Train Epoch: 44 started
Train Epoch: 44, loss: 2.18332
Validation. Epoch: 44, loss: 2.0857, accuracy: 0.0000
Saved model to model-checkpoints/pointer_generator/irish/low/model_44.pth
New best Loss, saved to model-checkpoints/pointer_generator/irish/low/model_best.pth

Train Epoch: 45 started
Train Epoch: 45, loss: 2.18071
Validation. Epoch: 45, loss: 2.1401, accuracy: 0.0030
Saved model to model-checkpoints/pointer_generator/irish/low/model_45.pth

Train Epoch: 46 started
Train Epoch: 46, loss: 2.14658
Validation. Epoch: 46, loss: 2.0376, accuracy: 0.0000
Saved model to model-checkpoints/pointer_generator/irish/low/model_46.pth
New best Loss, saved to model-checkpoints/pointer_generator/irish/low/model_best.pth

Train Epoch: 47 started
Train Epoch: 47, loss: 2.14097
Validation. Epoch: 47, loss: 2.0220, accuracy: 0.0000
Saved model to model-checkpoints/pointer_generator/irish/low/model_47.pth
New best Loss, saved to model-checkpoints/pointer_generator/irish/low/model_best.pth

Train Epoch: 48 started
Train Epoch: 48, loss: 2.11496
Validation. Epoch: 48, loss: 2.0348, accuracy: 0.0020
Saved model to model-checkpoints/pointer_generator/irish/low/model_48.pth

Train Epoch: 49 started
Train Epoch: 49, loss: 2.10499
Validation. Epoch: 49, loss: 1.9937, accuracy: 0.0010
Saved model to model-checkpoints/pointer_generator/irish/low/model_49.pth
New best Loss, saved to model-checkpoints/pointer_generator/irish/low/model_best.pth

Train Epoch: 50 started
Train Epoch: 50, loss: 2.10040
Validation. Epoch: 50, loss: 2.0099, accuracy: 0.0030
Saved model to model-checkpoints/pointer_generator/irish/low/model_50.pth

Train Epoch: 51 started
Train Epoch: 51, loss: 2.04934
Validation. Epoch: 51, loss: 1.9403, accuracy: 0.0010
Saved model to model-checkpoints/pointer_generator/irish/low/model_51.pth
New best Loss, saved to model-checkpoints/pointer_generator/irish/low/model_best.pth

Train Epoch: 52 started
Train Epoch: 52, loss: 1.99953
Validation. Epoch: 52, loss: 1.9648, accuracy: 0.0030
Saved model to model-checkpoints/pointer_generator/irish/low/model_52.pth

Train Epoch: 53 started
Train Epoch: 53, loss: 2.00986
Validation. Epoch: 53, loss: 1.9096, accuracy: 0.0020
Saved model to model-checkpoints/pointer_generator/irish/low/model_53.pth
New best Loss, saved to model-checkpoints/pointer_generator/irish/low/model_best.pth

Train Epoch: 54 started
Train Epoch: 54, loss: 2.01500
Validation. Epoch: 54, loss: 1.8869, accuracy: 0.0030
Saved model to model-checkpoints/pointer_generator/irish/low/model_54.pth
New best Loss, saved to model-checkpoints/pointer_generator/irish/low/model_best.pth

Train Epoch: 55 started
Train Epoch: 55, loss: 1.99376
Validation. Epoch: 55, loss: 1.8847, accuracy: 0.0090
Saved model to model-checkpoints/pointer_generator/irish/low/model_55.pth
New best Loss, saved to model-checkpoints/pointer_generator/irish/low/model_best.pth

Train Epoch: 56 started
Train Epoch: 56, loss: 1.93565
Validation. Epoch: 56, loss: 1.8881, accuracy: 0.0010
Saved model to model-checkpoints/pointer_generator/irish/low/model_56.pth

Train Epoch: 57 started
Train Epoch: 57, loss: 1.99363
Validation. Epoch: 57, loss: 1.8453, accuracy: 0.0090
Saved model to model-checkpoints/pointer_generator/irish/low/model_57.pth
New best Loss, saved to model-checkpoints/pointer_generator/irish/low/model_best.pth

Train Epoch: 58 started
Train Epoch: 58, loss: 1.94529
Validation. Epoch: 58, loss: 1.7902, accuracy: 0.0070
Saved model to model-checkpoints/pointer_generator/irish/low/model_58.pth
New best Loss, saved to model-checkpoints/pointer_generator/irish/low/model_best.pth

Train Epoch: 59 started
Train Epoch: 59, loss: 1.90033
Validation. Epoch: 59, loss: 1.7527, accuracy: 0.0080
Saved model to model-checkpoints/pointer_generator/irish/low/model_59.pth
New best Loss, saved to model-checkpoints/pointer_generator/irish/low/model_best.pth

Train Epoch: 60 started
Train Epoch: 60, loss: 1.88057
Validation. Epoch: 60, loss: 1.7686, accuracy: 0.0070
Saved model to model-checkpoints/pointer_generator/irish/low/model_60.pth

Train Epoch: 61 started
Train Epoch: 61, loss: 1.85331
Validation. Epoch: 61, loss: 1.7272, accuracy: 0.0100
Saved model to model-checkpoints/pointer_generator/irish/low/model_61.pth
New best Loss, saved to model-checkpoints/pointer_generator/irish/low/model_best.pth

Train Epoch: 62 started
Train Epoch: 62, loss: 1.85721
Validation. Epoch: 62, loss: 1.7158, accuracy: 0.0110
Saved model to model-checkpoints/pointer_generator/irish/low/model_62.pth
New best Loss, saved to model-checkpoints/pointer_generator/irish/low/model_best.pth

Train Epoch: 63 started
Train Epoch: 63, loss: 1.80835
Validation. Epoch: 63, loss: 1.7216, accuracy: 0.0090
Saved model to model-checkpoints/pointer_generator/irish/low/model_63.pth

Train Epoch: 64 started
Train Epoch: 64, loss: 1.82370
Validation. Epoch: 64, loss: 1.7246, accuracy: 0.0100
Saved model to model-checkpoints/pointer_generator/irish/low/model_64.pth

Train Epoch: 65 started
Train Epoch: 65, loss: 1.79282
Validation. Epoch: 65, loss: 1.6825, accuracy: 0.0130
Saved model to model-checkpoints/pointer_generator/irish/low/model_65.pth
New best Loss, saved to model-checkpoints/pointer_generator/irish/low/model_best.pth

Train Epoch: 66 started
Train Epoch: 66, loss: 1.77859
Validation. Epoch: 66, loss: 1.6865, accuracy: 0.0180
Saved model to model-checkpoints/pointer_generator/irish/low/model_66.pth

Train Epoch: 67 started
Train Epoch: 67, loss: 1.77972
Validation. Epoch: 67, loss: 1.6692, accuracy: 0.0190
Saved model to model-checkpoints/pointer_generator/irish/low/model_67.pth
New best Loss, saved to model-checkpoints/pointer_generator/irish/low/model_best.pth

Train Epoch: 68 started
Train Epoch: 68, loss: 1.73833
Validation. Epoch: 68, loss: 1.6630, accuracy: 0.0230
Saved model to model-checkpoints/pointer_generator/irish/low/model_68.pth
New best Loss, saved to model-checkpoints/pointer_generator/irish/low/model_best.pth

Train Epoch: 69 started
Train Epoch: 69, loss: 1.74356
Validation. Epoch: 69, loss: 1.6396, accuracy: 0.0160
Saved model to model-checkpoints/pointer_generator/irish/low/model_69.pth
New best Loss, saved to model-checkpoints/pointer_generator/irish/low/model_best.pth

Train Epoch: 70 started
Train Epoch: 70, loss: 1.72544
Validation. Epoch: 70, loss: 1.6271, accuracy: 0.0190
Saved model to model-checkpoints/pointer_generator/irish/low/model_70.pth
New best Loss, saved to model-checkpoints/pointer_generator/irish/low/model_best.pth

Train Epoch: 71 started
Train Epoch: 71, loss: 1.69308
Validation. Epoch: 71, loss: 1.6011, accuracy: 0.0240
Saved model to model-checkpoints/pointer_generator/irish/low/model_71.pth
New best Loss, saved to model-checkpoints/pointer_generator/irish/low/model_best.pth

Train Epoch: 72 started
Train Epoch: 72, loss: 1.69587
Validation. Epoch: 72, loss: 1.6029, accuracy: 0.0170
Saved model to model-checkpoints/pointer_generator/irish/low/model_72.pth

Train Epoch: 73 started
Train Epoch: 73, loss: 1.67213
Validation. Epoch: 73, loss: 1.5894, accuracy: 0.0300
Saved model to model-checkpoints/pointer_generator/irish/low/model_73.pth
New best Loss, saved to model-checkpoints/pointer_generator/irish/low/model_best.pth

Train Epoch: 74 started
Train Epoch: 74, loss: 1.68121
Validation. Epoch: 74, loss: 1.6260, accuracy: 0.0200
Saved model to model-checkpoints/pointer_generator/irish/low/model_74.pth

Train Epoch: 75 started
Train Epoch: 75, loss: 1.65363
Validation. Epoch: 75, loss: 1.5801, accuracy: 0.0260
Saved model to model-checkpoints/pointer_generator/irish/low/model_75.pth
New best Loss, saved to model-checkpoints/pointer_generator/irish/low/model_best.pth

Train Epoch: 76 started
Train Epoch: 76, loss: 1.66069
Validation. Epoch: 76, loss: 1.5698, accuracy: 0.0190
Saved model to model-checkpoints/pointer_generator/irish/low/model_76.pth
New best Loss, saved to model-checkpoints/pointer_generator/irish/low/model_best.pth

Train Epoch: 77 started
Train Epoch: 77, loss: 1.61767
Validation. Epoch: 77, loss: 1.5928, accuracy: 0.0220
Saved model to model-checkpoints/pointer_generator/irish/low/model_77.pth

Train Epoch: 78 started
Train Epoch: 78, loss: 1.62305
Validation. Epoch: 78, loss: 1.5636, accuracy: 0.0300
Saved model to model-checkpoints/pointer_generator/irish/low/model_78.pth
New best Loss, saved to model-checkpoints/pointer_generator/irish/low/model_best.pth

Train Epoch: 79 started
Train Epoch: 79, loss: 1.62207
Validation. Epoch: 79, loss: 1.5279, accuracy: 0.0230
Saved model to model-checkpoints/pointer_generator/irish/low/model_79.pth
New best Loss, saved to model-checkpoints/pointer_generator/irish/low/model_best.pth

Train Epoch: 80 started
Train Epoch: 80, loss: 1.58980
Validation. Epoch: 80, loss: 1.5387, accuracy: 0.0210
Saved model to model-checkpoints/pointer_generator/irish/low/model_80.pth

Train Epoch: 81 started
Train Epoch: 81, loss: 1.59586
Validation. Epoch: 81, loss: 1.5306, accuracy: 0.0170
Saved model to model-checkpoints/pointer_generator/irish/low/model_81.pth

Train Epoch: 82 started
Train Epoch: 82, loss: 1.59641
Validation. Epoch: 82, loss: 1.5477, accuracy: 0.0280
Saved model to model-checkpoints/pointer_generator/irish/low/model_82.pth

Train Epoch: 83 started
Train Epoch: 83, loss: 1.58408
Validation. Epoch: 83, loss: 1.5122, accuracy: 0.0360
Saved model to model-checkpoints/pointer_generator/irish/low/model_83.pth
New best Loss, saved to model-checkpoints/pointer_generator/irish/low/model_best.pth

Train Epoch: 84 started
Train Epoch: 84, loss: 1.57488
Validation. Epoch: 84, loss: 1.5121, accuracy: 0.0310
Saved model to model-checkpoints/pointer_generator/irish/low/model_84.pth
New best Loss, saved to model-checkpoints/pointer_generator/irish/low/model_best.pth

Train Epoch: 85 started
Train Epoch: 85, loss: 1.48827
Validation. Epoch: 85, loss: 1.5138, accuracy: 0.0310
Saved model to model-checkpoints/pointer_generator/irish/low/model_85.pth

Train Epoch: 86 started
Train Epoch: 86, loss: 1.53106
Validation. Epoch: 86, loss: 1.4673, accuracy: 0.0370
Saved model to model-checkpoints/pointer_generator/irish/low/model_86.pth
New best Loss, saved to model-checkpoints/pointer_generator/irish/low/model_best.pth

Train Epoch: 87 started
Train Epoch: 87, loss: 1.51793
Validation. Epoch: 87, loss: 1.4698, accuracy: 0.0340
Saved model to model-checkpoints/pointer_generator/irish/low/model_87.pth

Train Epoch: 88 started
Train Epoch: 88, loss: 1.50791
Validation. Epoch: 88, loss: 1.5188, accuracy: 0.0170
Saved model to model-checkpoints/pointer_generator/irish/low/model_88.pth

Train Epoch: 89 started
Train Epoch: 89, loss: 1.47677
Validation. Epoch: 89, loss: 1.4712, accuracy: 0.0480
Saved model to model-checkpoints/pointer_generator/irish/low/model_89.pth

Train Epoch: 90 started
Train Epoch: 90, loss: 1.50134
Validation. Epoch: 90, loss: 1.4701, accuracy: 0.0410
Saved model to model-checkpoints/pointer_generator/irish/low/model_90.pth

Train Epoch: 91 started
Train Epoch: 91, loss: 1.49229
Validation. Epoch: 91, loss: 1.5271, accuracy: 0.0180
Saved model to model-checkpoints/pointer_generator/irish/low/model_91.pth

Train Epoch: 92 started
Train Epoch: 92, loss: 1.48604
Validation. Epoch: 92, loss: 1.4770, accuracy: 0.0340
Saved model to model-checkpoints/pointer_generator/irish/low/model_92.pth

Train Epoch: 93 started
Train Epoch: 93, loss: 1.47941
Validation. Epoch: 93, loss: 1.4625, accuracy: 0.0370
Saved model to model-checkpoints/pointer_generator/irish/low/model_93.pth
New best Loss, saved to model-checkpoints/pointer_generator/irish/low/model_best.pth

Train Epoch: 94 started
Train Epoch: 94, loss: 1.46134
Validation. Epoch: 94, loss: 1.4711, accuracy: 0.0330
Saved model to model-checkpoints/pointer_generator/irish/low/model_94.pth

Train Epoch: 95 started
Train Epoch: 95, loss: 1.46165
Validation. Epoch: 95, loss: 1.4402, accuracy: 0.0470
Saved model to model-checkpoints/pointer_generator/irish/low/model_95.pth
New best Loss, saved to model-checkpoints/pointer_generator/irish/low/model_best.pth

Train Epoch: 96 started
Train Epoch: 96, loss: 1.42492
Validation. Epoch: 96, loss: 1.4154, accuracy: 0.0460
Saved model to model-checkpoints/pointer_generator/irish/low/model_96.pth
New best Loss, saved to model-checkpoints/pointer_generator/irish/low/model_best.pth

Train Epoch: 97 started
Train Epoch: 97, loss: 1.41057
Validation. Epoch: 97, loss: 1.4163, accuracy: 0.0390
Saved model to model-checkpoints/pointer_generator/irish/low/model_97.pth

Train Epoch: 98 started
Train Epoch: 98, loss: 1.41793
Validation. Epoch: 98, loss: 1.4390, accuracy: 0.0390
Saved model to model-checkpoints/pointer_generator/irish/low/model_98.pth

Train Epoch: 99 started
Train Epoch: 99, loss: 1.39143
Validation. Epoch: 99, loss: 1.4341, accuracy: 0.0320
Saved model to model-checkpoints/pointer_generator/irish/low/model_99.pth

Train Epoch: 100 started
Train Epoch: 100, loss: 1.38875
Validation. Epoch: 100, loss: 1.4170, accuracy: 0.0310
Saved model to model-checkpoints/pointer_generator/irish/low/model_100.pth

Train Epoch: 101 started
Train Epoch: 101, loss: 1.38095
Validation. Epoch: 101, loss: 1.4318, accuracy: 0.0360
Saved model to model-checkpoints/pointer_generator/irish/low/model_101.pth

Train Epoch: 102 started
Train Epoch: 102, loss: 1.36673
Validation. Epoch: 102, loss: 1.4233, accuracy: 0.0360
Saved model to model-checkpoints/pointer_generator/irish/low/model_102.pth

Train Epoch: 103 started
Train Epoch: 103, loss: 1.40132
Validation. Epoch: 103, loss: 1.4171, accuracy: 0.0370
Saved model to model-checkpoints/pointer_generator/irish/low/model_103.pth

Train Epoch: 104 started
Train Epoch: 104, loss: 1.33360
Validation. Epoch: 104, loss: 1.3884, accuracy: 0.0440
Saved model to model-checkpoints/pointer_generator/irish/low/model_104.pth
New best Loss, saved to model-checkpoints/pointer_generator/irish/low/model_best.pth

Train Epoch: 105 started
Train Epoch: 105, loss: 1.32575
Validation. Epoch: 105, loss: 1.3855, accuracy: 0.0440
Saved model to model-checkpoints/pointer_generator/irish/low/model_105.pth
New best Loss, saved to model-checkpoints/pointer_generator/irish/low/model_best.pth

Train Epoch: 106 started
Train Epoch: 106, loss: 1.34591
Validation. Epoch: 106, loss: 1.3937, accuracy: 0.0470
Saved model to model-checkpoints/pointer_generator/irish/low/model_106.pth

Train Epoch: 107 started
Train Epoch: 107, loss: 1.34740
Validation. Epoch: 107, loss: 1.4107, accuracy: 0.0520
Saved model to model-checkpoints/pointer_generator/irish/low/model_107.pth

Train Epoch: 108 started
Train Epoch: 108, loss: 1.37668
Validation. Epoch: 108, loss: 1.3795, accuracy: 0.0520
Saved model to model-checkpoints/pointer_generator/irish/low/model_108.pth
New best Loss, saved to model-checkpoints/pointer_generator/irish/low/model_best.pth

Train Epoch: 109 started
Train Epoch: 109, loss: 1.29562
Validation. Epoch: 109, loss: 1.3892, accuracy: 0.0370
Saved model to model-checkpoints/pointer_generator/irish/low/model_109.pth

Train Epoch: 110 started
Train Epoch: 110, loss: 1.31587
Validation. Epoch: 110, loss: 1.3593, accuracy: 0.0510
Saved model to model-checkpoints/pointer_generator/irish/low/model_110.pth
New best Loss, saved to model-checkpoints/pointer_generator/irish/low/model_best.pth

Train Epoch: 111 started
Train Epoch: 111, loss: 1.34799
Validation. Epoch: 111, loss: 1.3736, accuracy: 0.0320
Saved model to model-checkpoints/pointer_generator/irish/low/model_111.pth

Train Epoch: 112 started
Train Epoch: 112, loss: 1.29756
Validation. Epoch: 112, loss: 1.3424, accuracy: 0.0760
Saved model to model-checkpoints/pointer_generator/irish/low/model_112.pth
New best Loss, saved to model-checkpoints/pointer_generator/irish/low/model_best.pth

Train Epoch: 113 started
Train Epoch: 113, loss: 1.29614
Validation. Epoch: 113, loss: 1.3261, accuracy: 0.0570
Saved model to model-checkpoints/pointer_generator/irish/low/model_113.pth
New best Loss, saved to model-checkpoints/pointer_generator/irish/low/model_best.pth

Train Epoch: 114 started
Train Epoch: 114, loss: 1.32266
Validation. Epoch: 114, loss: 1.3419, accuracy: 0.0360
Saved model to model-checkpoints/pointer_generator/irish/low/model_114.pth

Train Epoch: 115 started
Train Epoch: 115, loss: 1.28199
Validation. Epoch: 115, loss: 1.3736, accuracy: 0.0710
Saved model to model-checkpoints/pointer_generator/irish/low/model_115.pth

Train Epoch: 116 started
Train Epoch: 116, loss: 1.30274
Validation. Epoch: 116, loss: 1.3380, accuracy: 0.0640
Saved model to model-checkpoints/pointer_generator/irish/low/model_116.pth

Train Epoch: 117 started
Train Epoch: 117, loss: 1.26551
Validation. Epoch: 117, loss: 1.3773, accuracy: 0.0390
Saved model to model-checkpoints/pointer_generator/irish/low/model_117.pth

Train Epoch: 118 started
Train Epoch: 118, loss: 1.27921
Validation. Epoch: 118, loss: 1.3477, accuracy: 0.0680
Saved model to model-checkpoints/pointer_generator/irish/low/model_118.pth

Train Epoch: 119 started
Train Epoch: 119, loss: 1.30776
Validation. Epoch: 119, loss: 1.3245, accuracy: 0.0460
Saved model to model-checkpoints/pointer_generator/irish/low/model_119.pth
New best Loss, saved to model-checkpoints/pointer_generator/irish/low/model_best.pth

Train Epoch: 120 started
Train Epoch: 120, loss: 1.23206
Validation. Epoch: 120, loss: 1.3429, accuracy: 0.0330
Saved model to model-checkpoints/pointer_generator/irish/low/model_120.pth

Train Epoch: 121 started
Train Epoch: 121, loss: 1.23496
Validation. Epoch: 121, loss: 1.3258, accuracy: 0.0660
Saved model to model-checkpoints/pointer_generator/irish/low/model_121.pth

Train Epoch: 122 started
Train Epoch: 122, loss: 1.25708
Validation. Epoch: 122, loss: 1.3306, accuracy: 0.0660
Saved model to model-checkpoints/pointer_generator/irish/low/model_122.pth

Train Epoch: 123 started
Train Epoch: 123, loss: 1.23968
Validation. Epoch: 123, loss: 1.3419, accuracy: 0.0540
Saved model to model-checkpoints/pointer_generator/irish/low/model_123.pth

Train Epoch: 124 started
Train Epoch: 124, loss: 1.24961
Validation. Epoch: 124, loss: 1.3041, accuracy: 0.0590
Saved model to model-checkpoints/pointer_generator/irish/low/model_124.pth
New best Loss, saved to model-checkpoints/pointer_generator/irish/low/model_best.pth

Train Epoch: 125 started
Train Epoch: 125, loss: 1.22160
Validation. Epoch: 125, loss: 1.3042, accuracy: 0.0660
Saved model to model-checkpoints/pointer_generator/irish/low/model_125.pth

Train Epoch: 126 started
Train Epoch: 126, loss: 1.21327
Validation. Epoch: 126, loss: 1.3039, accuracy: 0.0650
Saved model to model-checkpoints/pointer_generator/irish/low/model_126.pth
New best Loss, saved to model-checkpoints/pointer_generator/irish/low/model_best.pth

Train Epoch: 127 started
Train Epoch: 127, loss: 1.19700
Validation. Epoch: 127, loss: 1.3141, accuracy: 0.0700
Saved model to model-checkpoints/pointer_generator/irish/low/model_127.pth

Train Epoch: 128 started
Train Epoch: 128, loss: 1.22329
Validation. Epoch: 128, loss: 1.2942, accuracy: 0.0560
Saved model to model-checkpoints/pointer_generator/irish/low/model_128.pth
New best Loss, saved to model-checkpoints/pointer_generator/irish/low/model_best.pth

Train Epoch: 129 started
Train Epoch: 129, loss: 1.19792
Validation. Epoch: 129, loss: 1.2951, accuracy: 0.0500
Saved model to model-checkpoints/pointer_generator/irish/low/model_129.pth

Train Epoch: 130 started
Train Epoch: 130, loss: 1.17759
Validation. Epoch: 130, loss: 1.2921, accuracy: 0.0570
Saved model to model-checkpoints/pointer_generator/irish/low/model_130.pth
New best Loss, saved to model-checkpoints/pointer_generator/irish/low/model_best.pth

Train Epoch: 131 started
Train Epoch: 131, loss: 1.15486
Validation. Epoch: 131, loss: 1.3107, accuracy: 0.0420
Saved model to model-checkpoints/pointer_generator/irish/low/model_131.pth

Train Epoch: 132 started
Train Epoch: 132, loss: 1.16236
Validation. Epoch: 132, loss: 1.2957, accuracy: 0.0680
Saved model to model-checkpoints/pointer_generator/irish/low/model_132.pth

Train Epoch: 133 started
Train Epoch: 133, loss: 1.16730
Validation. Epoch: 133, loss: 1.2892, accuracy: 0.0730
Saved model to model-checkpoints/pointer_generator/irish/low/model_133.pth
New best Loss, saved to model-checkpoints/pointer_generator/irish/low/model_best.pth

Train Epoch: 134 started
Train Epoch: 134, loss: 1.14335
Validation. Epoch: 134, loss: 1.3115, accuracy: 0.0460
Saved model to model-checkpoints/pointer_generator/irish/low/model_134.pth

Train Epoch: 135 started
Train Epoch: 135, loss: 1.14907
Validation. Epoch: 135, loss: 1.2930, accuracy: 0.0790
Saved model to model-checkpoints/pointer_generator/irish/low/model_135.pth

Train Epoch: 136 started
Train Epoch: 136, loss: 1.14278
Validation. Epoch: 136, loss: 1.2999, accuracy: 0.0770
Saved model to model-checkpoints/pointer_generator/irish/low/model_136.pth

Train Epoch: 137 started
Train Epoch: 137, loss: 1.15429
Validation. Epoch: 137, loss: 1.3440, accuracy: 0.0360
Saved model to model-checkpoints/pointer_generator/irish/low/model_137.pth

Train Epoch: 138 started
Train Epoch: 138, loss: 1.14640
Validation. Epoch: 138, loss: 1.2699, accuracy: 0.0660
Saved model to model-checkpoints/pointer_generator/irish/low/model_138.pth
New best Loss, saved to model-checkpoints/pointer_generator/irish/low/model_best.pth

Train Epoch: 139 started
Train Epoch: 139, loss: 1.17666
Validation. Epoch: 139, loss: 1.2791, accuracy: 0.0620
Saved model to model-checkpoints/pointer_generator/irish/low/model_139.pth

Train Epoch: 140 started
Train Epoch: 140, loss: 1.10803
Validation. Epoch: 140, loss: 1.3086, accuracy: 0.0360
Saved model to model-checkpoints/pointer_generator/irish/low/model_140.pth

Train Epoch: 141 started
Train Epoch: 141, loss: 1.13289
Validation. Epoch: 141, loss: 1.2571, accuracy: 0.0710
Saved model to model-checkpoints/pointer_generator/irish/low/model_141.pth
New best Loss, saved to model-checkpoints/pointer_generator/irish/low/model_best.pth

Train Epoch: 142 started
Train Epoch: 142, loss: 1.09984
Validation. Epoch: 142, loss: 1.2582, accuracy: 0.0660
Saved model to model-checkpoints/pointer_generator/irish/low/model_142.pth

Train Epoch: 143 started
Train Epoch: 143, loss: 1.13711
Validation. Epoch: 143, loss: 1.2905, accuracy: 0.0450
Saved model to model-checkpoints/pointer_generator/irish/low/model_143.pth

Train Epoch: 144 started
Train Epoch: 144, loss: 1.11874
Validation. Epoch: 144, loss: 1.2742, accuracy: 0.0610
Saved model to model-checkpoints/pointer_generator/irish/low/model_144.pth

Train Epoch: 145 started
Train Epoch: 145, loss: 1.08124
Validation. Epoch: 145, loss: 1.2830, accuracy: 0.0760
Saved model to model-checkpoints/pointer_generator/irish/low/model_145.pth

Train Epoch: 146 started
Train Epoch: 146, loss: 1.09354
Validation. Epoch: 146, loss: 1.2619, accuracy: 0.0570
Saved model to model-checkpoints/pointer_generator/irish/low/model_146.pth

Train Epoch: 147 started
Train Epoch: 147, loss: 1.09895
Validation. Epoch: 147, loss: 1.2955, accuracy: 0.0520
Saved model to model-checkpoints/pointer_generator/irish/low/model_147.pth

Train Epoch: 148 started
Train Epoch: 148, loss: 1.11292
Validation. Epoch: 148, loss: 1.2839, accuracy: 0.0810
Saved model to model-checkpoints/pointer_generator/irish/low/model_148.pth

Train Epoch: 149 started
Train Epoch: 149, loss: 1.09781
Validation. Epoch: 149, loss: 1.2590, accuracy: 0.0660
Saved model to model-checkpoints/pointer_generator/irish/low/model_149.pth

Train Epoch: 150 started
Train Epoch: 150, loss: 1.13169
Validation. Epoch: 150, loss: 1.2616, accuracy: 0.0750
Saved model to model-checkpoints/pointer_generator/irish/low/model_150.pth

Train Epoch: 151 started
Train Epoch: 151, loss: 1.08577
Validation. Epoch: 151, loss: 1.2830, accuracy: 0.0930
Saved model to model-checkpoints/pointer_generator/irish/low/model_151.pth

Train Epoch: 152 started
Train Epoch: 152, loss: 1.08103
Validation. Epoch: 152, loss: 1.2616, accuracy: 0.0650
Saved model to model-checkpoints/pointer_generator/irish/low/model_152.pth

Train Epoch: 153 started
Train Epoch: 153, loss: 1.08319
Validation. Epoch: 153, loss: 1.2739, accuracy: 0.0400
Saved model to model-checkpoints/pointer_generator/irish/low/model_153.pth

Train Epoch: 154 started
Train Epoch: 154, loss: 1.07695
Validation. Epoch: 154, loss: 1.2519, accuracy: 0.0630
Saved model to model-checkpoints/pointer_generator/irish/low/model_154.pth
New best Loss, saved to model-checkpoints/pointer_generator/irish/low/model_best.pth

Train Epoch: 155 started
Train Epoch: 155, loss: 1.06289
Validation. Epoch: 155, loss: 1.2660, accuracy: 0.0770
Saved model to model-checkpoints/pointer_generator/irish/low/model_155.pth

Train Epoch: 156 started
Train Epoch: 156, loss: 1.05634
Validation. Epoch: 156, loss: 1.2521, accuracy: 0.0740
Saved model to model-checkpoints/pointer_generator/irish/low/model_156.pth

Train Epoch: 157 started
Train Epoch: 157, loss: 1.06542
Validation. Epoch: 157, loss: 1.2415, accuracy: 0.0790
Saved model to model-checkpoints/pointer_generator/irish/low/model_157.pth
New best Loss, saved to model-checkpoints/pointer_generator/irish/low/model_best.pth

Train Epoch: 158 started
Train Epoch: 158, loss: 1.04396
Validation. Epoch: 158, loss: 1.2402, accuracy: 0.0620
Saved model to model-checkpoints/pointer_generator/irish/low/model_158.pth
New best Loss, saved to model-checkpoints/pointer_generator/irish/low/model_best.pth

Train Epoch: 159 started
Train Epoch: 159, loss: 1.00501
Validation. Epoch: 159, loss: 1.2529, accuracy: 0.0530
Saved model to model-checkpoints/pointer_generator/irish/low/model_159.pth

Train Epoch: 160 started
Train Epoch: 160, loss: 1.09689
Validation. Epoch: 160, loss: 1.2508, accuracy: 0.0640
Saved model to model-checkpoints/pointer_generator/irish/low/model_160.pth

Train Epoch: 161 started
Train Epoch: 161, loss: 0.97822
Validation. Epoch: 161, loss: 1.2692, accuracy: 0.0880
Saved model to model-checkpoints/pointer_generator/irish/low/model_161.pth

Train Epoch: 162 started
Train Epoch: 162, loss: 1.05123
Validation. Epoch: 162, loss: 1.2759, accuracy: 0.0660
Saved model to model-checkpoints/pointer_generator/irish/low/model_162.pth

Train Epoch: 163 started
Train Epoch: 163, loss: 1.03342
Validation. Epoch: 163, loss: 1.2463, accuracy: 0.0640
Saved model to model-checkpoints/pointer_generator/irish/low/model_163.pth

Train Epoch: 164 started
Train Epoch: 164, loss: 1.01611
Validation. Epoch: 164, loss: 1.2396, accuracy: 0.0640
Saved model to model-checkpoints/pointer_generator/irish/low/model_164.pth
New best Loss, saved to model-checkpoints/pointer_generator/irish/low/model_best.pth

Train Epoch: 165 started
Train Epoch: 165, loss: 1.00924
Validation. Epoch: 165, loss: 1.2439, accuracy: 0.0660
Saved model to model-checkpoints/pointer_generator/irish/low/model_165.pth

Train Epoch: 166 started
Train Epoch: 166, loss: 1.01181
Validation. Epoch: 166, loss: 1.2483, accuracy: 0.0590
Saved model to model-checkpoints/pointer_generator/irish/low/model_166.pth

Train Epoch: 167 started
Train Epoch: 167, loss: 0.99780
Validation. Epoch: 167, loss: 1.2261, accuracy: 0.0770
Saved model to model-checkpoints/pointer_generator/irish/low/model_167.pth
New best Loss, saved to model-checkpoints/pointer_generator/irish/low/model_best.pth

Train Epoch: 168 started
Train Epoch: 168, loss: 1.00045
Validation. Epoch: 168, loss: 1.2448, accuracy: 0.0820
Saved model to model-checkpoints/pointer_generator/irish/low/model_168.pth

Train Epoch: 169 started
Train Epoch: 169, loss: 1.01789
Validation. Epoch: 169, loss: 1.2354, accuracy: 0.0690
Saved model to model-checkpoints/pointer_generator/irish/low/model_169.pth

Train Epoch: 170 started
Train Epoch: 170, loss: 1.01249
Validation. Epoch: 170, loss: 1.2500, accuracy: 0.0700
Saved model to model-checkpoints/pointer_generator/irish/low/model_170.pth

Train Epoch: 171 started
Train Epoch: 171, loss: 0.98223
Validation. Epoch: 171, loss: 1.2620, accuracy: 0.0690
Saved model to model-checkpoints/pointer_generator/irish/low/model_171.pth

Train Epoch: 172 started
Train Epoch: 172, loss: 1.01900
Validation. Epoch: 172, loss: 1.2385, accuracy: 0.0770
Saved model to model-checkpoints/pointer_generator/irish/low/model_172.pth

Train Epoch: 173 started
Train Epoch: 173, loss: 1.01154
Validation. Epoch: 173, loss: 1.2429, accuracy: 0.0720
Saved model to model-checkpoints/pointer_generator/irish/low/model_173.pth

Train Epoch: 174 started
Train Epoch: 174, loss: 0.95478
Validation. Epoch: 174, loss: 1.2408, accuracy: 0.0830
Saved model to model-checkpoints/pointer_generator/irish/low/model_174.pth

Train Epoch: 175 started
Train Epoch: 175, loss: 1.02119
Validation. Epoch: 175, loss: 1.2298, accuracy: 0.0740
Saved model to model-checkpoints/pointer_generator/irish/low/model_175.pth

Train Epoch: 176 started
Train Epoch: 176, loss: 0.97195
Validation. Epoch: 176, loss: 1.2191, accuracy: 0.0600
Saved model to model-checkpoints/pointer_generator/irish/low/model_176.pth
New best Loss, saved to model-checkpoints/pointer_generator/irish/low/model_best.pth

Train Epoch: 177 started
Train Epoch: 177, loss: 0.98233
Validation. Epoch: 177, loss: 1.2301, accuracy: 0.0540
Saved model to model-checkpoints/pointer_generator/irish/low/model_177.pth

Train Epoch: 178 started
Train Epoch: 178, loss: 0.97606
Validation. Epoch: 178, loss: 1.2263, accuracy: 0.0790
Saved model to model-checkpoints/pointer_generator/irish/low/model_178.pth

Train Epoch: 179 started
Train Epoch: 179, loss: 0.95630
Validation. Epoch: 179, loss: 1.2361, accuracy: 0.0750
Saved model to model-checkpoints/pointer_generator/irish/low/model_179.pth

Train Epoch: 180 started
Train Epoch: 180, loss: 0.98272
Validation. Epoch: 180, loss: 1.2318, accuracy: 0.0610
Saved model to model-checkpoints/pointer_generator/irish/low/model_180.pth

Train Epoch: 181 started
Train Epoch: 181, loss: 0.95786
Validation. Epoch: 181, loss: 1.2126, accuracy: 0.0780
Saved model to model-checkpoints/pointer_generator/irish/low/model_181.pth
New best Loss, saved to model-checkpoints/pointer_generator/irish/low/model_best.pth

Train Epoch: 182 started
Train Epoch: 182, loss: 0.94918
Validation. Epoch: 182, loss: 1.2052, accuracy: 0.0830
Saved model to model-checkpoints/pointer_generator/irish/low/model_182.pth
New best Loss, saved to model-checkpoints/pointer_generator/irish/low/model_best.pth

Train Epoch: 183 started
Train Epoch: 183, loss: 0.95016
Validation. Epoch: 183, loss: 1.2106, accuracy: 0.0820
Saved model to model-checkpoints/pointer_generator/irish/low/model_183.pth

Train Epoch: 184 started
Train Epoch: 184, loss: 0.89064
Validation. Epoch: 184, loss: 1.2182, accuracy: 0.0850
Saved model to model-checkpoints/pointer_generator/irish/low/model_184.pth

Train Epoch: 185 started
Train Epoch: 185, loss: 0.87489
Validation. Epoch: 185, loss: 1.2087, accuracy: 0.0860
Saved model to model-checkpoints/pointer_generator/irish/low/model_185.pth

Train Epoch: 186 started
Train Epoch: 186, loss: 0.92557
Validation. Epoch: 186, loss: 1.2195, accuracy: 0.0720
Saved model to model-checkpoints/pointer_generator/irish/low/model_186.pth

Train Epoch: 187 started
Train Epoch: 187, loss: 0.94521
Validation. Epoch: 187, loss: 1.2181, accuracy: 0.0790
Saved model to model-checkpoints/pointer_generator/irish/low/model_187.pth

Train Epoch: 188 started
Train Epoch: 188, loss: 0.92527
Validation. Epoch: 188, loss: 1.2252, accuracy: 0.0850
Saved model to model-checkpoints/pointer_generator/irish/low/model_188.pth

Train Epoch: 189 started
Train Epoch: 189, loss: 0.88356
Validation. Epoch: 189, loss: 1.2303, accuracy: 0.0760
Saved model to model-checkpoints/pointer_generator/irish/low/model_189.pth

Train Epoch: 190 started
Train Epoch: 190, loss: 0.91253
Validation. Epoch: 190, loss: 1.2205, accuracy: 0.0850
Saved model to model-checkpoints/pointer_generator/irish/low/model_190.pth

Train Epoch: 191 started
Train Epoch: 191, loss: 0.91600
Validation. Epoch: 191, loss: 1.2296, accuracy: 0.0880
Saved model to model-checkpoints/pointer_generator/irish/low/model_191.pth

Train Epoch: 192 started
Train Epoch: 192, loss: 0.93699
Validation. Epoch: 192, loss: 1.2356, accuracy: 0.0720
Saved model to model-checkpoints/pointer_generator/irish/low/model_192.pth

Train Epoch: 193 started
Train Epoch: 193, loss: 0.90970
Validation. Epoch: 193, loss: 1.2322, accuracy: 0.0700
Saved model to model-checkpoints/pointer_generator/irish/low/model_193.pth

Train Epoch: 194 started
Train Epoch: 194, loss: 0.85665
Validation. Epoch: 194, loss: 1.2288, accuracy: 0.0790
Saved model to model-checkpoints/pointer_generator/irish/low/model_194.pth

Train Epoch: 195 started
Train Epoch: 195, loss: 0.88699
Validation. Epoch: 195, loss: 1.2255, accuracy: 0.0900
Saved model to model-checkpoints/pointer_generator/irish/low/model_195.pth

Train Epoch: 196 started
Train Epoch: 196, loss: 0.88884
Validation. Epoch: 196, loss: 1.2979, accuracy: 0.0560
Saved model to model-checkpoints/pointer_generator/irish/low/model_196.pth

Train Epoch: 197 started
Train Epoch: 197, loss: 0.89447
Validation. Epoch: 197, loss: 1.2242, accuracy: 0.0750
Saved model to model-checkpoints/pointer_generator/irish/low/model_197.pth

Train Epoch: 198 started
Train Epoch: 198, loss: 0.88049
Validation. Epoch: 198, loss: 1.2289, accuracy: 0.0890
Saved model to model-checkpoints/pointer_generator/irish/low/model_198.pth

Train Epoch: 199 started
Train Epoch: 199, loss: 0.92129
Validation. Epoch: 199, loss: 1.2196, accuracy: 0.0730
Saved model to model-checkpoints/pointer_generator/irish/low/model_199.pth

Train Epoch: 200 started
Train Epoch: 200, loss: 0.88533
Validation. Epoch: 200, loss: 1.2138, accuracy: 0.0820
Saved model to model-checkpoints/pointer_generator/irish/low/model_200.pth

Train Epoch: 201 started
Train Epoch: 201, loss: 0.91032
Validation. Epoch: 201, loss: 1.2274, accuracy: 0.0860
Saved model to model-checkpoints/pointer_generator/irish/low/model_201.pth

Train Epoch: 202 started
Train Epoch: 202, loss: 0.85783
Validation. Epoch: 202, loss: 1.2180, accuracy: 0.0680
Saved model to model-checkpoints/pointer_generator/irish/low/model_202.pth

Train Epoch: 203 started
Train Epoch: 203, loss: 0.89996
Validation. Epoch: 203, loss: 1.2118, accuracy: 0.0730
Saved model to model-checkpoints/pointer_generator/irish/low/model_203.pth

Train Epoch: 204 started
Train Epoch: 204, loss: 0.88537
Validation. Epoch: 204, loss: 1.2176, accuracy: 0.1040
Saved model to model-checkpoints/pointer_generator/irish/low/model_204.pth

Train Epoch: 205 started
Train Epoch: 205, loss: 0.88283
Validation. Epoch: 205, loss: 1.1985, accuracy: 0.0940
Saved model to model-checkpoints/pointer_generator/irish/low/model_205.pth
New best Loss, saved to model-checkpoints/pointer_generator/irish/low/model_best.pth

Train Epoch: 206 started
Train Epoch: 206, loss: 0.85143
Validation. Epoch: 206, loss: 1.2293, accuracy: 0.0630
Saved model to model-checkpoints/pointer_generator/irish/low/model_206.pth

Train Epoch: 207 started
Train Epoch: 207, loss: 0.87938
Validation. Epoch: 207, loss: 1.2084, accuracy: 0.0750
Saved model to model-checkpoints/pointer_generator/irish/low/model_207.pth

Train Epoch: 208 started
Train Epoch: 208, loss: 0.87711
Validation. Epoch: 208, loss: 1.1874, accuracy: 0.0830
Saved model to model-checkpoints/pointer_generator/irish/low/model_208.pth
New best Loss, saved to model-checkpoints/pointer_generator/irish/low/model_best.pth

Train Epoch: 209 started
Train Epoch: 209, loss: 0.87651
Validation. Epoch: 209, loss: 1.1920, accuracy: 0.0710
Saved model to model-checkpoints/pointer_generator/irish/low/model_209.pth

Train Epoch: 210 started
Train Epoch: 210, loss: 0.83294
Validation. Epoch: 210, loss: 1.1880, accuracy: 0.0730
Saved model to model-checkpoints/pointer_generator/irish/low/model_210.pth

Train Epoch: 211 started
Train Epoch: 211, loss: 0.81238
Validation. Epoch: 211, loss: 1.1945, accuracy: 0.0880
Saved model to model-checkpoints/pointer_generator/irish/low/model_211.pth

Train Epoch: 212 started
Train Epoch: 212, loss: 0.82396
Validation. Epoch: 212, loss: 1.2013, accuracy: 0.0850
Saved model to model-checkpoints/pointer_generator/irish/low/model_212.pth

Train Epoch: 213 started
Train Epoch: 213, loss: 0.85696
Validation. Epoch: 213, loss: 1.1947, accuracy: 0.0840
Saved model to model-checkpoints/pointer_generator/irish/low/model_213.pth

Train Epoch: 214 started
Train Epoch: 214, loss: 0.84553
Validation. Epoch: 214, loss: 1.2098, accuracy: 0.0990
Saved model to model-checkpoints/pointer_generator/irish/low/model_214.pth

Train Epoch: 215 started
Train Epoch: 215, loss: 0.87563
Validation. Epoch: 215, loss: 1.2182, accuracy: 0.0770
Saved model to model-checkpoints/pointer_generator/irish/low/model_215.pth

Train Epoch: 216 started
Train Epoch: 216, loss: 0.85107
Validation. Epoch: 216, loss: 1.2153, accuracy: 0.0840
Saved model to model-checkpoints/pointer_generator/irish/low/model_216.pth

Train Epoch: 217 started
Train Epoch: 217, loss: 0.87969
Validation. Epoch: 217, loss: 1.2207, accuracy: 0.0860
Saved model to model-checkpoints/pointer_generator/irish/low/model_217.pth

Train Epoch: 218 started
Train Epoch: 218, loss: 0.80469
Validation. Epoch: 218, loss: 1.2201, accuracy: 0.0890
Saved model to model-checkpoints/pointer_generator/irish/low/model_218.pth

Train Epoch: 219 started
Train Epoch: 219, loss: 0.81571
Validation. Epoch: 219, loss: 1.2276, accuracy: 0.0690
Saved model to model-checkpoints/pointer_generator/irish/low/model_219.pth

Train Epoch: 220 started
Train Epoch: 220, loss: 0.80584
Validation. Epoch: 220, loss: 1.2274, accuracy: 0.0660
Saved model to model-checkpoints/pointer_generator/irish/low/model_220.pth

Train Epoch: 221 started
Train Epoch: 221, loss: 0.79902
Validation. Epoch: 221, loss: 1.2121, accuracy: 0.0800
Saved model to model-checkpoints/pointer_generator/irish/low/model_221.pth

Train Epoch: 222 started
Train Epoch: 222, loss: 0.81332
Validation. Epoch: 222, loss: 1.1895, accuracy: 0.0760
Saved model to model-checkpoints/pointer_generator/irish/low/model_222.pth

Train Epoch: 223 started
Train Epoch: 223, loss: 0.75743
Validation. Epoch: 223, loss: 1.1941, accuracy: 0.0710
Saved model to model-checkpoints/pointer_generator/irish/low/model_223.pth

Train Epoch: 224 started
Train Epoch: 224, loss: 0.81496
Validation. Epoch: 224, loss: 1.1984, accuracy: 0.0900
Saved model to model-checkpoints/pointer_generator/irish/low/model_224.pth

Train Epoch: 225 started
Train Epoch: 225, loss: 0.81229
Validation. Epoch: 225, loss: 1.2161, accuracy: 0.0920
Saved model to model-checkpoints/pointer_generator/irish/low/model_225.pth

Train Epoch: 226 started
Train Epoch: 226, loss: 0.83533
Validation. Epoch: 226, loss: 1.1995, accuracy: 0.0850
Saved model to model-checkpoints/pointer_generator/irish/low/model_226.pth

Train Epoch: 227 started
Train Epoch: 227, loss: 0.76979
Validation. Epoch: 227, loss: 1.1887, accuracy: 0.0980
Saved model to model-checkpoints/pointer_generator/irish/low/model_227.pth

Train Epoch: 228 started
Train Epoch: 228, loss: 0.77659
Validation. Epoch: 228, loss: 1.1881, accuracy: 0.0990
Saved model to model-checkpoints/pointer_generator/irish/low/model_228.pth

Train Epoch: 229 started
Train Epoch: 229, loss: 0.77763
Validation. Epoch: 229, loss: 1.1949, accuracy: 0.0740
Saved model to model-checkpoints/pointer_generator/irish/low/model_229.pth

Train Epoch: 230 started
Train Epoch: 230, loss: 0.75457
Validation. Epoch: 230, loss: 1.2029, accuracy: 0.0770
Saved model to model-checkpoints/pointer_generator/irish/low/model_230.pth

Train Epoch: 231 started
Train Epoch: 231, loss: 0.78341
Validation. Epoch: 231, loss: 1.1950, accuracy: 0.0830
Saved model to model-checkpoints/pointer_generator/irish/low/model_231.pth

Train Epoch: 232 started
Train Epoch: 232, loss: 0.74558
Validation. Epoch: 232, loss: 1.2033, accuracy: 0.0770
Saved model to model-checkpoints/pointer_generator/irish/low/model_232.pth

Train Epoch: 233 started
Train Epoch: 233, loss: 0.78141
Validation. Epoch: 233, loss: 1.2247, accuracy: 0.0690
Saved model to model-checkpoints/pointer_generator/irish/low/model_233.pth

Train Epoch: 234 started
Train Epoch: 234, loss: 0.72563
Validation. Epoch: 234, loss: 1.1978, accuracy: 0.0920
Saved model to model-checkpoints/pointer_generator/irish/low/model_234.pth

Train Epoch: 235 started
Train Epoch: 235, loss: 0.76801
Validation. Epoch: 235, loss: 1.1923, accuracy: 0.0930
Saved model to model-checkpoints/pointer_generator/irish/low/model_235.pth

Train Epoch: 236 started
Train Epoch: 236, loss: 0.77476
Validation. Epoch: 236, loss: 1.2151, accuracy: 0.0850
Saved model to model-checkpoints/pointer_generator/irish/low/model_236.pth

Train Epoch: 237 started
Train Epoch: 237, loss: 0.75587
Validation. Epoch: 237, loss: 1.2291, accuracy: 0.1050
Saved model to model-checkpoints/pointer_generator/irish/low/model_237.pth

Train Epoch: 238 started
Train Epoch: 238, loss: 0.77676
Validation. Epoch: 238, loss: 1.2065, accuracy: 0.0820
Saved model to model-checkpoints/pointer_generator/irish/low/model_238.pth

Train Epoch: 239 started
Train Epoch: 239, loss: 0.75402
Validation. Epoch: 239, loss: 1.2335, accuracy: 0.0650
Saved model to model-checkpoints/pointer_generator/irish/low/model_239.pth

Train Epoch: 240 started
Train Epoch: 240, loss: 0.75790
Validation. Epoch: 240, loss: 1.2015, accuracy: 0.0820
Saved model to model-checkpoints/pointer_generator/irish/low/model_240.pth

Train Epoch: 241 started
Train Epoch: 241, loss: 0.76653
Validation. Epoch: 241, loss: 1.2138, accuracy: 0.0950
Saved model to model-checkpoints/pointer_generator/irish/low/model_241.pth

Train Epoch: 242 started
Train Epoch: 242, loss: 0.77676
Validation. Epoch: 242, loss: 1.2035, accuracy: 0.0760
Saved model to model-checkpoints/pointer_generator/irish/low/model_242.pth

Train Epoch: 243 started
Train Epoch: 243, loss: 0.75263
Validation. Epoch: 243, loss: 1.1972, accuracy: 0.0730
Saved model to model-checkpoints/pointer_generator/irish/low/model_243.pth

Train Epoch: 244 started
Train Epoch: 244, loss: 0.76207
Validation. Epoch: 244, loss: 1.1916, accuracy: 0.1020
Saved model to model-checkpoints/pointer_generator/irish/low/model_244.pth

Train Epoch: 245 started
Train Epoch: 245, loss: 0.74202
Validation. Epoch: 245, loss: 1.1849, accuracy: 0.0920
Saved model to model-checkpoints/pointer_generator/irish/low/model_245.pth
New best Loss, saved to model-checkpoints/pointer_generator/irish/low/model_best.pth

Train Epoch: 246 started
Train Epoch: 246, loss: 0.76472
Validation. Epoch: 246, loss: 1.2086, accuracy: 0.0800
Saved model to model-checkpoints/pointer_generator/irish/low/model_246.pth

Train Epoch: 247 started
Train Epoch: 247, loss: 0.77871
Validation. Epoch: 247, loss: 1.1971, accuracy: 0.0850
Saved model to model-checkpoints/pointer_generator/irish/low/model_247.pth

Train Epoch: 248 started
Train Epoch: 248, loss: 0.71726
Validation. Epoch: 248, loss: 1.2061, accuracy: 0.0930
Saved model to model-checkpoints/pointer_generator/irish/low/model_248.pth

Train Epoch: 249 started
Train Epoch: 249, loss: 0.72506
Validation. Epoch: 249, loss: 1.2113, accuracy: 0.0830
Saved model to model-checkpoints/pointer_generator/irish/low/model_249.pth

Train Epoch: 250 started
Train Epoch: 250, loss: 0.71315
Validation. Epoch: 250, loss: 1.1954, accuracy: 0.0890
Saved model to model-checkpoints/pointer_generator/irish/low/model_250.pth

Train Epoch: 251 started
Train Epoch: 251, loss: 0.72385
Validation. Epoch: 251, loss: 1.2024, accuracy: 0.0940
Saved model to model-checkpoints/pointer_generator/irish/low/model_251.pth

Train Epoch: 252 started
Train Epoch: 252, loss: 0.73085
Validation. Epoch: 252, loss: 1.1986, accuracy: 0.0970
Saved model to model-checkpoints/pointer_generator/irish/low/model_252.pth

Train Epoch: 253 started
Train Epoch: 253, loss: 0.72520
Validation. Epoch: 253, loss: 1.2389, accuracy: 0.0810
Saved model to model-checkpoints/pointer_generator/irish/low/model_253.pth

Train Epoch: 254 started
Train Epoch: 254, loss: 0.75642
Validation. Epoch: 254, loss: 1.2143, accuracy: 0.0970
Saved model to model-checkpoints/pointer_generator/irish/low/model_254.pth

Train Epoch: 255 started
Train Epoch: 255, loss: 0.72544
Validation. Epoch: 255, loss: 1.1875, accuracy: 0.0910
Saved model to model-checkpoints/pointer_generator/irish/low/model_255.pth

Train Epoch: 256 started
Train Epoch: 256, loss: 0.75142
Validation. Epoch: 256, loss: 1.1945, accuracy: 0.0720
Saved model to model-checkpoints/pointer_generator/irish/low/model_256.pth

Train Epoch: 257 started
Train Epoch: 257, loss: 0.68313
Validation. Epoch: 257, loss: 1.1870, accuracy: 0.0890
Saved model to model-checkpoints/pointer_generator/irish/low/model_257.pth

Train Epoch: 258 started
Train Epoch: 258, loss: 0.68465
Validation. Epoch: 258, loss: 1.1958, accuracy: 0.1000
Saved model to model-checkpoints/pointer_generator/irish/low/model_258.pth

Train Epoch: 259 started
Train Epoch: 259, loss: 0.75851
Validation. Epoch: 259, loss: 1.1976, accuracy: 0.0900
Saved model to model-checkpoints/pointer_generator/irish/low/model_259.pth

Train Epoch: 260 started
Train Epoch: 260, loss: 0.72210
Validation. Epoch: 260, loss: 1.2204, accuracy: 0.0830
Saved model to model-checkpoints/pointer_generator/irish/low/model_260.pth

Train Epoch: 261 started
Train Epoch: 261, loss: 0.69822
Validation. Epoch: 261, loss: 1.2208, accuracy: 0.0760
Saved model to model-checkpoints/pointer_generator/irish/low/model_261.pth

Train Epoch: 262 started
Train Epoch: 262, loss: 0.71454
Validation. Epoch: 262, loss: 1.2207, accuracy: 0.0800
Saved model to model-checkpoints/pointer_generator/irish/low/model_262.pth

Train Epoch: 263 started
Train Epoch: 263, loss: 0.72018
Validation. Epoch: 263, loss: 1.2141, accuracy: 0.0940
Saved model to model-checkpoints/pointer_generator/irish/low/model_263.pth

Train Epoch: 264 started
Train Epoch: 264, loss: 0.67615
Validation. Epoch: 264, loss: 1.2146, accuracy: 0.0990
Saved model to model-checkpoints/pointer_generator/irish/low/model_264.pth

Train Epoch: 265 started
Train Epoch: 265, loss: 0.73928
Validation. Epoch: 265, loss: 1.2096, accuracy: 0.0850
Saved model to model-checkpoints/pointer_generator/irish/low/model_265.pth

Train Epoch: 266 started
Train Epoch: 266, loss: 0.70620
Validation. Epoch: 266, loss: 1.1979, accuracy: 0.0840
Saved model to model-checkpoints/pointer_generator/irish/low/model_266.pth

Train Epoch: 267 started
Train Epoch: 267, loss: 0.70921
Validation. Epoch: 267, loss: 1.2131, accuracy: 0.1020
Saved model to model-checkpoints/pointer_generator/irish/low/model_267.pth

Train Epoch: 268 started
Train Epoch: 268, loss: 0.73438
Validation. Epoch: 268, loss: 1.2150, accuracy: 0.1020
Saved model to model-checkpoints/pointer_generator/irish/low/model_268.pth

Train Epoch: 269 started
Train Epoch: 269, loss: 0.69884
Validation. Epoch: 269, loss: 1.2025, accuracy: 0.0810
Saved model to model-checkpoints/pointer_generator/irish/low/model_269.pth

Train Epoch: 270 started
Train Epoch: 270, loss: 0.67569
Validation. Epoch: 270, loss: 1.1921, accuracy: 0.0880
Saved model to model-checkpoints/pointer_generator/irish/low/model_270.pth

Train Epoch: 271 started
Train Epoch: 271, loss: 0.70794
Validation. Epoch: 271, loss: 1.2112, accuracy: 0.1080
Saved model to model-checkpoints/pointer_generator/irish/low/model_271.pth

Train Epoch: 272 started
Train Epoch: 272, loss: 0.69954
Validation. Epoch: 272, loss: 1.1946, accuracy: 0.0930
Saved model to model-checkpoints/pointer_generator/irish/low/model_272.pth

Train Epoch: 273 started
Train Epoch: 273, loss: 0.68112
Validation. Epoch: 273, loss: 1.2249, accuracy: 0.0830
Saved model to model-checkpoints/pointer_generator/irish/low/model_273.pth

Train Epoch: 274 started
Train Epoch: 274, loss: 0.71307
Validation. Epoch: 274, loss: 1.1879, accuracy: 0.0990
Saved model to model-checkpoints/pointer_generator/irish/low/model_274.pth

Train Epoch: 275 started
Train Epoch: 275, loss: 0.67541
Validation. Epoch: 275, loss: 1.2047, accuracy: 0.1050
Saved model to model-checkpoints/pointer_generator/irish/low/model_275.pth

Train Epoch: 276 started
Train Epoch: 276, loss: 0.65494
Validation. Epoch: 276, loss: 1.1903, accuracy: 0.0850
Saved model to model-checkpoints/pointer_generator/irish/low/model_276.pth

Train Epoch: 277 started
Train Epoch: 277, loss: 0.67259
Validation. Epoch: 277, loss: 1.1838, accuracy: 0.0890
Saved model to model-checkpoints/pointer_generator/irish/low/model_277.pth
New best Loss, saved to model-checkpoints/pointer_generator/irish/low/model_best.pth

Train Epoch: 278 started
Train Epoch: 278, loss: 0.70185
Validation. Epoch: 278, loss: 1.1953, accuracy: 0.0920
Saved model to model-checkpoints/pointer_generator/irish/low/model_278.pth

Train Epoch: 279 started
Train Epoch: 279, loss: 0.69800
Validation. Epoch: 279, loss: 1.1914, accuracy: 0.0950
Saved model to model-checkpoints/pointer_generator/irish/low/model_279.pth

Train Epoch: 280 started
Train Epoch: 280, loss: 0.69717
Validation. Epoch: 280, loss: 1.1993, accuracy: 0.0930
Saved model to model-checkpoints/pointer_generator/irish/low/model_280.pth

Train Epoch: 281 started
Train Epoch: 281, loss: 0.65991
Validation. Epoch: 281, loss: 1.2019, accuracy: 0.0880
Saved model to model-checkpoints/pointer_generator/irish/low/model_281.pth

Train Epoch: 282 started
Train Epoch: 282, loss: 0.65540
Validation. Epoch: 282, loss: 1.2034, accuracy: 0.0820
Saved model to model-checkpoints/pointer_generator/irish/low/model_282.pth

Train Epoch: 283 started
Train Epoch: 283, loss: 0.67807
Validation. Epoch: 283, loss: 1.2111, accuracy: 0.0910
Saved model to model-checkpoints/pointer_generator/irish/low/model_283.pth

Train Epoch: 284 started
Train Epoch: 284, loss: 0.66996
Validation. Epoch: 284, loss: 1.2330, accuracy: 0.0890
Saved model to model-checkpoints/pointer_generator/irish/low/model_284.pth

Train Epoch: 285 started
Train Epoch: 285, loss: 0.62404
Validation. Epoch: 285, loss: 1.2321, accuracy: 0.0910
Saved model to model-checkpoints/pointer_generator/irish/low/model_285.pth

Train Epoch: 286 started
Train Epoch: 286, loss: 0.64775
Validation. Epoch: 286, loss: 1.2047, accuracy: 0.1020
Saved model to model-checkpoints/pointer_generator/irish/low/model_286.pth

Train Epoch: 287 started
Train Epoch: 287, loss: 0.64364
Validation. Epoch: 287, loss: 1.2233, accuracy: 0.0870
Saved model to model-checkpoints/pointer_generator/irish/low/model_287.pth

Train Epoch: 288 started
Train Epoch: 288, loss: 0.67544
Validation. Epoch: 288, loss: 1.2237, accuracy: 0.0930
Saved model to model-checkpoints/pointer_generator/irish/low/model_288.pth

Train Epoch: 289 started
Train Epoch: 289, loss: 0.59648
Validation. Epoch: 289, loss: 1.2381, accuracy: 0.1000
Saved model to model-checkpoints/pointer_generator/irish/low/model_289.pth

Train Epoch: 290 started
Train Epoch: 290, loss: 0.67150
Validation. Epoch: 290, loss: 1.2009, accuracy: 0.1010
Saved model to model-checkpoints/pointer_generator/irish/low/model_290.pth

Train Epoch: 291 started
Train Epoch: 291, loss: 0.62372
Validation. Epoch: 291, loss: 1.1989, accuracy: 0.0910
Saved model to model-checkpoints/pointer_generator/irish/low/model_291.pth

Train Epoch: 292 started
Train Epoch: 292, loss: 0.63432
Validation. Epoch: 292, loss: 1.1983, accuracy: 0.0830
Saved model to model-checkpoints/pointer_generator/irish/low/model_292.pth

Train Epoch: 293 started
Train Epoch: 293, loss: 0.61734
Validation. Epoch: 293, loss: 1.2283, accuracy: 0.0980
Saved model to model-checkpoints/pointer_generator/irish/low/model_293.pth

Train Epoch: 294 started
Train Epoch: 294, loss: 0.66042
Validation. Epoch: 294, loss: 1.2276, accuracy: 0.0950
Saved model to model-checkpoints/pointer_generator/irish/low/model_294.pth

Train Epoch: 295 started
Train Epoch: 295, loss: 0.62651
Validation. Epoch: 295, loss: 1.2215, accuracy: 0.0910
Saved model to model-checkpoints/pointer_generator/irish/low/model_295.pth

Train Epoch: 296 started
Train Epoch: 296, loss: 0.66013
Validation. Epoch: 296, loss: 1.2169, accuracy: 0.0920
Saved model to model-checkpoints/pointer_generator/irish/low/model_296.pth

Train Epoch: 297 started
Train Epoch: 297, loss: 0.62165
Validation. Epoch: 297, loss: 1.2224, accuracy: 0.1020
Saved model to model-checkpoints/pointer_generator/irish/low/model_297.pth

Train Epoch: 298 started
Train Epoch: 298, loss: 0.63921
Validation. Epoch: 298, loss: 1.2173, accuracy: 0.1010
Saved model to model-checkpoints/pointer_generator/irish/low/model_298.pth

Train Epoch: 299 started
Train Epoch: 299, loss: 0.61192
Validation. Epoch: 299, loss: 1.2283, accuracy: 0.0800
Saved model to model-checkpoints/pointer_generator/irish/low/model_299.pth

Train Epoch: 300 started
Train Epoch: 300, loss: 0.62444
Validation. Epoch: 300, loss: 1.2069, accuracy: 0.0820
Saved model to model-checkpoints/pointer_generator/irish/low/model_300.pth

Train Epoch: 301 started
Train Epoch: 301, loss: 0.59605
Validation. Epoch: 301, loss: 1.1912, accuracy: 0.0960
Saved model to model-checkpoints/pointer_generator/irish/low/model_301.pth

Train Epoch: 302 started
Train Epoch: 302, loss: 0.64324
Validation. Epoch: 302, loss: 1.2075, accuracy: 0.1000
Saved model to model-checkpoints/pointer_generator/irish/low/model_302.pth

Train Epoch: 303 started
Train Epoch: 303, loss: 0.58319
Validation. Epoch: 303, loss: 1.1907, accuracy: 0.0960
Saved model to model-checkpoints/pointer_generator/irish/low/model_303.pth

Train Epoch: 304 started
Train Epoch: 304, loss: 0.60648
Validation. Epoch: 304, loss: 1.2275, accuracy: 0.0870
Saved model to model-checkpoints/pointer_generator/irish/low/model_304.pth

Train Epoch: 305 started
Train Epoch: 305, loss: 0.58301
Validation. Epoch: 305, loss: 1.2014, accuracy: 0.1020
Saved model to model-checkpoints/pointer_generator/irish/low/model_305.pth

Train Epoch: 306 started
Train Epoch: 306, loss: 0.63374
Validation. Epoch: 306, loss: 1.2257, accuracy: 0.0980
Saved model to model-checkpoints/pointer_generator/irish/low/model_306.pth

Train Epoch: 307 started
Train Epoch: 307, loss: 0.60789
Validation. Epoch: 307, loss: 1.2040, accuracy: 0.0950
Saved model to model-checkpoints/pointer_generator/irish/low/model_307.pth

Train Epoch: 308 started
Train Epoch: 308, loss: 0.63424
Validation. Epoch: 308, loss: 1.2239, accuracy: 0.0890
Saved model to model-checkpoints/pointer_generator/irish/low/model_308.pth

Train Epoch: 309 started
Train Epoch: 309, loss: 0.62240
Validation. Epoch: 309, loss: 1.2281, accuracy: 0.1040
Saved model to model-checkpoints/pointer_generator/irish/low/model_309.pth

Train Epoch: 310 started
Train Epoch: 310, loss: 0.58288
Validation. Epoch: 310, loss: 1.2156, accuracy: 0.1020
Saved model to model-checkpoints/pointer_generator/irish/low/model_310.pth

Train Epoch: 311 started
Train Epoch: 311, loss: 0.57594
Validation. Epoch: 311, loss: 1.2256, accuracy: 0.0950
Saved model to model-checkpoints/pointer_generator/irish/low/model_311.pth

Train Epoch: 312 started
Train Epoch: 312, loss: 0.62988
Validation. Epoch: 312, loss: 1.2106, accuracy: 0.0960
Saved model to model-checkpoints/pointer_generator/irish/low/model_312.pth

Train Epoch: 313 started
Train Epoch: 313, loss: 0.56159
Validation. Epoch: 313, loss: 1.2171, accuracy: 0.1120
Saved model to model-checkpoints/pointer_generator/irish/low/model_313.pth

Train Epoch: 314 started
Train Epoch: 314, loss: 0.58502
Validation. Epoch: 314, loss: 1.2170, accuracy: 0.1040
Saved model to model-checkpoints/pointer_generator/irish/low/model_314.pth

Train Epoch: 315 started
Train Epoch: 315, loss: 0.60047
Validation. Epoch: 315, loss: 1.2079, accuracy: 0.1010
Saved model to model-checkpoints/pointer_generator/irish/low/model_315.pth

Train Epoch: 316 started
Train Epoch: 316, loss: 0.55977
Validation. Epoch: 316, loss: 1.2084, accuracy: 0.0960
Saved model to model-checkpoints/pointer_generator/irish/low/model_316.pth

Train Epoch: 317 started
Train Epoch: 317, loss: 0.57143
Validation. Epoch: 317, loss: 1.2134, accuracy: 0.0890
Saved model to model-checkpoints/pointer_generator/irish/low/model_317.pth

Train Epoch: 318 started
Train Epoch: 318, loss: 0.60820
Validation. Epoch: 318, loss: 1.2071, accuracy: 0.0950
Saved model to model-checkpoints/pointer_generator/irish/low/model_318.pth

Train Epoch: 319 started
Train Epoch: 319, loss: 0.55125
Validation. Epoch: 319, loss: 1.2197, accuracy: 0.0950
Saved model to model-checkpoints/pointer_generator/irish/low/model_319.pth

Train Epoch: 320 started
Train Epoch: 320, loss: 0.57712
Validation. Epoch: 320, loss: 1.2359, accuracy: 0.0900
Saved model to model-checkpoints/pointer_generator/irish/low/model_320.pth

Train Epoch: 321 started
Train Epoch: 321, loss: 0.57830
Validation. Epoch: 321, loss: 1.2204, accuracy: 0.0870
Saved model to model-checkpoints/pointer_generator/irish/low/model_321.pth

Train Epoch: 322 started
Train Epoch: 322, loss: 0.57063
Validation. Epoch: 322, loss: 1.2437, accuracy: 0.0900
Saved model to model-checkpoints/pointer_generator/irish/low/model_322.pth

Train Epoch: 323 started
Train Epoch: 323, loss: 0.53670
Validation. Epoch: 323, loss: 1.2302, accuracy: 0.0850
Saved model to model-checkpoints/pointer_generator/irish/low/model_323.pth

Train Epoch: 324 started
Train Epoch: 324, loss: 0.55421
Validation. Epoch: 324, loss: 1.2318, accuracy: 0.0820
Saved model to model-checkpoints/pointer_generator/irish/low/model_324.pth

Train Epoch: 325 started
Train Epoch: 325, loss: 0.56296
Validation. Epoch: 325, loss: 1.2225, accuracy: 0.0880
Saved model to model-checkpoints/pointer_generator/irish/low/model_325.pth

Train Epoch: 326 started
Train Epoch: 326, loss: 0.58239
Validation. Epoch: 326, loss: 1.2278, accuracy: 0.0940
Saved model to model-checkpoints/pointer_generator/irish/low/model_326.pth

Train Epoch: 327 started
Train Epoch: 327, loss: 0.57731
Validation. Epoch: 327, loss: 1.2199, accuracy: 0.0910
Saved model to model-checkpoints/pointer_generator/irish/low/model_327.pth

Train Epoch: 328 started
Train Epoch: 328, loss: 0.55865
Validation. Epoch: 328, loss: 1.2336, accuracy: 0.0870
Saved model to model-checkpoints/pointer_generator/irish/low/model_328.pth

Train Epoch: 329 started
Train Epoch: 329, loss: 0.54489
Validation. Epoch: 329, loss: 1.2427, accuracy: 0.0960
Saved model to model-checkpoints/pointer_generator/irish/low/model_329.pth

Train Epoch: 330 started
Train Epoch: 330, loss: 0.54522
Validation. Epoch: 330, loss: 1.2534, accuracy: 0.0980
Saved model to model-checkpoints/pointer_generator/irish/low/model_330.pth

Train Epoch: 331 started
Train Epoch: 331, loss: 0.53741
Validation. Epoch: 331, loss: 1.2334, accuracy: 0.1000
Saved model to model-checkpoints/pointer_generator/irish/low/model_331.pth

Train Epoch: 332 started
Train Epoch: 332, loss: 0.56808
Validation. Epoch: 332, loss: 1.2299, accuracy: 0.0970
Saved model to model-checkpoints/pointer_generator/irish/low/model_332.pth

Train Epoch: 333 started
Train Epoch: 333, loss: 0.56884
Validation. Epoch: 333, loss: 1.2297, accuracy: 0.1010
Saved model to model-checkpoints/pointer_generator/irish/low/model_333.pth

Train Epoch: 334 started
Train Epoch: 334, loss: 0.55061
Validation. Epoch: 334, loss: 1.2259, accuracy: 0.1020
Saved model to model-checkpoints/pointer_generator/irish/low/model_334.pth

Train Epoch: 335 started
Train Epoch: 335, loss: 0.55607
Validation. Epoch: 335, loss: 1.2372, accuracy: 0.0850
Saved model to model-checkpoints/pointer_generator/irish/low/model_335.pth

Train Epoch: 336 started
Train Epoch: 336, loss: 0.57298
Validation. Epoch: 336, loss: 1.2308, accuracy: 0.0860
Saved model to model-checkpoints/pointer_generator/irish/low/model_336.pth

Train Epoch: 337 started
Train Epoch: 337, loss: 0.58343
Validation. Epoch: 337, loss: 1.2700, accuracy: 0.1030
Saved model to model-checkpoints/pointer_generator/irish/low/model_337.pth

Train Epoch: 338 started
Train Epoch: 338, loss: 0.56120
Validation. Epoch: 338, loss: 1.2450, accuracy: 0.1040
Saved model to model-checkpoints/pointer_generator/irish/low/model_338.pth

Train Epoch: 339 started
Train Epoch: 339, loss: 0.54138
Validation. Epoch: 339, loss: 1.2108, accuracy: 0.1060
Saved model to model-checkpoints/pointer_generator/irish/low/model_339.pth

Train Epoch: 340 started
Train Epoch: 340, loss: 0.54085
Validation. Epoch: 340, loss: 1.2188, accuracy: 0.1100
Saved model to model-checkpoints/pointer_generator/irish/low/model_340.pth

Train Epoch: 341 started
Train Epoch: 341, loss: 0.55909
Validation. Epoch: 341, loss: 1.2186, accuracy: 0.1030
Saved model to model-checkpoints/pointer_generator/irish/low/model_341.pth

Train Epoch: 342 started
Train Epoch: 342, loss: 0.52993
Validation. Epoch: 342, loss: 1.2340, accuracy: 0.0890
Saved model to model-checkpoints/pointer_generator/irish/low/model_342.pth

Train Epoch: 343 started
Train Epoch: 343, loss: 0.51121
Validation. Epoch: 343, loss: 1.2368, accuracy: 0.0960
Saved model to model-checkpoints/pointer_generator/irish/low/model_343.pth

Train Epoch: 344 started
Train Epoch: 344, loss: 0.54986
Validation. Epoch: 344, loss: 1.2472, accuracy: 0.0970
Saved model to model-checkpoints/pointer_generator/irish/low/model_344.pth

Train Epoch: 345 started
Train Epoch: 345, loss: 0.52085
Validation. Epoch: 345, loss: 1.2406, accuracy: 0.0880
Saved model to model-checkpoints/pointer_generator/irish/low/model_345.pth

Train Epoch: 346 started
Train Epoch: 346, loss: 0.50293
Validation. Epoch: 346, loss: 1.2355, accuracy: 0.0900
Saved model to model-checkpoints/pointer_generator/irish/low/model_346.pth

Train Epoch: 347 started
Train Epoch: 347, loss: 0.52213
Validation. Epoch: 347, loss: 1.2477, accuracy: 0.0980
Saved model to model-checkpoints/pointer_generator/irish/low/model_347.pth

Train Epoch: 348 started
Train Epoch: 348, loss: 0.62372
Validation. Epoch: 348, loss: 1.2577, accuracy: 0.0940
Saved model to model-checkpoints/pointer_generator/irish/low/model_348.pth

Train Epoch: 349 started
Train Epoch: 349, loss: 0.55309
Validation. Epoch: 349, loss: 1.2616, accuracy: 0.0890
Saved model to model-checkpoints/pointer_generator/irish/low/model_349.pth

Train Epoch: 350 started
Train Epoch: 350, loss: 0.53970
Validation. Epoch: 350, loss: 1.2506, accuracy: 0.1020
Saved model to model-checkpoints/pointer_generator/irish/low/model_350.pth

Train Epoch: 351 started
Train Epoch: 351, loss: 0.53226
Validation. Epoch: 351, loss: 1.2328, accuracy: 0.1010
Saved model to model-checkpoints/pointer_generator/irish/low/model_351.pth

Train Epoch: 352 started
Train Epoch: 352, loss: 0.55666
Validation. Epoch: 352, loss: 1.2302, accuracy: 0.0880
Saved model to model-checkpoints/pointer_generator/irish/low/model_352.pth

Train Epoch: 353 started
Train Epoch: 353, loss: 0.53246
Validation. Epoch: 353, loss: 1.2513, accuracy: 0.0890
Saved model to model-checkpoints/pointer_generator/irish/low/model_353.pth

Train Epoch: 354 started
Train Epoch: 354, loss: 0.54611
Validation. Epoch: 354, loss: 1.2318, accuracy: 0.1020
Saved model to model-checkpoints/pointer_generator/irish/low/model_354.pth

Train Epoch: 355 started
Train Epoch: 355, loss: 0.50116
Validation. Epoch: 355, loss: 1.2338, accuracy: 0.1010
Saved model to model-checkpoints/pointer_generator/irish/low/model_355.pth

Train Epoch: 356 started
Train Epoch: 356, loss: 0.48246
Validation. Epoch: 356, loss: 1.2217, accuracy: 0.0930
Saved model to model-checkpoints/pointer_generator/irish/low/model_356.pth

Train Epoch: 357 started
Train Epoch: 357, loss: 0.48004
Validation. Epoch: 357, loss: 1.2197, accuracy: 0.0960
Saved model to model-checkpoints/pointer_generator/irish/low/model_357.pth

Train Epoch: 358 started
Train Epoch: 358, loss: 0.53243
Validation. Epoch: 358, loss: 1.2474, accuracy: 0.1060
Saved model to model-checkpoints/pointer_generator/irish/low/model_358.pth

Train Epoch: 359 started
Train Epoch: 359, loss: 0.49646
Validation. Epoch: 359, loss: 1.2373, accuracy: 0.1040
Saved model to model-checkpoints/pointer_generator/irish/low/model_359.pth

Train Epoch: 360 started
Train Epoch: 360, loss: 0.49498
Validation. Epoch: 360, loss: 1.2478, accuracy: 0.0890
Saved model to model-checkpoints/pointer_generator/irish/low/model_360.pth

Train Epoch: 361 started
Train Epoch: 361, loss: 0.49707
Validation. Epoch: 361, loss: 1.2402, accuracy: 0.0880
Saved model to model-checkpoints/pointer_generator/irish/low/model_361.pth

Train Epoch: 362 started
Train Epoch: 362, loss: 0.49309
Validation. Epoch: 362, loss: 1.2350, accuracy: 0.0980
Saved model to model-checkpoints/pointer_generator/irish/low/model_362.pth

Train Epoch: 363 started
Train Epoch: 363, loss: 0.50309
Validation. Epoch: 363, loss: 1.2445, accuracy: 0.1050
Saved model to model-checkpoints/pointer_generator/irish/low/model_363.pth

Train Epoch: 364 started
Train Epoch: 364, loss: 0.48178
Validation. Epoch: 364, loss: 1.2444, accuracy: 0.1040
Saved model to model-checkpoints/pointer_generator/irish/low/model_364.pth

Train Epoch: 365 started
Train Epoch: 365, loss: 0.51383
Validation. Epoch: 365, loss: 1.2511, accuracy: 0.1000
Saved model to model-checkpoints/pointer_generator/irish/low/model_365.pth

Train Epoch: 366 started
Train Epoch: 366, loss: 0.54859
Validation. Epoch: 366, loss: 1.2584, accuracy: 0.1030
Saved model to model-checkpoints/pointer_generator/irish/low/model_366.pth

Train Epoch: 367 started
Train Epoch: 367, loss: 0.48104
Validation. Epoch: 367, loss: 1.2707, accuracy: 0.0880
Saved model to model-checkpoints/pointer_generator/irish/low/model_367.pth

Train Epoch: 368 started
Train Epoch: 368, loss: 0.45498
Validation. Epoch: 368, loss: 1.2376, accuracy: 0.0950
Saved model to model-checkpoints/pointer_generator/irish/low/model_368.pth

Train Epoch: 369 started
Train Epoch: 369, loss: 0.48512
Validation. Epoch: 369, loss: 1.2472, accuracy: 0.1000
Saved model to model-checkpoints/pointer_generator/irish/low/model_369.pth

Train Epoch: 370 started
Train Epoch: 370, loss: 0.45957
Validation. Epoch: 370, loss: 1.2264, accuracy: 0.1010
Saved model to model-checkpoints/pointer_generator/irish/low/model_370.pth

Train Epoch: 371 started
Train Epoch: 371, loss: 0.48292
Validation. Epoch: 371, loss: 1.2523, accuracy: 0.0780
Saved model to model-checkpoints/pointer_generator/irish/low/model_371.pth

Train Epoch: 372 started
Train Epoch: 372, loss: 0.50042
Validation. Epoch: 372, loss: 1.2545, accuracy: 0.0940
Saved model to model-checkpoints/pointer_generator/irish/low/model_372.pth

Train Epoch: 373 started
Train Epoch: 373, loss: 0.50045
Validation. Epoch: 373, loss: 1.2741, accuracy: 0.1010
Saved model to model-checkpoints/pointer_generator/irish/low/model_373.pth

Train Epoch: 374 started
Train Epoch: 374, loss: 0.48335
Validation. Epoch: 374, loss: 1.2446, accuracy: 0.0950
Saved model to model-checkpoints/pointer_generator/irish/low/model_374.pth

Train Epoch: 375 started
Train Epoch: 375, loss: 0.47340
Validation. Epoch: 375, loss: 1.2687, accuracy: 0.0930
Saved model to model-checkpoints/pointer_generator/irish/low/model_375.pth

Train Epoch: 376 started
Train Epoch: 376, loss: 0.48678
Validation. Epoch: 376, loss: 1.2688, accuracy: 0.1040
Saved model to model-checkpoints/pointer_generator/irish/low/model_376.pth

Train Epoch: 377 started
Train Epoch: 377, loss: 0.53553
Validation. Epoch: 377, loss: 1.2738, accuracy: 0.1030
Saved model to model-checkpoints/pointer_generator/irish/low/model_377.pth

Train Epoch: 378 started
Train Epoch: 378, loss: 0.50639
Validation. Epoch: 378, loss: 1.2433, accuracy: 0.1000
Saved model to model-checkpoints/pointer_generator/irish/low/model_378.pth

Train Epoch: 379 started
Train Epoch: 379, loss: 0.51613
Validation. Epoch: 379, loss: 1.2395, accuracy: 0.1000
Saved model to model-checkpoints/pointer_generator/irish/low/model_379.pth

Train Epoch: 380 started
Train Epoch: 380, loss: 0.49571
Validation. Epoch: 380, loss: 1.2329, accuracy: 0.1070
Saved model to model-checkpoints/pointer_generator/irish/low/model_380.pth

Train Epoch: 381 started
Train Epoch: 381, loss: 0.48460
Validation. Epoch: 381, loss: 1.2315, accuracy: 0.0920
Saved model to model-checkpoints/pointer_generator/irish/low/model_381.pth

Train Epoch: 382 started
Train Epoch: 382, loss: 0.46476
Validation. Epoch: 382, loss: 1.2559, accuracy: 0.0840
Saved model to model-checkpoints/pointer_generator/irish/low/model_382.pth

Train Epoch: 383 started
Train Epoch: 383, loss: 0.47487
Validation. Epoch: 383, loss: 1.2512, accuracy: 0.1030
Saved model to model-checkpoints/pointer_generator/irish/low/model_383.pth

Train Epoch: 384 started
Train Epoch: 384, loss: 0.43456
Validation. Epoch: 384, loss: 1.2615, accuracy: 0.1140
Saved model to model-checkpoints/pointer_generator/irish/low/model_384.pth

Train Epoch: 385 started
Train Epoch: 385, loss: 0.40877
Validation. Epoch: 385, loss: 1.2436, accuracy: 0.1020
Saved model to model-checkpoints/pointer_generator/irish/low/model_385.pth

Train Epoch: 386 started
Train Epoch: 386, loss: 0.48487
Validation. Epoch: 386, loss: 1.2487, accuracy: 0.1100
Saved model to model-checkpoints/pointer_generator/irish/low/model_386.pth

Train Epoch: 387 started
Train Epoch: 387, loss: 0.42797
Validation. Epoch: 387, loss: 1.2743, accuracy: 0.1180
Saved model to model-checkpoints/pointer_generator/irish/low/model_387.pth

Train Epoch: 388 started
Train Epoch: 388, loss: 0.49839
Validation. Epoch: 388, loss: 1.2751, accuracy: 0.1060
Saved model to model-checkpoints/pointer_generator/irish/low/model_388.pth

Train Epoch: 389 started
Train Epoch: 389, loss: 0.43697
Validation. Epoch: 389, loss: 1.2692, accuracy: 0.1000
Saved model to model-checkpoints/pointer_generator/irish/low/model_389.pth

Train Epoch: 390 started
Train Epoch: 390, loss: 0.48098
Validation. Epoch: 390, loss: 1.2626, accuracy: 0.0970
Saved model to model-checkpoints/pointer_generator/irish/low/model_390.pth

Train Epoch: 391 started
Train Epoch: 391, loss: 0.46500
Validation. Epoch: 391, loss: 1.2894, accuracy: 0.1190
Saved model to model-checkpoints/pointer_generator/irish/low/model_391.pth

Train Epoch: 392 started
Train Epoch: 392, loss: 0.47251
Validation. Epoch: 392, loss: 1.2890, accuracy: 0.1210
Saved model to model-checkpoints/pointer_generator/irish/low/model_392.pth

Train Epoch: 393 started
Train Epoch: 393, loss: 0.44931
Validation. Epoch: 393, loss: 1.2641, accuracy: 0.1060
Saved model to model-checkpoints/pointer_generator/irish/low/model_393.pth

Train Epoch: 394 started
Train Epoch: 394, loss: 0.46455
Validation. Epoch: 394, loss: 1.2823, accuracy: 0.0990
Saved model to model-checkpoints/pointer_generator/irish/low/model_394.pth

Train Epoch: 395 started
Train Epoch: 395, loss: 0.43940
Validation. Epoch: 395, loss: 1.2781, accuracy: 0.1050
Saved model to model-checkpoints/pointer_generator/irish/low/model_395.pth

Train Epoch: 396 started
Train Epoch: 396, loss: 0.44370
Validation. Epoch: 396, loss: 1.2869, accuracy: 0.1150
Saved model to model-checkpoints/pointer_generator/irish/low/model_396.pth

Train Epoch: 397 started
Train Epoch: 397, loss: 0.43999
Validation. Epoch: 397, loss: 1.2982, accuracy: 0.1070
Saved model to model-checkpoints/pointer_generator/irish/low/model_397.pth

Train Epoch: 398 started
Train Epoch: 398, loss: 0.45976
Validation. Epoch: 398, loss: 1.2765, accuracy: 0.1040
Saved model to model-checkpoints/pointer_generator/irish/low/model_398.pth

Train Epoch: 399 started
Train Epoch: 399, loss: 0.43639
Validation. Epoch: 399, loss: 1.2673, accuracy: 0.1000
Saved model to model-checkpoints/pointer_generator/irish/low/model_399.pth

Train Epoch: 400 started
Train Epoch: 400, loss: 0.43373
Validation. Epoch: 400, loss: 1.2589, accuracy: 0.0890
Saved model to model-checkpoints/pointer_generator/irish/low/model_400.pth

Finished training, best model on validation set:  277
