
Train Epoch: 1 started
Train Epoch: 1, loss: 2.98089
Validation. Epoch: 1, loss: 2.6417, accuracy: 0.0000
Saved model to model-checkpoints/pointer_generator/english/low/model_1.pth
New best Loss, saved to model-checkpoints/pointer_generator/english/low/model_best.pth

Train Epoch: 2 started
Train Epoch: 2, loss: 2.73235
Validation. Epoch: 2, loss: 2.5303, accuracy: 0.0000
Saved model to model-checkpoints/pointer_generator/english/low/model_2.pth
New best Loss, saved to model-checkpoints/pointer_generator/english/low/model_best.pth

Train Epoch: 3 started
Train Epoch: 3, loss: 2.62851
Validation. Epoch: 3, loss: 2.4791, accuracy: 0.0000
Saved model to model-checkpoints/pointer_generator/english/low/model_3.pth
New best Loss, saved to model-checkpoints/pointer_generator/english/low/model_best.pth

Train Epoch: 4 started
Train Epoch: 4, loss: 2.59733
Validation. Epoch: 4, loss: 2.4320, accuracy: 0.0000
Saved model to model-checkpoints/pointer_generator/english/low/model_4.pth
New best Loss, saved to model-checkpoints/pointer_generator/english/low/model_best.pth

Train Epoch: 5 started
Train Epoch: 5, loss: 2.51494
Validation. Epoch: 5, loss: 2.3772, accuracy: 0.0000
Saved model to model-checkpoints/pointer_generator/english/low/model_5.pth
New best Loss, saved to model-checkpoints/pointer_generator/english/low/model_best.pth

Train Epoch: 6 started
Train Epoch: 6, loss: 2.49029
Validation. Epoch: 6, loss: 2.3237, accuracy: 0.0000
Saved model to model-checkpoints/pointer_generator/english/low/model_6.pth
New best Loss, saved to model-checkpoints/pointer_generator/english/low/model_best.pth

Train Epoch: 7 started
Train Epoch: 7, loss: 2.45086
Validation. Epoch: 7, loss: 2.2438, accuracy: 0.0000
Saved model to model-checkpoints/pointer_generator/english/low/model_7.pth
New best Loss, saved to model-checkpoints/pointer_generator/english/low/model_best.pth

Train Epoch: 8 started
Train Epoch: 8, loss: 2.41040
Validation. Epoch: 8, loss: 2.1286, accuracy: 0.0000
Saved model to model-checkpoints/pointer_generator/english/low/model_8.pth
New best Loss, saved to model-checkpoints/pointer_generator/english/low/model_best.pth

Train Epoch: 9 started
Train Epoch: 9, loss: 2.31062
Validation. Epoch: 9, loss: 1.9719, accuracy: 0.0000
Saved model to model-checkpoints/pointer_generator/english/low/model_9.pth
New best Loss, saved to model-checkpoints/pointer_generator/english/low/model_best.pth

Train Epoch: 10 started
Train Epoch: 10, loss: 2.20315
Validation. Epoch: 10, loss: 1.8424, accuracy: 0.0000
Saved model to model-checkpoints/pointer_generator/english/low/model_10.pth
New best Loss, saved to model-checkpoints/pointer_generator/english/low/model_best.pth

Train Epoch: 11 started
Train Epoch: 11, loss: 2.11389
Validation. Epoch: 11, loss: 1.7691, accuracy: 0.0000
Saved model to model-checkpoints/pointer_generator/english/low/model_11.pth
New best Loss, saved to model-checkpoints/pointer_generator/english/low/model_best.pth

Train Epoch: 12 started
Train Epoch: 12, loss: 2.01873
Validation. Epoch: 12, loss: 1.6941, accuracy: 0.0000
Saved model to model-checkpoints/pointer_generator/english/low/model_12.pth
New best Loss, saved to model-checkpoints/pointer_generator/english/low/model_best.pth

Train Epoch: 13 started
Train Epoch: 13, loss: 1.93848
Validation. Epoch: 13, loss: 1.6148, accuracy: 0.0000
Saved model to model-checkpoints/pointer_generator/english/low/model_13.pth
New best Loss, saved to model-checkpoints/pointer_generator/english/low/model_best.pth

Train Epoch: 14 started
Train Epoch: 14, loss: 1.90524
Validation. Epoch: 14, loss: 1.5455, accuracy: 0.0000
Saved model to model-checkpoints/pointer_generator/english/low/model_14.pth
New best Loss, saved to model-checkpoints/pointer_generator/english/low/model_best.pth

Train Epoch: 15 started
Train Epoch: 15, loss: 1.83631
Validation. Epoch: 15, loss: 1.5089, accuracy: 0.0000
Saved model to model-checkpoints/pointer_generator/english/low/model_15.pth
New best Loss, saved to model-checkpoints/pointer_generator/english/low/model_best.pth

Train Epoch: 16 started
Train Epoch: 16, loss: 1.81102
Validation. Epoch: 16, loss: 1.4069, accuracy: 0.0000
Saved model to model-checkpoints/pointer_generator/english/low/model_16.pth
New best Loss, saved to model-checkpoints/pointer_generator/english/low/model_best.pth

Train Epoch: 17 started
Train Epoch: 17, loss: 1.72899
Validation. Epoch: 17, loss: 1.3344, accuracy: 0.0080
Saved model to model-checkpoints/pointer_generator/english/low/model_17.pth
New best Loss, saved to model-checkpoints/pointer_generator/english/low/model_best.pth

Train Epoch: 18 started
Train Epoch: 18, loss: 1.68916
Validation. Epoch: 18, loss: 1.2519, accuracy: 0.0380
Saved model to model-checkpoints/pointer_generator/english/low/model_18.pth
New best Loss, saved to model-checkpoints/pointer_generator/english/low/model_best.pth

Train Epoch: 19 started
Train Epoch: 19, loss: 1.65291
Validation. Epoch: 19, loss: 1.2339, accuracy: 0.0320
Saved model to model-checkpoints/pointer_generator/english/low/model_19.pth
New best Loss, saved to model-checkpoints/pointer_generator/english/low/model_best.pth

Train Epoch: 20 started
Train Epoch: 20, loss: 1.56388
Validation. Epoch: 20, loss: 1.2097, accuracy: 0.0370
Saved model to model-checkpoints/pointer_generator/english/low/model_20.pth
New best Loss, saved to model-checkpoints/pointer_generator/english/low/model_best.pth

Train Epoch: 21 started
Train Epoch: 21, loss: 1.53059
Validation. Epoch: 21, loss: 1.1307, accuracy: 0.0480
Saved model to model-checkpoints/pointer_generator/english/low/model_21.pth
New best Loss, saved to model-checkpoints/pointer_generator/english/low/model_best.pth

Train Epoch: 22 started
Train Epoch: 22, loss: 1.43039
Validation. Epoch: 22, loss: 1.0805, accuracy: 0.0620
Saved model to model-checkpoints/pointer_generator/english/low/model_22.pth
New best Loss, saved to model-checkpoints/pointer_generator/english/low/model_best.pth

Train Epoch: 23 started
Train Epoch: 23, loss: 1.40971
Validation. Epoch: 23, loss: 1.0480, accuracy: 0.0390
Saved model to model-checkpoints/pointer_generator/english/low/model_23.pth
New best Loss, saved to model-checkpoints/pointer_generator/english/low/model_best.pth

Train Epoch: 24 started
Train Epoch: 24, loss: 1.33282
Validation. Epoch: 24, loss: 1.0143, accuracy: 0.0670
Saved model to model-checkpoints/pointer_generator/english/low/model_24.pth
New best Loss, saved to model-checkpoints/pointer_generator/english/low/model_best.pth

Train Epoch: 25 started
Train Epoch: 25, loss: 1.28933
Validation. Epoch: 25, loss: 0.9398, accuracy: 0.0960
Saved model to model-checkpoints/pointer_generator/english/low/model_25.pth
New best Loss, saved to model-checkpoints/pointer_generator/english/low/model_best.pth

Train Epoch: 26 started
Train Epoch: 26, loss: 1.28591
Validation. Epoch: 26, loss: 0.8956, accuracy: 0.0890
Saved model to model-checkpoints/pointer_generator/english/low/model_26.pth
New best Loss, saved to model-checkpoints/pointer_generator/english/low/model_best.pth

Train Epoch: 27 started
Train Epoch: 27, loss: 1.28031
Validation. Epoch: 27, loss: 0.8609, accuracy: 0.1240
Saved model to model-checkpoints/pointer_generator/english/low/model_27.pth
New best Loss, saved to model-checkpoints/pointer_generator/english/low/model_best.pth

Train Epoch: 28 started
Train Epoch: 28, loss: 1.19248
Validation. Epoch: 28, loss: 0.8211, accuracy: 0.0700
Saved model to model-checkpoints/pointer_generator/english/low/model_28.pth
New best Loss, saved to model-checkpoints/pointer_generator/english/low/model_best.pth

Train Epoch: 29 started
Train Epoch: 29, loss: 1.19013
Validation. Epoch: 29, loss: 0.7698, accuracy: 0.1350
Saved model to model-checkpoints/pointer_generator/english/low/model_29.pth
New best Loss, saved to model-checkpoints/pointer_generator/english/low/model_best.pth

Train Epoch: 30 started
Train Epoch: 30, loss: 1.11658
Validation. Epoch: 30, loss: 0.7482, accuracy: 0.1270
Saved model to model-checkpoints/pointer_generator/english/low/model_30.pth
New best Loss, saved to model-checkpoints/pointer_generator/english/low/model_best.pth

Train Epoch: 31 started
Train Epoch: 31, loss: 1.09345
Validation. Epoch: 31, loss: 0.7261, accuracy: 0.0800
Saved model to model-checkpoints/pointer_generator/english/low/model_31.pth
New best Loss, saved to model-checkpoints/pointer_generator/english/low/model_best.pth

Train Epoch: 32 started
Train Epoch: 32, loss: 1.08070
Validation. Epoch: 32, loss: 0.7460, accuracy: 0.1420
Saved model to model-checkpoints/pointer_generator/english/low/model_32.pth

Train Epoch: 33 started
Train Epoch: 33, loss: 1.05945
Validation. Epoch: 33, loss: 0.6572, accuracy: 0.0870
Saved model to model-checkpoints/pointer_generator/english/low/model_33.pth
New best Loss, saved to model-checkpoints/pointer_generator/english/low/model_best.pth

Train Epoch: 34 started
Train Epoch: 34, loss: 1.01596
Validation. Epoch: 34, loss: 0.6633, accuracy: 0.1820
Saved model to model-checkpoints/pointer_generator/english/low/model_34.pth

Train Epoch: 35 started
Train Epoch: 35, loss: 0.99623
Validation. Epoch: 35, loss: 0.6456, accuracy: 0.1970
Saved model to model-checkpoints/pointer_generator/english/low/model_35.pth
New best Loss, saved to model-checkpoints/pointer_generator/english/low/model_best.pth

Train Epoch: 36 started
Train Epoch: 36, loss: 0.96640
Validation. Epoch: 36, loss: 0.6203, accuracy: 0.0750
Saved model to model-checkpoints/pointer_generator/english/low/model_36.pth
New best Loss, saved to model-checkpoints/pointer_generator/english/low/model_best.pth

Train Epoch: 37 started
Train Epoch: 37, loss: 0.95169
Validation. Epoch: 37, loss: 0.6400, accuracy: 0.1680
Saved model to model-checkpoints/pointer_generator/english/low/model_37.pth

Train Epoch: 38 started
Train Epoch: 38, loss: 0.92716
Validation. Epoch: 38, loss: 0.6086, accuracy: 0.1960
Saved model to model-checkpoints/pointer_generator/english/low/model_38.pth
New best Loss, saved to model-checkpoints/pointer_generator/english/low/model_best.pth

Train Epoch: 39 started
Train Epoch: 39, loss: 0.90546
Validation. Epoch: 39, loss: 0.5528, accuracy: 0.1450
Saved model to model-checkpoints/pointer_generator/english/low/model_39.pth
New best Loss, saved to model-checkpoints/pointer_generator/english/low/model_best.pth

Train Epoch: 40 started
Train Epoch: 40, loss: 0.87106
Validation. Epoch: 40, loss: 0.5539, accuracy: 0.2040
Saved model to model-checkpoints/pointer_generator/english/low/model_40.pth

Train Epoch: 41 started
Train Epoch: 41, loss: 0.87330
Validation. Epoch: 41, loss: 0.5731, accuracy: 0.1890
Saved model to model-checkpoints/pointer_generator/english/low/model_41.pth

Train Epoch: 42 started
Train Epoch: 42, loss: 0.87547
Validation. Epoch: 42, loss: 0.4953, accuracy: 0.2690
Saved model to model-checkpoints/pointer_generator/english/low/model_42.pth
New best Loss, saved to model-checkpoints/pointer_generator/english/low/model_best.pth

Train Epoch: 43 started
Train Epoch: 43, loss: 0.80126
Validation. Epoch: 43, loss: 0.5164, accuracy: 0.2570
Saved model to model-checkpoints/pointer_generator/english/low/model_43.pth

Train Epoch: 44 started
Train Epoch: 44, loss: 0.83919
Validation. Epoch: 44, loss: 0.5476, accuracy: 0.1910
Saved model to model-checkpoints/pointer_generator/english/low/model_44.pth

Train Epoch: 45 started
Train Epoch: 45, loss: 0.81221
Validation. Epoch: 45, loss: 0.5548, accuracy: 0.1900
Saved model to model-checkpoints/pointer_generator/english/low/model_45.pth

Train Epoch: 46 started
Train Epoch: 46, loss: 0.82869
Validation. Epoch: 46, loss: 0.4693, accuracy: 0.2620
Saved model to model-checkpoints/pointer_generator/english/low/model_46.pth
New best Loss, saved to model-checkpoints/pointer_generator/english/low/model_best.pth

Train Epoch: 47 started
Train Epoch: 47, loss: 0.79317
Validation. Epoch: 47, loss: 0.4905, accuracy: 0.2360
Saved model to model-checkpoints/pointer_generator/english/low/model_47.pth

Train Epoch: 48 started
Train Epoch: 48, loss: 0.74833
Validation. Epoch: 48, loss: 0.5147, accuracy: 0.2220
Saved model to model-checkpoints/pointer_generator/english/low/model_48.pth

Train Epoch: 49 started
Train Epoch: 49, loss: 0.76190
Validation. Epoch: 49, loss: 0.4781, accuracy: 0.2660
Saved model to model-checkpoints/pointer_generator/english/low/model_49.pth

Train Epoch: 50 started
Train Epoch: 50, loss: 0.75401
Validation. Epoch: 50, loss: 0.4378, accuracy: 0.2860
Saved model to model-checkpoints/pointer_generator/english/low/model_50.pth
New best Loss, saved to model-checkpoints/pointer_generator/english/low/model_best.pth

Train Epoch: 51 started
Train Epoch: 51, loss: 0.69933
Validation. Epoch: 51, loss: 0.4623, accuracy: 0.2490
Saved model to model-checkpoints/pointer_generator/english/low/model_51.pth

Train Epoch: 52 started
Train Epoch: 52, loss: 0.69109
Validation. Epoch: 52, loss: 0.4333, accuracy: 0.2630
Saved model to model-checkpoints/pointer_generator/english/low/model_52.pth
New best Loss, saved to model-checkpoints/pointer_generator/english/low/model_best.pth

Train Epoch: 53 started
Train Epoch: 53, loss: 0.69217
Validation. Epoch: 53, loss: 0.4067, accuracy: 0.2670
Saved model to model-checkpoints/pointer_generator/english/low/model_53.pth
New best Loss, saved to model-checkpoints/pointer_generator/english/low/model_best.pth

Train Epoch: 54 started
Train Epoch: 54, loss: 0.64531
Validation. Epoch: 54, loss: 0.4702, accuracy: 0.2260
Saved model to model-checkpoints/pointer_generator/english/low/model_54.pth

Train Epoch: 55 started
Train Epoch: 55, loss: 0.65184
Validation. Epoch: 55, loss: 0.4156, accuracy: 0.2790
Saved model to model-checkpoints/pointer_generator/english/low/model_55.pth

Train Epoch: 56 started
Train Epoch: 56, loss: 0.63348
Validation. Epoch: 56, loss: 0.4358, accuracy: 0.2750
Saved model to model-checkpoints/pointer_generator/english/low/model_56.pth

Train Epoch: 57 started
Train Epoch: 57, loss: 0.63698
Validation. Epoch: 57, loss: 0.4147, accuracy: 0.2780
Saved model to model-checkpoints/pointer_generator/english/low/model_57.pth

Train Epoch: 58 started
Train Epoch: 58, loss: 0.62576
Validation. Epoch: 58, loss: 0.4049, accuracy: 0.2720
Saved model to model-checkpoints/pointer_generator/english/low/model_58.pth
New best Loss, saved to model-checkpoints/pointer_generator/english/low/model_best.pth

Train Epoch: 59 started
Train Epoch: 59, loss: 0.63794
Validation. Epoch: 59, loss: 0.3930, accuracy: 0.2930
Saved model to model-checkpoints/pointer_generator/english/low/model_59.pth
New best Loss, saved to model-checkpoints/pointer_generator/english/low/model_best.pth

Train Epoch: 60 started
Train Epoch: 60, loss: 0.59380
Validation. Epoch: 60, loss: 0.3939, accuracy: 0.3040
Saved model to model-checkpoints/pointer_generator/english/low/model_60.pth

Train Epoch: 61 started
Train Epoch: 61, loss: 0.60572
Validation. Epoch: 61, loss: 0.4038, accuracy: 0.3000
Saved model to model-checkpoints/pointer_generator/english/low/model_61.pth

Train Epoch: 62 started
Train Epoch: 62, loss: 0.58477
Validation. Epoch: 62, loss: 0.4111, accuracy: 0.2990
Saved model to model-checkpoints/pointer_generator/english/low/model_62.pth

Train Epoch: 63 started
Train Epoch: 63, loss: 0.58803
Validation. Epoch: 63, loss: 0.3890, accuracy: 0.2930
Saved model to model-checkpoints/pointer_generator/english/low/model_63.pth
New best Loss, saved to model-checkpoints/pointer_generator/english/low/model_best.pth

Train Epoch: 64 started
Train Epoch: 64, loss: 0.55360
Validation. Epoch: 64, loss: 0.4030, accuracy: 0.3120
Saved model to model-checkpoints/pointer_generator/english/low/model_64.pth

Train Epoch: 65 started
Train Epoch: 65, loss: 0.56817
Validation. Epoch: 65, loss: 0.3700, accuracy: 0.3210
Saved model to model-checkpoints/pointer_generator/english/low/model_65.pth
New best Loss, saved to model-checkpoints/pointer_generator/english/low/model_best.pth

Train Epoch: 66 started
Train Epoch: 66, loss: 0.54385
Validation. Epoch: 66, loss: 0.3595, accuracy: 0.3210
Saved model to model-checkpoints/pointer_generator/english/low/model_66.pth
New best Loss, saved to model-checkpoints/pointer_generator/english/low/model_best.pth

Train Epoch: 67 started
Train Epoch: 67, loss: 0.55874
Validation. Epoch: 67, loss: 0.3718, accuracy: 0.3140
Saved model to model-checkpoints/pointer_generator/english/low/model_67.pth

Train Epoch: 68 started
Train Epoch: 68, loss: 0.51980
Validation. Epoch: 68, loss: 0.3774, accuracy: 0.3090
Saved model to model-checkpoints/pointer_generator/english/low/model_68.pth

Train Epoch: 69 started
Train Epoch: 69, loss: 0.56354
Validation. Epoch: 69, loss: 0.3634, accuracy: 0.3140
Saved model to model-checkpoints/pointer_generator/english/low/model_69.pth

Train Epoch: 70 started
Train Epoch: 70, loss: 0.53649
Validation. Epoch: 70, loss: 0.3461, accuracy: 0.3330
Saved model to model-checkpoints/pointer_generator/english/low/model_70.pth
New best Loss, saved to model-checkpoints/pointer_generator/english/low/model_best.pth

Train Epoch: 71 started
Train Epoch: 71, loss: 0.52815
Validation. Epoch: 71, loss: 0.3950, accuracy: 0.2840
Saved model to model-checkpoints/pointer_generator/english/low/model_71.pth

Train Epoch: 72 started
Train Epoch: 72, loss: 0.49550
Validation. Epoch: 72, loss: 0.3379, accuracy: 0.3610
Saved model to model-checkpoints/pointer_generator/english/low/model_72.pth
New best Loss, saved to model-checkpoints/pointer_generator/english/low/model_best.pth

Train Epoch: 73 started
Train Epoch: 73, loss: 0.52866
Validation. Epoch: 73, loss: 0.3464, accuracy: 0.3400
Saved model to model-checkpoints/pointer_generator/english/low/model_73.pth

Train Epoch: 74 started
Train Epoch: 74, loss: 0.50431
Validation. Epoch: 74, loss: 0.3751, accuracy: 0.3230
Saved model to model-checkpoints/pointer_generator/english/low/model_74.pth

Train Epoch: 75 started
Train Epoch: 75, loss: 0.51266
Validation. Epoch: 75, loss: 0.3414, accuracy: 0.3360
Saved model to model-checkpoints/pointer_generator/english/low/model_75.pth

Train Epoch: 76 started
Train Epoch: 76, loss: 0.51270
Validation. Epoch: 76, loss: 0.3593, accuracy: 0.3160
Saved model to model-checkpoints/pointer_generator/english/low/model_76.pth

Train Epoch: 77 started
Train Epoch: 77, loss: 0.47345
Validation. Epoch: 77, loss: 0.3578, accuracy: 0.3120
Saved model to model-checkpoints/pointer_generator/english/low/model_77.pth

Train Epoch: 78 started
Train Epoch: 78, loss: 0.45208
Validation. Epoch: 78, loss: 0.3365, accuracy: 0.3550
Saved model to model-checkpoints/pointer_generator/english/low/model_78.pth
New best Loss, saved to model-checkpoints/pointer_generator/english/low/model_best.pth

Train Epoch: 79 started
Train Epoch: 79, loss: 0.47167
Validation. Epoch: 79, loss: 0.3425, accuracy: 0.3640
Saved model to model-checkpoints/pointer_generator/english/low/model_79.pth

Train Epoch: 80 started
Train Epoch: 80, loss: 0.44091
Validation. Epoch: 80, loss: 0.3394, accuracy: 0.3680
Saved model to model-checkpoints/pointer_generator/english/low/model_80.pth

Train Epoch: 81 started
Train Epoch: 81, loss: 0.46187
Validation. Epoch: 81, loss: 0.3255, accuracy: 0.3920
Saved model to model-checkpoints/pointer_generator/english/low/model_81.pth
New best Loss, saved to model-checkpoints/pointer_generator/english/low/model_best.pth

Train Epoch: 82 started
Train Epoch: 82, loss: 0.47255
Validation. Epoch: 82, loss: 0.3247, accuracy: 0.4190
Saved model to model-checkpoints/pointer_generator/english/low/model_82.pth
New best Loss, saved to model-checkpoints/pointer_generator/english/low/model_best.pth

Train Epoch: 83 started
Train Epoch: 83, loss: 0.47975
Validation. Epoch: 83, loss: 0.3504, accuracy: 0.3830
Saved model to model-checkpoints/pointer_generator/english/low/model_83.pth

Train Epoch: 84 started
Train Epoch: 84, loss: 0.47937
Validation. Epoch: 84, loss: 0.3517, accuracy: 0.3630
Saved model to model-checkpoints/pointer_generator/english/low/model_84.pth

Train Epoch: 85 started
Train Epoch: 85, loss: 0.45093
Validation. Epoch: 85, loss: 0.3252, accuracy: 0.4020
Saved model to model-checkpoints/pointer_generator/english/low/model_85.pth

Train Epoch: 86 started
Train Epoch: 86, loss: 0.45291
Validation. Epoch: 86, loss: 0.3191, accuracy: 0.4170
Saved model to model-checkpoints/pointer_generator/english/low/model_86.pth
New best Loss, saved to model-checkpoints/pointer_generator/english/low/model_best.pth

Train Epoch: 87 started
Train Epoch: 87, loss: 0.40737
Validation. Epoch: 87, loss: 0.3074, accuracy: 0.4260
Saved model to model-checkpoints/pointer_generator/english/low/model_87.pth
New best Loss, saved to model-checkpoints/pointer_generator/english/low/model_best.pth

Train Epoch: 88 started
Train Epoch: 88, loss: 0.38121
Validation. Epoch: 88, loss: 0.3014, accuracy: 0.4350
Saved model to model-checkpoints/pointer_generator/english/low/model_88.pth
New best Loss, saved to model-checkpoints/pointer_generator/english/low/model_best.pth

Train Epoch: 89 started
Train Epoch: 89, loss: 0.41140
Validation. Epoch: 89, loss: 0.3003, accuracy: 0.4520
Saved model to model-checkpoints/pointer_generator/english/low/model_89.pth
New best Loss, saved to model-checkpoints/pointer_generator/english/low/model_best.pth

Train Epoch: 90 started
Train Epoch: 90, loss: 0.38822
Validation. Epoch: 90, loss: 0.2949, accuracy: 0.5070
Saved model to model-checkpoints/pointer_generator/english/low/model_90.pth
New best Loss, saved to model-checkpoints/pointer_generator/english/low/model_best.pth

Train Epoch: 91 started
Train Epoch: 91, loss: 0.41060
Validation. Epoch: 91, loss: 0.2989, accuracy: 0.5120
Saved model to model-checkpoints/pointer_generator/english/low/model_91.pth

Train Epoch: 92 started
Train Epoch: 92, loss: 0.39855
Validation. Epoch: 92, loss: 0.3100, accuracy: 0.4710
Saved model to model-checkpoints/pointer_generator/english/low/model_92.pth

Train Epoch: 93 started
Train Epoch: 93, loss: 0.39243
Validation. Epoch: 93, loss: 0.3026, accuracy: 0.4430
Saved model to model-checkpoints/pointer_generator/english/low/model_93.pth

Train Epoch: 94 started
Train Epoch: 94, loss: 0.41077
Validation. Epoch: 94, loss: 0.2932, accuracy: 0.4660
Saved model to model-checkpoints/pointer_generator/english/low/model_94.pth
New best Loss, saved to model-checkpoints/pointer_generator/english/low/model_best.pth

Train Epoch: 95 started
Train Epoch: 95, loss: 0.40116
Validation. Epoch: 95, loss: 0.2934, accuracy: 0.4830
Saved model to model-checkpoints/pointer_generator/english/low/model_95.pth

Train Epoch: 96 started
Train Epoch: 96, loss: 0.37657
Validation. Epoch: 96, loss: 0.3289, accuracy: 0.4380
Saved model to model-checkpoints/pointer_generator/english/low/model_96.pth

Train Epoch: 97 started
Train Epoch: 97, loss: 0.34958
Validation. Epoch: 97, loss: 0.3018, accuracy: 0.4870
Saved model to model-checkpoints/pointer_generator/english/low/model_97.pth

Train Epoch: 98 started
Train Epoch: 98, loss: 0.34909
Validation. Epoch: 98, loss: 0.2795, accuracy: 0.5250
Saved model to model-checkpoints/pointer_generator/english/low/model_98.pth
New best Loss, saved to model-checkpoints/pointer_generator/english/low/model_best.pth

Train Epoch: 99 started
Train Epoch: 99, loss: 0.36719
Validation. Epoch: 99, loss: 0.2883, accuracy: 0.5240
Saved model to model-checkpoints/pointer_generator/english/low/model_99.pth

Train Epoch: 100 started
Train Epoch: 100, loss: 0.36189
Validation. Epoch: 100, loss: 0.2865, accuracy: 0.5180
Saved model to model-checkpoints/pointer_generator/english/low/model_100.pth

Train Epoch: 101 started
Train Epoch: 101, loss: 0.30449
Validation. Epoch: 101, loss: 0.2798, accuracy: 0.5350
Saved model to model-checkpoints/pointer_generator/english/low/model_101.pth

Train Epoch: 102 started
Train Epoch: 102, loss: 0.33065
Validation. Epoch: 102, loss: 0.2797, accuracy: 0.5420
Saved model to model-checkpoints/pointer_generator/english/low/model_102.pth

Train Epoch: 103 started
Train Epoch: 103, loss: 0.33834
Validation. Epoch: 103, loss: 0.3295, accuracy: 0.4250
Saved model to model-checkpoints/pointer_generator/english/low/model_103.pth

Train Epoch: 104 started
Train Epoch: 104, loss: 0.32652
Validation. Epoch: 104, loss: 0.2939, accuracy: 0.5060
Saved model to model-checkpoints/pointer_generator/english/low/model_104.pth

Train Epoch: 105 started
Train Epoch: 105, loss: 0.35574
Validation. Epoch: 105, loss: 0.2683, accuracy: 0.5150
Saved model to model-checkpoints/pointer_generator/english/low/model_105.pth
New best Loss, saved to model-checkpoints/pointer_generator/english/low/model_best.pth

Train Epoch: 106 started
Train Epoch: 106, loss: 0.32119
Validation. Epoch: 106, loss: 0.2641, accuracy: 0.5510
Saved model to model-checkpoints/pointer_generator/english/low/model_106.pth
New best Loss, saved to model-checkpoints/pointer_generator/english/low/model_best.pth

Train Epoch: 107 started
Train Epoch: 107, loss: 0.31846
Validation. Epoch: 107, loss: 0.2823, accuracy: 0.5150
Saved model to model-checkpoints/pointer_generator/english/low/model_107.pth

Train Epoch: 108 started
Train Epoch: 108, loss: 0.34671
Validation. Epoch: 108, loss: 0.2538, accuracy: 0.5890
Saved model to model-checkpoints/pointer_generator/english/low/model_108.pth
New best Loss, saved to model-checkpoints/pointer_generator/english/low/model_best.pth

Train Epoch: 109 started
Train Epoch: 109, loss: 0.35695
Validation. Epoch: 109, loss: 0.2627, accuracy: 0.5630
Saved model to model-checkpoints/pointer_generator/english/low/model_109.pth

Train Epoch: 110 started
Train Epoch: 110, loss: 0.33666
Validation. Epoch: 110, loss: 0.3095, accuracy: 0.4790
Saved model to model-checkpoints/pointer_generator/english/low/model_110.pth

Train Epoch: 111 started
Train Epoch: 111, loss: 0.30784
Validation. Epoch: 111, loss: 0.2712, accuracy: 0.5340
Saved model to model-checkpoints/pointer_generator/english/low/model_111.pth

Train Epoch: 112 started
Train Epoch: 112, loss: 0.30368
Validation. Epoch: 112, loss: 0.2566, accuracy: 0.5570
Saved model to model-checkpoints/pointer_generator/english/low/model_112.pth

Train Epoch: 113 started
Train Epoch: 113, loss: 0.33077
Validation. Epoch: 113, loss: 0.2616, accuracy: 0.5580
Saved model to model-checkpoints/pointer_generator/english/low/model_113.pth

Train Epoch: 114 started
Train Epoch: 114, loss: 0.32927
Validation. Epoch: 114, loss: 0.2764, accuracy: 0.5370
Saved model to model-checkpoints/pointer_generator/english/low/model_114.pth

Train Epoch: 115 started
Train Epoch: 115, loss: 0.30850
Validation. Epoch: 115, loss: 0.2643, accuracy: 0.5600
Saved model to model-checkpoints/pointer_generator/english/low/model_115.pth

Train Epoch: 116 started
Train Epoch: 116, loss: 0.29511
Validation. Epoch: 116, loss: 0.2558, accuracy: 0.5840
Saved model to model-checkpoints/pointer_generator/english/low/model_116.pth

Train Epoch: 117 started
Train Epoch: 117, loss: 0.27443
Validation. Epoch: 117, loss: 0.2518, accuracy: 0.5750
Saved model to model-checkpoints/pointer_generator/english/low/model_117.pth
New best Loss, saved to model-checkpoints/pointer_generator/english/low/model_best.pth

Train Epoch: 118 started
Train Epoch: 118, loss: 0.31381
Validation. Epoch: 118, loss: 0.2572, accuracy: 0.5660
Saved model to model-checkpoints/pointer_generator/english/low/model_118.pth

Train Epoch: 119 started
Train Epoch: 119, loss: 0.28494
Validation. Epoch: 119, loss: 0.2913, accuracy: 0.5400
Saved model to model-checkpoints/pointer_generator/english/low/model_119.pth

Train Epoch: 120 started
Train Epoch: 120, loss: 0.28713
Validation. Epoch: 120, loss: 0.2758, accuracy: 0.5680
Saved model to model-checkpoints/pointer_generator/english/low/model_120.pth

Train Epoch: 121 started
Train Epoch: 121, loss: 0.30516
Validation. Epoch: 121, loss: 0.2640, accuracy: 0.5810
Saved model to model-checkpoints/pointer_generator/english/low/model_121.pth

Train Epoch: 122 started
Train Epoch: 122, loss: 0.29417
Validation. Epoch: 122, loss: 0.2805, accuracy: 0.5680
Saved model to model-checkpoints/pointer_generator/english/low/model_122.pth

Train Epoch: 123 started
Train Epoch: 123, loss: 0.26379
Validation. Epoch: 123, loss: 0.2673, accuracy: 0.5670
Saved model to model-checkpoints/pointer_generator/english/low/model_123.pth

Train Epoch: 124 started
Train Epoch: 124, loss: 0.27280
Validation. Epoch: 124, loss: 0.2460, accuracy: 0.6090
Saved model to model-checkpoints/pointer_generator/english/low/model_124.pth
New best Loss, saved to model-checkpoints/pointer_generator/english/low/model_best.pth

Train Epoch: 125 started
Train Epoch: 125, loss: 0.24696
Validation. Epoch: 125, loss: 0.2350, accuracy: 0.6340
Saved model to model-checkpoints/pointer_generator/english/low/model_125.pth
New best Loss, saved to model-checkpoints/pointer_generator/english/low/model_best.pth

Train Epoch: 126 started
Train Epoch: 126, loss: 0.27253
Validation. Epoch: 126, loss: 0.2472, accuracy: 0.6070
Saved model to model-checkpoints/pointer_generator/english/low/model_126.pth

Train Epoch: 127 started
Train Epoch: 127, loss: 0.31396
Validation. Epoch: 127, loss: 0.2573, accuracy: 0.5960
Saved model to model-checkpoints/pointer_generator/english/low/model_127.pth

Train Epoch: 128 started
Train Epoch: 128, loss: 0.28701
Validation. Epoch: 128, loss: 0.2488, accuracy: 0.6250
Saved model to model-checkpoints/pointer_generator/english/low/model_128.pth

Train Epoch: 129 started
Train Epoch: 129, loss: 0.29150
Validation. Epoch: 129, loss: 0.2513, accuracy: 0.5960
Saved model to model-checkpoints/pointer_generator/english/low/model_129.pth

Train Epoch: 130 started
Train Epoch: 130, loss: 0.27313
Validation. Epoch: 130, loss: 0.2673, accuracy: 0.5860
Saved model to model-checkpoints/pointer_generator/english/low/model_130.pth

Train Epoch: 131 started
Train Epoch: 131, loss: 0.28096
Validation. Epoch: 131, loss: 0.2779, accuracy: 0.5650
Saved model to model-checkpoints/pointer_generator/english/low/model_131.pth

Train Epoch: 132 started
Train Epoch: 132, loss: 0.26594
Validation. Epoch: 132, loss: 0.2592, accuracy: 0.6000
Saved model to model-checkpoints/pointer_generator/english/low/model_132.pth

Train Epoch: 133 started
Train Epoch: 133, loss: 0.26981
Validation. Epoch: 133, loss: 0.2511, accuracy: 0.6150
Saved model to model-checkpoints/pointer_generator/english/low/model_133.pth

Train Epoch: 134 started
Train Epoch: 134, loss: 0.26424
Validation. Epoch: 134, loss: 0.2545, accuracy: 0.5880
Saved model to model-checkpoints/pointer_generator/english/low/model_134.pth

Train Epoch: 135 started
Train Epoch: 135, loss: 0.24052
Validation. Epoch: 135, loss: 0.2597, accuracy: 0.5640
Saved model to model-checkpoints/pointer_generator/english/low/model_135.pth

Train Epoch: 136 started
Train Epoch: 136, loss: 0.28775
Validation. Epoch: 136, loss: 0.2559, accuracy: 0.5990
Saved model to model-checkpoints/pointer_generator/english/low/model_136.pth

Train Epoch: 137 started
Train Epoch: 137, loss: 0.22237
Validation. Epoch: 137, loss: 0.2495, accuracy: 0.6190
Saved model to model-checkpoints/pointer_generator/english/low/model_137.pth

Train Epoch: 138 started
Train Epoch: 138, loss: 0.24499
Validation. Epoch: 138, loss: 0.2569, accuracy: 0.6130
Saved model to model-checkpoints/pointer_generator/english/low/model_138.pth

Train Epoch: 139 started
Train Epoch: 139, loss: 0.26066
Validation. Epoch: 139, loss: 0.2720, accuracy: 0.5930
Saved model to model-checkpoints/pointer_generator/english/low/model_139.pth

Train Epoch: 140 started
Train Epoch: 140, loss: 0.32940
Validation. Epoch: 140, loss: 0.2506, accuracy: 0.6190
Saved model to model-checkpoints/pointer_generator/english/low/model_140.pth

Train Epoch: 141 started
Train Epoch: 141, loss: 0.24299
Validation. Epoch: 141, loss: 0.2378, accuracy: 0.6380
Saved model to model-checkpoints/pointer_generator/english/low/model_141.pth

Train Epoch: 142 started
Train Epoch: 142, loss: 0.29658
Validation. Epoch: 142, loss: 0.2370, accuracy: 0.6430
Saved model to model-checkpoints/pointer_generator/english/low/model_142.pth

Train Epoch: 143 started
Train Epoch: 143, loss: 0.22043
Validation. Epoch: 143, loss: 0.2563, accuracy: 0.6050
Saved model to model-checkpoints/pointer_generator/english/low/model_143.pth

Train Epoch: 144 started
Train Epoch: 144, loss: 0.25748
Validation. Epoch: 144, loss: 0.2604, accuracy: 0.6010
Saved model to model-checkpoints/pointer_generator/english/low/model_144.pth

Train Epoch: 145 started
Train Epoch: 145, loss: 0.22559
Validation. Epoch: 145, loss: 0.2347, accuracy: 0.6660
Saved model to model-checkpoints/pointer_generator/english/low/model_145.pth
New best Loss, saved to model-checkpoints/pointer_generator/english/low/model_best.pth

Train Epoch: 146 started
Train Epoch: 146, loss: 0.23582
Validation. Epoch: 146, loss: 0.2408, accuracy: 0.6570
Saved model to model-checkpoints/pointer_generator/english/low/model_146.pth

Train Epoch: 147 started
Train Epoch: 147, loss: 0.27705
Validation. Epoch: 147, loss: 0.2688, accuracy: 0.6190
Saved model to model-checkpoints/pointer_generator/english/low/model_147.pth

Train Epoch: 148 started
Train Epoch: 148, loss: 0.24077
Validation. Epoch: 148, loss: 0.2632, accuracy: 0.6320
Saved model to model-checkpoints/pointer_generator/english/low/model_148.pth

Train Epoch: 149 started
Train Epoch: 149, loss: 0.25234
Validation. Epoch: 149, loss: 0.2351, accuracy: 0.6600
Saved model to model-checkpoints/pointer_generator/english/low/model_149.pth

Train Epoch: 150 started
Train Epoch: 150, loss: 0.23605
Validation. Epoch: 150, loss: 0.2340, accuracy: 0.6490
Saved model to model-checkpoints/pointer_generator/english/low/model_150.pth
New best Loss, saved to model-checkpoints/pointer_generator/english/low/model_best.pth

Train Epoch: 151 started
Train Epoch: 151, loss: 0.23773
Validation. Epoch: 151, loss: 0.2314, accuracy: 0.6530
Saved model to model-checkpoints/pointer_generator/english/low/model_151.pth
New best Loss, saved to model-checkpoints/pointer_generator/english/low/model_best.pth

Train Epoch: 152 started
Train Epoch: 152, loss: 0.23795
Validation. Epoch: 152, loss: 0.2581, accuracy: 0.6160
Saved model to model-checkpoints/pointer_generator/english/low/model_152.pth

Train Epoch: 153 started
Train Epoch: 153, loss: 0.24552
Validation. Epoch: 153, loss: 0.2444, accuracy: 0.6350
Saved model to model-checkpoints/pointer_generator/english/low/model_153.pth

Train Epoch: 154 started
Train Epoch: 154, loss: 0.21109
Validation. Epoch: 154, loss: 0.2315, accuracy: 0.6630
Saved model to model-checkpoints/pointer_generator/english/low/model_154.pth

Train Epoch: 155 started
Train Epoch: 155, loss: 0.23921
Validation. Epoch: 155, loss: 0.2294, accuracy: 0.6780
Saved model to model-checkpoints/pointer_generator/english/low/model_155.pth
New best Loss, saved to model-checkpoints/pointer_generator/english/low/model_best.pth

Train Epoch: 156 started
Train Epoch: 156, loss: 0.23415
Validation. Epoch: 156, loss: 0.2432, accuracy: 0.6490
Saved model to model-checkpoints/pointer_generator/english/low/model_156.pth

Train Epoch: 157 started
Train Epoch: 157, loss: 0.24739
Validation. Epoch: 157, loss: 0.2489, accuracy: 0.6270
Saved model to model-checkpoints/pointer_generator/english/low/model_157.pth

Train Epoch: 158 started
Train Epoch: 158, loss: 0.21986
Validation. Epoch: 158, loss: 0.2289, accuracy: 0.6740
Saved model to model-checkpoints/pointer_generator/english/low/model_158.pth
New best Loss, saved to model-checkpoints/pointer_generator/english/low/model_best.pth

Train Epoch: 159 started
Train Epoch: 159, loss: 0.23333
Validation. Epoch: 159, loss: 0.2220, accuracy: 0.6800
Saved model to model-checkpoints/pointer_generator/english/low/model_159.pth
New best Loss, saved to model-checkpoints/pointer_generator/english/low/model_best.pth

Train Epoch: 160 started
Train Epoch: 160, loss: 0.23600
Validation. Epoch: 160, loss: 0.2250, accuracy: 0.6800
Saved model to model-checkpoints/pointer_generator/english/low/model_160.pth

Train Epoch: 161 started
Train Epoch: 161, loss: 0.22808
Validation. Epoch: 161, loss: 0.2443, accuracy: 0.6360
Saved model to model-checkpoints/pointer_generator/english/low/model_161.pth

Train Epoch: 162 started
Train Epoch: 162, loss: 0.25027
Validation. Epoch: 162, loss: 0.2606, accuracy: 0.6050
Saved model to model-checkpoints/pointer_generator/english/low/model_162.pth

Train Epoch: 163 started
Train Epoch: 163, loss: 0.23607
Validation. Epoch: 163, loss: 0.2405, accuracy: 0.6540
Saved model to model-checkpoints/pointer_generator/english/low/model_163.pth

Train Epoch: 164 started
Train Epoch: 164, loss: 0.21754
Validation. Epoch: 164, loss: 0.2354, accuracy: 0.6650
Saved model to model-checkpoints/pointer_generator/english/low/model_164.pth

Train Epoch: 165 started
Train Epoch: 165, loss: 0.22794
Validation. Epoch: 165, loss: 0.2334, accuracy: 0.6830
Saved model to model-checkpoints/pointer_generator/english/low/model_165.pth

Train Epoch: 166 started
Train Epoch: 166, loss: 0.19554
Validation. Epoch: 166, loss: 0.2517, accuracy: 0.6310
Saved model to model-checkpoints/pointer_generator/english/low/model_166.pth

Train Epoch: 167 started
Train Epoch: 167, loss: 0.21859
Validation. Epoch: 167, loss: 0.2306, accuracy: 0.6690
Saved model to model-checkpoints/pointer_generator/english/low/model_167.pth

Train Epoch: 168 started
Train Epoch: 168, loss: 0.19376
Validation. Epoch: 168, loss: 0.2174, accuracy: 0.6940
Saved model to model-checkpoints/pointer_generator/english/low/model_168.pth
New best Loss, saved to model-checkpoints/pointer_generator/english/low/model_best.pth

Train Epoch: 169 started
Train Epoch: 169, loss: 0.19936
Validation. Epoch: 169, loss: 0.2183, accuracy: 0.6970
Saved model to model-checkpoints/pointer_generator/english/low/model_169.pth

Train Epoch: 170 started
Train Epoch: 170, loss: 0.19213
Validation. Epoch: 170, loss: 0.2346, accuracy: 0.6570
Saved model to model-checkpoints/pointer_generator/english/low/model_170.pth

Train Epoch: 171 started
Train Epoch: 171, loss: 0.25561
Validation. Epoch: 171, loss: 0.2397, accuracy: 0.6620
Saved model to model-checkpoints/pointer_generator/english/low/model_171.pth

Train Epoch: 172 started
Train Epoch: 172, loss: 0.23681
Validation. Epoch: 172, loss: 0.2340, accuracy: 0.6950
Saved model to model-checkpoints/pointer_generator/english/low/model_172.pth

Train Epoch: 173 started
Train Epoch: 173, loss: 0.23039
Validation. Epoch: 173, loss: 0.2259, accuracy: 0.7040
Saved model to model-checkpoints/pointer_generator/english/low/model_173.pth

Train Epoch: 174 started
Train Epoch: 174, loss: 0.22981
Validation. Epoch: 174, loss: 0.2317, accuracy: 0.6920
Saved model to model-checkpoints/pointer_generator/english/low/model_174.pth

Train Epoch: 175 started
Train Epoch: 175, loss: 0.18598
Validation. Epoch: 175, loss: 0.2337, accuracy: 0.6820
Saved model to model-checkpoints/pointer_generator/english/low/model_175.pth

Train Epoch: 176 started
Train Epoch: 176, loss: 0.19702
Validation. Epoch: 176, loss: 0.2369, accuracy: 0.6580
Saved model to model-checkpoints/pointer_generator/english/low/model_176.pth

Train Epoch: 177 started
Train Epoch: 177, loss: 0.21010
Validation. Epoch: 177, loss: 0.2328, accuracy: 0.6460
Saved model to model-checkpoints/pointer_generator/english/low/model_177.pth

Train Epoch: 178 started
Train Epoch: 178, loss: 0.18584
Validation. Epoch: 178, loss: 0.2385, accuracy: 0.6550
Saved model to model-checkpoints/pointer_generator/english/low/model_178.pth

Train Epoch: 179 started
Train Epoch: 179, loss: 0.22554
Validation. Epoch: 179, loss: 0.2485, accuracy: 0.6370
Saved model to model-checkpoints/pointer_generator/english/low/model_179.pth

Train Epoch: 180 started
Train Epoch: 180, loss: 0.17326
Validation. Epoch: 180, loss: 0.2511, accuracy: 0.6360
Saved model to model-checkpoints/pointer_generator/english/low/model_180.pth

Train Epoch: 181 started
Train Epoch: 181, loss: 0.20815
Validation. Epoch: 181, loss: 0.2348, accuracy: 0.6750
Saved model to model-checkpoints/pointer_generator/english/low/model_181.pth

Train Epoch: 182 started
Train Epoch: 182, loss: 0.19341
Validation. Epoch: 182, loss: 0.2287, accuracy: 0.6880
Saved model to model-checkpoints/pointer_generator/english/low/model_182.pth

Train Epoch: 183 started
Train Epoch: 183, loss: 0.16965
Validation. Epoch: 183, loss: 0.2247, accuracy: 0.7030
Saved model to model-checkpoints/pointer_generator/english/low/model_183.pth

Train Epoch: 184 started
Train Epoch: 184, loss: 0.18257
Validation. Epoch: 184, loss: 0.2292, accuracy: 0.7020
Saved model to model-checkpoints/pointer_generator/english/low/model_184.pth

Train Epoch: 185 started
Train Epoch: 185, loss: 0.19806
Validation. Epoch: 185, loss: 0.2284, accuracy: 0.7080
Saved model to model-checkpoints/pointer_generator/english/low/model_185.pth

Train Epoch: 186 started
Train Epoch: 186, loss: 0.15050
Validation. Epoch: 186, loss: 0.2224, accuracy: 0.7120
Saved model to model-checkpoints/pointer_generator/english/low/model_186.pth

Train Epoch: 187 started
Train Epoch: 187, loss: 0.24170
Validation. Epoch: 187, loss: 0.2265, accuracy: 0.7000
Saved model to model-checkpoints/pointer_generator/english/low/model_187.pth

Train Epoch: 188 started
Train Epoch: 188, loss: 0.18480
Validation. Epoch: 188, loss: 0.2384, accuracy: 0.6880
Saved model to model-checkpoints/pointer_generator/english/low/model_188.pth

Train Epoch: 189 started
Train Epoch: 189, loss: 0.19953
Validation. Epoch: 189, loss: 0.2371, accuracy: 0.6800
Saved model to model-checkpoints/pointer_generator/english/low/model_189.pth

Train Epoch: 190 started
Train Epoch: 190, loss: 0.17708
Validation. Epoch: 190, loss: 0.2301, accuracy: 0.6960
Saved model to model-checkpoints/pointer_generator/english/low/model_190.pth

Train Epoch: 191 started
Train Epoch: 191, loss: 0.16226
Validation. Epoch: 191, loss: 0.2381, accuracy: 0.6790
Saved model to model-checkpoints/pointer_generator/english/low/model_191.pth

Train Epoch: 192 started
Train Epoch: 192, loss: 0.19069
Validation. Epoch: 192, loss: 0.2350, accuracy: 0.6800
Saved model to model-checkpoints/pointer_generator/english/low/model_192.pth

Train Epoch: 193 started
Train Epoch: 193, loss: 0.17496
Validation. Epoch: 193, loss: 0.2288, accuracy: 0.6970
Saved model to model-checkpoints/pointer_generator/english/low/model_193.pth

Train Epoch: 194 started
Train Epoch: 194, loss: 0.17175
Validation. Epoch: 194, loss: 0.2201, accuracy: 0.7180
Saved model to model-checkpoints/pointer_generator/english/low/model_194.pth

Train Epoch: 195 started
Train Epoch: 195, loss: 0.16555
Validation. Epoch: 195, loss: 0.2122, accuracy: 0.7300
Saved model to model-checkpoints/pointer_generator/english/low/model_195.pth
New best Loss, saved to model-checkpoints/pointer_generator/english/low/model_best.pth

Train Epoch: 196 started
Train Epoch: 196, loss: 0.17844
Validation. Epoch: 196, loss: 0.2272, accuracy: 0.7070
Saved model to model-checkpoints/pointer_generator/english/low/model_196.pth

Train Epoch: 197 started
Train Epoch: 197, loss: 0.16666
Validation. Epoch: 197, loss: 0.2493, accuracy: 0.6470
Saved model to model-checkpoints/pointer_generator/english/low/model_197.pth

Train Epoch: 198 started
Train Epoch: 198, loss: 0.16530
Validation. Epoch: 198, loss: 0.2218, accuracy: 0.6780
Saved model to model-checkpoints/pointer_generator/english/low/model_198.pth

Train Epoch: 199 started
Train Epoch: 199, loss: 0.20563
Validation. Epoch: 199, loss: 0.2191, accuracy: 0.6740
Saved model to model-checkpoints/pointer_generator/english/low/model_199.pth

Train Epoch: 200 started
Train Epoch: 200, loss: 0.17743
Validation. Epoch: 200, loss: 0.2161, accuracy: 0.6940
Saved model to model-checkpoints/pointer_generator/english/low/model_200.pth

Train Epoch: 201 started
Train Epoch: 201, loss: 0.19673
Validation. Epoch: 201, loss: 0.2171, accuracy: 0.6960
Saved model to model-checkpoints/pointer_generator/english/low/model_201.pth

Train Epoch: 202 started
Train Epoch: 202, loss: 0.16663
Validation. Epoch: 202, loss: 0.2224, accuracy: 0.7030
Saved model to model-checkpoints/pointer_generator/english/low/model_202.pth

Train Epoch: 203 started
Train Epoch: 203, loss: 0.16809
Validation. Epoch: 203, loss: 0.2284, accuracy: 0.7020
Saved model to model-checkpoints/pointer_generator/english/low/model_203.pth

Train Epoch: 204 started
Train Epoch: 204, loss: 0.13780
Validation. Epoch: 204, loss: 0.2375, accuracy: 0.6720
Saved model to model-checkpoints/pointer_generator/english/low/model_204.pth

Train Epoch: 205 started
Train Epoch: 205, loss: 0.17784
Validation. Epoch: 205, loss: 0.2440, accuracy: 0.6540
Saved model to model-checkpoints/pointer_generator/english/low/model_205.pth

Train Epoch: 206 started
Train Epoch: 206, loss: 0.14079
Validation. Epoch: 206, loss: 0.2321, accuracy: 0.6850
Saved model to model-checkpoints/pointer_generator/english/low/model_206.pth

Train Epoch: 207 started
Train Epoch: 207, loss: 0.16538
Validation. Epoch: 207, loss: 0.2318, accuracy: 0.6860
Saved model to model-checkpoints/pointer_generator/english/low/model_207.pth

Train Epoch: 208 started
Train Epoch: 208, loss: 0.17078
Validation. Epoch: 208, loss: 0.2341, accuracy: 0.6800
Saved model to model-checkpoints/pointer_generator/english/low/model_208.pth

Train Epoch: 209 started
Train Epoch: 209, loss: 0.14142
Validation. Epoch: 209, loss: 0.2343, accuracy: 0.6790
Saved model to model-checkpoints/pointer_generator/english/low/model_209.pth

Train Epoch: 210 started
Train Epoch: 210, loss: 0.13741
Validation. Epoch: 210, loss: 0.2267, accuracy: 0.6820
Saved model to model-checkpoints/pointer_generator/english/low/model_210.pth

Train Epoch: 211 started
Train Epoch: 211, loss: 0.13567
Validation. Epoch: 211, loss: 0.2289, accuracy: 0.6970
Saved model to model-checkpoints/pointer_generator/english/low/model_211.pth

Train Epoch: 212 started
Train Epoch: 212, loss: 0.13064
Validation. Epoch: 212, loss: 0.2279, accuracy: 0.6930
Saved model to model-checkpoints/pointer_generator/english/low/model_212.pth

Train Epoch: 213 started
Train Epoch: 213, loss: 0.16851
Validation. Epoch: 213, loss: 0.2284, accuracy: 0.6960
Saved model to model-checkpoints/pointer_generator/english/low/model_213.pth

Train Epoch: 214 started
Train Epoch: 214, loss: 0.17132
Validation. Epoch: 214, loss: 0.2229, accuracy: 0.7050
Saved model to model-checkpoints/pointer_generator/english/low/model_214.pth

Train Epoch: 215 started
Train Epoch: 215, loss: 0.15063
Validation. Epoch: 215, loss: 0.2360, accuracy: 0.6810
Saved model to model-checkpoints/pointer_generator/english/low/model_215.pth

Train Epoch: 216 started
Train Epoch: 216, loss: 0.17212
Validation. Epoch: 216, loss: 0.2396, accuracy: 0.6700
Saved model to model-checkpoints/pointer_generator/english/low/model_216.pth

Train Epoch: 217 started
Train Epoch: 217, loss: 0.16035
Validation. Epoch: 217, loss: 0.2345, accuracy: 0.6940
Saved model to model-checkpoints/pointer_generator/english/low/model_217.pth

Train Epoch: 218 started
Train Epoch: 218, loss: 0.16556
Validation. Epoch: 218, loss: 0.2240, accuracy: 0.7060
Saved model to model-checkpoints/pointer_generator/english/low/model_218.pth

Train Epoch: 219 started
Train Epoch: 219, loss: 0.16227
Validation. Epoch: 219, loss: 0.2186, accuracy: 0.7130
Saved model to model-checkpoints/pointer_generator/english/low/model_219.pth

Train Epoch: 220 started
Train Epoch: 220, loss: 0.18768
Validation. Epoch: 220, loss: 0.2209, accuracy: 0.7050
Saved model to model-checkpoints/pointer_generator/english/low/model_220.pth

Train Epoch: 221 started
Train Epoch: 221, loss: 0.17567
Validation. Epoch: 221, loss: 0.2335, accuracy: 0.7020
Saved model to model-checkpoints/pointer_generator/english/low/model_221.pth

Train Epoch: 222 started
Train Epoch: 222, loss: 0.18020
Validation. Epoch: 222, loss: 0.2323, accuracy: 0.6940
Saved model to model-checkpoints/pointer_generator/english/low/model_222.pth

Train Epoch: 223 started
Train Epoch: 223, loss: 0.14789
Validation. Epoch: 223, loss: 0.2266, accuracy: 0.7140
Saved model to model-checkpoints/pointer_generator/english/low/model_223.pth

Train Epoch: 224 started
Train Epoch: 224, loss: 0.16039
Validation. Epoch: 224, loss: 0.2276, accuracy: 0.7110
Saved model to model-checkpoints/pointer_generator/english/low/model_224.pth

Train Epoch: 225 started
Train Epoch: 225, loss: 0.12927
Validation. Epoch: 225, loss: 0.2439, accuracy: 0.7030
Saved model to model-checkpoints/pointer_generator/english/low/model_225.pth

Train Epoch: 226 started
Train Epoch: 226, loss: 0.16753
Validation. Epoch: 226, loss: 0.2487, accuracy: 0.6840
Saved model to model-checkpoints/pointer_generator/english/low/model_226.pth

Train Epoch: 227 started
Train Epoch: 227, loss: 0.17317
Validation. Epoch: 227, loss: 0.2434, accuracy: 0.7030
Saved model to model-checkpoints/pointer_generator/english/low/model_227.pth

Train Epoch: 228 started
Train Epoch: 228, loss: 0.16029
Validation. Epoch: 228, loss: 0.2263, accuracy: 0.7320
Saved model to model-checkpoints/pointer_generator/english/low/model_228.pth

Train Epoch: 229 started
Train Epoch: 229, loss: 0.14709
Validation. Epoch: 229, loss: 0.2291, accuracy: 0.7080
Saved model to model-checkpoints/pointer_generator/english/low/model_229.pth

Train Epoch: 230 started
Train Epoch: 230, loss: 0.17107
Validation. Epoch: 230, loss: 0.2357, accuracy: 0.6960
Saved model to model-checkpoints/pointer_generator/english/low/model_230.pth

Train Epoch: 231 started
Train Epoch: 231, loss: 0.17761
Validation. Epoch: 231, loss: 0.2379, accuracy: 0.6950
Saved model to model-checkpoints/pointer_generator/english/low/model_231.pth

Train Epoch: 232 started
Train Epoch: 232, loss: 0.15481
Validation. Epoch: 232, loss: 0.2313, accuracy: 0.7070
Saved model to model-checkpoints/pointer_generator/english/low/model_232.pth

Train Epoch: 233 started
Train Epoch: 233, loss: 0.17669
Validation. Epoch: 233, loss: 0.2220, accuracy: 0.7110
Saved model to model-checkpoints/pointer_generator/english/low/model_233.pth

Train Epoch: 234 started
Train Epoch: 234, loss: 0.12524
Validation. Epoch: 234, loss: 0.2199, accuracy: 0.7210
Saved model to model-checkpoints/pointer_generator/english/low/model_234.pth

Train Epoch: 235 started
Train Epoch: 235, loss: 0.13672
Validation. Epoch: 235, loss: 0.2331, accuracy: 0.7050
Saved model to model-checkpoints/pointer_generator/english/low/model_235.pth

Train Epoch: 236 started
Train Epoch: 236, loss: 0.14859
Validation. Epoch: 236, loss: 0.2398, accuracy: 0.6940
Saved model to model-checkpoints/pointer_generator/english/low/model_236.pth

Train Epoch: 237 started
Train Epoch: 237, loss: 0.14255
Validation. Epoch: 237, loss: 0.2419, accuracy: 0.6970
Saved model to model-checkpoints/pointer_generator/english/low/model_237.pth

Train Epoch: 238 started
Train Epoch: 238, loss: 0.16829
Validation. Epoch: 238, loss: 0.2401, accuracy: 0.7000
Saved model to model-checkpoints/pointer_generator/english/low/model_238.pth

Train Epoch: 239 started
Train Epoch: 239, loss: 0.16430
Validation. Epoch: 239, loss: 0.2412, accuracy: 0.6870
Saved model to model-checkpoints/pointer_generator/english/low/model_239.pth

Train Epoch: 240 started
Train Epoch: 240, loss: 0.14437
Validation. Epoch: 240, loss: 0.2494, accuracy: 0.6770
Saved model to model-checkpoints/pointer_generator/english/low/model_240.pth

Train Epoch: 241 started
Train Epoch: 241, loss: 0.13062
Validation. Epoch: 241, loss: 0.2527, accuracy: 0.6630
Saved model to model-checkpoints/pointer_generator/english/low/model_241.pth

Train Epoch: 242 started
Train Epoch: 242, loss: 0.16967
Validation. Epoch: 242, loss: 0.2354, accuracy: 0.6890
Saved model to model-checkpoints/pointer_generator/english/low/model_242.pth

Train Epoch: 243 started
Train Epoch: 243, loss: 0.16562
Validation. Epoch: 243, loss: 0.2255, accuracy: 0.7280
Saved model to model-checkpoints/pointer_generator/english/low/model_243.pth

Train Epoch: 244 started
Train Epoch: 244, loss: 0.13034
Validation. Epoch: 244, loss: 0.2203, accuracy: 0.7290
Saved model to model-checkpoints/pointer_generator/english/low/model_244.pth

Train Epoch: 245 started
Train Epoch: 245, loss: 0.15803
Validation. Epoch: 245, loss: 0.2185, accuracy: 0.7370
Saved model to model-checkpoints/pointer_generator/english/low/model_245.pth

Train Epoch: 246 started
Train Epoch: 246, loss: 0.13831
Validation. Epoch: 246, loss: 0.2402, accuracy: 0.7050
Saved model to model-checkpoints/pointer_generator/english/low/model_246.pth

Train Epoch: 247 started
Train Epoch: 247, loss: 0.14602
Validation. Epoch: 247, loss: 0.2400, accuracy: 0.6830
Saved model to model-checkpoints/pointer_generator/english/low/model_247.pth

Train Epoch: 248 started
Train Epoch: 248, loss: 0.17732
Validation. Epoch: 248, loss: 0.2317, accuracy: 0.7130
Saved model to model-checkpoints/pointer_generator/english/low/model_248.pth

Train Epoch: 249 started
Train Epoch: 249, loss: 0.12704
Validation. Epoch: 249, loss: 0.2310, accuracy: 0.7030
Saved model to model-checkpoints/pointer_generator/english/low/model_249.pth

Train Epoch: 250 started
Train Epoch: 250, loss: 0.17649
Validation. Epoch: 250, loss: 0.2409, accuracy: 0.6840
Saved model to model-checkpoints/pointer_generator/english/low/model_250.pth

Train Epoch: 251 started
Train Epoch: 251, loss: 0.11117
Validation. Epoch: 251, loss: 0.2563, accuracy: 0.6730
Saved model to model-checkpoints/pointer_generator/english/low/model_251.pth

Train Epoch: 252 started
Train Epoch: 252, loss: 0.14280
Validation. Epoch: 252, loss: 0.2467, accuracy: 0.6910
Saved model to model-checkpoints/pointer_generator/english/low/model_252.pth

Train Epoch: 253 started
Train Epoch: 253, loss: 0.12984
Validation. Epoch: 253, loss: 0.2361, accuracy: 0.7170
Saved model to model-checkpoints/pointer_generator/english/low/model_253.pth

Train Epoch: 254 started
Train Epoch: 254, loss: 0.14313
Validation. Epoch: 254, loss: 0.2337, accuracy: 0.7160
Saved model to model-checkpoints/pointer_generator/english/low/model_254.pth

Train Epoch: 255 started
Train Epoch: 255, loss: 0.11443
Validation. Epoch: 255, loss: 0.2302, accuracy: 0.7220
Saved model to model-checkpoints/pointer_generator/english/low/model_255.pth

Train Epoch: 256 started
Train Epoch: 256, loss: 0.16875
Validation. Epoch: 256, loss: 0.2383, accuracy: 0.6890
Saved model to model-checkpoints/pointer_generator/english/low/model_256.pth

Train Epoch: 257 started
Train Epoch: 257, loss: 0.14266
Validation. Epoch: 257, loss: 0.2425, accuracy: 0.6840
Saved model to model-checkpoints/pointer_generator/english/low/model_257.pth

Train Epoch: 258 started
Train Epoch: 258, loss: 0.14568
Validation. Epoch: 258, loss: 0.2332, accuracy: 0.6960
Saved model to model-checkpoints/pointer_generator/english/low/model_258.pth

Train Epoch: 259 started
Train Epoch: 259, loss: 0.13327
Validation. Epoch: 259, loss: 0.2249, accuracy: 0.7290
Saved model to model-checkpoints/pointer_generator/english/low/model_259.pth

Train Epoch: 260 started
Train Epoch: 260, loss: 0.11229
Validation. Epoch: 260, loss: 0.2281, accuracy: 0.7290
Saved model to model-checkpoints/pointer_generator/english/low/model_260.pth

Train Epoch: 261 started
Train Epoch: 261, loss: 0.13394
Validation. Epoch: 261, loss: 0.2327, accuracy: 0.7140
Saved model to model-checkpoints/pointer_generator/english/low/model_261.pth

Train Epoch: 262 started
Train Epoch: 262, loss: 0.11660
Validation. Epoch: 262, loss: 0.2512, accuracy: 0.6910
Saved model to model-checkpoints/pointer_generator/english/low/model_262.pth

Train Epoch: 263 started
Train Epoch: 263, loss: 0.13188
Validation. Epoch: 263, loss: 0.2517, accuracy: 0.6810
Saved model to model-checkpoints/pointer_generator/english/low/model_263.pth

Train Epoch: 264 started
Train Epoch: 264, loss: 0.15152
Validation. Epoch: 264, loss: 0.2299, accuracy: 0.7170
Saved model to model-checkpoints/pointer_generator/english/low/model_264.pth

Train Epoch: 265 started
Train Epoch: 265, loss: 0.13360
Validation. Epoch: 265, loss: 0.2180, accuracy: 0.7220
Saved model to model-checkpoints/pointer_generator/english/low/model_265.pth

Train Epoch: 266 started
Train Epoch: 266, loss: 0.13725
Validation. Epoch: 266, loss: 0.2252, accuracy: 0.7080
Saved model to model-checkpoints/pointer_generator/english/low/model_266.pth

Train Epoch: 267 started
Train Epoch: 267, loss: 0.14975
Validation. Epoch: 267, loss: 0.2381, accuracy: 0.6970
Saved model to model-checkpoints/pointer_generator/english/low/model_267.pth

Train Epoch: 268 started
Train Epoch: 268, loss: 0.15414
Validation. Epoch: 268, loss: 0.2561, accuracy: 0.6880
Saved model to model-checkpoints/pointer_generator/english/low/model_268.pth

Train Epoch: 269 started
Train Epoch: 269, loss: 0.13354
Validation. Epoch: 269, loss: 0.2454, accuracy: 0.7000
Saved model to model-checkpoints/pointer_generator/english/low/model_269.pth

Train Epoch: 270 started
Train Epoch: 270, loss: 0.10832
Validation. Epoch: 270, loss: 0.2216, accuracy: 0.7320
Saved model to model-checkpoints/pointer_generator/english/low/model_270.pth

Train Epoch: 271 started
Train Epoch: 271, loss: 0.11605
Validation. Epoch: 271, loss: 0.2174, accuracy: 0.7360
Saved model to model-checkpoints/pointer_generator/english/low/model_271.pth

Train Epoch: 272 started
Train Epoch: 272, loss: 0.12592
Validation. Epoch: 272, loss: 0.2227, accuracy: 0.7180
Saved model to model-checkpoints/pointer_generator/english/low/model_272.pth

Train Epoch: 273 started
Train Epoch: 273, loss: 0.09166
Validation. Epoch: 273, loss: 0.2299, accuracy: 0.6980
Saved model to model-checkpoints/pointer_generator/english/low/model_273.pth

Train Epoch: 274 started
Train Epoch: 274, loss: 0.12763
Validation. Epoch: 274, loss: 0.2333, accuracy: 0.6930
Saved model to model-checkpoints/pointer_generator/english/low/model_274.pth

Train Epoch: 275 started
Train Epoch: 275, loss: 0.12632
Validation. Epoch: 275, loss: 0.2269, accuracy: 0.7150
Saved model to model-checkpoints/pointer_generator/english/low/model_275.pth

Train Epoch: 276 started
Train Epoch: 276, loss: 0.13088
Validation. Epoch: 276, loss: 0.2317, accuracy: 0.7330
Saved model to model-checkpoints/pointer_generator/english/low/model_276.pth

Train Epoch: 277 started
Train Epoch: 277, loss: 0.15275
Validation. Epoch: 277, loss: 0.2283, accuracy: 0.7300
Saved model to model-checkpoints/pointer_generator/english/low/model_277.pth

Train Epoch: 278 started
Train Epoch: 278, loss: 0.12607
Validation. Epoch: 278, loss: 0.2274, accuracy: 0.7350
Saved model to model-checkpoints/pointer_generator/english/low/model_278.pth

Train Epoch: 279 started
Train Epoch: 279, loss: 0.14001
Validation. Epoch: 279, loss: 0.2196, accuracy: 0.7370
Saved model to model-checkpoints/pointer_generator/english/low/model_279.pth

Train Epoch: 280 started
Train Epoch: 280, loss: 0.13394
Validation. Epoch: 280, loss: 0.2198, accuracy: 0.7390
Saved model to model-checkpoints/pointer_generator/english/low/model_280.pth

Train Epoch: 281 started
Train Epoch: 281, loss: 0.13128
Validation. Epoch: 281, loss: 0.2220, accuracy: 0.7320
Saved model to model-checkpoints/pointer_generator/english/low/model_281.pth

Train Epoch: 282 started
Train Epoch: 282, loss: 0.13825
Validation. Epoch: 282, loss: 0.2279, accuracy: 0.7140
Saved model to model-checkpoints/pointer_generator/english/low/model_282.pth

Train Epoch: 283 started
Train Epoch: 283, loss: 0.13171
Validation. Epoch: 283, loss: 0.2417, accuracy: 0.6830
Saved model to model-checkpoints/pointer_generator/english/low/model_283.pth

Train Epoch: 284 started
Train Epoch: 284, loss: 0.14989
Validation. Epoch: 284, loss: 0.2447, accuracy: 0.6930
Saved model to model-checkpoints/pointer_generator/english/low/model_284.pth

Train Epoch: 285 started
Train Epoch: 285, loss: 0.11595
Validation. Epoch: 285, loss: 0.2344, accuracy: 0.7180
Saved model to model-checkpoints/pointer_generator/english/low/model_285.pth

Train Epoch: 286 started
Train Epoch: 286, loss: 0.15073
Validation. Epoch: 286, loss: 0.2291, accuracy: 0.7340
Saved model to model-checkpoints/pointer_generator/english/low/model_286.pth

Train Epoch: 287 started
Train Epoch: 287, loss: 0.15612
Validation. Epoch: 287, loss: 0.2258, accuracy: 0.7410
Saved model to model-checkpoints/pointer_generator/english/low/model_287.pth

Train Epoch: 288 started
Train Epoch: 288, loss: 0.12907
Validation. Epoch: 288, loss: 0.2312, accuracy: 0.7360
Saved model to model-checkpoints/pointer_generator/english/low/model_288.pth

Train Epoch: 289 started
Train Epoch: 289, loss: 0.11101
Validation. Epoch: 289, loss: 0.2312, accuracy: 0.7190
Saved model to model-checkpoints/pointer_generator/english/low/model_289.pth

Train Epoch: 290 started
Train Epoch: 290, loss: 0.12430
Validation. Epoch: 290, loss: 0.2524, accuracy: 0.6830
Saved model to model-checkpoints/pointer_generator/english/low/model_290.pth

Train Epoch: 291 started
Train Epoch: 291, loss: 0.15985
Validation. Epoch: 291, loss: 0.2436, accuracy: 0.6930
Saved model to model-checkpoints/pointer_generator/english/low/model_291.pth

Train Epoch: 292 started
Train Epoch: 292, loss: 0.13497
Validation. Epoch: 292, loss: 0.2217, accuracy: 0.7500
Saved model to model-checkpoints/pointer_generator/english/low/model_292.pth

Train Epoch: 293 started
Train Epoch: 293, loss: 0.11635
Validation. Epoch: 293, loss: 0.2235, accuracy: 0.7390
Saved model to model-checkpoints/pointer_generator/english/low/model_293.pth

Train Epoch: 294 started
Train Epoch: 294, loss: 0.11853
Validation. Epoch: 294, loss: 0.2295, accuracy: 0.7340
Saved model to model-checkpoints/pointer_generator/english/low/model_294.pth

Train Epoch: 295 started
Train Epoch: 295, loss: 0.11130
Validation. Epoch: 295, loss: 0.2443, accuracy: 0.7080
Saved model to model-checkpoints/pointer_generator/english/low/model_295.pth

Train Epoch: 296 started
Train Epoch: 296, loss: 0.13075
Validation. Epoch: 296, loss: 0.2592, accuracy: 0.6840
Saved model to model-checkpoints/pointer_generator/english/low/model_296.pth

Train Epoch: 297 started
Train Epoch: 297, loss: 0.10646
Validation. Epoch: 297, loss: 0.2455, accuracy: 0.6990
Saved model to model-checkpoints/pointer_generator/english/low/model_297.pth

Train Epoch: 298 started
Train Epoch: 298, loss: 0.12801
Validation. Epoch: 298, loss: 0.2412, accuracy: 0.7140
Saved model to model-checkpoints/pointer_generator/english/low/model_298.pth

Train Epoch: 299 started
Train Epoch: 299, loss: 0.16470
Validation. Epoch: 299, loss: 0.2268, accuracy: 0.7410
Saved model to model-checkpoints/pointer_generator/english/low/model_299.pth

Train Epoch: 300 started
Train Epoch: 300, loss: 0.13419
Validation. Epoch: 300, loss: 0.2369, accuracy: 0.7230
Saved model to model-checkpoints/pointer_generator/english/low/model_300.pth

Train Epoch: 301 started
Train Epoch: 301, loss: 0.11288
Validation. Epoch: 301, loss: 0.2572, accuracy: 0.6910
Saved model to model-checkpoints/pointer_generator/english/low/model_301.pth

Train Epoch: 302 started
Train Epoch: 302, loss: 0.13910
Validation. Epoch: 302, loss: 0.2486, accuracy: 0.6990
Saved model to model-checkpoints/pointer_generator/english/low/model_302.pth

Train Epoch: 303 started
Train Epoch: 303, loss: 0.11146
Validation. Epoch: 303, loss: 0.2312, accuracy: 0.7310
Saved model to model-checkpoints/pointer_generator/english/low/model_303.pth

Train Epoch: 304 started
Train Epoch: 304, loss: 0.11094
Validation. Epoch: 304, loss: 0.2250, accuracy: 0.7380
Saved model to model-checkpoints/pointer_generator/english/low/model_304.pth

Train Epoch: 305 started
Train Epoch: 305, loss: 0.12025
Validation. Epoch: 305, loss: 0.2302, accuracy: 0.7400
Saved model to model-checkpoints/pointer_generator/english/low/model_305.pth

Train Epoch: 306 started
Train Epoch: 306, loss: 0.16192
Validation. Epoch: 306, loss: 0.2379, accuracy: 0.7290
Saved model to model-checkpoints/pointer_generator/english/low/model_306.pth

Train Epoch: 307 started
Train Epoch: 307, loss: 0.11099
Validation. Epoch: 307, loss: 0.2394, accuracy: 0.7250
Saved model to model-checkpoints/pointer_generator/english/low/model_307.pth

Train Epoch: 308 started
Train Epoch: 308, loss: 0.13729
Validation. Epoch: 308, loss: 0.2387, accuracy: 0.7260
Saved model to model-checkpoints/pointer_generator/english/low/model_308.pth

Train Epoch: 309 started
Train Epoch: 309, loss: 0.13873
Validation. Epoch: 309, loss: 0.2226, accuracy: 0.7510
Saved model to model-checkpoints/pointer_generator/english/low/model_309.pth

Train Epoch: 310 started
Train Epoch: 310, loss: 0.11721
Validation. Epoch: 310, loss: 0.2187, accuracy: 0.7540
Saved model to model-checkpoints/pointer_generator/english/low/model_310.pth

Train Epoch: 311 started
Train Epoch: 311, loss: 0.11977
Validation. Epoch: 311, loss: 0.2200, accuracy: 0.7450
Saved model to model-checkpoints/pointer_generator/english/low/model_311.pth

Train Epoch: 312 started
Train Epoch: 312, loss: 0.10323
Validation. Epoch: 312, loss: 0.2229, accuracy: 0.7410
Saved model to model-checkpoints/pointer_generator/english/low/model_312.pth

Train Epoch: 313 started
Train Epoch: 313, loss: 0.10174
Validation. Epoch: 313, loss: 0.2419, accuracy: 0.7130
Saved model to model-checkpoints/pointer_generator/english/low/model_313.pth

Train Epoch: 314 started
Train Epoch: 314, loss: 0.12172
Validation. Epoch: 314, loss: 0.2359, accuracy: 0.7300
Saved model to model-checkpoints/pointer_generator/english/low/model_314.pth

Train Epoch: 315 started
Train Epoch: 315, loss: 0.07474
Validation. Epoch: 315, loss: 0.2257, accuracy: 0.7540
Saved model to model-checkpoints/pointer_generator/english/low/model_315.pth

Train Epoch: 316 started
Train Epoch: 316, loss: 0.11867
Validation. Epoch: 316, loss: 0.2202, accuracy: 0.7630
Saved model to model-checkpoints/pointer_generator/english/low/model_316.pth

Train Epoch: 317 started
Train Epoch: 317, loss: 0.15960
Validation. Epoch: 317, loss: 0.2170, accuracy: 0.7620
Saved model to model-checkpoints/pointer_generator/english/low/model_317.pth

Train Epoch: 318 started
Train Epoch: 318, loss: 0.11740
Validation. Epoch: 318, loss: 0.2221, accuracy: 0.7480
Saved model to model-checkpoints/pointer_generator/english/low/model_318.pth

Train Epoch: 319 started
Train Epoch: 319, loss: 0.12013
Validation. Epoch: 319, loss: 0.2327, accuracy: 0.7340
Saved model to model-checkpoints/pointer_generator/english/low/model_319.pth

Train Epoch: 320 started
Train Epoch: 320, loss: 0.09416
Validation. Epoch: 320, loss: 0.2278, accuracy: 0.7390
Saved model to model-checkpoints/pointer_generator/english/low/model_320.pth

Train Epoch: 321 started
Train Epoch: 321, loss: 0.10797
Validation. Epoch: 321, loss: 0.2335, accuracy: 0.7400
Saved model to model-checkpoints/pointer_generator/english/low/model_321.pth

Train Epoch: 322 started
Train Epoch: 322, loss: 0.11127
Validation. Epoch: 322, loss: 0.2313, accuracy: 0.7410
Saved model to model-checkpoints/pointer_generator/english/low/model_322.pth

Train Epoch: 323 started
Train Epoch: 323, loss: 0.09542
Validation. Epoch: 323, loss: 0.2434, accuracy: 0.7280
Saved model to model-checkpoints/pointer_generator/english/low/model_323.pth

Train Epoch: 324 started
Train Epoch: 324, loss: 0.09344
Validation. Epoch: 324, loss: 0.2445, accuracy: 0.7040
Saved model to model-checkpoints/pointer_generator/english/low/model_324.pth

Train Epoch: 325 started
Train Epoch: 325, loss: 0.09549
Validation. Epoch: 325, loss: 0.2547, accuracy: 0.7000
Saved model to model-checkpoints/pointer_generator/english/low/model_325.pth

Train Epoch: 326 started
Train Epoch: 326, loss: 0.11431
Validation. Epoch: 326, loss: 0.2306, accuracy: 0.7330
Saved model to model-checkpoints/pointer_generator/english/low/model_326.pth

Train Epoch: 327 started
Train Epoch: 327, loss: 0.10823
Validation. Epoch: 327, loss: 0.2219, accuracy: 0.7500
Saved model to model-checkpoints/pointer_generator/english/low/model_327.pth

Train Epoch: 328 started
Train Epoch: 328, loss: 0.11914
Validation. Epoch: 328, loss: 0.2300, accuracy: 0.7400
Saved model to model-checkpoints/pointer_generator/english/low/model_328.pth

Train Epoch: 329 started
Train Epoch: 329, loss: 0.10420
Validation. Epoch: 329, loss: 0.2398, accuracy: 0.7210
Saved model to model-checkpoints/pointer_generator/english/low/model_329.pth

Train Epoch: 330 started
Train Epoch: 330, loss: 0.09069
Validation. Epoch: 330, loss: 0.2634, accuracy: 0.6880
Saved model to model-checkpoints/pointer_generator/english/low/model_330.pth

Train Epoch: 331 started
Train Epoch: 331, loss: 0.12596
Validation. Epoch: 331, loss: 0.2315, accuracy: 0.7270
Saved model to model-checkpoints/pointer_generator/english/low/model_331.pth

Train Epoch: 332 started
Train Epoch: 332, loss: 0.12259
Validation. Epoch: 332, loss: 0.2282, accuracy: 0.7350
Saved model to model-checkpoints/pointer_generator/english/low/model_332.pth

Train Epoch: 333 started
Train Epoch: 333, loss: 0.12243
Validation. Epoch: 333, loss: 0.2360, accuracy: 0.7120
Saved model to model-checkpoints/pointer_generator/english/low/model_333.pth

Train Epoch: 334 started
Train Epoch: 334, loss: 0.12822
Validation. Epoch: 334, loss: 0.2325, accuracy: 0.7270
Saved model to model-checkpoints/pointer_generator/english/low/model_334.pth

Train Epoch: 335 started
Train Epoch: 335, loss: 0.09700
Validation. Epoch: 335, loss: 0.2440, accuracy: 0.7090
Saved model to model-checkpoints/pointer_generator/english/low/model_335.pth

Train Epoch: 336 started
Train Epoch: 336, loss: 0.10615
Validation. Epoch: 336, loss: 0.2391, accuracy: 0.7140
Saved model to model-checkpoints/pointer_generator/english/low/model_336.pth

Train Epoch: 337 started
Train Epoch: 337, loss: 0.09306
Validation. Epoch: 337, loss: 0.2381, accuracy: 0.7190
Saved model to model-checkpoints/pointer_generator/english/low/model_337.pth

Train Epoch: 338 started
Train Epoch: 338, loss: 0.12284
Validation. Epoch: 338, loss: 0.2244, accuracy: 0.7480
Saved model to model-checkpoints/pointer_generator/english/low/model_338.pth

Train Epoch: 339 started
Train Epoch: 339, loss: 0.09529
Validation. Epoch: 339, loss: 0.2191, accuracy: 0.7530
Saved model to model-checkpoints/pointer_generator/english/low/model_339.pth

Train Epoch: 340 started
Train Epoch: 340, loss: 0.15283
Validation. Epoch: 340, loss: 0.2228, accuracy: 0.7520
Saved model to model-checkpoints/pointer_generator/english/low/model_340.pth

Train Epoch: 341 started
Train Epoch: 341, loss: 0.12317
Validation. Epoch: 341, loss: 0.2251, accuracy: 0.7520
Saved model to model-checkpoints/pointer_generator/english/low/model_341.pth

Train Epoch: 342 started
Train Epoch: 342, loss: 0.11331
Validation. Epoch: 342, loss: 0.2312, accuracy: 0.7340
Saved model to model-checkpoints/pointer_generator/english/low/model_342.pth

Train Epoch: 343 started
Train Epoch: 343, loss: 0.11703
Validation. Epoch: 343, loss: 0.2338, accuracy: 0.7240
Saved model to model-checkpoints/pointer_generator/english/low/model_343.pth

Train Epoch: 344 started
Train Epoch: 344, loss: 0.10375
Validation. Epoch: 344, loss: 0.2311, accuracy: 0.7330
Saved model to model-checkpoints/pointer_generator/english/low/model_344.pth

Train Epoch: 345 started
Train Epoch: 345, loss: 0.13193
Validation. Epoch: 345, loss: 0.2338, accuracy: 0.7300
Saved model to model-checkpoints/pointer_generator/english/low/model_345.pth

Train Epoch: 346 started
Train Epoch: 346, loss: 0.12941
Validation. Epoch: 346, loss: 0.2353, accuracy: 0.7270
Saved model to model-checkpoints/pointer_generator/english/low/model_346.pth

Train Epoch: 347 started
Train Epoch: 347, loss: 0.10947
Validation. Epoch: 347, loss: 0.2382, accuracy: 0.7310
Saved model to model-checkpoints/pointer_generator/english/low/model_347.pth

Train Epoch: 348 started
Train Epoch: 348, loss: 0.11245
Validation. Epoch: 348, loss: 0.2582, accuracy: 0.6920
Saved model to model-checkpoints/pointer_generator/english/low/model_348.pth

Train Epoch: 349 started
Train Epoch: 349, loss: 0.10535
Validation. Epoch: 349, loss: 0.2452, accuracy: 0.7060
Saved model to model-checkpoints/pointer_generator/english/low/model_349.pth

Train Epoch: 350 started
Train Epoch: 350, loss: 0.09394
Validation. Epoch: 350, loss: 0.2260, accuracy: 0.7470
Saved model to model-checkpoints/pointer_generator/english/low/model_350.pth

Train Epoch: 351 started
Train Epoch: 351, loss: 0.10640
Validation. Epoch: 351, loss: 0.2172, accuracy: 0.7610
Saved model to model-checkpoints/pointer_generator/english/low/model_351.pth

Train Epoch: 352 started
Train Epoch: 352, loss: 0.10234
Validation. Epoch: 352, loss: 0.2196, accuracy: 0.7550
Saved model to model-checkpoints/pointer_generator/english/low/model_352.pth

Train Epoch: 353 started
Train Epoch: 353, loss: 0.09671
Validation. Epoch: 353, loss: 0.2333, accuracy: 0.7320
Saved model to model-checkpoints/pointer_generator/english/low/model_353.pth

Train Epoch: 354 started
Train Epoch: 354, loss: 0.10468
Validation. Epoch: 354, loss: 0.2489, accuracy: 0.7220
Saved model to model-checkpoints/pointer_generator/english/low/model_354.pth

Train Epoch: 355 started
Train Epoch: 355, loss: 0.09616
Validation. Epoch: 355, loss: 0.2345, accuracy: 0.7320
Saved model to model-checkpoints/pointer_generator/english/low/model_355.pth

Train Epoch: 356 started
Train Epoch: 356, loss: 0.09686
Validation. Epoch: 356, loss: 0.2314, accuracy: 0.7460
Saved model to model-checkpoints/pointer_generator/english/low/model_356.pth

Train Epoch: 357 started
Train Epoch: 357, loss: 0.09356
Validation. Epoch: 357, loss: 0.2290, accuracy: 0.7400
Saved model to model-checkpoints/pointer_generator/english/low/model_357.pth

Train Epoch: 358 started
Train Epoch: 358, loss: 0.08529
Validation. Epoch: 358, loss: 0.2347, accuracy: 0.7310
Saved model to model-checkpoints/pointer_generator/english/low/model_358.pth

Train Epoch: 359 started
Train Epoch: 359, loss: 0.12844
Validation. Epoch: 359, loss: 0.2341, accuracy: 0.7280
Saved model to model-checkpoints/pointer_generator/english/low/model_359.pth

Train Epoch: 360 started
Train Epoch: 360, loss: 0.13071
Validation. Epoch: 360, loss: 0.2296, accuracy: 0.7370
Saved model to model-checkpoints/pointer_generator/english/low/model_360.pth

Train Epoch: 361 started
Train Epoch: 361, loss: 0.09676
Validation. Epoch: 361, loss: 0.2207, accuracy: 0.7460
Saved model to model-checkpoints/pointer_generator/english/low/model_361.pth

Train Epoch: 362 started
Train Epoch: 362, loss: 0.12367
Validation. Epoch: 362, loss: 0.2200, accuracy: 0.7480
Saved model to model-checkpoints/pointer_generator/english/low/model_362.pth

Train Epoch: 363 started
Train Epoch: 363, loss: 0.08174
Validation. Epoch: 363, loss: 0.2264, accuracy: 0.7470
Saved model to model-checkpoints/pointer_generator/english/low/model_363.pth

Train Epoch: 364 started
Train Epoch: 364, loss: 0.09755
Validation. Epoch: 364, loss: 0.2290, accuracy: 0.7420
Saved model to model-checkpoints/pointer_generator/english/low/model_364.pth

Train Epoch: 365 started
Train Epoch: 365, loss: 0.10654
Validation. Epoch: 365, loss: 0.2436, accuracy: 0.7260
Saved model to model-checkpoints/pointer_generator/english/low/model_365.pth

Train Epoch: 366 started
Train Epoch: 366, loss: 0.09484
Validation. Epoch: 366, loss: 0.2434, accuracy: 0.7270
Saved model to model-checkpoints/pointer_generator/english/low/model_366.pth

Train Epoch: 367 started
Train Epoch: 367, loss: 0.12640
Validation. Epoch: 367, loss: 0.2408, accuracy: 0.7230
Saved model to model-checkpoints/pointer_generator/english/low/model_367.pth

Train Epoch: 368 started
Train Epoch: 368, loss: 0.09910
Validation. Epoch: 368, loss: 0.2337, accuracy: 0.7440
Saved model to model-checkpoints/pointer_generator/english/low/model_368.pth

Train Epoch: 369 started
Train Epoch: 369, loss: 0.11635
Validation. Epoch: 369, loss: 0.2308, accuracy: 0.7460
Saved model to model-checkpoints/pointer_generator/english/low/model_369.pth

Train Epoch: 370 started
Train Epoch: 370, loss: 0.11047
Validation. Epoch: 370, loss: 0.2321, accuracy: 0.7460
Saved model to model-checkpoints/pointer_generator/english/low/model_370.pth

Train Epoch: 371 started
Train Epoch: 371, loss: 0.10619
Validation. Epoch: 371, loss: 0.2394, accuracy: 0.7350
Saved model to model-checkpoints/pointer_generator/english/low/model_371.pth

Train Epoch: 372 started
Train Epoch: 372, loss: 0.09612
Validation. Epoch: 372, loss: 0.2472, accuracy: 0.7060
Saved model to model-checkpoints/pointer_generator/english/low/model_372.pth

Train Epoch: 373 started
Train Epoch: 373, loss: 0.09995
Validation. Epoch: 373, loss: 0.2557, accuracy: 0.6970
Saved model to model-checkpoints/pointer_generator/english/low/model_373.pth

Train Epoch: 374 started
Train Epoch: 374, loss: 0.13779
Validation. Epoch: 374, loss: 0.2363, accuracy: 0.7260
Saved model to model-checkpoints/pointer_generator/english/low/model_374.pth

Train Epoch: 375 started
Train Epoch: 375, loss: 0.10371
Validation. Epoch: 375, loss: 0.2327, accuracy: 0.7420
Saved model to model-checkpoints/pointer_generator/english/low/model_375.pth

Train Epoch: 376 started
Train Epoch: 376, loss: 0.10002
Validation. Epoch: 376, loss: 0.2391, accuracy: 0.7350
Saved model to model-checkpoints/pointer_generator/english/low/model_376.pth

Train Epoch: 377 started
Train Epoch: 377, loss: 0.10825
Validation. Epoch: 377, loss: 0.2233, accuracy: 0.7420
Saved model to model-checkpoints/pointer_generator/english/low/model_377.pth

Train Epoch: 378 started
Train Epoch: 378, loss: 0.10794
Validation. Epoch: 378, loss: 0.2341, accuracy: 0.7320
Saved model to model-checkpoints/pointer_generator/english/low/model_378.pth

Train Epoch: 379 started
Train Epoch: 379, loss: 0.08015
Validation. Epoch: 379, loss: 0.2495, accuracy: 0.7060
Saved model to model-checkpoints/pointer_generator/english/low/model_379.pth

Train Epoch: 380 started
Train Epoch: 380, loss: 0.09423
Validation. Epoch: 380, loss: 0.2557, accuracy: 0.6970
Saved model to model-checkpoints/pointer_generator/english/low/model_380.pth

Train Epoch: 381 started
Train Epoch: 381, loss: 0.10637
Validation. Epoch: 381, loss: 0.2534, accuracy: 0.6910
Saved model to model-checkpoints/pointer_generator/english/low/model_381.pth

Train Epoch: 382 started
Train Epoch: 382, loss: 0.08886
Validation. Epoch: 382, loss: 0.2357, accuracy: 0.7200
Saved model to model-checkpoints/pointer_generator/english/low/model_382.pth

Train Epoch: 383 started
Train Epoch: 383, loss: 0.09444
Validation. Epoch: 383, loss: 0.2284, accuracy: 0.7280
Saved model to model-checkpoints/pointer_generator/english/low/model_383.pth

Train Epoch: 384 started
Train Epoch: 384, loss: 0.10203
Validation. Epoch: 384, loss: 0.2245, accuracy: 0.7340
Saved model to model-checkpoints/pointer_generator/english/low/model_384.pth

Train Epoch: 385 started
Train Epoch: 385, loss: 0.09913
Validation. Epoch: 385, loss: 0.2309, accuracy: 0.7420
Saved model to model-checkpoints/pointer_generator/english/low/model_385.pth

Train Epoch: 386 started
Train Epoch: 386, loss: 0.08724
Validation. Epoch: 386, loss: 0.2413, accuracy: 0.7270
Saved model to model-checkpoints/pointer_generator/english/low/model_386.pth

Train Epoch: 387 started
Train Epoch: 387, loss: 0.07704
Validation. Epoch: 387, loss: 0.2551, accuracy: 0.7060
Saved model to model-checkpoints/pointer_generator/english/low/model_387.pth

Train Epoch: 388 started
Train Epoch: 388, loss: 0.09525
Validation. Epoch: 388, loss: 0.2358, accuracy: 0.7270
Saved model to model-checkpoints/pointer_generator/english/low/model_388.pth

Train Epoch: 389 started
Train Epoch: 389, loss: 0.08230
Validation. Epoch: 389, loss: 0.2264, accuracy: 0.7750
Saved model to model-checkpoints/pointer_generator/english/low/model_389.pth

Train Epoch: 390 started
Train Epoch: 390, loss: 0.12528
Validation. Epoch: 390, loss: 0.2263, accuracy: 0.7710
Saved model to model-checkpoints/pointer_generator/english/low/model_390.pth

Train Epoch: 391 started
Train Epoch: 391, loss: 0.08361
Validation. Epoch: 391, loss: 0.2356, accuracy: 0.7630
Saved model to model-checkpoints/pointer_generator/english/low/model_391.pth

Train Epoch: 392 started
Train Epoch: 392, loss: 0.08297
Validation. Epoch: 392, loss: 0.2399, accuracy: 0.7460
Saved model to model-checkpoints/pointer_generator/english/low/model_392.pth

Train Epoch: 393 started
Train Epoch: 393, loss: 0.07611
Validation. Epoch: 393, loss: 0.2448, accuracy: 0.7310
Saved model to model-checkpoints/pointer_generator/english/low/model_393.pth

Train Epoch: 394 started
Train Epoch: 394, loss: 0.10646
Validation. Epoch: 394, loss: 0.2488, accuracy: 0.7330
Saved model to model-checkpoints/pointer_generator/english/low/model_394.pth

Train Epoch: 395 started
Train Epoch: 395, loss: 0.10895
Validation. Epoch: 395, loss: 0.2394, accuracy: 0.7350
Saved model to model-checkpoints/pointer_generator/english/low/model_395.pth

Train Epoch: 396 started
Train Epoch: 396, loss: 0.10292
Validation. Epoch: 396, loss: 0.2393, accuracy: 0.7340
Saved model to model-checkpoints/pointer_generator/english/low/model_396.pth

Train Epoch: 397 started
Train Epoch: 397, loss: 0.08895
Validation. Epoch: 397, loss: 0.2349, accuracy: 0.7350
Saved model to model-checkpoints/pointer_generator/english/low/model_397.pth

Train Epoch: 398 started
Train Epoch: 398, loss: 0.08558
Validation. Epoch: 398, loss: 0.2375, accuracy: 0.7330
Saved model to model-checkpoints/pointer_generator/english/low/model_398.pth

Train Epoch: 399 started
Train Epoch: 399, loss: 0.10786
Validation. Epoch: 399, loss: 0.2345, accuracy: 0.7320
Saved model to model-checkpoints/pointer_generator/english/low/model_399.pth

Train Epoch: 400 started
Train Epoch: 400, loss: 0.10604
Validation. Epoch: 400, loss: 0.2374, accuracy: 0.7240
Saved model to model-checkpoints/pointer_generator/english/low/model_400.pth

Finished training, best model on validation set:  195
