
Train Epoch: 1 started
Train Epoch: 1, loss: 3.66496
Validation. Epoch: 1, loss: 3.1568, accuracy: 0.0000
Saved model to model-checkpoints/transformer/french/low/model_1.pth
New best Loss, saved to model-checkpoints/transformer/french/low/model_best.pth

Train Epoch: 2 started
Train Epoch: 2, loss: 3.21563
Validation. Epoch: 2, loss: 3.0927, accuracy: 0.0000
Saved model to model-checkpoints/transformer/french/low/model_2.pth
New best Loss, saved to model-checkpoints/transformer/french/low/model_best.pth

Train Epoch: 3 started
Train Epoch: 3, loss: 3.14863
Validation. Epoch: 3, loss: 3.0388, accuracy: 0.0000
Saved model to model-checkpoints/transformer/french/low/model_3.pth
New best Loss, saved to model-checkpoints/transformer/french/low/model_best.pth

Train Epoch: 4 started
Train Epoch: 4, loss: 3.10885
Validation. Epoch: 4, loss: 3.0075, accuracy: 0.0000
Saved model to model-checkpoints/transformer/french/low/model_4.pth
New best Loss, saved to model-checkpoints/transformer/french/low/model_best.pth

Train Epoch: 5 started
Train Epoch: 5, loss: 3.06230
Validation. Epoch: 5, loss: 2.9738, accuracy: 0.0000
Saved model to model-checkpoints/transformer/french/low/model_5.pth
New best Loss, saved to model-checkpoints/transformer/french/low/model_best.pth

Train Epoch: 6 started
Train Epoch: 6, loss: 3.02124
Validation. Epoch: 6, loss: 2.9583, accuracy: 0.0000
Saved model to model-checkpoints/transformer/french/low/model_6.pth
New best Loss, saved to model-checkpoints/transformer/french/low/model_best.pth

Train Epoch: 7 started
Train Epoch: 7, loss: 3.04182
Validation. Epoch: 7, loss: 2.9421, accuracy: 0.0000
Saved model to model-checkpoints/transformer/french/low/model_7.pth
New best Loss, saved to model-checkpoints/transformer/french/low/model_best.pth

Train Epoch: 8 started
Train Epoch: 8, loss: 2.98804
Validation. Epoch: 8, loss: 2.9224, accuracy: 0.0000
Saved model to model-checkpoints/transformer/french/low/model_8.pth
New best Loss, saved to model-checkpoints/transformer/french/low/model_best.pth

Train Epoch: 9 started
Train Epoch: 9, loss: 2.96782
Validation. Epoch: 9, loss: 2.9025, accuracy: 0.0000
Saved model to model-checkpoints/transformer/french/low/model_9.pth
New best Loss, saved to model-checkpoints/transformer/french/low/model_best.pth

Train Epoch: 10 started
Train Epoch: 10, loss: 2.93941
Validation. Epoch: 10, loss: 2.8931, accuracy: 0.0000
Saved model to model-checkpoints/transformer/french/low/model_10.pth
New best Loss, saved to model-checkpoints/transformer/french/low/model_best.pth

Train Epoch: 11 started
Train Epoch: 11, loss: 2.94289
Validation. Epoch: 11, loss: 2.8795, accuracy: 0.0000
Saved model to model-checkpoints/transformer/french/low/model_11.pth
New best Loss, saved to model-checkpoints/transformer/french/low/model_best.pth

Train Epoch: 12 started
Train Epoch: 12, loss: 2.94017
Validation. Epoch: 12, loss: 2.8709, accuracy: 0.0000
Saved model to model-checkpoints/transformer/french/low/model_12.pth
New best Loss, saved to model-checkpoints/transformer/french/low/model_best.pth

Train Epoch: 13 started
Train Epoch: 13, loss: 2.88386
Validation. Epoch: 13, loss: 2.8629, accuracy: 0.0000
Saved model to model-checkpoints/transformer/french/low/model_13.pth
New best Loss, saved to model-checkpoints/transformer/french/low/model_best.pth

Train Epoch: 14 started
Train Epoch: 14, loss: 2.88744
Validation. Epoch: 14, loss: 2.8546, accuracy: 0.0000
Saved model to model-checkpoints/transformer/french/low/model_14.pth
New best Loss, saved to model-checkpoints/transformer/french/low/model_best.pth

Train Epoch: 15 started
Train Epoch: 15, loss: 2.86493
Validation. Epoch: 15, loss: 2.8538, accuracy: 0.0000
Saved model to model-checkpoints/transformer/french/low/model_15.pth
New best Loss, saved to model-checkpoints/transformer/french/low/model_best.pth

Train Epoch: 16 started
Train Epoch: 16, loss: 2.87134
Validation. Epoch: 16, loss: 2.8603, accuracy: 0.0000
Saved model to model-checkpoints/transformer/french/low/model_16.pth

Train Epoch: 17 started
Train Epoch: 17, loss: 2.86625
Validation. Epoch: 17, loss: 2.8498, accuracy: 0.0000
Saved model to model-checkpoints/transformer/french/low/model_17.pth
New best Loss, saved to model-checkpoints/transformer/french/low/model_best.pth

Train Epoch: 18 started
Train Epoch: 18, loss: 2.81921
Validation. Epoch: 18, loss: 2.8417, accuracy: 0.0000
Saved model to model-checkpoints/transformer/french/low/model_18.pth
New best Loss, saved to model-checkpoints/transformer/french/low/model_best.pth

Train Epoch: 19 started
Train Epoch: 19, loss: 2.82822
Validation. Epoch: 19, loss: 2.8305, accuracy: 0.0000
Saved model to model-checkpoints/transformer/french/low/model_19.pth
New best Loss, saved to model-checkpoints/transformer/french/low/model_best.pth

Train Epoch: 20 started
Train Epoch: 20, loss: 2.81014
Validation. Epoch: 20, loss: 2.8201, accuracy: 0.0000
Saved model to model-checkpoints/transformer/french/low/model_20.pth
New best Loss, saved to model-checkpoints/transformer/french/low/model_best.pth

Train Epoch: 21 started
Train Epoch: 21, loss: 2.79373
Validation. Epoch: 21, loss: 2.8103, accuracy: 0.0000
Saved model to model-checkpoints/transformer/french/low/model_21.pth
New best Loss, saved to model-checkpoints/transformer/french/low/model_best.pth

Train Epoch: 22 started
Train Epoch: 22, loss: 2.78267
Validation. Epoch: 22, loss: 2.8106, accuracy: 0.0000
Saved model to model-checkpoints/transformer/french/low/model_22.pth

Train Epoch: 23 started
Train Epoch: 23, loss: 2.78779
Validation. Epoch: 23, loss: 2.7918, accuracy: 0.0000
Saved model to model-checkpoints/transformer/french/low/model_23.pth
New best Loss, saved to model-checkpoints/transformer/french/low/model_best.pth

Train Epoch: 24 started
Train Epoch: 24, loss: 2.77419
Validation. Epoch: 24, loss: 2.7744, accuracy: 0.0000
Saved model to model-checkpoints/transformer/french/low/model_24.pth
New best Loss, saved to model-checkpoints/transformer/french/low/model_best.pth

Train Epoch: 25 started
Train Epoch: 25, loss: 2.76645
Validation. Epoch: 25, loss: 2.7656, accuracy: 0.0000
Saved model to model-checkpoints/transformer/french/low/model_25.pth
New best Loss, saved to model-checkpoints/transformer/french/low/model_best.pth

Train Epoch: 26 started
Train Epoch: 26, loss: 2.76878
Validation. Epoch: 26, loss: 2.7742, accuracy: 0.0000
Saved model to model-checkpoints/transformer/french/low/model_26.pth

Train Epoch: 27 started
Train Epoch: 27, loss: 2.76736
Validation. Epoch: 27, loss: 2.7752, accuracy: 0.0000
Saved model to model-checkpoints/transformer/french/low/model_27.pth

Train Epoch: 28 started
Train Epoch: 28, loss: 2.74624
Validation. Epoch: 28, loss: 2.7642, accuracy: 0.0000
Saved model to model-checkpoints/transformer/french/low/model_28.pth
New best Loss, saved to model-checkpoints/transformer/french/low/model_best.pth

Train Epoch: 29 started
Train Epoch: 29, loss: 2.71282
Validation. Epoch: 29, loss: 2.7530, accuracy: 0.0000
Saved model to model-checkpoints/transformer/french/low/model_29.pth
New best Loss, saved to model-checkpoints/transformer/french/low/model_best.pth

Train Epoch: 30 started
Train Epoch: 30, loss: 2.68107
Validation. Epoch: 30, loss: 2.7491, accuracy: 0.0000
Saved model to model-checkpoints/transformer/french/low/model_30.pth
New best Loss, saved to model-checkpoints/transformer/french/low/model_best.pth

Train Epoch: 31 started
Train Epoch: 31, loss: 2.69752
Validation. Epoch: 31, loss: 2.7517, accuracy: 0.0000
Saved model to model-checkpoints/transformer/french/low/model_31.pth

Train Epoch: 32 started
Train Epoch: 32, loss: 2.68820
Validation. Epoch: 32, loss: 2.7327, accuracy: 0.0000
Saved model to model-checkpoints/transformer/french/low/model_32.pth
New best Loss, saved to model-checkpoints/transformer/french/low/model_best.pth

Train Epoch: 33 started
Train Epoch: 33, loss: 2.65953
Validation. Epoch: 33, loss: 2.7352, accuracy: 0.0000
Saved model to model-checkpoints/transformer/french/low/model_33.pth

Train Epoch: 34 started
Train Epoch: 34, loss: 2.68690
Validation. Epoch: 34, loss: 2.7513, accuracy: 0.0000
Saved model to model-checkpoints/transformer/french/low/model_34.pth

Train Epoch: 35 started
Train Epoch: 35, loss: 2.68201
Validation. Epoch: 35, loss: 2.7400, accuracy: 0.0000
Saved model to model-checkpoints/transformer/french/low/model_35.pth

Train Epoch: 36 started
Train Epoch: 36, loss: 2.66914
Validation. Epoch: 36, loss: 2.7339, accuracy: 0.0000
Saved model to model-checkpoints/transformer/french/low/model_36.pth

Train Epoch: 37 started
Train Epoch: 37, loss: 2.65754
Validation. Epoch: 37, loss: 2.7368, accuracy: 0.0000
Saved model to model-checkpoints/transformer/french/low/model_37.pth

Train Epoch: 38 started
Train Epoch: 38, loss: 2.66318
Validation. Epoch: 38, loss: 2.7163, accuracy: 0.0000
Saved model to model-checkpoints/transformer/french/low/model_38.pth
New best Loss, saved to model-checkpoints/transformer/french/low/model_best.pth

Train Epoch: 39 started
Train Epoch: 39, loss: 2.67391
Validation. Epoch: 39, loss: 2.7076, accuracy: 0.0000
Saved model to model-checkpoints/transformer/french/low/model_39.pth
New best Loss, saved to model-checkpoints/transformer/french/low/model_best.pth

Train Epoch: 40 started
Train Epoch: 40, loss: 2.63231
Validation. Epoch: 40, loss: 2.7265, accuracy: 0.0000
Saved model to model-checkpoints/transformer/french/low/model_40.pth

Train Epoch: 41 started
Train Epoch: 41, loss: 2.65775
Validation. Epoch: 41, loss: 2.7025, accuracy: 0.0000
Saved model to model-checkpoints/transformer/french/low/model_41.pth
New best Loss, saved to model-checkpoints/transformer/french/low/model_best.pth

Train Epoch: 42 started
Train Epoch: 42, loss: 2.64584
Validation. Epoch: 42, loss: 2.6978, accuracy: 0.0000
Saved model to model-checkpoints/transformer/french/low/model_42.pth
New best Loss, saved to model-checkpoints/transformer/french/low/model_best.pth

Train Epoch: 43 started
Train Epoch: 43, loss: 2.61683
Validation. Epoch: 43, loss: 2.7076, accuracy: 0.0000
Saved model to model-checkpoints/transformer/french/low/model_43.pth

Train Epoch: 44 started
Train Epoch: 44, loss: 2.61363
Validation. Epoch: 44, loss: 2.6980, accuracy: 0.0000
Saved model to model-checkpoints/transformer/french/low/model_44.pth

Train Epoch: 45 started
Train Epoch: 45, loss: 2.60199
Validation. Epoch: 45, loss: 2.6963, accuracy: 0.0000
Saved model to model-checkpoints/transformer/french/low/model_45.pth
New best Loss, saved to model-checkpoints/transformer/french/low/model_best.pth

Train Epoch: 46 started
Train Epoch: 46, loss: 2.57665
Validation. Epoch: 46, loss: 2.7151, accuracy: 0.0000
Saved model to model-checkpoints/transformer/french/low/model_46.pth

Train Epoch: 47 started
Train Epoch: 47, loss: 2.59199
Validation. Epoch: 47, loss: 2.6910, accuracy: 0.0000
Saved model to model-checkpoints/transformer/french/low/model_47.pth
New best Loss, saved to model-checkpoints/transformer/french/low/model_best.pth

Train Epoch: 48 started
Train Epoch: 48, loss: 2.55852
Validation. Epoch: 48, loss: 2.6823, accuracy: 0.0000
Saved model to model-checkpoints/transformer/french/low/model_48.pth
New best Loss, saved to model-checkpoints/transformer/french/low/model_best.pth

Train Epoch: 49 started
Train Epoch: 49, loss: 2.53859
Validation. Epoch: 49, loss: 2.7202, accuracy: 0.0000
Saved model to model-checkpoints/transformer/french/low/model_49.pth

Train Epoch: 50 started
Train Epoch: 50, loss: 2.56998
Validation. Epoch: 50, loss: 2.6660, accuracy: 0.0000
Saved model to model-checkpoints/transformer/french/low/model_50.pth
New best Loss, saved to model-checkpoints/transformer/french/low/model_best.pth

Train Epoch: 51 started
Train Epoch: 51, loss: 2.53272
Validation. Epoch: 51, loss: 2.6566, accuracy: 0.0000
Saved model to model-checkpoints/transformer/french/low/model_51.pth
New best Loss, saved to model-checkpoints/transformer/french/low/model_best.pth

Train Epoch: 52 started
Train Epoch: 52, loss: 2.56491
Validation. Epoch: 52, loss: 2.7141, accuracy: 0.0000
Saved model to model-checkpoints/transformer/french/low/model_52.pth

Train Epoch: 53 started
Train Epoch: 53, loss: 2.55409
Validation. Epoch: 53, loss: 2.6478, accuracy: 0.0000
Saved model to model-checkpoints/transformer/french/low/model_53.pth
New best Loss, saved to model-checkpoints/transformer/french/low/model_best.pth

Train Epoch: 54 started
Train Epoch: 54, loss: 2.53680
Validation. Epoch: 54, loss: 2.6556, accuracy: 0.0000
Saved model to model-checkpoints/transformer/french/low/model_54.pth

Train Epoch: 55 started
Train Epoch: 55, loss: 2.49377
Validation. Epoch: 55, loss: 2.6538, accuracy: 0.0000
Saved model to model-checkpoints/transformer/french/low/model_55.pth

Train Epoch: 56 started
Train Epoch: 56, loss: 2.54490
Validation. Epoch: 56, loss: 2.6262, accuracy: 0.0000
Saved model to model-checkpoints/transformer/french/low/model_56.pth
New best Loss, saved to model-checkpoints/transformer/french/low/model_best.pth

Train Epoch: 57 started
Train Epoch: 57, loss: 2.50386
Validation. Epoch: 57, loss: 2.6396, accuracy: 0.0000
Saved model to model-checkpoints/transformer/french/low/model_57.pth

Train Epoch: 58 started
Train Epoch: 58, loss: 2.45305
Validation. Epoch: 58, loss: 2.6141, accuracy: 0.0000
Saved model to model-checkpoints/transformer/french/low/model_58.pth
New best Loss, saved to model-checkpoints/transformer/french/low/model_best.pth

Train Epoch: 59 started
Train Epoch: 59, loss: 2.50329
Validation. Epoch: 59, loss: 2.6051, accuracy: 0.0000
Saved model to model-checkpoints/transformer/french/low/model_59.pth
New best Loss, saved to model-checkpoints/transformer/french/low/model_best.pth

Train Epoch: 60 started
Train Epoch: 60, loss: 2.45236
Validation. Epoch: 60, loss: 2.6121, accuracy: 0.0000
Saved model to model-checkpoints/transformer/french/low/model_60.pth

Train Epoch: 61 started
Train Epoch: 61, loss: 2.46122
Validation. Epoch: 61, loss: 2.5832, accuracy: 0.0000
Saved model to model-checkpoints/transformer/french/low/model_61.pth
New best Loss, saved to model-checkpoints/transformer/french/low/model_best.pth

Train Epoch: 62 started
Train Epoch: 62, loss: 2.38847
Validation. Epoch: 62, loss: 2.5656, accuracy: 0.0000
Saved model to model-checkpoints/transformer/french/low/model_62.pth
New best Loss, saved to model-checkpoints/transformer/french/low/model_best.pth

Train Epoch: 63 started
Train Epoch: 63, loss: 2.43751
Validation. Epoch: 63, loss: 2.5890, accuracy: 0.0000
Saved model to model-checkpoints/transformer/french/low/model_63.pth

Train Epoch: 64 started
Train Epoch: 64, loss: 2.41860
Validation. Epoch: 64, loss: 2.5422, accuracy: 0.0000
Saved model to model-checkpoints/transformer/french/low/model_64.pth
New best Loss, saved to model-checkpoints/transformer/french/low/model_best.pth

Train Epoch: 65 started
Train Epoch: 65, loss: 2.36759
Validation. Epoch: 65, loss: 2.5198, accuracy: 0.0000
Saved model to model-checkpoints/transformer/french/low/model_65.pth
New best Loss, saved to model-checkpoints/transformer/french/low/model_best.pth

Train Epoch: 66 started
Train Epoch: 66, loss: 2.40242
Validation. Epoch: 66, loss: 2.5091, accuracy: 0.0000
Saved model to model-checkpoints/transformer/french/low/model_66.pth
New best Loss, saved to model-checkpoints/transformer/french/low/model_best.pth

Train Epoch: 67 started
Train Epoch: 67, loss: 2.36360
Validation. Epoch: 67, loss: 2.5305, accuracy: 0.0000
Saved model to model-checkpoints/transformer/french/low/model_67.pth

Train Epoch: 68 started
Train Epoch: 68, loss: 2.35970
Validation. Epoch: 68, loss: 2.4912, accuracy: 0.0000
Saved model to model-checkpoints/transformer/french/low/model_68.pth
New best Loss, saved to model-checkpoints/transformer/french/low/model_best.pth

Train Epoch: 69 started
Train Epoch: 69, loss: 2.32156
Validation. Epoch: 69, loss: 2.5259, accuracy: 0.0000
Saved model to model-checkpoints/transformer/french/low/model_69.pth

Train Epoch: 70 started
Train Epoch: 70, loss: 2.34447
Validation. Epoch: 70, loss: 2.4661, accuracy: 0.0000
Saved model to model-checkpoints/transformer/french/low/model_70.pth
New best Loss, saved to model-checkpoints/transformer/french/low/model_best.pth

Train Epoch: 71 started
Train Epoch: 71, loss: 2.29525
Validation. Epoch: 71, loss: 2.4638, accuracy: 0.0000
Saved model to model-checkpoints/transformer/french/low/model_71.pth
New best Loss, saved to model-checkpoints/transformer/french/low/model_best.pth

Train Epoch: 72 started
Train Epoch: 72, loss: 2.32428
Validation. Epoch: 72, loss: 2.4459, accuracy: 0.0000
Saved model to model-checkpoints/transformer/french/low/model_72.pth
New best Loss, saved to model-checkpoints/transformer/french/low/model_best.pth

Train Epoch: 73 started
Train Epoch: 73, loss: 2.24466
Validation. Epoch: 73, loss: 2.4397, accuracy: 0.0000
Saved model to model-checkpoints/transformer/french/low/model_73.pth
New best Loss, saved to model-checkpoints/transformer/french/low/model_best.pth

Train Epoch: 74 started
Train Epoch: 74, loss: 2.26859
Validation. Epoch: 74, loss: 2.5191, accuracy: 0.0000
Saved model to model-checkpoints/transformer/french/low/model_74.pth

Train Epoch: 75 started
Train Epoch: 75, loss: 2.23971
Validation. Epoch: 75, loss: 2.4121, accuracy: 0.0000
Saved model to model-checkpoints/transformer/french/low/model_75.pth
New best Loss, saved to model-checkpoints/transformer/french/low/model_best.pth

Train Epoch: 76 started
Train Epoch: 76, loss: 2.23423
Validation. Epoch: 76, loss: 2.3900, accuracy: 0.0000
Saved model to model-checkpoints/transformer/french/low/model_76.pth
New best Loss, saved to model-checkpoints/transformer/french/low/model_best.pth

Train Epoch: 77 started
Train Epoch: 77, loss: 2.16043
Validation. Epoch: 77, loss: 2.4374, accuracy: 0.0000
Saved model to model-checkpoints/transformer/french/low/model_77.pth

Train Epoch: 78 started
Train Epoch: 78, loss: 2.20518
Validation. Epoch: 78, loss: 2.3640, accuracy: 0.0000
Saved model to model-checkpoints/transformer/french/low/model_78.pth
New best Loss, saved to model-checkpoints/transformer/french/low/model_best.pth

Train Epoch: 79 started
Train Epoch: 79, loss: 2.18504
Validation. Epoch: 79, loss: 2.3456, accuracy: 0.0000
Saved model to model-checkpoints/transformer/french/low/model_79.pth
New best Loss, saved to model-checkpoints/transformer/french/low/model_best.pth

Train Epoch: 80 started
Train Epoch: 80, loss: 2.13131
Validation. Epoch: 80, loss: 2.3835, accuracy: 0.0000
Saved model to model-checkpoints/transformer/french/low/model_80.pth

Train Epoch: 81 started
Train Epoch: 81, loss: 2.17177
Validation. Epoch: 81, loss: 2.3300, accuracy: 0.0000
Saved model to model-checkpoints/transformer/french/low/model_81.pth
New best Loss, saved to model-checkpoints/transformer/french/low/model_best.pth

Train Epoch: 82 started
Train Epoch: 82, loss: 2.13738
Validation. Epoch: 82, loss: 2.3211, accuracy: 0.0000
Saved model to model-checkpoints/transformer/french/low/model_82.pth
New best Loss, saved to model-checkpoints/transformer/french/low/model_best.pth

Train Epoch: 83 started
Train Epoch: 83, loss: 2.11962
Validation. Epoch: 83, loss: 2.3480, accuracy: 0.0000
Saved model to model-checkpoints/transformer/french/low/model_83.pth

Train Epoch: 84 started
Train Epoch: 84, loss: 2.07624
Validation. Epoch: 84, loss: 2.2960, accuracy: 0.0000
Saved model to model-checkpoints/transformer/french/low/model_84.pth
New best Loss, saved to model-checkpoints/transformer/french/low/model_best.pth

Train Epoch: 85 started
Train Epoch: 85, loss: 2.04151
Validation. Epoch: 85, loss: 2.3044, accuracy: 0.0000
Saved model to model-checkpoints/transformer/french/low/model_85.pth

Train Epoch: 86 started
Train Epoch: 86, loss: 2.13635
Validation. Epoch: 86, loss: 2.2984, accuracy: 0.0000
Saved model to model-checkpoints/transformer/french/low/model_86.pth

Train Epoch: 87 started
Train Epoch: 87, loss: 2.03597
Validation. Epoch: 87, loss: 2.2832, accuracy: 0.0000
Saved model to model-checkpoints/transformer/french/low/model_87.pth
New best Loss, saved to model-checkpoints/transformer/french/low/model_best.pth

Train Epoch: 88 started
Train Epoch: 88, loss: 2.03326
Validation. Epoch: 88, loss: 2.2556, accuracy: 0.0000
Saved model to model-checkpoints/transformer/french/low/model_88.pth
New best Loss, saved to model-checkpoints/transformer/french/low/model_best.pth

Train Epoch: 89 started
Train Epoch: 89, loss: 1.99730
Validation. Epoch: 89, loss: 2.2917, accuracy: 0.0000
Saved model to model-checkpoints/transformer/french/low/model_89.pth

Train Epoch: 90 started
Train Epoch: 90, loss: 2.02934
Validation. Epoch: 90, loss: 2.2232, accuracy: 0.0000
Saved model to model-checkpoints/transformer/french/low/model_90.pth
New best Loss, saved to model-checkpoints/transformer/french/low/model_best.pth

Train Epoch: 91 started
Train Epoch: 91, loss: 1.95567
Validation. Epoch: 91, loss: 2.2333, accuracy: 0.0000
Saved model to model-checkpoints/transformer/french/low/model_91.pth

Train Epoch: 92 started
Train Epoch: 92, loss: 1.98326
Validation. Epoch: 92, loss: 2.2424, accuracy: 0.0000
Saved model to model-checkpoints/transformer/french/low/model_92.pth

Train Epoch: 93 started
Train Epoch: 93, loss: 1.97659
Validation. Epoch: 93, loss: 2.2213, accuracy: 0.0000
Saved model to model-checkpoints/transformer/french/low/model_93.pth
New best Loss, saved to model-checkpoints/transformer/french/low/model_best.pth

Train Epoch: 94 started
Train Epoch: 94, loss: 1.94813
Validation. Epoch: 94, loss: 2.2436, accuracy: 0.0000
Saved model to model-checkpoints/transformer/french/low/model_94.pth

Train Epoch: 95 started
Train Epoch: 95, loss: 1.91960
Validation. Epoch: 95, loss: 2.2115, accuracy: 0.0000
Saved model to model-checkpoints/transformer/french/low/model_95.pth
New best Loss, saved to model-checkpoints/transformer/french/low/model_best.pth

Train Epoch: 96 started
Train Epoch: 96, loss: 1.90939
Validation. Epoch: 96, loss: 2.1847, accuracy: 0.0000
Saved model to model-checkpoints/transformer/french/low/model_96.pth
New best Loss, saved to model-checkpoints/transformer/french/low/model_best.pth

Train Epoch: 97 started
Train Epoch: 97, loss: 1.91407
Validation. Epoch: 97, loss: 2.1728, accuracy: 0.0000
Saved model to model-checkpoints/transformer/french/low/model_97.pth
New best Loss, saved to model-checkpoints/transformer/french/low/model_best.pth

Train Epoch: 98 started
Train Epoch: 98, loss: 1.90755
Validation. Epoch: 98, loss: 2.1790, accuracy: 0.0000
Saved model to model-checkpoints/transformer/french/low/model_98.pth

Train Epoch: 99 started
Train Epoch: 99, loss: 1.86958
Validation. Epoch: 99, loss: 2.1557, accuracy: 0.0000
Saved model to model-checkpoints/transformer/french/low/model_99.pth
New best Loss, saved to model-checkpoints/transformer/french/low/model_best.pth

Train Epoch: 100 started
Train Epoch: 100, loss: 1.86082
Validation. Epoch: 100, loss: 2.1242, accuracy: 0.0000
Saved model to model-checkpoints/transformer/french/low/model_100.pth
New best Loss, saved to model-checkpoints/transformer/french/low/model_best.pth

Train Epoch: 101 started
Train Epoch: 101, loss: 1.84423
Validation. Epoch: 101, loss: 2.1278, accuracy: 0.0000
Saved model to model-checkpoints/transformer/french/low/model_101.pth

Train Epoch: 102 started
Train Epoch: 102, loss: 1.83174
Validation. Epoch: 102, loss: 2.1041, accuracy: 0.0000
Saved model to model-checkpoints/transformer/french/low/model_102.pth
New best Loss, saved to model-checkpoints/transformer/french/low/model_best.pth

Train Epoch: 103 started
Train Epoch: 103, loss: 1.82500
Validation. Epoch: 103, loss: 2.0867, accuracy: 0.0000
Saved model to model-checkpoints/transformer/french/low/model_103.pth
New best Loss, saved to model-checkpoints/transformer/french/low/model_best.pth

Train Epoch: 104 started
Train Epoch: 104, loss: 1.79467
Validation. Epoch: 104, loss: 2.0742, accuracy: 0.0000
Saved model to model-checkpoints/transformer/french/low/model_104.pth
New best Loss, saved to model-checkpoints/transformer/french/low/model_best.pth

Train Epoch: 105 started
Train Epoch: 105, loss: 1.78141
Validation. Epoch: 105, loss: 2.0880, accuracy: 0.0000
Saved model to model-checkpoints/transformer/french/low/model_105.pth

Train Epoch: 106 started
Train Epoch: 106, loss: 1.77297
Validation. Epoch: 106, loss: 2.0335, accuracy: 0.0000
Saved model to model-checkpoints/transformer/french/low/model_106.pth
New best Loss, saved to model-checkpoints/transformer/french/low/model_best.pth

Train Epoch: 107 started
Train Epoch: 107, loss: 1.74953
Validation. Epoch: 107, loss: 2.0427, accuracy: 0.0000
Saved model to model-checkpoints/transformer/french/low/model_107.pth

Train Epoch: 108 started
Train Epoch: 108, loss: 1.70357
Validation. Epoch: 108, loss: 2.0316, accuracy: 0.0000
Saved model to model-checkpoints/transformer/french/low/model_108.pth
New best Loss, saved to model-checkpoints/transformer/french/low/model_best.pth

Train Epoch: 109 started
Train Epoch: 109, loss: 1.71757
Validation. Epoch: 109, loss: 1.9933, accuracy: 0.0000
Saved model to model-checkpoints/transformer/french/low/model_109.pth
New best Loss, saved to model-checkpoints/transformer/french/low/model_best.pth

Train Epoch: 110 started
Train Epoch: 110, loss: 1.75636
Validation. Epoch: 110, loss: 1.9818, accuracy: 0.0020
Saved model to model-checkpoints/transformer/french/low/model_110.pth
New best Loss, saved to model-checkpoints/transformer/french/low/model_best.pth

Train Epoch: 111 started
Train Epoch: 111, loss: 1.68286
Validation. Epoch: 111, loss: 1.9468, accuracy: 0.0000
Saved model to model-checkpoints/transformer/french/low/model_111.pth
New best Loss, saved to model-checkpoints/transformer/french/low/model_best.pth

Train Epoch: 112 started
Train Epoch: 112, loss: 1.66872
Validation. Epoch: 112, loss: 1.9522, accuracy: 0.0000
Saved model to model-checkpoints/transformer/french/low/model_112.pth

Train Epoch: 113 started
Train Epoch: 113, loss: 1.64517
Validation. Epoch: 113, loss: 1.8779, accuracy: 0.0000
Saved model to model-checkpoints/transformer/french/low/model_113.pth
New best Loss, saved to model-checkpoints/transformer/french/low/model_best.pth

Train Epoch: 114 started
Train Epoch: 114, loss: 1.63317
Validation. Epoch: 114, loss: 1.8643, accuracy: 0.0000
Saved model to model-checkpoints/transformer/french/low/model_114.pth
New best Loss, saved to model-checkpoints/transformer/french/low/model_best.pth

Train Epoch: 115 started
Train Epoch: 115, loss: 1.62824
Validation. Epoch: 115, loss: 1.8657, accuracy: 0.0000
Saved model to model-checkpoints/transformer/french/low/model_115.pth

Train Epoch: 116 started
Train Epoch: 116, loss: 1.59489
Validation. Epoch: 116, loss: 1.8360, accuracy: 0.0010
Saved model to model-checkpoints/transformer/french/low/model_116.pth
New best Loss, saved to model-checkpoints/transformer/french/low/model_best.pth

Train Epoch: 117 started
Train Epoch: 117, loss: 1.56678
Validation. Epoch: 117, loss: 1.7785, accuracy: 0.0000
Saved model to model-checkpoints/transformer/french/low/model_117.pth
New best Loss, saved to model-checkpoints/transformer/french/low/model_best.pth

Train Epoch: 118 started
Train Epoch: 118, loss: 1.56415
Validation. Epoch: 118, loss: 1.7520, accuracy: 0.0020
Saved model to model-checkpoints/transformer/french/low/model_118.pth
New best Loss, saved to model-checkpoints/transformer/french/low/model_best.pth

Train Epoch: 119 started
Train Epoch: 119, loss: 1.57693
Validation. Epoch: 119, loss: 1.7844, accuracy: 0.0010
Saved model to model-checkpoints/transformer/french/low/model_119.pth

Train Epoch: 120 started
Train Epoch: 120, loss: 1.52171
Validation. Epoch: 120, loss: 1.7642, accuracy: 0.0000
Saved model to model-checkpoints/transformer/french/low/model_120.pth

Train Epoch: 121 started
Train Epoch: 121, loss: 1.52847
Validation. Epoch: 121, loss: 1.6870, accuracy: 0.0000
Saved model to model-checkpoints/transformer/french/low/model_121.pth
New best Loss, saved to model-checkpoints/transformer/french/low/model_best.pth

Train Epoch: 122 started
Train Epoch: 122, loss: 1.48132
Validation. Epoch: 122, loss: 1.7181, accuracy: 0.0000
Saved model to model-checkpoints/transformer/french/low/model_122.pth

Train Epoch: 123 started
Train Epoch: 123, loss: 1.46288
Validation. Epoch: 123, loss: 1.6796, accuracy: 0.0000
Saved model to model-checkpoints/transformer/french/low/model_123.pth
New best Loss, saved to model-checkpoints/transformer/french/low/model_best.pth

Train Epoch: 124 started
Train Epoch: 124, loss: 1.49870
Validation. Epoch: 124, loss: 1.6839, accuracy: 0.0010
Saved model to model-checkpoints/transformer/french/low/model_124.pth

Train Epoch: 125 started
Train Epoch: 125, loss: 1.41469
Validation. Epoch: 125, loss: 1.6308, accuracy: 0.0000
Saved model to model-checkpoints/transformer/french/low/model_125.pth
New best Loss, saved to model-checkpoints/transformer/french/low/model_best.pth

Train Epoch: 126 started
Train Epoch: 126, loss: 1.44623
Validation. Epoch: 126, loss: 1.5922, accuracy: 0.0040
Saved model to model-checkpoints/transformer/french/low/model_126.pth
New best Loss, saved to model-checkpoints/transformer/french/low/model_best.pth

Train Epoch: 127 started
Train Epoch: 127, loss: 1.39269
Validation. Epoch: 127, loss: 1.5845, accuracy: 0.0030
Saved model to model-checkpoints/transformer/french/low/model_127.pth
New best Loss, saved to model-checkpoints/transformer/french/low/model_best.pth

Train Epoch: 128 started
Train Epoch: 128, loss: 1.41336
Validation. Epoch: 128, loss: 1.6076, accuracy: 0.0020
Saved model to model-checkpoints/transformer/french/low/model_128.pth

Train Epoch: 129 started
Train Epoch: 129, loss: 1.34890
Validation. Epoch: 129, loss: 1.5556, accuracy: 0.0040
Saved model to model-checkpoints/transformer/french/low/model_129.pth
New best Loss, saved to model-checkpoints/transformer/french/low/model_best.pth

Train Epoch: 130 started
Train Epoch: 130, loss: 1.35891
Validation. Epoch: 130, loss: 1.5110, accuracy: 0.0070
Saved model to model-checkpoints/transformer/french/low/model_130.pth
New best Loss, saved to model-checkpoints/transformer/french/low/model_best.pth

Train Epoch: 131 started
Train Epoch: 131, loss: 1.38003
Validation. Epoch: 131, loss: 1.5010, accuracy: 0.0080
Saved model to model-checkpoints/transformer/french/low/model_131.pth
New best Loss, saved to model-checkpoints/transformer/french/low/model_best.pth

Train Epoch: 132 started
Train Epoch: 132, loss: 1.30121
Validation. Epoch: 132, loss: 1.5174, accuracy: 0.0070
Saved model to model-checkpoints/transformer/french/low/model_132.pth

Train Epoch: 133 started
Train Epoch: 133, loss: 1.28380
Validation. Epoch: 133, loss: 1.4416, accuracy: 0.0090
Saved model to model-checkpoints/transformer/french/low/model_133.pth
New best Loss, saved to model-checkpoints/transformer/french/low/model_best.pth

Train Epoch: 134 started
Train Epoch: 134, loss: 1.26018
Validation. Epoch: 134, loss: 1.4136, accuracy: 0.0090
Saved model to model-checkpoints/transformer/french/low/model_134.pth
New best Loss, saved to model-checkpoints/transformer/french/low/model_best.pth

Train Epoch: 135 started
Train Epoch: 135, loss: 1.26719
Validation. Epoch: 135, loss: 1.4247, accuracy: 0.0060
Saved model to model-checkpoints/transformer/french/low/model_135.pth

Train Epoch: 136 started
Train Epoch: 136, loss: 1.23706
Validation. Epoch: 136, loss: 1.3610, accuracy: 0.0170
Saved model to model-checkpoints/transformer/french/low/model_136.pth
New best Loss, saved to model-checkpoints/transformer/french/low/model_best.pth

Train Epoch: 137 started
Train Epoch: 137, loss: 1.22176
Validation. Epoch: 137, loss: 1.3425, accuracy: 0.0170
Saved model to model-checkpoints/transformer/french/low/model_137.pth
New best Loss, saved to model-checkpoints/transformer/french/low/model_best.pth

Train Epoch: 138 started
Train Epoch: 138, loss: 1.19991
Validation. Epoch: 138, loss: 1.3855, accuracy: 0.0120
Saved model to model-checkpoints/transformer/french/low/model_138.pth

Train Epoch: 139 started
Train Epoch: 139, loss: 1.20125
Validation. Epoch: 139, loss: 1.3197, accuracy: 0.0210
Saved model to model-checkpoints/transformer/french/low/model_139.pth
New best Loss, saved to model-checkpoints/transformer/french/low/model_best.pth

Train Epoch: 140 started
Train Epoch: 140, loss: 1.17657
Validation. Epoch: 140, loss: 1.2925, accuracy: 0.0200
Saved model to model-checkpoints/transformer/french/low/model_140.pth
New best Loss, saved to model-checkpoints/transformer/french/low/model_best.pth

Train Epoch: 141 started
Train Epoch: 141, loss: 1.14142
Validation. Epoch: 141, loss: 1.3375, accuracy: 0.0210
Saved model to model-checkpoints/transformer/french/low/model_141.pth

Train Epoch: 142 started
Train Epoch: 142, loss: 1.12496
Validation. Epoch: 142, loss: 1.2866, accuracy: 0.0250
Saved model to model-checkpoints/transformer/french/low/model_142.pth
New best Loss, saved to model-checkpoints/transformer/french/low/model_best.pth

Train Epoch: 143 started
Train Epoch: 143, loss: 1.15148
Validation. Epoch: 143, loss: 1.2362, accuracy: 0.0310
Saved model to model-checkpoints/transformer/french/low/model_143.pth
New best Loss, saved to model-checkpoints/transformer/french/low/model_best.pth

Train Epoch: 144 started
Train Epoch: 144, loss: 1.10228
Validation. Epoch: 144, loss: 1.2681, accuracy: 0.0330
Saved model to model-checkpoints/transformer/french/low/model_144.pth

Train Epoch: 145 started
Train Epoch: 145, loss: 1.12342
Validation. Epoch: 145, loss: 1.2667, accuracy: 0.0370
Saved model to model-checkpoints/transformer/french/low/model_145.pth

Train Epoch: 146 started
Train Epoch: 146, loss: 1.13671
Validation. Epoch: 146, loss: 1.2198, accuracy: 0.0340
Saved model to model-checkpoints/transformer/french/low/model_146.pth
New best Loss, saved to model-checkpoints/transformer/french/low/model_best.pth

Train Epoch: 147 started
Train Epoch: 147, loss: 1.06434
Validation. Epoch: 147, loss: 1.2094, accuracy: 0.0370
Saved model to model-checkpoints/transformer/french/low/model_147.pth
New best Loss, saved to model-checkpoints/transformer/french/low/model_best.pth

Train Epoch: 148 started
Train Epoch: 148, loss: 1.03369
Validation. Epoch: 148, loss: 1.2299, accuracy: 0.0340
Saved model to model-checkpoints/transformer/french/low/model_148.pth

Train Epoch: 149 started
Train Epoch: 149, loss: 1.06760
Validation. Epoch: 149, loss: 1.1897, accuracy: 0.0340
Saved model to model-checkpoints/transformer/french/low/model_149.pth
New best Loss, saved to model-checkpoints/transformer/french/low/model_best.pth

Train Epoch: 150 started
Train Epoch: 150, loss: 1.00530
Validation. Epoch: 150, loss: 1.1908, accuracy: 0.0440
Saved model to model-checkpoints/transformer/french/low/model_150.pth

Train Epoch: 151 started
Train Epoch: 151, loss: 0.97259
Validation. Epoch: 151, loss: 1.1732, accuracy: 0.0460
Saved model to model-checkpoints/transformer/french/low/model_151.pth
New best Loss, saved to model-checkpoints/transformer/french/low/model_best.pth

Train Epoch: 152 started
Train Epoch: 152, loss: 0.96928
Validation. Epoch: 152, loss: 1.1599, accuracy: 0.0500
Saved model to model-checkpoints/transformer/french/low/model_152.pth
New best Loss, saved to model-checkpoints/transformer/french/low/model_best.pth

Train Epoch: 153 started
Train Epoch: 153, loss: 0.94802
Validation. Epoch: 153, loss: 1.1732, accuracy: 0.0490
Saved model to model-checkpoints/transformer/french/low/model_153.pth

Train Epoch: 154 started
Train Epoch: 154, loss: 0.94397
Validation. Epoch: 154, loss: 1.1590, accuracy: 0.0450
Saved model to model-checkpoints/transformer/french/low/model_154.pth
New best Loss, saved to model-checkpoints/transformer/french/low/model_best.pth

Train Epoch: 155 started
Train Epoch: 155, loss: 0.96358
Validation. Epoch: 155, loss: 1.1432, accuracy: 0.0460
Saved model to model-checkpoints/transformer/french/low/model_155.pth
New best Loss, saved to model-checkpoints/transformer/french/low/model_best.pth

Train Epoch: 156 started
Train Epoch: 156, loss: 0.95587
Validation. Epoch: 156, loss: 1.1495, accuracy: 0.0540
Saved model to model-checkpoints/transformer/french/low/model_156.pth

Train Epoch: 157 started
Train Epoch: 157, loss: 0.94586
Validation. Epoch: 157, loss: 1.1226, accuracy: 0.0540
Saved model to model-checkpoints/transformer/french/low/model_157.pth
New best Loss, saved to model-checkpoints/transformer/french/low/model_best.pth

Train Epoch: 158 started
Train Epoch: 158, loss: 0.89984
Validation. Epoch: 158, loss: 1.1135, accuracy: 0.0520
Saved model to model-checkpoints/transformer/french/low/model_158.pth
New best Loss, saved to model-checkpoints/transformer/french/low/model_best.pth

Train Epoch: 159 started
Train Epoch: 159, loss: 0.89397
Validation. Epoch: 159, loss: 1.1196, accuracy: 0.0500
Saved model to model-checkpoints/transformer/french/low/model_159.pth

Train Epoch: 160 started
Train Epoch: 160, loss: 0.89019
Validation. Epoch: 160, loss: 1.1326, accuracy: 0.0570
Saved model to model-checkpoints/transformer/french/low/model_160.pth

Train Epoch: 161 started
Train Epoch: 161, loss: 0.89095
Validation. Epoch: 161, loss: 1.0943, accuracy: 0.0590
Saved model to model-checkpoints/transformer/french/low/model_161.pth
New best Loss, saved to model-checkpoints/transformer/french/low/model_best.pth

Train Epoch: 162 started
Train Epoch: 162, loss: 0.85927
Validation. Epoch: 162, loss: 1.0894, accuracy: 0.0600
Saved model to model-checkpoints/transformer/french/low/model_162.pth
New best Loss, saved to model-checkpoints/transformer/french/low/model_best.pth

Train Epoch: 163 started
Train Epoch: 163, loss: 0.82507
Validation. Epoch: 163, loss: 1.0874, accuracy: 0.0530
Saved model to model-checkpoints/transformer/french/low/model_163.pth
New best Loss, saved to model-checkpoints/transformer/french/low/model_best.pth

Train Epoch: 164 started
Train Epoch: 164, loss: 0.84356
Validation. Epoch: 164, loss: 1.0840, accuracy: 0.0600
Saved model to model-checkpoints/transformer/french/low/model_164.pth
New best Loss, saved to model-checkpoints/transformer/french/low/model_best.pth

Train Epoch: 165 started
Train Epoch: 165, loss: 0.82364
Validation. Epoch: 165, loss: 1.0653, accuracy: 0.0570
Saved model to model-checkpoints/transformer/french/low/model_165.pth
New best Loss, saved to model-checkpoints/transformer/french/low/model_best.pth

Train Epoch: 166 started
Train Epoch: 166, loss: 0.81736
Validation. Epoch: 166, loss: 1.0570, accuracy: 0.0600
Saved model to model-checkpoints/transformer/french/low/model_166.pth
New best Loss, saved to model-checkpoints/transformer/french/low/model_best.pth

Train Epoch: 167 started
Train Epoch: 167, loss: 0.80911
Validation. Epoch: 167, loss: 1.0824, accuracy: 0.0570
Saved model to model-checkpoints/transformer/french/low/model_167.pth

Train Epoch: 168 started
Train Epoch: 168, loss: 0.81081
Validation. Epoch: 168, loss: 1.0637, accuracy: 0.0610
Saved model to model-checkpoints/transformer/french/low/model_168.pth

Train Epoch: 169 started
Train Epoch: 169, loss: 0.77412
Validation. Epoch: 169, loss: 1.0577, accuracy: 0.0630
Saved model to model-checkpoints/transformer/french/low/model_169.pth

Train Epoch: 170 started
Train Epoch: 170, loss: 0.78242
Validation. Epoch: 170, loss: 1.0732, accuracy: 0.0620
Saved model to model-checkpoints/transformer/french/low/model_170.pth

Train Epoch: 171 started
Train Epoch: 171, loss: 0.80464
Validation. Epoch: 171, loss: 1.0556, accuracy: 0.0610
Saved model to model-checkpoints/transformer/french/low/model_171.pth
New best Loss, saved to model-checkpoints/transformer/french/low/model_best.pth

Train Epoch: 172 started
Train Epoch: 172, loss: 0.72944
Validation. Epoch: 172, loss: 1.0359, accuracy: 0.0630
Saved model to model-checkpoints/transformer/french/low/model_172.pth
New best Loss, saved to model-checkpoints/transformer/french/low/model_best.pth

Train Epoch: 173 started
Train Epoch: 173, loss: 0.77046
Validation. Epoch: 173, loss: 1.0137, accuracy: 0.0660
Saved model to model-checkpoints/transformer/french/low/model_173.pth
New best Loss, saved to model-checkpoints/transformer/french/low/model_best.pth

Train Epoch: 174 started
Train Epoch: 174, loss: 0.74344
Validation. Epoch: 174, loss: 1.0210, accuracy: 0.0750
Saved model to model-checkpoints/transformer/french/low/model_174.pth

Train Epoch: 175 started
Train Epoch: 175, loss: 0.72158
Validation. Epoch: 175, loss: 1.0428, accuracy: 0.0770
Saved model to model-checkpoints/transformer/french/low/model_175.pth

Train Epoch: 176 started
Train Epoch: 176, loss: 0.76356
Validation. Epoch: 176, loss: 1.0189, accuracy: 0.0680
Saved model to model-checkpoints/transformer/french/low/model_176.pth

Train Epoch: 177 started
Train Epoch: 177, loss: 0.72197
Validation. Epoch: 177, loss: 1.0031, accuracy: 0.0720
Saved model to model-checkpoints/transformer/french/low/model_177.pth
New best Loss, saved to model-checkpoints/transformer/french/low/model_best.pth

Train Epoch: 178 started
Train Epoch: 178, loss: 0.75725
Validation. Epoch: 178, loss: 1.0173, accuracy: 0.0790
Saved model to model-checkpoints/transformer/french/low/model_178.pth

Train Epoch: 179 started
Train Epoch: 179, loss: 0.69883
Validation. Epoch: 179, loss: 0.9973, accuracy: 0.0750
Saved model to model-checkpoints/transformer/french/low/model_179.pth
New best Loss, saved to model-checkpoints/transformer/french/low/model_best.pth

Train Epoch: 180 started
Train Epoch: 180, loss: 0.67188
Validation. Epoch: 180, loss: 0.9917, accuracy: 0.0750
Saved model to model-checkpoints/transformer/french/low/model_180.pth
New best Loss, saved to model-checkpoints/transformer/french/low/model_best.pth

Train Epoch: 181 started
Train Epoch: 181, loss: 0.67082
Validation. Epoch: 181, loss: 0.9921, accuracy: 0.0760
Saved model to model-checkpoints/transformer/french/low/model_181.pth

Train Epoch: 182 started
Train Epoch: 182, loss: 0.65015
Validation. Epoch: 182, loss: 1.0098, accuracy: 0.0700
Saved model to model-checkpoints/transformer/french/low/model_182.pth

Train Epoch: 183 started
Train Epoch: 183, loss: 0.67921
Validation. Epoch: 183, loss: 1.0052, accuracy: 0.0740
Saved model to model-checkpoints/transformer/french/low/model_183.pth

Train Epoch: 184 started
Train Epoch: 184, loss: 0.64116
Validation. Epoch: 184, loss: 1.0088, accuracy: 0.0710
Saved model to model-checkpoints/transformer/french/low/model_184.pth

Train Epoch: 185 started
Train Epoch: 185, loss: 0.69645
Validation. Epoch: 185, loss: 0.9780, accuracy: 0.0790
Saved model to model-checkpoints/transformer/french/low/model_185.pth
New best Loss, saved to model-checkpoints/transformer/french/low/model_best.pth

Train Epoch: 186 started
Train Epoch: 186, loss: 0.63322
Validation. Epoch: 186, loss: 0.9748, accuracy: 0.0810
Saved model to model-checkpoints/transformer/french/low/model_186.pth
New best Loss, saved to model-checkpoints/transformer/french/low/model_best.pth

Train Epoch: 187 started
Train Epoch: 187, loss: 0.61288
Validation. Epoch: 187, loss: 0.9836, accuracy: 0.0850
Saved model to model-checkpoints/transformer/french/low/model_187.pth

Train Epoch: 188 started
Train Epoch: 188, loss: 0.62377
Validation. Epoch: 188, loss: 0.9699, accuracy: 0.0870
Saved model to model-checkpoints/transformer/french/low/model_188.pth
New best Loss, saved to model-checkpoints/transformer/french/low/model_best.pth

Train Epoch: 189 started
Train Epoch: 189, loss: 0.62085
Validation. Epoch: 189, loss: 0.9716, accuracy: 0.0880
Saved model to model-checkpoints/transformer/french/low/model_189.pth

Train Epoch: 190 started
Train Epoch: 190, loss: 0.62592
Validation. Epoch: 190, loss: 0.9625, accuracy: 0.0870
Saved model to model-checkpoints/transformer/french/low/model_190.pth
New best Loss, saved to model-checkpoints/transformer/french/low/model_best.pth

Train Epoch: 191 started
Train Epoch: 191, loss: 0.57645
Validation. Epoch: 191, loss: 0.9999, accuracy: 0.0860
Saved model to model-checkpoints/transformer/french/low/model_191.pth

Train Epoch: 192 started
Train Epoch: 192, loss: 0.61209
Validation. Epoch: 192, loss: 0.9900, accuracy: 0.0910
Saved model to model-checkpoints/transformer/french/low/model_192.pth

Train Epoch: 193 started
Train Epoch: 193, loss: 0.61355
Validation. Epoch: 193, loss: 0.9723, accuracy: 0.0950
Saved model to model-checkpoints/transformer/french/low/model_193.pth

Train Epoch: 194 started
Train Epoch: 194, loss: 0.55270
Validation. Epoch: 194, loss: 0.9685, accuracy: 0.0930
Saved model to model-checkpoints/transformer/french/low/model_194.pth

Train Epoch: 195 started
Train Epoch: 195, loss: 0.57705
Validation. Epoch: 195, loss: 0.9635, accuracy: 0.0940
Saved model to model-checkpoints/transformer/french/low/model_195.pth

Train Epoch: 196 started
Train Epoch: 196, loss: 0.56983
Validation. Epoch: 196, loss: 0.9683, accuracy: 0.0890
Saved model to model-checkpoints/transformer/french/low/model_196.pth

Train Epoch: 197 started
Train Epoch: 197, loss: 0.54225
Validation. Epoch: 197, loss: 0.9537, accuracy: 0.0970
Saved model to model-checkpoints/transformer/french/low/model_197.pth
New best Loss, saved to model-checkpoints/transformer/french/low/model_best.pth

Train Epoch: 198 started
Train Epoch: 198, loss: 0.58056
Validation. Epoch: 198, loss: 0.9629, accuracy: 0.0910
Saved model to model-checkpoints/transformer/french/low/model_198.pth

Train Epoch: 199 started
Train Epoch: 199, loss: 0.53751
Validation. Epoch: 199, loss: 0.9517, accuracy: 0.1020
Saved model to model-checkpoints/transformer/french/low/model_199.pth
New best Loss, saved to model-checkpoints/transformer/french/low/model_best.pth

Train Epoch: 200 started
Train Epoch: 200, loss: 0.53571
Validation. Epoch: 200, loss: 0.9685, accuracy: 0.0880
Saved model to model-checkpoints/transformer/french/low/model_200.pth

Train Epoch: 201 started
Train Epoch: 201, loss: 0.57883
Validation. Epoch: 201, loss: 0.9604, accuracy: 0.1030
Saved model to model-checkpoints/transformer/french/low/model_201.pth

Train Epoch: 202 started
Train Epoch: 202, loss: 0.53896
Validation. Epoch: 202, loss: 0.9498, accuracy: 0.1000
Saved model to model-checkpoints/transformer/french/low/model_202.pth
New best Loss, saved to model-checkpoints/transformer/french/low/model_best.pth

Train Epoch: 203 started
Train Epoch: 203, loss: 0.51665
Validation. Epoch: 203, loss: 0.9867, accuracy: 0.0950
Saved model to model-checkpoints/transformer/french/low/model_203.pth

Train Epoch: 204 started
Train Epoch: 204, loss: 0.53771
Validation. Epoch: 204, loss: 0.9636, accuracy: 0.1050
Saved model to model-checkpoints/transformer/french/low/model_204.pth

Train Epoch: 205 started
Train Epoch: 205, loss: 0.52324
Validation. Epoch: 205, loss: 0.9501, accuracy: 0.0980
Saved model to model-checkpoints/transformer/french/low/model_205.pth

Train Epoch: 206 started
Train Epoch: 206, loss: 0.50047
Validation. Epoch: 206, loss: 0.9563, accuracy: 0.0970
Saved model to model-checkpoints/transformer/french/low/model_206.pth

Train Epoch: 207 started
Train Epoch: 207, loss: 0.48610
Validation. Epoch: 207, loss: 0.9795, accuracy: 0.0840
Saved model to model-checkpoints/transformer/french/low/model_207.pth

Train Epoch: 208 started
Train Epoch: 208, loss: 0.59474
Validation. Epoch: 208, loss: 0.9783, accuracy: 0.0990
Saved model to model-checkpoints/transformer/french/low/model_208.pth

Train Epoch: 209 started
Train Epoch: 209, loss: 0.53088
Validation. Epoch: 209, loss: 0.9889, accuracy: 0.0940
Saved model to model-checkpoints/transformer/french/low/model_209.pth

Train Epoch: 210 started
Train Epoch: 210, loss: 0.53629
Validation. Epoch: 210, loss: 0.9545, accuracy: 0.1010
Saved model to model-checkpoints/transformer/french/low/model_210.pth

Train Epoch: 211 started
Train Epoch: 211, loss: 0.50305
Validation. Epoch: 211, loss: 0.9550, accuracy: 0.1000
Saved model to model-checkpoints/transformer/french/low/model_211.pth

Train Epoch: 212 started
Train Epoch: 212, loss: 0.54974
Validation. Epoch: 212, loss: 0.9574, accuracy: 0.0980
Saved model to model-checkpoints/transformer/french/low/model_212.pth

Train Epoch: 213 started
Train Epoch: 213, loss: 0.48824
Validation. Epoch: 213, loss: 0.9384, accuracy: 0.1130
Saved model to model-checkpoints/transformer/french/low/model_213.pth
New best Loss, saved to model-checkpoints/transformer/french/low/model_best.pth

Train Epoch: 214 started
Train Epoch: 214, loss: 0.49549
Validation. Epoch: 214, loss: 0.9344, accuracy: 0.0950
Saved model to model-checkpoints/transformer/french/low/model_214.pth
New best Loss, saved to model-checkpoints/transformer/french/low/model_best.pth

Train Epoch: 215 started
Train Epoch: 215, loss: 0.48283
Validation. Epoch: 215, loss: 0.9793, accuracy: 0.0980
Saved model to model-checkpoints/transformer/french/low/model_215.pth

Train Epoch: 216 started
Train Epoch: 216, loss: 0.46521
Validation. Epoch: 216, loss: 0.9854, accuracy: 0.0960
Saved model to model-checkpoints/transformer/french/low/model_216.pth

Train Epoch: 217 started
Train Epoch: 217, loss: 0.48086
Validation. Epoch: 217, loss: 0.9390, accuracy: 0.1180
Saved model to model-checkpoints/transformer/french/low/model_217.pth

Train Epoch: 218 started
Train Epoch: 218, loss: 0.45983
Validation. Epoch: 218, loss: 0.9393, accuracy: 0.1080
Saved model to model-checkpoints/transformer/french/low/model_218.pth

Train Epoch: 219 started
Train Epoch: 219, loss: 0.46848
Validation. Epoch: 219, loss: 0.9393, accuracy: 0.1110
Saved model to model-checkpoints/transformer/french/low/model_219.pth

Train Epoch: 220 started
Train Epoch: 220, loss: 0.44725
Validation. Epoch: 220, loss: 0.9266, accuracy: 0.1130
Saved model to model-checkpoints/transformer/french/low/model_220.pth
New best Loss, saved to model-checkpoints/transformer/french/low/model_best.pth

Train Epoch: 221 started
Train Epoch: 221, loss: 0.41092
Validation. Epoch: 221, loss: 0.9445, accuracy: 0.1080
Saved model to model-checkpoints/transformer/french/low/model_221.pth

Train Epoch: 222 started
Train Epoch: 222, loss: 0.44321
Validation. Epoch: 222, loss: 0.9242, accuracy: 0.1090
Saved model to model-checkpoints/transformer/french/low/model_222.pth
New best Loss, saved to model-checkpoints/transformer/french/low/model_best.pth

Train Epoch: 223 started
Train Epoch: 223, loss: 0.40050
Validation. Epoch: 223, loss: 0.9460, accuracy: 0.1100
Saved model to model-checkpoints/transformer/french/low/model_223.pth

Train Epoch: 224 started
Train Epoch: 224, loss: 0.43381
Validation. Epoch: 224, loss: 0.9335, accuracy: 0.1130
Saved model to model-checkpoints/transformer/french/low/model_224.pth

Train Epoch: 225 started
Train Epoch: 225, loss: 0.44008
Validation. Epoch: 225, loss: 0.9341, accuracy: 0.1160
Saved model to model-checkpoints/transformer/french/low/model_225.pth

Train Epoch: 226 started
Train Epoch: 226, loss: 0.45142
Validation. Epoch: 226, loss: 0.9443, accuracy: 0.1100
Saved model to model-checkpoints/transformer/french/low/model_226.pth

Train Epoch: 227 started
Train Epoch: 227, loss: 0.45477
Validation. Epoch: 227, loss: 0.9449, accuracy: 0.1060
Saved model to model-checkpoints/transformer/french/low/model_227.pth

Train Epoch: 228 started
Train Epoch: 228, loss: 0.43591
Validation. Epoch: 228, loss: 0.9657, accuracy: 0.1100
Saved model to model-checkpoints/transformer/french/low/model_228.pth

Train Epoch: 229 started
Train Epoch: 229, loss: 0.44979
Validation. Epoch: 229, loss: 0.9334, accuracy: 0.1140
Saved model to model-checkpoints/transformer/french/low/model_229.pth

Train Epoch: 230 started
Train Epoch: 230, loss: 0.42719
Validation. Epoch: 230, loss: 0.9207, accuracy: 0.1250
Saved model to model-checkpoints/transformer/french/low/model_230.pth
New best Loss, saved to model-checkpoints/transformer/french/low/model_best.pth

Train Epoch: 231 started
Train Epoch: 231, loss: 0.41382
Validation. Epoch: 231, loss: 0.9213, accuracy: 0.1260
Saved model to model-checkpoints/transformer/french/low/model_231.pth

Train Epoch: 232 started
Train Epoch: 232, loss: 0.38923
Validation. Epoch: 232, loss: 0.9338, accuracy: 0.1260
Saved model to model-checkpoints/transformer/french/low/model_232.pth

Train Epoch: 233 started
Train Epoch: 233, loss: 0.39193
Validation. Epoch: 233, loss: 0.9351, accuracy: 0.1120
Saved model to model-checkpoints/transformer/french/low/model_233.pth

Train Epoch: 234 started
Train Epoch: 234, loss: 0.42301
Validation. Epoch: 234, loss: 0.9451, accuracy: 0.1130
Saved model to model-checkpoints/transformer/french/low/model_234.pth

Train Epoch: 235 started
Train Epoch: 235, loss: 0.40975
Validation. Epoch: 235, loss: 0.9502, accuracy: 0.1180
Saved model to model-checkpoints/transformer/french/low/model_235.pth

Train Epoch: 236 started
Train Epoch: 236, loss: 0.38808
Validation. Epoch: 236, loss: 0.9416, accuracy: 0.1260
Saved model to model-checkpoints/transformer/french/low/model_236.pth

Train Epoch: 237 started
Train Epoch: 237, loss: 0.40009
Validation. Epoch: 237, loss: 0.9442, accuracy: 0.1170
Saved model to model-checkpoints/transformer/french/low/model_237.pth

Train Epoch: 238 started
Train Epoch: 238, loss: 0.38694
Validation. Epoch: 238, loss: 0.9723, accuracy: 0.1170
Saved model to model-checkpoints/transformer/french/low/model_238.pth

Train Epoch: 239 started
Train Epoch: 239, loss: 0.38144
Validation. Epoch: 239, loss: 0.9628, accuracy: 0.1210
Saved model to model-checkpoints/transformer/french/low/model_239.pth

Train Epoch: 240 started
Train Epoch: 240, loss: 0.38879
Validation. Epoch: 240, loss: 0.9358, accuracy: 0.1140
Saved model to model-checkpoints/transformer/french/low/model_240.pth

Train Epoch: 241 started
Train Epoch: 241, loss: 0.34327
Validation. Epoch: 241, loss: 0.9535, accuracy: 0.1150
Saved model to model-checkpoints/transformer/french/low/model_241.pth

Train Epoch: 242 started
Train Epoch: 242, loss: 0.36659
Validation. Epoch: 242, loss: 0.9638, accuracy: 0.1120
Saved model to model-checkpoints/transformer/french/low/model_242.pth

Train Epoch: 243 started
Train Epoch: 243, loss: 0.35703
Validation. Epoch: 243, loss: 0.9601, accuracy: 0.1240
Saved model to model-checkpoints/transformer/french/low/model_243.pth

Train Epoch: 244 started
Train Epoch: 244, loss: 0.36923
Validation. Epoch: 244, loss: 0.9517, accuracy: 0.1170
Saved model to model-checkpoints/transformer/french/low/model_244.pth

Train Epoch: 245 started
Train Epoch: 245, loss: 0.34219
Validation. Epoch: 245, loss: 0.9295, accuracy: 0.1290
Saved model to model-checkpoints/transformer/french/low/model_245.pth

Train Epoch: 246 started
Train Epoch: 246, loss: 0.35329
Validation. Epoch: 246, loss: 0.9618, accuracy: 0.1290
Saved model to model-checkpoints/transformer/french/low/model_246.pth

Train Epoch: 247 started
Train Epoch: 247, loss: 0.35678
Validation. Epoch: 247, loss: 0.9524, accuracy: 0.1280
Saved model to model-checkpoints/transformer/french/low/model_247.pth

Train Epoch: 248 started
Train Epoch: 248, loss: 0.37392
Validation. Epoch: 248, loss: 0.9500, accuracy: 0.1080
Saved model to model-checkpoints/transformer/french/low/model_248.pth

Train Epoch: 249 started
Train Epoch: 249, loss: 0.37210
Validation. Epoch: 249, loss: 0.9455, accuracy: 0.1180
Saved model to model-checkpoints/transformer/french/low/model_249.pth

Train Epoch: 250 started
Train Epoch: 250, loss: 0.38640
Validation. Epoch: 250, loss: 0.9840, accuracy: 0.1220
Saved model to model-checkpoints/transformer/french/low/model_250.pth

Train Epoch: 251 started
Train Epoch: 251, loss: 0.36265
Validation. Epoch: 251, loss: 0.9439, accuracy: 0.1260
Saved model to model-checkpoints/transformer/french/low/model_251.pth

Train Epoch: 252 started
Train Epoch: 252, loss: 0.34730
Validation. Epoch: 252, loss: 0.9295, accuracy: 0.1130
Saved model to model-checkpoints/transformer/french/low/model_252.pth

Train Epoch: 253 started
Train Epoch: 253, loss: 0.35526
Validation. Epoch: 253, loss: 0.9447, accuracy: 0.1240
Saved model to model-checkpoints/transformer/french/low/model_253.pth

Train Epoch: 254 started
Train Epoch: 254, loss: 0.33013
Validation. Epoch: 254, loss: 0.9768, accuracy: 0.1150
Saved model to model-checkpoints/transformer/french/low/model_254.pth

Train Epoch: 255 started
Train Epoch: 255, loss: 0.34266
Validation. Epoch: 255, loss: 0.9241, accuracy: 0.1290
Saved model to model-checkpoints/transformer/french/low/model_255.pth

Train Epoch: 256 started
Train Epoch: 256, loss: 0.35792
Validation. Epoch: 256, loss: 0.9255, accuracy: 0.1360
Saved model to model-checkpoints/transformer/french/low/model_256.pth

Train Epoch: 257 started
Train Epoch: 257, loss: 0.35570
Validation. Epoch: 257, loss: 0.9574, accuracy: 0.1290
Saved model to model-checkpoints/transformer/french/low/model_257.pth

Train Epoch: 258 started
Train Epoch: 258, loss: 0.36253
Validation. Epoch: 258, loss: 0.9693, accuracy: 0.1320
Saved model to model-checkpoints/transformer/french/low/model_258.pth

Train Epoch: 259 started
Train Epoch: 259, loss: 0.34072
Validation. Epoch: 259, loss: 0.9418, accuracy: 0.1360
Saved model to model-checkpoints/transformer/french/low/model_259.pth

Train Epoch: 260 started
Train Epoch: 260, loss: 0.30968
Validation. Epoch: 260, loss: 0.9448, accuracy: 0.1290
Saved model to model-checkpoints/transformer/french/low/model_260.pth

Train Epoch: 261 started
Train Epoch: 261, loss: 0.30428
Validation. Epoch: 261, loss: 0.9639, accuracy: 0.1340
Saved model to model-checkpoints/transformer/french/low/model_261.pth

Train Epoch: 262 started
Train Epoch: 262, loss: 0.28851
Validation. Epoch: 262, loss: 0.9932, accuracy: 0.1280
Saved model to model-checkpoints/transformer/french/low/model_262.pth

Train Epoch: 263 started
Train Epoch: 263, loss: 0.33521
Validation. Epoch: 263, loss: 0.9520, accuracy: 0.1310
Saved model to model-checkpoints/transformer/french/low/model_263.pth

Train Epoch: 264 started
Train Epoch: 264, loss: 0.31826
Validation. Epoch: 264, loss: 0.9400, accuracy: 0.1390
Saved model to model-checkpoints/transformer/french/low/model_264.pth

Train Epoch: 265 started
Train Epoch: 265, loss: 0.31864
Validation. Epoch: 265, loss: 0.9331, accuracy: 0.1390
Saved model to model-checkpoints/transformer/french/low/model_265.pth

Train Epoch: 266 started
Train Epoch: 266, loss: 0.30655
Validation. Epoch: 266, loss: 0.9415, accuracy: 0.1310
Saved model to model-checkpoints/transformer/french/low/model_266.pth

Train Epoch: 267 started
Train Epoch: 267, loss: 0.30270
Validation. Epoch: 267, loss: 0.9620, accuracy: 0.1260
Saved model to model-checkpoints/transformer/french/low/model_267.pth

Train Epoch: 268 started
Train Epoch: 268, loss: 0.26991
Validation. Epoch: 268, loss: 0.9892, accuracy: 0.1270
Saved model to model-checkpoints/transformer/french/low/model_268.pth

Train Epoch: 269 started
Train Epoch: 269, loss: 0.30637
Validation. Epoch: 269, loss: 0.9732, accuracy: 0.1300
Saved model to model-checkpoints/transformer/french/low/model_269.pth

Train Epoch: 270 started
Train Epoch: 270, loss: 0.29558
Validation. Epoch: 270, loss: 0.9540, accuracy: 0.1200
Saved model to model-checkpoints/transformer/french/low/model_270.pth

Train Epoch: 271 started
Train Epoch: 271, loss: 0.29107
Validation. Epoch: 271, loss: 0.9590, accuracy: 0.1280
Saved model to model-checkpoints/transformer/french/low/model_271.pth

Train Epoch: 272 started
Train Epoch: 272, loss: 0.32534
Validation. Epoch: 272, loss: 0.9590, accuracy: 0.1340
Saved model to model-checkpoints/transformer/french/low/model_272.pth

Train Epoch: 273 started
Train Epoch: 273, loss: 0.33435
Validation. Epoch: 273, loss: 0.9971, accuracy: 0.1360
Saved model to model-checkpoints/transformer/french/low/model_273.pth

Train Epoch: 274 started
Train Epoch: 274, loss: 0.29706
Validation. Epoch: 274, loss: 0.9736, accuracy: 0.1320
Saved model to model-checkpoints/transformer/french/low/model_274.pth

Train Epoch: 275 started
Train Epoch: 275, loss: 0.25965
Validation. Epoch: 275, loss: 0.9481, accuracy: 0.1290
Saved model to model-checkpoints/transformer/french/low/model_275.pth

Train Epoch: 276 started
Train Epoch: 276, loss: 0.32926
Validation. Epoch: 276, loss: 0.9367, accuracy: 0.1340
Saved model to model-checkpoints/transformer/french/low/model_276.pth

Train Epoch: 277 started
Train Epoch: 277, loss: 0.28142
Validation. Epoch: 277, loss: 0.9617, accuracy: 0.1370
Saved model to model-checkpoints/transformer/french/low/model_277.pth

Train Epoch: 278 started
Train Epoch: 278, loss: 0.29231
Validation. Epoch: 278, loss: 0.9403, accuracy: 0.1360
Saved model to model-checkpoints/transformer/french/low/model_278.pth

Train Epoch: 279 started
Train Epoch: 279, loss: 0.28003
Validation. Epoch: 279, loss: 0.9424, accuracy: 0.1240
Saved model to model-checkpoints/transformer/french/low/model_279.pth

Train Epoch: 280 started
Train Epoch: 280, loss: 0.28749
Validation. Epoch: 280, loss: 0.9814, accuracy: 0.1320
Saved model to model-checkpoints/transformer/french/low/model_280.pth

Train Epoch: 281 started
Train Epoch: 281, loss: 0.27685
Validation. Epoch: 281, loss: 0.9808, accuracy: 0.1410
Saved model to model-checkpoints/transformer/french/low/model_281.pth

Train Epoch: 282 started
Train Epoch: 282, loss: 0.27416
Validation. Epoch: 282, loss: 0.9775, accuracy: 0.1450
Saved model to model-checkpoints/transformer/french/low/model_282.pth

Train Epoch: 283 started
Train Epoch: 283, loss: 0.27658
Validation. Epoch: 283, loss: 0.9534, accuracy: 0.1360
Saved model to model-checkpoints/transformer/french/low/model_283.pth

Train Epoch: 284 started
Train Epoch: 284, loss: 0.25599
Validation. Epoch: 284, loss: 0.9641, accuracy: 0.1250
Saved model to model-checkpoints/transformer/french/low/model_284.pth

Train Epoch: 285 started
Train Epoch: 285, loss: 0.28860
Validation. Epoch: 285, loss: 0.9725, accuracy: 0.1350
Saved model to model-checkpoints/transformer/french/low/model_285.pth

Train Epoch: 286 started
Train Epoch: 286, loss: 0.29148
Validation. Epoch: 286, loss: 0.9887, accuracy: 0.1280
Saved model to model-checkpoints/transformer/french/low/model_286.pth

Train Epoch: 287 started
Train Epoch: 287, loss: 0.28800
Validation. Epoch: 287, loss: 1.0072, accuracy: 0.1170
Saved model to model-checkpoints/transformer/french/low/model_287.pth

Train Epoch: 288 started
Train Epoch: 288, loss: 0.25501
Validation. Epoch: 288, loss: 1.0065, accuracy: 0.1170
Saved model to model-checkpoints/transformer/french/low/model_288.pth

Train Epoch: 289 started
Train Epoch: 289, loss: 0.27525
Validation. Epoch: 289, loss: 0.9981, accuracy: 0.1220
Saved model to model-checkpoints/transformer/french/low/model_289.pth

Train Epoch: 290 started
Train Epoch: 290, loss: 0.29072
Validation. Epoch: 290, loss: 0.9985, accuracy: 0.1260
Saved model to model-checkpoints/transformer/french/low/model_290.pth

Train Epoch: 291 started
Train Epoch: 291, loss: 0.24967
Validation. Epoch: 291, loss: 0.9874, accuracy: 0.1200
Saved model to model-checkpoints/transformer/french/low/model_291.pth

Train Epoch: 292 started
Train Epoch: 292, loss: 0.29378
Validation. Epoch: 292, loss: 0.9871, accuracy: 0.1300
Saved model to model-checkpoints/transformer/french/low/model_292.pth

Train Epoch: 293 started
Train Epoch: 293, loss: 0.29529
Validation. Epoch: 293, loss: 0.9745, accuracy: 0.1390
Saved model to model-checkpoints/transformer/french/low/model_293.pth

Train Epoch: 294 started
Train Epoch: 294, loss: 0.28534
Validation. Epoch: 294, loss: 0.9670, accuracy: 0.1410
Saved model to model-checkpoints/transformer/french/low/model_294.pth

Train Epoch: 295 started
Train Epoch: 295, loss: 0.24966
Validation. Epoch: 295, loss: 0.9696, accuracy: 0.1360
Saved model to model-checkpoints/transformer/french/low/model_295.pth

Train Epoch: 296 started
Train Epoch: 296, loss: 0.27227
Validation. Epoch: 296, loss: 0.9707, accuracy: 0.1380
Saved model to model-checkpoints/transformer/french/low/model_296.pth

Train Epoch: 297 started
Train Epoch: 297, loss: 0.25371
Validation. Epoch: 297, loss: 0.9745, accuracy: 0.1430
Saved model to model-checkpoints/transformer/french/low/model_297.pth

Train Epoch: 298 started
Train Epoch: 298, loss: 0.23722
Validation. Epoch: 298, loss: 0.9788, accuracy: 0.1290
Saved model to model-checkpoints/transformer/french/low/model_298.pth

Train Epoch: 299 started
Train Epoch: 299, loss: 0.22414
Validation. Epoch: 299, loss: 0.9815, accuracy: 0.1320
Saved model to model-checkpoints/transformer/french/low/model_299.pth

Train Epoch: 300 started
Train Epoch: 300, loss: 0.25626
Validation. Epoch: 300, loss: 0.9774, accuracy: 0.1360
Saved model to model-checkpoints/transformer/french/low/model_300.pth

Train Epoch: 301 started
Train Epoch: 301, loss: 0.24719
Validation. Epoch: 301, loss: 0.9891, accuracy: 0.1470
Saved model to model-checkpoints/transformer/french/low/model_301.pth

Train Epoch: 302 started
Train Epoch: 302, loss: 0.23991
Validation. Epoch: 302, loss: 0.9998, accuracy: 0.1350
Saved model to model-checkpoints/transformer/french/low/model_302.pth

Train Epoch: 303 started
Train Epoch: 303, loss: 0.25948
Validation. Epoch: 303, loss: 0.9838, accuracy: 0.1350
Saved model to model-checkpoints/transformer/french/low/model_303.pth

Train Epoch: 304 started
Train Epoch: 304, loss: 0.25565
Validation. Epoch: 304, loss: 0.9598, accuracy: 0.1380
Saved model to model-checkpoints/transformer/french/low/model_304.pth

Train Epoch: 305 started
Train Epoch: 305, loss: 0.25797
Validation. Epoch: 305, loss: 0.9612, accuracy: 0.1490
Saved model to model-checkpoints/transformer/french/low/model_305.pth

Train Epoch: 306 started
Train Epoch: 306, loss: 0.24596
Validation. Epoch: 306, loss: 0.9659, accuracy: 0.1410
Saved model to model-checkpoints/transformer/french/low/model_306.pth

Train Epoch: 307 started
Train Epoch: 307, loss: 0.21003
Validation. Epoch: 307, loss: 1.0021, accuracy: 0.1320
Saved model to model-checkpoints/transformer/french/low/model_307.pth

Train Epoch: 308 started
Train Epoch: 308, loss: 0.24633
Validation. Epoch: 308, loss: 0.9864, accuracy: 0.1360
Saved model to model-checkpoints/transformer/french/low/model_308.pth

Train Epoch: 309 started
Train Epoch: 309, loss: 0.22373
Validation. Epoch: 309, loss: 0.9568, accuracy: 0.1500
Saved model to model-checkpoints/transformer/french/low/model_309.pth

Train Epoch: 310 started
Train Epoch: 310, loss: 0.22045
Validation. Epoch: 310, loss: 0.9662, accuracy: 0.1390
Saved model to model-checkpoints/transformer/french/low/model_310.pth

Train Epoch: 311 started
Train Epoch: 311, loss: 0.26976
Validation. Epoch: 311, loss: 0.9977, accuracy: 0.1370
Saved model to model-checkpoints/transformer/french/low/model_311.pth

Train Epoch: 312 started
Train Epoch: 312, loss: 0.24008
Validation. Epoch: 312, loss: 1.0410, accuracy: 0.1430
Saved model to model-checkpoints/transformer/french/low/model_312.pth

Train Epoch: 313 started
Train Epoch: 313, loss: 0.25919
Validation. Epoch: 313, loss: 0.9950, accuracy: 0.1560
Saved model to model-checkpoints/transformer/french/low/model_313.pth

Train Epoch: 314 started
Train Epoch: 314, loss: 0.24392
Validation. Epoch: 314, loss: 0.9590, accuracy: 0.1490
Saved model to model-checkpoints/transformer/french/low/model_314.pth

Train Epoch: 315 started
Train Epoch: 315, loss: 0.22821
Validation. Epoch: 315, loss: 0.9674, accuracy: 0.1410
Saved model to model-checkpoints/transformer/french/low/model_315.pth

Train Epoch: 316 started
Train Epoch: 316, loss: 0.19191
Validation. Epoch: 316, loss: 0.9870, accuracy: 0.1430
Saved model to model-checkpoints/transformer/french/low/model_316.pth

Train Epoch: 317 started
Train Epoch: 317, loss: 0.22258
Validation. Epoch: 317, loss: 0.9992, accuracy: 0.1490
Saved model to model-checkpoints/transformer/french/low/model_317.pth

Train Epoch: 318 started
Train Epoch: 318, loss: 0.21557
Validation. Epoch: 318, loss: 1.0010, accuracy: 0.1500
Saved model to model-checkpoints/transformer/french/low/model_318.pth

Train Epoch: 319 started
Train Epoch: 319, loss: 0.19644
Validation. Epoch: 319, loss: 0.9892, accuracy: 0.1490
Saved model to model-checkpoints/transformer/french/low/model_319.pth

Train Epoch: 320 started
Train Epoch: 320, loss: 0.19053
Validation. Epoch: 320, loss: 0.9806, accuracy: 0.1420
Saved model to model-checkpoints/transformer/french/low/model_320.pth

Train Epoch: 321 started
Train Epoch: 321, loss: 0.20142
Validation. Epoch: 321, loss: 0.9961, accuracy: 0.1420
Saved model to model-checkpoints/transformer/french/low/model_321.pth

Train Epoch: 322 started
Train Epoch: 322, loss: 0.22314
Validation. Epoch: 322, loss: 1.0129, accuracy: 0.1410
Saved model to model-checkpoints/transformer/french/low/model_322.pth

Train Epoch: 323 started
Train Epoch: 323, loss: 0.22064
Validation. Epoch: 323, loss: 1.0114, accuracy: 0.1390
Saved model to model-checkpoints/transformer/french/low/model_323.pth

Train Epoch: 324 started
Train Epoch: 324, loss: 0.20621
Validation. Epoch: 324, loss: 1.0269, accuracy: 0.1340
Saved model to model-checkpoints/transformer/french/low/model_324.pth

Train Epoch: 325 started
Train Epoch: 325, loss: 0.21094
Validation. Epoch: 325, loss: 1.0405, accuracy: 0.1430
Saved model to model-checkpoints/transformer/french/low/model_325.pth

Train Epoch: 326 started
Train Epoch: 326, loss: 0.21879
Validation. Epoch: 326, loss: 1.0270, accuracy: 0.1410
Saved model to model-checkpoints/transformer/french/low/model_326.pth

Train Epoch: 327 started
Train Epoch: 327, loss: 0.20030
Validation. Epoch: 327, loss: 0.9941, accuracy: 0.1470
Saved model to model-checkpoints/transformer/french/low/model_327.pth

Train Epoch: 328 started
Train Epoch: 328, loss: 0.20166
Validation. Epoch: 328, loss: 1.0037, accuracy: 0.1380
Saved model to model-checkpoints/transformer/french/low/model_328.pth

Train Epoch: 329 started
Train Epoch: 329, loss: 0.20383
Validation. Epoch: 329, loss: 1.0061, accuracy: 0.1440
Saved model to model-checkpoints/transformer/french/low/model_329.pth

Train Epoch: 330 started
Train Epoch: 330, loss: 0.20552
Validation. Epoch: 330, loss: 1.0078, accuracy: 0.1410
Saved model to model-checkpoints/transformer/french/low/model_330.pth

Train Epoch: 331 started
Train Epoch: 331, loss: 0.19345
Validation. Epoch: 331, loss: 1.0151, accuracy: 0.1430
Saved model to model-checkpoints/transformer/french/low/model_331.pth

Train Epoch: 332 started
Train Epoch: 332, loss: 0.21833
Validation. Epoch: 332, loss: 0.9860, accuracy: 0.1430
Saved model to model-checkpoints/transformer/french/low/model_332.pth

Train Epoch: 333 started
Train Epoch: 333, loss: 0.18932
Validation. Epoch: 333, loss: 0.9925, accuracy: 0.1350
Saved model to model-checkpoints/transformer/french/low/model_333.pth

Train Epoch: 334 started
Train Epoch: 334, loss: 0.21063
Validation. Epoch: 334, loss: 0.9737, accuracy: 0.1390
Saved model to model-checkpoints/transformer/french/low/model_334.pth

Train Epoch: 335 started
Train Epoch: 335, loss: 0.18403
Validation. Epoch: 335, loss: 0.9877, accuracy: 0.1450
Saved model to model-checkpoints/transformer/french/low/model_335.pth

Train Epoch: 336 started
Train Epoch: 336, loss: 0.20145
Validation. Epoch: 336, loss: 1.0204, accuracy: 0.1410
Saved model to model-checkpoints/transformer/french/low/model_336.pth

Train Epoch: 337 started
Train Epoch: 337, loss: 0.19972
Validation. Epoch: 337, loss: 1.0272, accuracy: 0.1460
Saved model to model-checkpoints/transformer/french/low/model_337.pth

Train Epoch: 338 started
Train Epoch: 338, loss: 0.19932
Validation. Epoch: 338, loss: 0.9980, accuracy: 0.1420
Saved model to model-checkpoints/transformer/french/low/model_338.pth

Train Epoch: 339 started
Train Epoch: 339, loss: 0.21079
Validation. Epoch: 339, loss: 0.9800, accuracy: 0.1510
Saved model to model-checkpoints/transformer/french/low/model_339.pth

Train Epoch: 340 started
Train Epoch: 340, loss: 0.18778
Validation. Epoch: 340, loss: 0.9837, accuracy: 0.1510
Saved model to model-checkpoints/transformer/french/low/model_340.pth

Train Epoch: 341 started
Train Epoch: 341, loss: 0.18829
Validation. Epoch: 341, loss: 1.0211, accuracy: 0.1480
Saved model to model-checkpoints/transformer/french/low/model_341.pth

Train Epoch: 342 started
Train Epoch: 342, loss: 0.17261
Validation. Epoch: 342, loss: 0.9995, accuracy: 0.1530
Saved model to model-checkpoints/transformer/french/low/model_342.pth

Train Epoch: 343 started
Train Epoch: 343, loss: 0.18136
Validation. Epoch: 343, loss: 0.9665, accuracy: 0.1520
Saved model to model-checkpoints/transformer/french/low/model_343.pth

Train Epoch: 344 started
Train Epoch: 344, loss: 0.21915
Validation. Epoch: 344, loss: 0.9657, accuracy: 0.1550
Saved model to model-checkpoints/transformer/french/low/model_344.pth

Train Epoch: 345 started
Train Epoch: 345, loss: 0.16860
Validation. Epoch: 345, loss: 1.0203, accuracy: 0.1560
Saved model to model-checkpoints/transformer/french/low/model_345.pth

Train Epoch: 346 started
Train Epoch: 346, loss: 0.17961
Validation. Epoch: 346, loss: 1.0318, accuracy: 0.1460
Saved model to model-checkpoints/transformer/french/low/model_346.pth

Train Epoch: 347 started
Train Epoch: 347, loss: 0.17066
Validation. Epoch: 347, loss: 1.0297, accuracy: 0.1500
Saved model to model-checkpoints/transformer/french/low/model_347.pth

Train Epoch: 348 started
Train Epoch: 348, loss: 0.19184
Validation. Epoch: 348, loss: 1.0244, accuracy: 0.1410
Saved model to model-checkpoints/transformer/french/low/model_348.pth

Train Epoch: 349 started
Train Epoch: 349, loss: 0.19571
Validation. Epoch: 349, loss: 1.0014, accuracy: 0.1420
Saved model to model-checkpoints/transformer/french/low/model_349.pth

Train Epoch: 350 started
Train Epoch: 350, loss: 0.18880
Validation. Epoch: 350, loss: 1.0020, accuracy: 0.1530
Saved model to model-checkpoints/transformer/french/low/model_350.pth

Train Epoch: 351 started
Train Epoch: 351, loss: 0.19601
Validation. Epoch: 351, loss: 1.0115, accuracy: 0.1480
Saved model to model-checkpoints/transformer/french/low/model_351.pth

Train Epoch: 352 started
Train Epoch: 352, loss: 0.18490
Validation. Epoch: 352, loss: 0.9984, accuracy: 0.1500
Saved model to model-checkpoints/transformer/french/low/model_352.pth

Train Epoch: 353 started
Train Epoch: 353, loss: 0.18264
Validation. Epoch: 353, loss: 1.0105, accuracy: 0.1400
Saved model to model-checkpoints/transformer/french/low/model_353.pth

Train Epoch: 354 started
Train Epoch: 354, loss: 0.18499
Validation. Epoch: 354, loss: 1.0121, accuracy: 0.1500
Saved model to model-checkpoints/transformer/french/low/model_354.pth

Train Epoch: 355 started
Train Epoch: 355, loss: 0.15143
Validation. Epoch: 355, loss: 1.0267, accuracy: 0.1400
Saved model to model-checkpoints/transformer/french/low/model_355.pth

Train Epoch: 356 started
Train Epoch: 356, loss: 0.16940
Validation. Epoch: 356, loss: 1.0186, accuracy: 0.1390
Saved model to model-checkpoints/transformer/french/low/model_356.pth

Train Epoch: 357 started
Train Epoch: 357, loss: 0.17116
Validation. Epoch: 357, loss: 1.0239, accuracy: 0.1460
Saved model to model-checkpoints/transformer/french/low/model_357.pth

Train Epoch: 358 started
Train Epoch: 358, loss: 0.18655
Validation. Epoch: 358, loss: 1.0202, accuracy: 0.1450
Saved model to model-checkpoints/transformer/french/low/model_358.pth

Train Epoch: 359 started
Train Epoch: 359, loss: 0.15783
Validation. Epoch: 359, loss: 1.0089, accuracy: 0.1420
Saved model to model-checkpoints/transformer/french/low/model_359.pth

Train Epoch: 360 started
Train Epoch: 360, loss: 0.15835
Validation. Epoch: 360, loss: 1.0075, accuracy: 0.1420
Saved model to model-checkpoints/transformer/french/low/model_360.pth

Train Epoch: 361 started
Train Epoch: 361, loss: 0.15645
Validation. Epoch: 361, loss: 0.9829, accuracy: 0.1530
Saved model to model-checkpoints/transformer/french/low/model_361.pth

Train Epoch: 362 started
Train Epoch: 362, loss: 0.16370
Validation. Epoch: 362, loss: 1.0017, accuracy: 0.1440
Saved model to model-checkpoints/transformer/french/low/model_362.pth

Train Epoch: 363 started
Train Epoch: 363, loss: 0.16957
Validation. Epoch: 363, loss: 1.0439, accuracy: 0.1470
Saved model to model-checkpoints/transformer/french/low/model_363.pth

Train Epoch: 364 started
Train Epoch: 364, loss: 0.19102
Validation. Epoch: 364, loss: 1.0490, accuracy: 0.1410
Saved model to model-checkpoints/transformer/french/low/model_364.pth

Train Epoch: 365 started
Train Epoch: 365, loss: 0.17392
Validation. Epoch: 365, loss: 1.0164, accuracy: 0.1530
Saved model to model-checkpoints/transformer/french/low/model_365.pth

Train Epoch: 366 started
Train Epoch: 366, loss: 0.17501
Validation. Epoch: 366, loss: 1.0167, accuracy: 0.1550
Saved model to model-checkpoints/transformer/french/low/model_366.pth

Train Epoch: 367 started
Train Epoch: 367, loss: 0.18918
Validation. Epoch: 367, loss: 1.0126, accuracy: 0.1460
Saved model to model-checkpoints/transformer/french/low/model_367.pth

Train Epoch: 368 started
Train Epoch: 368, loss: 0.15005
Validation. Epoch: 368, loss: 1.0201, accuracy: 0.1540
Saved model to model-checkpoints/transformer/french/low/model_368.pth

Train Epoch: 369 started
Train Epoch: 369, loss: 0.16405
Validation. Epoch: 369, loss: 1.0417, accuracy: 0.1470
Saved model to model-checkpoints/transformer/french/low/model_369.pth

Train Epoch: 370 started
Train Epoch: 370, loss: 0.18524
Validation. Epoch: 370, loss: 1.0328, accuracy: 0.1460
Saved model to model-checkpoints/transformer/french/low/model_370.pth

Train Epoch: 371 started
Train Epoch: 371, loss: 0.19569
Validation. Epoch: 371, loss: 0.9948, accuracy: 0.1590
Saved model to model-checkpoints/transformer/french/low/model_371.pth

Train Epoch: 372 started
Train Epoch: 372, loss: 0.14810
Validation. Epoch: 372, loss: 0.9994, accuracy: 0.1580
Saved model to model-checkpoints/transformer/french/low/model_372.pth

Train Epoch: 373 started
Train Epoch: 373, loss: 0.16053
Validation. Epoch: 373, loss: 1.0161, accuracy: 0.1620
Saved model to model-checkpoints/transformer/french/low/model_373.pth

Train Epoch: 374 started
Train Epoch: 374, loss: 0.17800
Validation. Epoch: 374, loss: 1.0280, accuracy: 0.1580
Saved model to model-checkpoints/transformer/french/low/model_374.pth

Train Epoch: 375 started
Train Epoch: 375, loss: 0.16388
Validation. Epoch: 375, loss: 1.0024, accuracy: 0.1620
Saved model to model-checkpoints/transformer/french/low/model_375.pth

Train Epoch: 376 started
Train Epoch: 376, loss: 0.16998
Validation. Epoch: 376, loss: 0.9901, accuracy: 0.1560
Saved model to model-checkpoints/transformer/french/low/model_376.pth

Train Epoch: 377 started
Train Epoch: 377, loss: 0.18614
Validation. Epoch: 377, loss: 0.9926, accuracy: 0.1520
Saved model to model-checkpoints/transformer/french/low/model_377.pth

Train Epoch: 378 started
Train Epoch: 378, loss: 0.16897
Validation. Epoch: 378, loss: 0.9908, accuracy: 0.1590
Saved model to model-checkpoints/transformer/french/low/model_378.pth

Train Epoch: 379 started
Train Epoch: 379, loss: 0.16095
Validation. Epoch: 379, loss: 1.0009, accuracy: 0.1640
Saved model to model-checkpoints/transformer/french/low/model_379.pth

Train Epoch: 380 started
Train Epoch: 380, loss: 0.15991
Validation. Epoch: 380, loss: 1.0223, accuracy: 0.1550
Saved model to model-checkpoints/transformer/french/low/model_380.pth

Train Epoch: 381 started
Train Epoch: 381, loss: 0.18473
Validation. Epoch: 381, loss: 1.0777, accuracy: 0.1500
Saved model to model-checkpoints/transformer/french/low/model_381.pth

Train Epoch: 382 started
Train Epoch: 382, loss: 0.15336
Validation. Epoch: 382, loss: 1.0630, accuracy: 0.1500
Saved model to model-checkpoints/transformer/french/low/model_382.pth

Train Epoch: 383 started
Train Epoch: 383, loss: 0.15933
Validation. Epoch: 383, loss: 1.0326, accuracy: 0.1530
Saved model to model-checkpoints/transformer/french/low/model_383.pth

Train Epoch: 384 started
Train Epoch: 384, loss: 0.15326
Validation. Epoch: 384, loss: 0.9994, accuracy: 0.1560
Saved model to model-checkpoints/transformer/french/low/model_384.pth

Train Epoch: 385 started
Train Epoch: 385, loss: 0.13560
Validation. Epoch: 385, loss: 0.9799, accuracy: 0.1590
Saved model to model-checkpoints/transformer/french/low/model_385.pth

Train Epoch: 386 started
Train Epoch: 386, loss: 0.14927
Validation. Epoch: 386, loss: 1.0029, accuracy: 0.1550
Saved model to model-checkpoints/transformer/french/low/model_386.pth

Train Epoch: 387 started
Train Epoch: 387, loss: 0.17696
Validation. Epoch: 387, loss: 1.0251, accuracy: 0.1540
Saved model to model-checkpoints/transformer/french/low/model_387.pth

Train Epoch: 388 started
Train Epoch: 388, loss: 0.16235
Validation. Epoch: 388, loss: 1.0318, accuracy: 0.1520
Saved model to model-checkpoints/transformer/french/low/model_388.pth

Train Epoch: 389 started
Train Epoch: 389, loss: 0.15214
Validation. Epoch: 389, loss: 1.0513, accuracy: 0.1510
Saved model to model-checkpoints/transformer/french/low/model_389.pth

Train Epoch: 390 started
Train Epoch: 390, loss: 0.13750
Validation. Epoch: 390, loss: 1.0206, accuracy: 0.1550
Saved model to model-checkpoints/transformer/french/low/model_390.pth

Train Epoch: 391 started
Train Epoch: 391, loss: 0.16042
Validation. Epoch: 391, loss: 1.0087, accuracy: 0.1560
Saved model to model-checkpoints/transformer/french/low/model_391.pth

Train Epoch: 392 started
Train Epoch: 392, loss: 0.13331
Validation. Epoch: 392, loss: 1.0137, accuracy: 0.1540
Saved model to model-checkpoints/transformer/french/low/model_392.pth

Train Epoch: 393 started
Train Epoch: 393, loss: 0.15243
Validation. Epoch: 393, loss: 1.0167, accuracy: 0.1560
Saved model to model-checkpoints/transformer/french/low/model_393.pth

Train Epoch: 394 started
Train Epoch: 394, loss: 0.10613
Validation. Epoch: 394, loss: 1.0061, accuracy: 0.1600
Saved model to model-checkpoints/transformer/french/low/model_394.pth

Train Epoch: 395 started
Train Epoch: 395, loss: 0.12512
Validation. Epoch: 395, loss: 1.0124, accuracy: 0.1630
Saved model to model-checkpoints/transformer/french/low/model_395.pth

Train Epoch: 396 started
Train Epoch: 396, loss: 0.14868
Validation. Epoch: 396, loss: 1.0011, accuracy: 0.1650
Saved model to model-checkpoints/transformer/french/low/model_396.pth

Train Epoch: 397 started
Train Epoch: 397, loss: 0.13669
Validation. Epoch: 397, loss: 1.0226, accuracy: 0.1580
Saved model to model-checkpoints/transformer/french/low/model_397.pth

Train Epoch: 398 started
Train Epoch: 398, loss: 0.13599
Validation. Epoch: 398, loss: 1.0237, accuracy: 0.1560
Saved model to model-checkpoints/transformer/french/low/model_398.pth

Train Epoch: 399 started
Train Epoch: 399, loss: 0.12823
Validation. Epoch: 399, loss: 1.0244, accuracy: 0.1620
Saved model to model-checkpoints/transformer/french/low/model_399.pth

Train Epoch: 400 started
Train Epoch: 400, loss: 0.16498
Validation. Epoch: 400, loss: 1.0215, accuracy: 0.1560
Saved model to model-checkpoints/transformer/french/low/model_400.pth

Finished training, best model on validation set:  230
