
Train Epoch: 1 started
Train Epoch: 1, loss: 3.92300
Validation. Epoch: 1, loss: 3.2395, accuracy: 0.0000
Saved model to model-checkpoints/transformer/irish/low/model_1.pth
New best Loss, saved to model-checkpoints/transformer/irish/low/model_best.pth

Train Epoch: 2 started
Train Epoch: 2, loss: 3.37455
Validation. Epoch: 2, loss: 3.1271, accuracy: 0.0000
Saved model to model-checkpoints/transformer/irish/low/model_2.pth
New best Loss, saved to model-checkpoints/transformer/irish/low/model_best.pth

Train Epoch: 3 started
Train Epoch: 3, loss: 3.28533
Validation. Epoch: 3, loss: 3.0607, accuracy: 0.0000
Saved model to model-checkpoints/transformer/irish/low/model_3.pth
New best Loss, saved to model-checkpoints/transformer/irish/low/model_best.pth

Train Epoch: 4 started
Train Epoch: 4, loss: 3.19017
Validation. Epoch: 4, loss: 3.0343, accuracy: 0.0000
Saved model to model-checkpoints/transformer/irish/low/model_4.pth
New best Loss, saved to model-checkpoints/transformer/irish/low/model_best.pth

Train Epoch: 5 started
Train Epoch: 5, loss: 3.17419
Validation. Epoch: 5, loss: 3.0288, accuracy: 0.0000
Saved model to model-checkpoints/transformer/irish/low/model_5.pth
New best Loss, saved to model-checkpoints/transformer/irish/low/model_best.pth

Train Epoch: 6 started
Train Epoch: 6, loss: 3.17604
Validation. Epoch: 6, loss: 3.0293, accuracy: 0.0000
Saved model to model-checkpoints/transformer/irish/low/model_6.pth

Train Epoch: 7 started
Train Epoch: 7, loss: 3.13918
Validation. Epoch: 7, loss: 3.0198, accuracy: 0.0000
Saved model to model-checkpoints/transformer/irish/low/model_7.pth
New best Loss, saved to model-checkpoints/transformer/irish/low/model_best.pth

Train Epoch: 8 started
Train Epoch: 8, loss: 3.11896
Validation. Epoch: 8, loss: 3.0079, accuracy: 0.0000
Saved model to model-checkpoints/transformer/irish/low/model_8.pth
New best Loss, saved to model-checkpoints/transformer/irish/low/model_best.pth

Train Epoch: 9 started
Train Epoch: 9, loss: 3.12944
Validation. Epoch: 9, loss: 2.9970, accuracy: 0.0000
Saved model to model-checkpoints/transformer/irish/low/model_9.pth
New best Loss, saved to model-checkpoints/transformer/irish/low/model_best.pth

Train Epoch: 10 started
Train Epoch: 10, loss: 3.11087
Validation. Epoch: 10, loss: 2.9932, accuracy: 0.0000
Saved model to model-checkpoints/transformer/irish/low/model_10.pth
New best Loss, saved to model-checkpoints/transformer/irish/low/model_best.pth

Train Epoch: 11 started
Train Epoch: 11, loss: 3.09409
Validation. Epoch: 11, loss: 2.9910, accuracy: 0.0000
Saved model to model-checkpoints/transformer/irish/low/model_11.pth
New best Loss, saved to model-checkpoints/transformer/irish/low/model_best.pth

Train Epoch: 12 started
Train Epoch: 12, loss: 3.06008
Validation. Epoch: 12, loss: 2.9906, accuracy: 0.0000
Saved model to model-checkpoints/transformer/irish/low/model_12.pth
New best Loss, saved to model-checkpoints/transformer/irish/low/model_best.pth

Train Epoch: 13 started
Train Epoch: 13, loss: 3.09747
Validation. Epoch: 13, loss: 2.9898, accuracy: 0.0000
Saved model to model-checkpoints/transformer/irish/low/model_13.pth
New best Loss, saved to model-checkpoints/transformer/irish/low/model_best.pth

Train Epoch: 14 started
Train Epoch: 14, loss: 3.07605
Validation. Epoch: 14, loss: 2.9890, accuracy: 0.0000
Saved model to model-checkpoints/transformer/irish/low/model_14.pth
New best Loss, saved to model-checkpoints/transformer/irish/low/model_best.pth

Train Epoch: 15 started
Train Epoch: 15, loss: 3.08469
Validation. Epoch: 15, loss: 2.9861, accuracy: 0.0000
Saved model to model-checkpoints/transformer/irish/low/model_15.pth
New best Loss, saved to model-checkpoints/transformer/irish/low/model_best.pth

Train Epoch: 16 started
Train Epoch: 16, loss: 3.03162
Validation. Epoch: 16, loss: 2.9833, accuracy: 0.0000
Saved model to model-checkpoints/transformer/irish/low/model_16.pth
New best Loss, saved to model-checkpoints/transformer/irish/low/model_best.pth

Train Epoch: 17 started
Train Epoch: 17, loss: 3.04243
Validation. Epoch: 17, loss: 2.9806, accuracy: 0.0000
Saved model to model-checkpoints/transformer/irish/low/model_17.pth
New best Loss, saved to model-checkpoints/transformer/irish/low/model_best.pth

Train Epoch: 18 started
Train Epoch: 18, loss: 3.03470
Validation. Epoch: 18, loss: 2.9765, accuracy: 0.0000
Saved model to model-checkpoints/transformer/irish/low/model_18.pth
New best Loss, saved to model-checkpoints/transformer/irish/low/model_best.pth

Train Epoch: 19 started
Train Epoch: 19, loss: 3.03874
Validation. Epoch: 19, loss: 2.9675, accuracy: 0.0000
Saved model to model-checkpoints/transformer/irish/low/model_19.pth
New best Loss, saved to model-checkpoints/transformer/irish/low/model_best.pth

Train Epoch: 20 started
Train Epoch: 20, loss: 3.01570
Validation. Epoch: 20, loss: 2.9612, accuracy: 0.0000
Saved model to model-checkpoints/transformer/irish/low/model_20.pth
New best Loss, saved to model-checkpoints/transformer/irish/low/model_best.pth

Train Epoch: 21 started
Train Epoch: 21, loss: 3.02311
Validation. Epoch: 21, loss: 2.9550, accuracy: 0.0000
Saved model to model-checkpoints/transformer/irish/low/model_21.pth
New best Loss, saved to model-checkpoints/transformer/irish/low/model_best.pth

Train Epoch: 22 started
Train Epoch: 22, loss: 3.04322
Validation. Epoch: 22, loss: 2.9491, accuracy: 0.0000
Saved model to model-checkpoints/transformer/irish/low/model_22.pth
New best Loss, saved to model-checkpoints/transformer/irish/low/model_best.pth

Train Epoch: 23 started
Train Epoch: 23, loss: 3.02352
Validation. Epoch: 23, loss: 2.9456, accuracy: 0.0000
Saved model to model-checkpoints/transformer/irish/low/model_23.pth
New best Loss, saved to model-checkpoints/transformer/irish/low/model_best.pth

Train Epoch: 24 started
Train Epoch: 24, loss: 2.99661
Validation. Epoch: 24, loss: 2.9399, accuracy: 0.0000
Saved model to model-checkpoints/transformer/irish/low/model_24.pth
New best Loss, saved to model-checkpoints/transformer/irish/low/model_best.pth

Train Epoch: 25 started
Train Epoch: 25, loss: 3.01080
Validation. Epoch: 25, loss: 2.9441, accuracy: 0.0000
Saved model to model-checkpoints/transformer/irish/low/model_25.pth

Train Epoch: 26 started
Train Epoch: 26, loss: 2.97417
Validation. Epoch: 26, loss: 2.9436, accuracy: 0.0000
Saved model to model-checkpoints/transformer/irish/low/model_26.pth

Train Epoch: 27 started
Train Epoch: 27, loss: 2.98086
Validation. Epoch: 27, loss: 2.9326, accuracy: 0.0000
Saved model to model-checkpoints/transformer/irish/low/model_27.pth
New best Loss, saved to model-checkpoints/transformer/irish/low/model_best.pth

Train Epoch: 28 started
Train Epoch: 28, loss: 2.99296
Validation. Epoch: 28, loss: 2.9270, accuracy: 0.0000
Saved model to model-checkpoints/transformer/irish/low/model_28.pth
New best Loss, saved to model-checkpoints/transformer/irish/low/model_best.pth

Train Epoch: 29 started
Train Epoch: 29, loss: 2.98012
Validation. Epoch: 29, loss: 2.9239, accuracy: 0.0000
Saved model to model-checkpoints/transformer/irish/low/model_29.pth
New best Loss, saved to model-checkpoints/transformer/irish/low/model_best.pth

Train Epoch: 30 started
Train Epoch: 30, loss: 2.95770
Validation. Epoch: 30, loss: 2.9202, accuracy: 0.0000
Saved model to model-checkpoints/transformer/irish/low/model_30.pth
New best Loss, saved to model-checkpoints/transformer/irish/low/model_best.pth

Train Epoch: 31 started
Train Epoch: 31, loss: 2.94593
Validation. Epoch: 31, loss: 2.9140, accuracy: 0.0000
Saved model to model-checkpoints/transformer/irish/low/model_31.pth
New best Loss, saved to model-checkpoints/transformer/irish/low/model_best.pth

Train Epoch: 32 started
Train Epoch: 32, loss: 2.94143
Validation. Epoch: 32, loss: 2.9141, accuracy: 0.0000
Saved model to model-checkpoints/transformer/irish/low/model_32.pth

Train Epoch: 33 started
Train Epoch: 33, loss: 2.91983
Validation. Epoch: 33, loss: 2.9152, accuracy: 0.0000
Saved model to model-checkpoints/transformer/irish/low/model_33.pth

Train Epoch: 34 started
Train Epoch: 34, loss: 2.93633
Validation. Epoch: 34, loss: 2.9115, accuracy: 0.0000
Saved model to model-checkpoints/transformer/irish/low/model_34.pth
New best Loss, saved to model-checkpoints/transformer/irish/low/model_best.pth

Train Epoch: 35 started
Train Epoch: 35, loss: 2.91750
Validation. Epoch: 35, loss: 2.9013, accuracy: 0.0000
Saved model to model-checkpoints/transformer/irish/low/model_35.pth
New best Loss, saved to model-checkpoints/transformer/irish/low/model_best.pth

Train Epoch: 36 started
Train Epoch: 36, loss: 2.90317
Validation. Epoch: 36, loss: 2.8929, accuracy: 0.0000
Saved model to model-checkpoints/transformer/irish/low/model_36.pth
New best Loss, saved to model-checkpoints/transformer/irish/low/model_best.pth

Train Epoch: 37 started
Train Epoch: 37, loss: 2.89842
Validation. Epoch: 37, loss: 2.8966, accuracy: 0.0000
Saved model to model-checkpoints/transformer/irish/low/model_37.pth

Train Epoch: 38 started
Train Epoch: 38, loss: 2.90715
Validation. Epoch: 38, loss: 2.8843, accuracy: 0.0000
Saved model to model-checkpoints/transformer/irish/low/model_38.pth
New best Loss, saved to model-checkpoints/transformer/irish/low/model_best.pth

Train Epoch: 39 started
Train Epoch: 39, loss: 2.90224
Validation. Epoch: 39, loss: 2.8885, accuracy: 0.0000
Saved model to model-checkpoints/transformer/irish/low/model_39.pth

Train Epoch: 40 started
Train Epoch: 40, loss: 2.89182
Validation. Epoch: 40, loss: 2.8847, accuracy: 0.0000
Saved model to model-checkpoints/transformer/irish/low/model_40.pth

Train Epoch: 41 started
Train Epoch: 41, loss: 2.88443
Validation. Epoch: 41, loss: 2.8781, accuracy: 0.0000
Saved model to model-checkpoints/transformer/irish/low/model_41.pth
New best Loss, saved to model-checkpoints/transformer/irish/low/model_best.pth

Train Epoch: 42 started
Train Epoch: 42, loss: 2.89330
Validation. Epoch: 42, loss: 2.8717, accuracy: 0.0000
Saved model to model-checkpoints/transformer/irish/low/model_42.pth
New best Loss, saved to model-checkpoints/transformer/irish/low/model_best.pth

Train Epoch: 43 started
Train Epoch: 43, loss: 2.87423
Validation. Epoch: 43, loss: 2.8634, accuracy: 0.0000
Saved model to model-checkpoints/transformer/irish/low/model_43.pth
New best Loss, saved to model-checkpoints/transformer/irish/low/model_best.pth

Train Epoch: 44 started
Train Epoch: 44, loss: 2.84546
Validation. Epoch: 44, loss: 2.8901, accuracy: 0.0000
Saved model to model-checkpoints/transformer/irish/low/model_44.pth

Train Epoch: 45 started
Train Epoch: 45, loss: 2.86517
Validation. Epoch: 45, loss: 2.8665, accuracy: 0.0000
Saved model to model-checkpoints/transformer/irish/low/model_45.pth

Train Epoch: 46 started
Train Epoch: 46, loss: 2.85660
Validation. Epoch: 46, loss: 2.8539, accuracy: 0.0000
Saved model to model-checkpoints/transformer/irish/low/model_46.pth
New best Loss, saved to model-checkpoints/transformer/irish/low/model_best.pth

Train Epoch: 47 started
Train Epoch: 47, loss: 2.84678
Validation. Epoch: 47, loss: 2.8532, accuracy: 0.0000
Saved model to model-checkpoints/transformer/irish/low/model_47.pth
New best Loss, saved to model-checkpoints/transformer/irish/low/model_best.pth

Train Epoch: 48 started
Train Epoch: 48, loss: 2.82739
Validation. Epoch: 48, loss: 2.8314, accuracy: 0.0000
Saved model to model-checkpoints/transformer/irish/low/model_48.pth
New best Loss, saved to model-checkpoints/transformer/irish/low/model_best.pth

Train Epoch: 49 started
Train Epoch: 49, loss: 2.83254
Validation. Epoch: 49, loss: 2.8387, accuracy: 0.0000
Saved model to model-checkpoints/transformer/irish/low/model_49.pth

Train Epoch: 50 started
Train Epoch: 50, loss: 2.80591
Validation. Epoch: 50, loss: 2.8327, accuracy: 0.0000
Saved model to model-checkpoints/transformer/irish/low/model_50.pth

Train Epoch: 51 started
Train Epoch: 51, loss: 2.77182
Validation. Epoch: 51, loss: 2.8126, accuracy: 0.0000
Saved model to model-checkpoints/transformer/irish/low/model_51.pth
New best Loss, saved to model-checkpoints/transformer/irish/low/model_best.pth

Train Epoch: 52 started
Train Epoch: 52, loss: 2.78886
Validation. Epoch: 52, loss: 2.8004, accuracy: 0.0000
Saved model to model-checkpoints/transformer/irish/low/model_52.pth
New best Loss, saved to model-checkpoints/transformer/irish/low/model_best.pth

Train Epoch: 53 started
Train Epoch: 53, loss: 2.77050
Validation. Epoch: 53, loss: 2.7990, accuracy: 0.0000
Saved model to model-checkpoints/transformer/irish/low/model_53.pth
New best Loss, saved to model-checkpoints/transformer/irish/low/model_best.pth

Train Epoch: 54 started
Train Epoch: 54, loss: 2.75736
Validation. Epoch: 54, loss: 2.7970, accuracy: 0.0000
Saved model to model-checkpoints/transformer/irish/low/model_54.pth
New best Loss, saved to model-checkpoints/transformer/irish/low/model_best.pth

Train Epoch: 55 started
Train Epoch: 55, loss: 2.74444
Validation. Epoch: 55, loss: 2.7827, accuracy: 0.0000
Saved model to model-checkpoints/transformer/irish/low/model_55.pth
New best Loss, saved to model-checkpoints/transformer/irish/low/model_best.pth

Train Epoch: 56 started
Train Epoch: 56, loss: 2.72800
Validation. Epoch: 56, loss: 2.7521, accuracy: 0.0000
Saved model to model-checkpoints/transformer/irish/low/model_56.pth
New best Loss, saved to model-checkpoints/transformer/irish/low/model_best.pth

Train Epoch: 57 started
Train Epoch: 57, loss: 2.72007
Validation. Epoch: 57, loss: 2.8047, accuracy: 0.0000
Saved model to model-checkpoints/transformer/irish/low/model_57.pth

Train Epoch: 58 started
Train Epoch: 58, loss: 2.70851
Validation. Epoch: 58, loss: 2.7415, accuracy: 0.0000
Saved model to model-checkpoints/transformer/irish/low/model_58.pth
New best Loss, saved to model-checkpoints/transformer/irish/low/model_best.pth

Train Epoch: 59 started
Train Epoch: 59, loss: 2.71510
Validation. Epoch: 59, loss: 2.7474, accuracy: 0.0000
Saved model to model-checkpoints/transformer/irish/low/model_59.pth

Train Epoch: 60 started
Train Epoch: 60, loss: 2.66215
Validation. Epoch: 60, loss: 2.7697, accuracy: 0.0000
Saved model to model-checkpoints/transformer/irish/low/model_60.pth

Train Epoch: 61 started
Train Epoch: 61, loss: 2.66717
Validation. Epoch: 61, loss: 2.7054, accuracy: 0.0000
Saved model to model-checkpoints/transformer/irish/low/model_61.pth
New best Loss, saved to model-checkpoints/transformer/irish/low/model_best.pth

Train Epoch: 62 started
Train Epoch: 62, loss: 2.67864
Validation. Epoch: 62, loss: 2.7240, accuracy: 0.0000
Saved model to model-checkpoints/transformer/irish/low/model_62.pth

Train Epoch: 63 started
Train Epoch: 63, loss: 2.64048
Validation. Epoch: 63, loss: 2.6861, accuracy: 0.0000
Saved model to model-checkpoints/transformer/irish/low/model_63.pth
New best Loss, saved to model-checkpoints/transformer/irish/low/model_best.pth

Train Epoch: 64 started
Train Epoch: 64, loss: 2.63196
Validation. Epoch: 64, loss: 2.6839, accuracy: 0.0000
Saved model to model-checkpoints/transformer/irish/low/model_64.pth
New best Loss, saved to model-checkpoints/transformer/irish/low/model_best.pth

Train Epoch: 65 started
Train Epoch: 65, loss: 2.61101
Validation. Epoch: 65, loss: 2.6734, accuracy: 0.0000
Saved model to model-checkpoints/transformer/irish/low/model_65.pth
New best Loss, saved to model-checkpoints/transformer/irish/low/model_best.pth

Train Epoch: 66 started
Train Epoch: 66, loss: 2.59823
Validation. Epoch: 66, loss: 2.6454, accuracy: 0.0000
Saved model to model-checkpoints/transformer/irish/low/model_66.pth
New best Loss, saved to model-checkpoints/transformer/irish/low/model_best.pth

Train Epoch: 67 started
Train Epoch: 67, loss: 2.57650
Validation. Epoch: 67, loss: 2.6574, accuracy: 0.0000
Saved model to model-checkpoints/transformer/irish/low/model_67.pth

Train Epoch: 68 started
Train Epoch: 68, loss: 2.56715
Validation. Epoch: 68, loss: 2.6254, accuracy: 0.0000
Saved model to model-checkpoints/transformer/irish/low/model_68.pth
New best Loss, saved to model-checkpoints/transformer/irish/low/model_best.pth

Train Epoch: 69 started
Train Epoch: 69, loss: 2.58444
Validation. Epoch: 69, loss: 2.5940, accuracy: 0.0000
Saved model to model-checkpoints/transformer/irish/low/model_69.pth
New best Loss, saved to model-checkpoints/transformer/irish/low/model_best.pth

Train Epoch: 70 started
Train Epoch: 70, loss: 2.51425
Validation. Epoch: 70, loss: 2.6230, accuracy: 0.0000
Saved model to model-checkpoints/transformer/irish/low/model_70.pth

Train Epoch: 71 started
Train Epoch: 71, loss: 2.48100
Validation. Epoch: 71, loss: 2.5928, accuracy: 0.0000
Saved model to model-checkpoints/transformer/irish/low/model_71.pth
New best Loss, saved to model-checkpoints/transformer/irish/low/model_best.pth

Train Epoch: 72 started
Train Epoch: 72, loss: 2.52773
Validation. Epoch: 72, loss: 2.5905, accuracy: 0.0000
Saved model to model-checkpoints/transformer/irish/low/model_72.pth
New best Loss, saved to model-checkpoints/transformer/irish/low/model_best.pth

Train Epoch: 73 started
Train Epoch: 73, loss: 2.45283
Validation. Epoch: 73, loss: 2.5338, accuracy: 0.0000
Saved model to model-checkpoints/transformer/irish/low/model_73.pth
New best Loss, saved to model-checkpoints/transformer/irish/low/model_best.pth

Train Epoch: 74 started
Train Epoch: 74, loss: 2.48193
Validation. Epoch: 74, loss: 2.5601, accuracy: 0.0000
Saved model to model-checkpoints/transformer/irish/low/model_74.pth

Train Epoch: 75 started
Train Epoch: 75, loss: 2.43739
Validation. Epoch: 75, loss: 2.5621, accuracy: 0.0000
Saved model to model-checkpoints/transformer/irish/low/model_75.pth

Train Epoch: 76 started
Train Epoch: 76, loss: 2.42601
Validation. Epoch: 76, loss: 2.5263, accuracy: 0.0000
Saved model to model-checkpoints/transformer/irish/low/model_76.pth
New best Loss, saved to model-checkpoints/transformer/irish/low/model_best.pth

Train Epoch: 77 started
Train Epoch: 77, loss: 2.40536
Validation. Epoch: 77, loss: 2.5340, accuracy: 0.0000
Saved model to model-checkpoints/transformer/irish/low/model_77.pth

Train Epoch: 78 started
Train Epoch: 78, loss: 2.37029
Validation. Epoch: 78, loss: 2.5155, accuracy: 0.0000
Saved model to model-checkpoints/transformer/irish/low/model_78.pth
New best Loss, saved to model-checkpoints/transformer/irish/low/model_best.pth

Train Epoch: 79 started
Train Epoch: 79, loss: 2.37301
Validation. Epoch: 79, loss: 2.5430, accuracy: 0.0000
Saved model to model-checkpoints/transformer/irish/low/model_79.pth

Train Epoch: 80 started
Train Epoch: 80, loss: 2.37971
Validation. Epoch: 80, loss: 2.4753, accuracy: 0.0000
Saved model to model-checkpoints/transformer/irish/low/model_80.pth
New best Loss, saved to model-checkpoints/transformer/irish/low/model_best.pth

Train Epoch: 81 started
Train Epoch: 81, loss: 2.34073
Validation. Epoch: 81, loss: 2.4368, accuracy: 0.0000
Saved model to model-checkpoints/transformer/irish/low/model_81.pth
New best Loss, saved to model-checkpoints/transformer/irish/low/model_best.pth

Train Epoch: 82 started
Train Epoch: 82, loss: 2.34574
Validation. Epoch: 82, loss: 2.4716, accuracy: 0.0000
Saved model to model-checkpoints/transformer/irish/low/model_82.pth

Train Epoch: 83 started
Train Epoch: 83, loss: 2.33471
Validation. Epoch: 83, loss: 2.4583, accuracy: 0.0000
Saved model to model-checkpoints/transformer/irish/low/model_83.pth

Train Epoch: 84 started
Train Epoch: 84, loss: 2.28292
Validation. Epoch: 84, loss: 2.4448, accuracy: 0.0000
Saved model to model-checkpoints/transformer/irish/low/model_84.pth

Train Epoch: 85 started
Train Epoch: 85, loss: 2.27007
Validation. Epoch: 85, loss: 2.4657, accuracy: 0.0000
Saved model to model-checkpoints/transformer/irish/low/model_85.pth

Train Epoch: 86 started
Train Epoch: 86, loss: 2.31679
Validation. Epoch: 86, loss: 2.4115, accuracy: 0.0000
Saved model to model-checkpoints/transformer/irish/low/model_86.pth
New best Loss, saved to model-checkpoints/transformer/irish/low/model_best.pth

Train Epoch: 87 started
Train Epoch: 87, loss: 2.26292
Validation. Epoch: 87, loss: 2.4345, accuracy: 0.0000
Saved model to model-checkpoints/transformer/irish/low/model_87.pth

Train Epoch: 88 started
Train Epoch: 88, loss: 2.21799
Validation. Epoch: 88, loss: 2.4560, accuracy: 0.0000
Saved model to model-checkpoints/transformer/irish/low/model_88.pth

Train Epoch: 89 started
Train Epoch: 89, loss: 2.22756
Validation. Epoch: 89, loss: 2.3842, accuracy: 0.0000
Saved model to model-checkpoints/transformer/irish/low/model_89.pth
New best Loss, saved to model-checkpoints/transformer/irish/low/model_best.pth

Train Epoch: 90 started
Train Epoch: 90, loss: 2.21152
Validation. Epoch: 90, loss: 2.4435, accuracy: 0.0000
Saved model to model-checkpoints/transformer/irish/low/model_90.pth

Train Epoch: 91 started
Train Epoch: 91, loss: 2.21163
Validation. Epoch: 91, loss: 2.4009, accuracy: 0.0000
Saved model to model-checkpoints/transformer/irish/low/model_91.pth

Train Epoch: 92 started
Train Epoch: 92, loss: 2.20799
Validation. Epoch: 92, loss: 2.4110, accuracy: 0.0000
Saved model to model-checkpoints/transformer/irish/low/model_92.pth

Train Epoch: 93 started
Train Epoch: 93, loss: 2.14448
Validation. Epoch: 93, loss: 2.3497, accuracy: 0.0000
Saved model to model-checkpoints/transformer/irish/low/model_93.pth
New best Loss, saved to model-checkpoints/transformer/irish/low/model_best.pth

Train Epoch: 94 started
Train Epoch: 94, loss: 2.19406
Validation. Epoch: 94, loss: 2.3395, accuracy: 0.0000
Saved model to model-checkpoints/transformer/irish/low/model_94.pth
New best Loss, saved to model-checkpoints/transformer/irish/low/model_best.pth

Train Epoch: 95 started
Train Epoch: 95, loss: 2.14631
Validation. Epoch: 95, loss: 2.4034, accuracy: 0.0000
Saved model to model-checkpoints/transformer/irish/low/model_95.pth

Train Epoch: 96 started
Train Epoch: 96, loss: 2.14134
Validation. Epoch: 96, loss: 2.3585, accuracy: 0.0000
Saved model to model-checkpoints/transformer/irish/low/model_96.pth

Train Epoch: 97 started
Train Epoch: 97, loss: 2.11470
Validation. Epoch: 97, loss: 2.3503, accuracy: 0.0000
Saved model to model-checkpoints/transformer/irish/low/model_97.pth

Train Epoch: 98 started
Train Epoch: 98, loss: 2.15314
Validation. Epoch: 98, loss: 2.3261, accuracy: 0.0000
Saved model to model-checkpoints/transformer/irish/low/model_98.pth
New best Loss, saved to model-checkpoints/transformer/irish/low/model_best.pth

Train Epoch: 99 started
Train Epoch: 99, loss: 2.11721
Validation. Epoch: 99, loss: 2.3191, accuracy: 0.0000
Saved model to model-checkpoints/transformer/irish/low/model_99.pth
New best Loss, saved to model-checkpoints/transformer/irish/low/model_best.pth

Train Epoch: 100 started
Train Epoch: 100, loss: 2.05955
Validation. Epoch: 100, loss: 2.3152, accuracy: 0.0000
Saved model to model-checkpoints/transformer/irish/low/model_100.pth
New best Loss, saved to model-checkpoints/transformer/irish/low/model_best.pth

Train Epoch: 101 started
Train Epoch: 101, loss: 2.09411
Validation. Epoch: 101, loss: 2.3047, accuracy: 0.0000
Saved model to model-checkpoints/transformer/irish/low/model_101.pth
New best Loss, saved to model-checkpoints/transformer/irish/low/model_best.pth

Train Epoch: 102 started
Train Epoch: 102, loss: 2.03540
Validation. Epoch: 102, loss: 2.3125, accuracy: 0.0000
Saved model to model-checkpoints/transformer/irish/low/model_102.pth

Train Epoch: 103 started
Train Epoch: 103, loss: 2.00946
Validation. Epoch: 103, loss: 2.2812, accuracy: 0.0000
Saved model to model-checkpoints/transformer/irish/low/model_103.pth
New best Loss, saved to model-checkpoints/transformer/irish/low/model_best.pth

Train Epoch: 104 started
Train Epoch: 104, loss: 2.02976
Validation. Epoch: 104, loss: 2.3224, accuracy: 0.0000
Saved model to model-checkpoints/transformer/irish/low/model_104.pth

Train Epoch: 105 started
Train Epoch: 105, loss: 2.01514
Validation. Epoch: 105, loss: 2.3351, accuracy: 0.0000
Saved model to model-checkpoints/transformer/irish/low/model_105.pth

Train Epoch: 106 started
Train Epoch: 106, loss: 2.00473
Validation. Epoch: 106, loss: 2.2663, accuracy: 0.0000
Saved model to model-checkpoints/transformer/irish/low/model_106.pth
New best Loss, saved to model-checkpoints/transformer/irish/low/model_best.pth

Train Epoch: 107 started
Train Epoch: 107, loss: 2.00672
Validation. Epoch: 107, loss: 2.3116, accuracy: 0.0000
Saved model to model-checkpoints/transformer/irish/low/model_107.pth

Train Epoch: 108 started
Train Epoch: 108, loss: 1.98902
Validation. Epoch: 108, loss: 2.2991, accuracy: 0.0000
Saved model to model-checkpoints/transformer/irish/low/model_108.pth

Train Epoch: 109 started
Train Epoch: 109, loss: 1.96062
Validation. Epoch: 109, loss: 2.2608, accuracy: 0.0000
Saved model to model-checkpoints/transformer/irish/low/model_109.pth
New best Loss, saved to model-checkpoints/transformer/irish/low/model_best.pth

Train Epoch: 110 started
Train Epoch: 110, loss: 1.97546
Validation. Epoch: 110, loss: 2.3082, accuracy: 0.0000
Saved model to model-checkpoints/transformer/irish/low/model_110.pth

Train Epoch: 111 started
Train Epoch: 111, loss: 1.94765
Validation. Epoch: 111, loss: 2.2383, accuracy: 0.0000
Saved model to model-checkpoints/transformer/irish/low/model_111.pth
New best Loss, saved to model-checkpoints/transformer/irish/low/model_best.pth

Train Epoch: 112 started
Train Epoch: 112, loss: 1.91748
Validation. Epoch: 112, loss: 2.2613, accuracy: 0.0000
Saved model to model-checkpoints/transformer/irish/low/model_112.pth

Train Epoch: 113 started
Train Epoch: 113, loss: 1.91444
Validation. Epoch: 113, loss: 2.2679, accuracy: 0.0000
Saved model to model-checkpoints/transformer/irish/low/model_113.pth

Train Epoch: 114 started
Train Epoch: 114, loss: 1.90628
Validation. Epoch: 114, loss: 2.2368, accuracy: 0.0000
Saved model to model-checkpoints/transformer/irish/low/model_114.pth
New best Loss, saved to model-checkpoints/transformer/irish/low/model_best.pth

Train Epoch: 115 started
Train Epoch: 115, loss: 1.88570
Validation. Epoch: 115, loss: 2.2399, accuracy: 0.0000
Saved model to model-checkpoints/transformer/irish/low/model_115.pth

Train Epoch: 116 started
Train Epoch: 116, loss: 1.86045
Validation. Epoch: 116, loss: 2.2876, accuracy: 0.0000
Saved model to model-checkpoints/transformer/irish/low/model_116.pth

Train Epoch: 117 started
Train Epoch: 117, loss: 1.88733
Validation. Epoch: 117, loss: 2.2442, accuracy: 0.0000
Saved model to model-checkpoints/transformer/irish/low/model_117.pth

Train Epoch: 118 started
Train Epoch: 118, loss: 1.86169
Validation. Epoch: 118, loss: 2.2299, accuracy: 0.0000
Saved model to model-checkpoints/transformer/irish/low/model_118.pth
New best Loss, saved to model-checkpoints/transformer/irish/low/model_best.pth

Train Epoch: 119 started
Train Epoch: 119, loss: 1.87247
Validation. Epoch: 119, loss: 2.2559, accuracy: 0.0000
Saved model to model-checkpoints/transformer/irish/low/model_119.pth

Train Epoch: 120 started
Train Epoch: 120, loss: 1.82426
Validation. Epoch: 120, loss: 2.2133, accuracy: 0.0000
Saved model to model-checkpoints/transformer/irish/low/model_120.pth
New best Loss, saved to model-checkpoints/transformer/irish/low/model_best.pth

Train Epoch: 121 started
Train Epoch: 121, loss: 1.82552
Validation. Epoch: 121, loss: 2.2219, accuracy: 0.0000
Saved model to model-checkpoints/transformer/irish/low/model_121.pth

Train Epoch: 122 started
Train Epoch: 122, loss: 1.87829
Validation. Epoch: 122, loss: 2.2594, accuracy: 0.0000
Saved model to model-checkpoints/transformer/irish/low/model_122.pth

Train Epoch: 123 started
Train Epoch: 123, loss: 1.81716
Validation. Epoch: 123, loss: 2.2439, accuracy: 0.0000
Saved model to model-checkpoints/transformer/irish/low/model_123.pth

Train Epoch: 124 started
Train Epoch: 124, loss: 1.80931
Validation. Epoch: 124, loss: 2.2223, accuracy: 0.0000
Saved model to model-checkpoints/transformer/irish/low/model_124.pth

Train Epoch: 125 started
Train Epoch: 125, loss: 1.81700
Validation. Epoch: 125, loss: 2.2513, accuracy: 0.0000
Saved model to model-checkpoints/transformer/irish/low/model_125.pth

Train Epoch: 126 started
Train Epoch: 126, loss: 1.81758
Validation. Epoch: 126, loss: 2.2498, accuracy: 0.0000
Saved model to model-checkpoints/transformer/irish/low/model_126.pth

Train Epoch: 127 started
Train Epoch: 127, loss: 1.82580
Validation. Epoch: 127, loss: 2.2274, accuracy: 0.0000
Saved model to model-checkpoints/transformer/irish/low/model_127.pth

Train Epoch: 128 started
Train Epoch: 128, loss: 1.78173
Validation. Epoch: 128, loss: 2.2025, accuracy: 0.0000
Saved model to model-checkpoints/transformer/irish/low/model_128.pth
New best Loss, saved to model-checkpoints/transformer/irish/low/model_best.pth

Train Epoch: 129 started
Train Epoch: 129, loss: 1.75107
Validation. Epoch: 129, loss: 2.2275, accuracy: 0.0000
Saved model to model-checkpoints/transformer/irish/low/model_129.pth

Train Epoch: 130 started
Train Epoch: 130, loss: 1.75309
Validation. Epoch: 130, loss: 2.2261, accuracy: 0.0000
Saved model to model-checkpoints/transformer/irish/low/model_130.pth

Train Epoch: 131 started
Train Epoch: 131, loss: 1.74843
Validation. Epoch: 131, loss: 2.1783, accuracy: 0.0000
Saved model to model-checkpoints/transformer/irish/low/model_131.pth
New best Loss, saved to model-checkpoints/transformer/irish/low/model_best.pth

Train Epoch: 132 started
Train Epoch: 132, loss: 1.73417
Validation. Epoch: 132, loss: 2.2100, accuracy: 0.0000
Saved model to model-checkpoints/transformer/irish/low/model_132.pth

Train Epoch: 133 started
Train Epoch: 133, loss: 1.74346
Validation. Epoch: 133, loss: 2.2250, accuracy: 0.0000
Saved model to model-checkpoints/transformer/irish/low/model_133.pth

Train Epoch: 134 started
Train Epoch: 134, loss: 1.71139
Validation. Epoch: 134, loss: 2.1993, accuracy: 0.0000
Saved model to model-checkpoints/transformer/irish/low/model_134.pth

Train Epoch: 135 started
Train Epoch: 135, loss: 1.69469
Validation. Epoch: 135, loss: 2.2148, accuracy: 0.0000
Saved model to model-checkpoints/transformer/irish/low/model_135.pth

Train Epoch: 136 started
Train Epoch: 136, loss: 1.73515
Validation. Epoch: 136, loss: 2.2284, accuracy: 0.0000
Saved model to model-checkpoints/transformer/irish/low/model_136.pth

Train Epoch: 137 started
Train Epoch: 137, loss: 1.68559
Validation. Epoch: 137, loss: 2.1799, accuracy: 0.0000
Saved model to model-checkpoints/transformer/irish/low/model_137.pth

Train Epoch: 138 started
Train Epoch: 138, loss: 1.65594
Validation. Epoch: 138, loss: 2.1676, accuracy: 0.0000
Saved model to model-checkpoints/transformer/irish/low/model_138.pth
New best Loss, saved to model-checkpoints/transformer/irish/low/model_best.pth

Train Epoch: 139 started
Train Epoch: 139, loss: 1.68076
Validation. Epoch: 139, loss: 2.1933, accuracy: 0.0000
Saved model to model-checkpoints/transformer/irish/low/model_139.pth

Train Epoch: 140 started
Train Epoch: 140, loss: 1.66696
Validation. Epoch: 140, loss: 2.2052, accuracy: 0.0000
Saved model to model-checkpoints/transformer/irish/low/model_140.pth

Train Epoch: 141 started
Train Epoch: 141, loss: 1.64259
Validation. Epoch: 141, loss: 2.1825, accuracy: 0.0000
Saved model to model-checkpoints/transformer/irish/low/model_141.pth

Train Epoch: 142 started
Train Epoch: 142, loss: 1.63077
Validation. Epoch: 142, loss: 2.1635, accuracy: 0.0000
Saved model to model-checkpoints/transformer/irish/low/model_142.pth
New best Loss, saved to model-checkpoints/transformer/irish/low/model_best.pth

Train Epoch: 143 started
Train Epoch: 143, loss: 1.61446
Validation. Epoch: 143, loss: 2.1720, accuracy: 0.0000
Saved model to model-checkpoints/transformer/irish/low/model_143.pth

Train Epoch: 144 started
Train Epoch: 144, loss: 1.63944
Validation. Epoch: 144, loss: 2.1798, accuracy: 0.0000
Saved model to model-checkpoints/transformer/irish/low/model_144.pth

Train Epoch: 145 started
Train Epoch: 145, loss: 1.64054
Validation. Epoch: 145, loss: 2.1572, accuracy: 0.0000
Saved model to model-checkpoints/transformer/irish/low/model_145.pth
New best Loss, saved to model-checkpoints/transformer/irish/low/model_best.pth

Train Epoch: 146 started
Train Epoch: 146, loss: 1.64423
Validation. Epoch: 146, loss: 2.1546, accuracy: 0.0000
Saved model to model-checkpoints/transformer/irish/low/model_146.pth
New best Loss, saved to model-checkpoints/transformer/irish/low/model_best.pth

Train Epoch: 147 started
Train Epoch: 147, loss: 1.59588
Validation. Epoch: 147, loss: 2.1831, accuracy: 0.0000
Saved model to model-checkpoints/transformer/irish/low/model_147.pth

Train Epoch: 148 started
Train Epoch: 148, loss: 1.61228
Validation. Epoch: 148, loss: 2.1594, accuracy: 0.0000
Saved model to model-checkpoints/transformer/irish/low/model_148.pth

Train Epoch: 149 started
Train Epoch: 149, loss: 1.57498
Validation. Epoch: 149, loss: 2.1672, accuracy: 0.0000
Saved model to model-checkpoints/transformer/irish/low/model_149.pth

Train Epoch: 150 started
Train Epoch: 150, loss: 1.56504
Validation. Epoch: 150, loss: 2.1989, accuracy: 0.0000
Saved model to model-checkpoints/transformer/irish/low/model_150.pth

Train Epoch: 151 started
Train Epoch: 151, loss: 1.55094
Validation. Epoch: 151, loss: 2.1626, accuracy: 0.0000
Saved model to model-checkpoints/transformer/irish/low/model_151.pth

Train Epoch: 152 started
Train Epoch: 152, loss: 1.57569
Validation. Epoch: 152, loss: 2.1525, accuracy: 0.0000
Saved model to model-checkpoints/transformer/irish/low/model_152.pth
New best Loss, saved to model-checkpoints/transformer/irish/low/model_best.pth

Train Epoch: 153 started
Train Epoch: 153, loss: 1.52057
Validation. Epoch: 153, loss: 2.1603, accuracy: 0.0000
Saved model to model-checkpoints/transformer/irish/low/model_153.pth

Train Epoch: 154 started
Train Epoch: 154, loss: 1.53810
Validation. Epoch: 154, loss: 2.1898, accuracy: 0.0000
Saved model to model-checkpoints/transformer/irish/low/model_154.pth

Train Epoch: 155 started
Train Epoch: 155, loss: 1.55639
Validation. Epoch: 155, loss: 2.1813, accuracy: 0.0010
Saved model to model-checkpoints/transformer/irish/low/model_155.pth

Train Epoch: 156 started
Train Epoch: 156, loss: 1.55243
Validation. Epoch: 156, loss: 2.1749, accuracy: 0.0000
Saved model to model-checkpoints/transformer/irish/low/model_156.pth

Train Epoch: 157 started
Train Epoch: 157, loss: 1.53436
Validation. Epoch: 157, loss: 2.1205, accuracy: 0.0000
Saved model to model-checkpoints/transformer/irish/low/model_157.pth
New best Loss, saved to model-checkpoints/transformer/irish/low/model_best.pth

Train Epoch: 158 started
Train Epoch: 158, loss: 1.53099
Validation. Epoch: 158, loss: 2.1490, accuracy: 0.0010
Saved model to model-checkpoints/transformer/irish/low/model_158.pth

Train Epoch: 159 started
Train Epoch: 159, loss: 1.52047
Validation. Epoch: 159, loss: 2.1052, accuracy: 0.0000
Saved model to model-checkpoints/transformer/irish/low/model_159.pth
New best Loss, saved to model-checkpoints/transformer/irish/low/model_best.pth

Train Epoch: 160 started
Train Epoch: 160, loss: 1.49190
Validation. Epoch: 160, loss: 2.1377, accuracy: 0.0000
Saved model to model-checkpoints/transformer/irish/low/model_160.pth

Train Epoch: 161 started
Train Epoch: 161, loss: 1.48685
Validation. Epoch: 161, loss: 2.2000, accuracy: 0.0010
Saved model to model-checkpoints/transformer/irish/low/model_161.pth

Train Epoch: 162 started
Train Epoch: 162, loss: 1.51699
Validation. Epoch: 162, loss: 2.1163, accuracy: 0.0000
Saved model to model-checkpoints/transformer/irish/low/model_162.pth

Train Epoch: 163 started
Train Epoch: 163, loss: 1.47732
Validation. Epoch: 163, loss: 2.0867, accuracy: 0.0000
Saved model to model-checkpoints/transformer/irish/low/model_163.pth
New best Loss, saved to model-checkpoints/transformer/irish/low/model_best.pth

Train Epoch: 164 started
Train Epoch: 164, loss: 1.50193
Validation. Epoch: 164, loss: 2.1469, accuracy: 0.0000
Saved model to model-checkpoints/transformer/irish/low/model_164.pth

Train Epoch: 165 started
Train Epoch: 165, loss: 1.43173
Validation. Epoch: 165, loss: 2.1370, accuracy: 0.0000
Saved model to model-checkpoints/transformer/irish/low/model_165.pth

Train Epoch: 166 started
Train Epoch: 166, loss: 1.45481
Validation. Epoch: 166, loss: 2.1058, accuracy: 0.0000
Saved model to model-checkpoints/transformer/irish/low/model_166.pth

Train Epoch: 167 started
Train Epoch: 167, loss: 1.47034
Validation. Epoch: 167, loss: 2.1065, accuracy: 0.0000
Saved model to model-checkpoints/transformer/irish/low/model_167.pth

Train Epoch: 168 started
Train Epoch: 168, loss: 1.43967
Validation. Epoch: 168, loss: 2.1216, accuracy: 0.0010
Saved model to model-checkpoints/transformer/irish/low/model_168.pth

Train Epoch: 169 started
Train Epoch: 169, loss: 1.41918
Validation. Epoch: 169, loss: 2.0979, accuracy: 0.0000
Saved model to model-checkpoints/transformer/irish/low/model_169.pth

Train Epoch: 170 started
Train Epoch: 170, loss: 1.37649
Validation. Epoch: 170, loss: 2.0940, accuracy: 0.0000
Saved model to model-checkpoints/transformer/irish/low/model_170.pth

Train Epoch: 171 started
Train Epoch: 171, loss: 1.40006
Validation. Epoch: 171, loss: 2.1182, accuracy: 0.0010
Saved model to model-checkpoints/transformer/irish/low/model_171.pth

Train Epoch: 172 started
Train Epoch: 172, loss: 1.41591
Validation. Epoch: 172, loss: 2.1231, accuracy: 0.0010
Saved model to model-checkpoints/transformer/irish/low/model_172.pth

Train Epoch: 173 started
Train Epoch: 173, loss: 1.35955
Validation. Epoch: 173, loss: 2.0890, accuracy: 0.0010
Saved model to model-checkpoints/transformer/irish/low/model_173.pth

Train Epoch: 174 started
Train Epoch: 174, loss: 1.33420
Validation. Epoch: 174, loss: 2.0701, accuracy: 0.0000
Saved model to model-checkpoints/transformer/irish/low/model_174.pth
New best Loss, saved to model-checkpoints/transformer/irish/low/model_best.pth

Train Epoch: 175 started
Train Epoch: 175, loss: 1.31911
Validation. Epoch: 175, loss: 2.0923, accuracy: 0.0000
Saved model to model-checkpoints/transformer/irish/low/model_175.pth

Train Epoch: 176 started
Train Epoch: 176, loss: 1.32124
Validation. Epoch: 176, loss: 2.1030, accuracy: 0.0000
Saved model to model-checkpoints/transformer/irish/low/model_176.pth

Train Epoch: 177 started
Train Epoch: 177, loss: 1.33635
Validation. Epoch: 177, loss: 2.1051, accuracy: 0.0000
Saved model to model-checkpoints/transformer/irish/low/model_177.pth

Train Epoch: 178 started
Train Epoch: 178, loss: 1.37812
Validation. Epoch: 178, loss: 2.0586, accuracy: 0.0000
Saved model to model-checkpoints/transformer/irish/low/model_178.pth
New best Loss, saved to model-checkpoints/transformer/irish/low/model_best.pth

Train Epoch: 179 started
Train Epoch: 179, loss: 1.29833
Validation. Epoch: 179, loss: 2.0685, accuracy: 0.0000
Saved model to model-checkpoints/transformer/irish/low/model_179.pth

Train Epoch: 180 started
Train Epoch: 180, loss: 1.34858
Validation. Epoch: 180, loss: 2.0986, accuracy: 0.0000
Saved model to model-checkpoints/transformer/irish/low/model_180.pth

Train Epoch: 181 started
Train Epoch: 181, loss: 1.33759
Validation. Epoch: 181, loss: 2.0792, accuracy: 0.0000
Saved model to model-checkpoints/transformer/irish/low/model_181.pth

Train Epoch: 182 started
Train Epoch: 182, loss: 1.29388
Validation. Epoch: 182, loss: 2.0608, accuracy: 0.0000
Saved model to model-checkpoints/transformer/irish/low/model_182.pth

Train Epoch: 183 started
Train Epoch: 183, loss: 1.29621
Validation. Epoch: 183, loss: 2.1002, accuracy: 0.0000
Saved model to model-checkpoints/transformer/irish/low/model_183.pth

Train Epoch: 184 started
Train Epoch: 184, loss: 1.28419
Validation. Epoch: 184, loss: 2.0955, accuracy: 0.0000
Saved model to model-checkpoints/transformer/irish/low/model_184.pth

Train Epoch: 185 started
Train Epoch: 185, loss: 1.30403
Validation. Epoch: 185, loss: 2.0535, accuracy: 0.0000
Saved model to model-checkpoints/transformer/irish/low/model_185.pth
New best Loss, saved to model-checkpoints/transformer/irish/low/model_best.pth

Train Epoch: 186 started
Train Epoch: 186, loss: 1.29298
Validation. Epoch: 186, loss: 2.0399, accuracy: 0.0000
Saved model to model-checkpoints/transformer/irish/low/model_186.pth
New best Loss, saved to model-checkpoints/transformer/irish/low/model_best.pth

Train Epoch: 187 started
Train Epoch: 187, loss: 1.29961
Validation. Epoch: 187, loss: 2.0397, accuracy: 0.0000
Saved model to model-checkpoints/transformer/irish/low/model_187.pth
New best Loss, saved to model-checkpoints/transformer/irish/low/model_best.pth

Train Epoch: 188 started
Train Epoch: 188, loss: 1.27705
Validation. Epoch: 188, loss: 2.0721, accuracy: 0.0000
Saved model to model-checkpoints/transformer/irish/low/model_188.pth

Train Epoch: 189 started
Train Epoch: 189, loss: 1.25113
Validation. Epoch: 189, loss: 2.0692, accuracy: 0.0000
Saved model to model-checkpoints/transformer/irish/low/model_189.pth

Train Epoch: 190 started
Train Epoch: 190, loss: 1.21176
Validation. Epoch: 190, loss: 2.0576, accuracy: 0.0010
Saved model to model-checkpoints/transformer/irish/low/model_190.pth

Train Epoch: 191 started
Train Epoch: 191, loss: 1.22394
Validation. Epoch: 191, loss: 2.0687, accuracy: 0.0010
Saved model to model-checkpoints/transformer/irish/low/model_191.pth

Train Epoch: 192 started
Train Epoch: 192, loss: 1.18350
Validation. Epoch: 192, loss: 2.0628, accuracy: 0.0010
Saved model to model-checkpoints/transformer/irish/low/model_192.pth

Train Epoch: 193 started
Train Epoch: 193, loss: 1.24725
Validation. Epoch: 193, loss: 2.0481, accuracy: 0.0010
Saved model to model-checkpoints/transformer/irish/low/model_193.pth

Train Epoch: 194 started
Train Epoch: 194, loss: 1.18346
Validation. Epoch: 194, loss: 2.0717, accuracy: 0.0000
Saved model to model-checkpoints/transformer/irish/low/model_194.pth

Train Epoch: 195 started
Train Epoch: 195, loss: 1.21214
Validation. Epoch: 195, loss: 2.0757, accuracy: 0.0000
Saved model to model-checkpoints/transformer/irish/low/model_195.pth

Train Epoch: 196 started
Train Epoch: 196, loss: 1.22297
Validation. Epoch: 196, loss: 2.0494, accuracy: 0.0010
Saved model to model-checkpoints/transformer/irish/low/model_196.pth

Train Epoch: 197 started
Train Epoch: 197, loss: 1.19335
Validation. Epoch: 197, loss: 2.0491, accuracy: 0.0000
Saved model to model-checkpoints/transformer/irish/low/model_197.pth

Train Epoch: 198 started
Train Epoch: 198, loss: 1.16427
Validation. Epoch: 198, loss: 2.0691, accuracy: 0.0000
Saved model to model-checkpoints/transformer/irish/low/model_198.pth

Train Epoch: 199 started
Train Epoch: 199, loss: 1.18373
Validation. Epoch: 199, loss: 2.0765, accuracy: 0.0000
Saved model to model-checkpoints/transformer/irish/low/model_199.pth

Train Epoch: 200 started
Train Epoch: 200, loss: 1.17552
Validation. Epoch: 200, loss: 2.0853, accuracy: 0.0000
Saved model to model-checkpoints/transformer/irish/low/model_200.pth

Train Epoch: 201 started
Train Epoch: 201, loss: 1.15557
Validation. Epoch: 201, loss: 2.0476, accuracy: 0.0010
Saved model to model-checkpoints/transformer/irish/low/model_201.pth

Train Epoch: 202 started
Train Epoch: 202, loss: 1.08066
Validation. Epoch: 202, loss: 2.0519, accuracy: 0.0010
Saved model to model-checkpoints/transformer/irish/low/model_202.pth

Train Epoch: 203 started
Train Epoch: 203, loss: 1.11402
Validation. Epoch: 203, loss: 2.0791, accuracy: 0.0030
Saved model to model-checkpoints/transformer/irish/low/model_203.pth

Train Epoch: 204 started
Train Epoch: 204, loss: 1.12060
Validation. Epoch: 204, loss: 2.0718, accuracy: 0.0010
Saved model to model-checkpoints/transformer/irish/low/model_204.pth

Train Epoch: 205 started
Train Epoch: 205, loss: 1.16599
Validation. Epoch: 205, loss: 2.0873, accuracy: 0.0020
Saved model to model-checkpoints/transformer/irish/low/model_205.pth

Train Epoch: 206 started
Train Epoch: 206, loss: 1.17177
Validation. Epoch: 206, loss: 2.0838, accuracy: 0.0020
Saved model to model-checkpoints/transformer/irish/low/model_206.pth

Train Epoch: 207 started
Train Epoch: 207, loss: 1.10139
Validation. Epoch: 207, loss: 2.0285, accuracy: 0.0030
Saved model to model-checkpoints/transformer/irish/low/model_207.pth
New best Loss, saved to model-checkpoints/transformer/irish/low/model_best.pth

Train Epoch: 208 started
Train Epoch: 208, loss: 1.11914
Validation. Epoch: 208, loss: 2.0315, accuracy: 0.0000
Saved model to model-checkpoints/transformer/irish/low/model_208.pth

Train Epoch: 209 started
Train Epoch: 209, loss: 1.14425
Validation. Epoch: 209, loss: 2.0591, accuracy: 0.0030
Saved model to model-checkpoints/transformer/irish/low/model_209.pth

Train Epoch: 210 started
Train Epoch: 210, loss: 1.14671
Validation. Epoch: 210, loss: 2.0821, accuracy: 0.0030
Saved model to model-checkpoints/transformer/irish/low/model_210.pth

Train Epoch: 211 started
Train Epoch: 211, loss: 1.08847
Validation. Epoch: 211, loss: 2.0450, accuracy: 0.0010
Saved model to model-checkpoints/transformer/irish/low/model_211.pth

Train Epoch: 212 started
Train Epoch: 212, loss: 1.10781
Validation. Epoch: 212, loss: 2.0328, accuracy: 0.0020
Saved model to model-checkpoints/transformer/irish/low/model_212.pth

Train Epoch: 213 started
Train Epoch: 213, loss: 1.07273
Validation. Epoch: 213, loss: 2.0435, accuracy: 0.0010
Saved model to model-checkpoints/transformer/irish/low/model_213.pth

Train Epoch: 214 started
Train Epoch: 214, loss: 1.11505
Validation. Epoch: 214, loss: 2.0439, accuracy: 0.0020
Saved model to model-checkpoints/transformer/irish/low/model_214.pth

Train Epoch: 215 started
Train Epoch: 215, loss: 1.02108
Validation. Epoch: 215, loss: 2.0740, accuracy: 0.0010
Saved model to model-checkpoints/transformer/irish/low/model_215.pth

Train Epoch: 216 started
Train Epoch: 216, loss: 1.04974
Validation. Epoch: 216, loss: 2.0782, accuracy: 0.0010
Saved model to model-checkpoints/transformer/irish/low/model_216.pth

Train Epoch: 217 started
Train Epoch: 217, loss: 1.02591
Validation. Epoch: 217, loss: 2.0434, accuracy: 0.0010
Saved model to model-checkpoints/transformer/irish/low/model_217.pth

Train Epoch: 218 started
Train Epoch: 218, loss: 1.00407
Validation. Epoch: 218, loss: 2.0240, accuracy: 0.0010
Saved model to model-checkpoints/transformer/irish/low/model_218.pth
New best Loss, saved to model-checkpoints/transformer/irish/low/model_best.pth

Train Epoch: 219 started
Train Epoch: 219, loss: 1.00412
Validation. Epoch: 219, loss: 2.0539, accuracy: 0.0020
Saved model to model-checkpoints/transformer/irish/low/model_219.pth

Train Epoch: 220 started
Train Epoch: 220, loss: 0.98371
Validation. Epoch: 220, loss: 2.0717, accuracy: 0.0020
Saved model to model-checkpoints/transformer/irish/low/model_220.pth

Train Epoch: 221 started
Train Epoch: 221, loss: 0.97592
Validation. Epoch: 221, loss: 2.0804, accuracy: 0.0030
Saved model to model-checkpoints/transformer/irish/low/model_221.pth

Train Epoch: 222 started
Train Epoch: 222, loss: 0.97603
Validation. Epoch: 222, loss: 2.0745, accuracy: 0.0030
Saved model to model-checkpoints/transformer/irish/low/model_222.pth

Train Epoch: 223 started
Train Epoch: 223, loss: 0.97676
Validation. Epoch: 223, loss: 2.0748, accuracy: 0.0040
Saved model to model-checkpoints/transformer/irish/low/model_223.pth

Train Epoch: 224 started
Train Epoch: 224, loss: 1.04294
Validation. Epoch: 224, loss: 2.0546, accuracy: 0.0030
Saved model to model-checkpoints/transformer/irish/low/model_224.pth

Train Epoch: 225 started
Train Epoch: 225, loss: 0.97033
Validation. Epoch: 225, loss: 2.0665, accuracy: 0.0030
Saved model to model-checkpoints/transformer/irish/low/model_225.pth

Train Epoch: 226 started
Train Epoch: 226, loss: 0.98085
Validation. Epoch: 226, loss: 2.0622, accuracy: 0.0040
Saved model to model-checkpoints/transformer/irish/low/model_226.pth

Train Epoch: 227 started
Train Epoch: 227, loss: 0.95726
Validation. Epoch: 227, loss: 2.0663, accuracy: 0.0020
Saved model to model-checkpoints/transformer/irish/low/model_227.pth

Train Epoch: 228 started
Train Epoch: 228, loss: 0.98145
Validation. Epoch: 228, loss: 2.0735, accuracy: 0.0040
Saved model to model-checkpoints/transformer/irish/low/model_228.pth

Train Epoch: 229 started
Train Epoch: 229, loss: 1.02194
Validation. Epoch: 229, loss: 2.0227, accuracy: 0.0040
Saved model to model-checkpoints/transformer/irish/low/model_229.pth
New best Loss, saved to model-checkpoints/transformer/irish/low/model_best.pth

Train Epoch: 230 started
Train Epoch: 230, loss: 0.97050
Validation. Epoch: 230, loss: 2.0254, accuracy: 0.0060
Saved model to model-checkpoints/transformer/irish/low/model_230.pth

Train Epoch: 231 started
Train Epoch: 231, loss: 0.95950
Validation. Epoch: 231, loss: 2.0491, accuracy: 0.0050
Saved model to model-checkpoints/transformer/irish/low/model_231.pth

Train Epoch: 232 started
Train Epoch: 232, loss: 0.92129
Validation. Epoch: 232, loss: 2.0572, accuracy: 0.0030
Saved model to model-checkpoints/transformer/irish/low/model_232.pth

Train Epoch: 233 started
Train Epoch: 233, loss: 0.93581
Validation. Epoch: 233, loss: 2.0418, accuracy: 0.0040
Saved model to model-checkpoints/transformer/irish/low/model_233.pth

Train Epoch: 234 started
Train Epoch: 234, loss: 0.95053
Validation. Epoch: 234, loss: 2.0505, accuracy: 0.0050
Saved model to model-checkpoints/transformer/irish/low/model_234.pth

Train Epoch: 235 started
Train Epoch: 235, loss: 0.93023
Validation. Epoch: 235, loss: 2.0638, accuracy: 0.0040
Saved model to model-checkpoints/transformer/irish/low/model_235.pth

Train Epoch: 236 started
Train Epoch: 236, loss: 0.92869
Validation. Epoch: 236, loss: 2.0612, accuracy: 0.0040
Saved model to model-checkpoints/transformer/irish/low/model_236.pth

Train Epoch: 237 started
Train Epoch: 237, loss: 0.93182
Validation. Epoch: 237, loss: 2.0183, accuracy: 0.0040
Saved model to model-checkpoints/transformer/irish/low/model_237.pth
New best Loss, saved to model-checkpoints/transformer/irish/low/model_best.pth

Train Epoch: 238 started
Train Epoch: 238, loss: 0.93129
Validation. Epoch: 238, loss: 2.0464, accuracy: 0.0040
Saved model to model-checkpoints/transformer/irish/low/model_238.pth

Train Epoch: 239 started
Train Epoch: 239, loss: 0.91537
Validation. Epoch: 239, loss: 2.0348, accuracy: 0.0040
Saved model to model-checkpoints/transformer/irish/low/model_239.pth

Train Epoch: 240 started
Train Epoch: 240, loss: 0.88898
Validation. Epoch: 240, loss: 2.0379, accuracy: 0.0040
Saved model to model-checkpoints/transformer/irish/low/model_240.pth

Train Epoch: 241 started
Train Epoch: 241, loss: 0.88646
Validation. Epoch: 241, loss: 2.0696, accuracy: 0.0050
Saved model to model-checkpoints/transformer/irish/low/model_241.pth

Train Epoch: 242 started
Train Epoch: 242, loss: 0.84057
Validation. Epoch: 242, loss: 2.0637, accuracy: 0.0050
Saved model to model-checkpoints/transformer/irish/low/model_242.pth

Train Epoch: 243 started
Train Epoch: 243, loss: 0.88455
Validation. Epoch: 243, loss: 2.0345, accuracy: 0.0060
Saved model to model-checkpoints/transformer/irish/low/model_243.pth

Train Epoch: 244 started
Train Epoch: 244, loss: 0.89371
Validation. Epoch: 244, loss: 2.0584, accuracy: 0.0050
Saved model to model-checkpoints/transformer/irish/low/model_244.pth

Train Epoch: 245 started
Train Epoch: 245, loss: 0.87883
Validation. Epoch: 245, loss: 2.0829, accuracy: 0.0040
Saved model to model-checkpoints/transformer/irish/low/model_245.pth

Train Epoch: 246 started
Train Epoch: 246, loss: 0.85546
Validation. Epoch: 246, loss: 2.0856, accuracy: 0.0050
Saved model to model-checkpoints/transformer/irish/low/model_246.pth

Train Epoch: 247 started
Train Epoch: 247, loss: 0.86936
Validation. Epoch: 247, loss: 2.0678, accuracy: 0.0050
Saved model to model-checkpoints/transformer/irish/low/model_247.pth

Train Epoch: 248 started
Train Epoch: 248, loss: 0.87187
Validation. Epoch: 248, loss: 2.0518, accuracy: 0.0050
Saved model to model-checkpoints/transformer/irish/low/model_248.pth

Train Epoch: 249 started
Train Epoch: 249, loss: 0.85457
Validation. Epoch: 249, loss: 2.0432, accuracy: 0.0060
Saved model to model-checkpoints/transformer/irish/low/model_249.pth

Train Epoch: 250 started
Train Epoch: 250, loss: 0.86316
Validation. Epoch: 250, loss: 2.0340, accuracy: 0.0070
Saved model to model-checkpoints/transformer/irish/low/model_250.pth

Train Epoch: 251 started
Train Epoch: 251, loss: 0.81324
Validation. Epoch: 251, loss: 2.0592, accuracy: 0.0040
Saved model to model-checkpoints/transformer/irish/low/model_251.pth

Train Epoch: 252 started
Train Epoch: 252, loss: 0.85311
Validation. Epoch: 252, loss: 2.0739, accuracy: 0.0060
Saved model to model-checkpoints/transformer/irish/low/model_252.pth

Train Epoch: 253 started
Train Epoch: 253, loss: 0.81265
Validation. Epoch: 253, loss: 2.0513, accuracy: 0.0050
Saved model to model-checkpoints/transformer/irish/low/model_253.pth

Train Epoch: 254 started
Train Epoch: 254, loss: 0.82997
Validation. Epoch: 254, loss: 2.0696, accuracy: 0.0050
Saved model to model-checkpoints/transformer/irish/low/model_254.pth

Train Epoch: 255 started
Train Epoch: 255, loss: 0.79142
Validation. Epoch: 255, loss: 2.0695, accuracy: 0.0040
Saved model to model-checkpoints/transformer/irish/low/model_255.pth

Train Epoch: 256 started
Train Epoch: 256, loss: 0.76174
Validation. Epoch: 256, loss: 2.0703, accuracy: 0.0070
Saved model to model-checkpoints/transformer/irish/low/model_256.pth

Train Epoch: 257 started
Train Epoch: 257, loss: 0.83256
Validation. Epoch: 257, loss: 2.0964, accuracy: 0.0080
Saved model to model-checkpoints/transformer/irish/low/model_257.pth

Train Epoch: 258 started
Train Epoch: 258, loss: 0.80768
Validation. Epoch: 258, loss: 2.0734, accuracy: 0.0090
Saved model to model-checkpoints/transformer/irish/low/model_258.pth

Train Epoch: 259 started
Train Epoch: 259, loss: 0.77812
Validation. Epoch: 259, loss: 2.0327, accuracy: 0.0060
Saved model to model-checkpoints/transformer/irish/low/model_259.pth

Train Epoch: 260 started
Train Epoch: 260, loss: 0.80974
Validation. Epoch: 260, loss: 2.0376, accuracy: 0.0060
Saved model to model-checkpoints/transformer/irish/low/model_260.pth

Train Epoch: 261 started
Train Epoch: 261, loss: 0.79630
Validation. Epoch: 261, loss: 2.0787, accuracy: 0.0070
Saved model to model-checkpoints/transformer/irish/low/model_261.pth

Train Epoch: 262 started
Train Epoch: 262, loss: 0.74570
Validation. Epoch: 262, loss: 2.0997, accuracy: 0.0060
Saved model to model-checkpoints/transformer/irish/low/model_262.pth

Train Epoch: 263 started
Train Epoch: 263, loss: 0.78361
Validation. Epoch: 263, loss: 2.0690, accuracy: 0.0040
Saved model to model-checkpoints/transformer/irish/low/model_263.pth

Train Epoch: 264 started
Train Epoch: 264, loss: 0.75026
Validation. Epoch: 264, loss: 2.0554, accuracy: 0.0040
Saved model to model-checkpoints/transformer/irish/low/model_264.pth

Train Epoch: 265 started
Train Epoch: 265, loss: 0.75820
Validation. Epoch: 265, loss: 2.0686, accuracy: 0.0090
Saved model to model-checkpoints/transformer/irish/low/model_265.pth

Train Epoch: 266 started
Train Epoch: 266, loss: 0.72491
Validation. Epoch: 266, loss: 2.0600, accuracy: 0.0070
Saved model to model-checkpoints/transformer/irish/low/model_266.pth

Train Epoch: 267 started
Train Epoch: 267, loss: 0.70918
Validation. Epoch: 267, loss: 2.1009, accuracy: 0.0060
Saved model to model-checkpoints/transformer/irish/low/model_267.pth

Train Epoch: 268 started
Train Epoch: 268, loss: 0.73491
Validation. Epoch: 268, loss: 2.0905, accuracy: 0.0070
Saved model to model-checkpoints/transformer/irish/low/model_268.pth

Train Epoch: 269 started
Train Epoch: 269, loss: 0.76192
Validation. Epoch: 269, loss: 2.0731, accuracy: 0.0070
Saved model to model-checkpoints/transformer/irish/low/model_269.pth

Train Epoch: 270 started
Train Epoch: 270, loss: 0.74493
Validation. Epoch: 270, loss: 2.0706, accuracy: 0.0080
Saved model to model-checkpoints/transformer/irish/low/model_270.pth

Train Epoch: 271 started
Train Epoch: 271, loss: 0.71846
Validation. Epoch: 271, loss: 2.0527, accuracy: 0.0070
Saved model to model-checkpoints/transformer/irish/low/model_271.pth

Train Epoch: 272 started
Train Epoch: 272, loss: 0.72834
Validation. Epoch: 272, loss: 2.0741, accuracy: 0.0050
Saved model to model-checkpoints/transformer/irish/low/model_272.pth

Train Epoch: 273 started
Train Epoch: 273, loss: 0.76187
Validation. Epoch: 273, loss: 2.0779, accuracy: 0.0090
Saved model to model-checkpoints/transformer/irish/low/model_273.pth

Train Epoch: 274 started
Train Epoch: 274, loss: 0.72789
Validation. Epoch: 274, loss: 2.0838, accuracy: 0.0080
Saved model to model-checkpoints/transformer/irish/low/model_274.pth

Train Epoch: 275 started
Train Epoch: 275, loss: 0.74374
Validation. Epoch: 275, loss: 2.0534, accuracy: 0.0040
Saved model to model-checkpoints/transformer/irish/low/model_275.pth

Train Epoch: 276 started
Train Epoch: 276, loss: 0.72619
Validation. Epoch: 276, loss: 2.0539, accuracy: 0.0060
Saved model to model-checkpoints/transformer/irish/low/model_276.pth

Train Epoch: 277 started
Train Epoch: 277, loss: 0.71163
Validation. Epoch: 277, loss: 2.0738, accuracy: 0.0040
Saved model to model-checkpoints/transformer/irish/low/model_277.pth

Train Epoch: 278 started
Train Epoch: 278, loss: 0.69328
Validation. Epoch: 278, loss: 2.0562, accuracy: 0.0040
Saved model to model-checkpoints/transformer/irish/low/model_278.pth

Train Epoch: 279 started
Train Epoch: 279, loss: 0.68405
Validation. Epoch: 279, loss: 2.0723, accuracy: 0.0050
Saved model to model-checkpoints/transformer/irish/low/model_279.pth

Train Epoch: 280 started
Train Epoch: 280, loss: 0.71015
Validation. Epoch: 280, loss: 2.1211, accuracy: 0.0040
Saved model to model-checkpoints/transformer/irish/low/model_280.pth

Train Epoch: 281 started
Train Epoch: 281, loss: 0.70555
Validation. Epoch: 281, loss: 2.0848, accuracy: 0.0060
Saved model to model-checkpoints/transformer/irish/low/model_281.pth

Train Epoch: 282 started
Train Epoch: 282, loss: 0.69645
Validation. Epoch: 282, loss: 2.0253, accuracy: 0.0040
Saved model to model-checkpoints/transformer/irish/low/model_282.pth

Train Epoch: 283 started
Train Epoch: 283, loss: 0.73790
Validation. Epoch: 283, loss: 2.0418, accuracy: 0.0050
Saved model to model-checkpoints/transformer/irish/low/model_283.pth

Train Epoch: 284 started
Train Epoch: 284, loss: 0.67976
Validation. Epoch: 284, loss: 2.1011, accuracy: 0.0060
Saved model to model-checkpoints/transformer/irish/low/model_284.pth

Train Epoch: 285 started
Train Epoch: 285, loss: 0.66851
Validation. Epoch: 285, loss: 2.0983, accuracy: 0.0070
Saved model to model-checkpoints/transformer/irish/low/model_285.pth

Train Epoch: 286 started
Train Epoch: 286, loss: 0.65636
Validation. Epoch: 286, loss: 2.0506, accuracy: 0.0060
Saved model to model-checkpoints/transformer/irish/low/model_286.pth

Train Epoch: 287 started
Train Epoch: 287, loss: 0.68604
Validation. Epoch: 287, loss: 2.0398, accuracy: 0.0050
Saved model to model-checkpoints/transformer/irish/low/model_287.pth

Train Epoch: 288 started
Train Epoch: 288, loss: 0.65247
Validation. Epoch: 288, loss: 2.1104, accuracy: 0.0060
Saved model to model-checkpoints/transformer/irish/low/model_288.pth

Train Epoch: 289 started
Train Epoch: 289, loss: 0.66468
Validation. Epoch: 289, loss: 2.1108, accuracy: 0.0050
Saved model to model-checkpoints/transformer/irish/low/model_289.pth

Train Epoch: 290 started
Train Epoch: 290, loss: 0.65790
Validation. Epoch: 290, loss: 2.1079, accuracy: 0.0070
Saved model to model-checkpoints/transformer/irish/low/model_290.pth

Train Epoch: 291 started
Train Epoch: 291, loss: 0.63030
Validation. Epoch: 291, loss: 2.1203, accuracy: 0.0060
Saved model to model-checkpoints/transformer/irish/low/model_291.pth

Train Epoch: 292 started
Train Epoch: 292, loss: 0.66409
Validation. Epoch: 292, loss: 2.1228, accuracy: 0.0060
Saved model to model-checkpoints/transformer/irish/low/model_292.pth

Train Epoch: 293 started
Train Epoch: 293, loss: 0.62134
Validation. Epoch: 293, loss: 2.0912, accuracy: 0.0060
Saved model to model-checkpoints/transformer/irish/low/model_293.pth

Train Epoch: 294 started
Train Epoch: 294, loss: 0.65168
Validation. Epoch: 294, loss: 2.0976, accuracy: 0.0080
Saved model to model-checkpoints/transformer/irish/low/model_294.pth

Train Epoch: 295 started
Train Epoch: 295, loss: 0.65561
Validation. Epoch: 295, loss: 2.0958, accuracy: 0.0080
Saved model to model-checkpoints/transformer/irish/low/model_295.pth

Train Epoch: 296 started
Train Epoch: 296, loss: 0.62123
Validation. Epoch: 296, loss: 2.1134, accuracy: 0.0050
Saved model to model-checkpoints/transformer/irish/low/model_296.pth

Train Epoch: 297 started
Train Epoch: 297, loss: 0.64683
Validation. Epoch: 297, loss: 2.1343, accuracy: 0.0070
Saved model to model-checkpoints/transformer/irish/low/model_297.pth

Train Epoch: 298 started
Train Epoch: 298, loss: 0.61812
Validation. Epoch: 298, loss: 2.1326, accuracy: 0.0090
Saved model to model-checkpoints/transformer/irish/low/model_298.pth

Train Epoch: 299 started
Train Epoch: 299, loss: 0.61375
Validation. Epoch: 299, loss: 2.1059, accuracy: 0.0120
Saved model to model-checkpoints/transformer/irish/low/model_299.pth

Train Epoch: 300 started
Train Epoch: 300, loss: 0.62038
Validation. Epoch: 300, loss: 2.1200, accuracy: 0.0100
Saved model to model-checkpoints/transformer/irish/low/model_300.pth

Train Epoch: 301 started
Train Epoch: 301, loss: 0.57934
Validation. Epoch: 301, loss: 2.1170, accuracy: 0.0100
Saved model to model-checkpoints/transformer/irish/low/model_301.pth

Train Epoch: 302 started
Train Epoch: 302, loss: 0.59376
Validation. Epoch: 302, loss: 2.1059, accuracy: 0.0110
Saved model to model-checkpoints/transformer/irish/low/model_302.pth

Train Epoch: 303 started
Train Epoch: 303, loss: 0.60704
Validation. Epoch: 303, loss: 2.1291, accuracy: 0.0090
Saved model to model-checkpoints/transformer/irish/low/model_303.pth

Train Epoch: 304 started
Train Epoch: 304, loss: 0.55268
Validation. Epoch: 304, loss: 2.1347, accuracy: 0.0100
Saved model to model-checkpoints/transformer/irish/low/model_304.pth

Train Epoch: 305 started
Train Epoch: 305, loss: 0.60263
Validation. Epoch: 305, loss: 2.1068, accuracy: 0.0120
Saved model to model-checkpoints/transformer/irish/low/model_305.pth

Train Epoch: 306 started
Train Epoch: 306, loss: 0.60537
Validation. Epoch: 306, loss: 2.0804, accuracy: 0.0120
Saved model to model-checkpoints/transformer/irish/low/model_306.pth

Train Epoch: 307 started
Train Epoch: 307, loss: 0.57243
Validation. Epoch: 307, loss: 2.1168, accuracy: 0.0110
Saved model to model-checkpoints/transformer/irish/low/model_307.pth

Train Epoch: 308 started
Train Epoch: 308, loss: 0.54889
Validation. Epoch: 308, loss: 2.1432, accuracy: 0.0090
Saved model to model-checkpoints/transformer/irish/low/model_308.pth

Train Epoch: 309 started
Train Epoch: 309, loss: 0.56698
Validation. Epoch: 309, loss: 2.1266, accuracy: 0.0070
Saved model to model-checkpoints/transformer/irish/low/model_309.pth

Train Epoch: 310 started
Train Epoch: 310, loss: 0.55835
Validation. Epoch: 310, loss: 2.1080, accuracy: 0.0090
Saved model to model-checkpoints/transformer/irish/low/model_310.pth

Train Epoch: 311 started
Train Epoch: 311, loss: 0.59818
Validation. Epoch: 311, loss: 2.1366, accuracy: 0.0080
Saved model to model-checkpoints/transformer/irish/low/model_311.pth

Train Epoch: 312 started
Train Epoch: 312, loss: 0.57432
Validation. Epoch: 312, loss: 2.1497, accuracy: 0.0100
Saved model to model-checkpoints/transformer/irish/low/model_312.pth

Train Epoch: 313 started
Train Epoch: 313, loss: 0.59587
Validation. Epoch: 313, loss: 2.1321, accuracy: 0.0100
Saved model to model-checkpoints/transformer/irish/low/model_313.pth

Train Epoch: 314 started
Train Epoch: 314, loss: 0.56808
Validation. Epoch: 314, loss: 2.1314, accuracy: 0.0100
Saved model to model-checkpoints/transformer/irish/low/model_314.pth

Train Epoch: 315 started
Train Epoch: 315, loss: 0.56094
Validation. Epoch: 315, loss: 2.1644, accuracy: 0.0090
Saved model to model-checkpoints/transformer/irish/low/model_315.pth

Train Epoch: 316 started
Train Epoch: 316, loss: 0.57426
Validation. Epoch: 316, loss: 2.1334, accuracy: 0.0110
Saved model to model-checkpoints/transformer/irish/low/model_316.pth

Train Epoch: 317 started
Train Epoch: 317, loss: 0.57215
Validation. Epoch: 317, loss: 2.1130, accuracy: 0.0080
Saved model to model-checkpoints/transformer/irish/low/model_317.pth

Train Epoch: 318 started
Train Epoch: 318, loss: 0.54140
Validation. Epoch: 318, loss: 2.1271, accuracy: 0.0110
Saved model to model-checkpoints/transformer/irish/low/model_318.pth

Train Epoch: 319 started
Train Epoch: 319, loss: 0.52691
Validation. Epoch: 319, loss: 2.1633, accuracy: 0.0090
Saved model to model-checkpoints/transformer/irish/low/model_319.pth

Train Epoch: 320 started
Train Epoch: 320, loss: 0.55251
Validation. Epoch: 320, loss: 2.1091, accuracy: 0.0100
Saved model to model-checkpoints/transformer/irish/low/model_320.pth

Train Epoch: 321 started
Train Epoch: 321, loss: 0.48721
Validation. Epoch: 321, loss: 2.0885, accuracy: 0.0100
Saved model to model-checkpoints/transformer/irish/low/model_321.pth

Train Epoch: 322 started
Train Epoch: 322, loss: 0.53031
Validation. Epoch: 322, loss: 2.1219, accuracy: 0.0100
Saved model to model-checkpoints/transformer/irish/low/model_322.pth

Train Epoch: 323 started
Train Epoch: 323, loss: 0.54171
Validation. Epoch: 323, loss: 2.1377, accuracy: 0.0090
Saved model to model-checkpoints/transformer/irish/low/model_323.pth

Train Epoch: 324 started
Train Epoch: 324, loss: 0.51339
Validation. Epoch: 324, loss: 2.1340, accuracy: 0.0120
Saved model to model-checkpoints/transformer/irish/low/model_324.pth

Train Epoch: 325 started
Train Epoch: 325, loss: 0.49081
Validation. Epoch: 325, loss: 2.1296, accuracy: 0.0100
Saved model to model-checkpoints/transformer/irish/low/model_325.pth

Train Epoch: 326 started
Train Epoch: 326, loss: 0.50178
Validation. Epoch: 326, loss: 2.1389, accuracy: 0.0100
Saved model to model-checkpoints/transformer/irish/low/model_326.pth

Train Epoch: 327 started
Train Epoch: 327, loss: 0.51520
Validation. Epoch: 327, loss: 2.1638, accuracy: 0.0100
Saved model to model-checkpoints/transformer/irish/low/model_327.pth

Train Epoch: 328 started
Train Epoch: 328, loss: 0.48008
Validation. Epoch: 328, loss: 2.1643, accuracy: 0.0100
Saved model to model-checkpoints/transformer/irish/low/model_328.pth

Train Epoch: 329 started
Train Epoch: 329, loss: 0.51238
Validation. Epoch: 329, loss: 2.1209, accuracy: 0.0110
Saved model to model-checkpoints/transformer/irish/low/model_329.pth

Train Epoch: 330 started
Train Epoch: 330, loss: 0.49784
Validation. Epoch: 330, loss: 2.1048, accuracy: 0.0120
Saved model to model-checkpoints/transformer/irish/low/model_330.pth

Train Epoch: 331 started
Train Epoch: 331, loss: 0.48922
Validation. Epoch: 331, loss: 2.1334, accuracy: 0.0110
Saved model to model-checkpoints/transformer/irish/low/model_331.pth

Train Epoch: 332 started
Train Epoch: 332, loss: 0.53683
Validation. Epoch: 332, loss: 2.1679, accuracy: 0.0100
Saved model to model-checkpoints/transformer/irish/low/model_332.pth

Train Epoch: 333 started
Train Epoch: 333, loss: 0.49602
Validation. Epoch: 333, loss: 2.1443, accuracy: 0.0080
Saved model to model-checkpoints/transformer/irish/low/model_333.pth

Train Epoch: 334 started
Train Epoch: 334, loss: 0.48440
Validation. Epoch: 334, loss: 2.1233, accuracy: 0.0070
Saved model to model-checkpoints/transformer/irish/low/model_334.pth

Train Epoch: 335 started
Train Epoch: 335, loss: 0.47674
Validation. Epoch: 335, loss: 2.1265, accuracy: 0.0110
Saved model to model-checkpoints/transformer/irish/low/model_335.pth

Train Epoch: 336 started
Train Epoch: 336, loss: 0.48796
Validation. Epoch: 336, loss: 2.1621, accuracy: 0.0110
Saved model to model-checkpoints/transformer/irish/low/model_336.pth

Train Epoch: 337 started
Train Epoch: 337, loss: 0.51420
Validation. Epoch: 337, loss: 2.1583, accuracy: 0.0100
Saved model to model-checkpoints/transformer/irish/low/model_337.pth

Train Epoch: 338 started
Train Epoch: 338, loss: 0.49560
Validation. Epoch: 338, loss: 2.1543, accuracy: 0.0110
Saved model to model-checkpoints/transformer/irish/low/model_338.pth

Train Epoch: 339 started
Train Epoch: 339, loss: 0.48161
Validation. Epoch: 339, loss: 2.1724, accuracy: 0.0090
Saved model to model-checkpoints/transformer/irish/low/model_339.pth

Train Epoch: 340 started
Train Epoch: 340, loss: 0.51851
Validation. Epoch: 340, loss: 2.1474, accuracy: 0.0120
Saved model to model-checkpoints/transformer/irish/low/model_340.pth

Train Epoch: 341 started
Train Epoch: 341, loss: 0.46377
Validation. Epoch: 341, loss: 2.1116, accuracy: 0.0130
Saved model to model-checkpoints/transformer/irish/low/model_341.pth

Train Epoch: 342 started
Train Epoch: 342, loss: 0.44583
Validation. Epoch: 342, loss: 2.1347, accuracy: 0.0100
Saved model to model-checkpoints/transformer/irish/low/model_342.pth

Train Epoch: 343 started
Train Epoch: 343, loss: 0.48975
Validation. Epoch: 343, loss: 2.1815, accuracy: 0.0090
Saved model to model-checkpoints/transformer/irish/low/model_343.pth

Train Epoch: 344 started
Train Epoch: 344, loss: 0.48296
Validation. Epoch: 344, loss: 2.2165, accuracy: 0.0080
Saved model to model-checkpoints/transformer/irish/low/model_344.pth

Train Epoch: 345 started
Train Epoch: 345, loss: 0.47165
Validation. Epoch: 345, loss: 2.1969, accuracy: 0.0090
Saved model to model-checkpoints/transformer/irish/low/model_345.pth

Train Epoch: 346 started
Train Epoch: 346, loss: 0.45946
Validation. Epoch: 346, loss: 2.1496, accuracy: 0.0120
Saved model to model-checkpoints/transformer/irish/low/model_346.pth

Train Epoch: 347 started
Train Epoch: 347, loss: 0.41569
Validation. Epoch: 347, loss: 2.1501, accuracy: 0.0110
Saved model to model-checkpoints/transformer/irish/low/model_347.pth

Train Epoch: 348 started
Train Epoch: 348, loss: 0.46572
Validation. Epoch: 348, loss: 2.1746, accuracy: 0.0110
Saved model to model-checkpoints/transformer/irish/low/model_348.pth

Train Epoch: 349 started
Train Epoch: 349, loss: 0.50972
Validation. Epoch: 349, loss: 2.1875, accuracy: 0.0130
Saved model to model-checkpoints/transformer/irish/low/model_349.pth

Train Epoch: 350 started
Train Epoch: 350, loss: 0.45093
Validation. Epoch: 350, loss: 2.1711, accuracy: 0.0130
Saved model to model-checkpoints/transformer/irish/low/model_350.pth

Train Epoch: 351 started
Train Epoch: 351, loss: 0.44358
Validation. Epoch: 351, loss: 2.1409, accuracy: 0.0140
Saved model to model-checkpoints/transformer/irish/low/model_351.pth

Train Epoch: 352 started
Train Epoch: 352, loss: 0.48062
Validation. Epoch: 352, loss: 2.1372, accuracy: 0.0120
Saved model to model-checkpoints/transformer/irish/low/model_352.pth

Train Epoch: 353 started
Train Epoch: 353, loss: 0.45241
Validation. Epoch: 353, loss: 2.1963, accuracy: 0.0100
Saved model to model-checkpoints/transformer/irish/low/model_353.pth

Train Epoch: 354 started
Train Epoch: 354, loss: 0.43311
Validation. Epoch: 354, loss: 2.2284, accuracy: 0.0090
Saved model to model-checkpoints/transformer/irish/low/model_354.pth

Train Epoch: 355 started
Train Epoch: 355, loss: 0.45460
Validation. Epoch: 355, loss: 2.1988, accuracy: 0.0100
Saved model to model-checkpoints/transformer/irish/low/model_355.pth

Train Epoch: 356 started
Train Epoch: 356, loss: 0.43407
Validation. Epoch: 356, loss: 2.1565, accuracy: 0.0110
Saved model to model-checkpoints/transformer/irish/low/model_356.pth

Train Epoch: 357 started
Train Epoch: 357, loss: 0.43869
Validation. Epoch: 357, loss: 2.1571, accuracy: 0.0110
Saved model to model-checkpoints/transformer/irish/low/model_357.pth

Train Epoch: 358 started
Train Epoch: 358, loss: 0.44241
Validation. Epoch: 358, loss: 2.1999, accuracy: 0.0090
Saved model to model-checkpoints/transformer/irish/low/model_358.pth

Train Epoch: 359 started
Train Epoch: 359, loss: 0.41083
Validation. Epoch: 359, loss: 2.2197, accuracy: 0.0070
Saved model to model-checkpoints/transformer/irish/low/model_359.pth

Train Epoch: 360 started
Train Epoch: 360, loss: 0.44712
Validation. Epoch: 360, loss: 2.2003, accuracy: 0.0090
Saved model to model-checkpoints/transformer/irish/low/model_360.pth

Train Epoch: 361 started
Train Epoch: 361, loss: 0.44873
Validation. Epoch: 361, loss: 2.1969, accuracy: 0.0100
Saved model to model-checkpoints/transformer/irish/low/model_361.pth

Train Epoch: 362 started
Train Epoch: 362, loss: 0.41877
Validation. Epoch: 362, loss: 2.2079, accuracy: 0.0090
Saved model to model-checkpoints/transformer/irish/low/model_362.pth

Train Epoch: 363 started
Train Epoch: 363, loss: 0.42550
Validation. Epoch: 363, loss: 2.2326, accuracy: 0.0100
Saved model to model-checkpoints/transformer/irish/low/model_363.pth

Train Epoch: 364 started
Train Epoch: 364, loss: 0.40794
Validation. Epoch: 364, loss: 2.2342, accuracy: 0.0090
Saved model to model-checkpoints/transformer/irish/low/model_364.pth

Train Epoch: 365 started
Train Epoch: 365, loss: 0.44149
Validation. Epoch: 365, loss: 2.2027, accuracy: 0.0090
Saved model to model-checkpoints/transformer/irish/low/model_365.pth

Train Epoch: 366 started
Train Epoch: 366, loss: 0.42753
Validation. Epoch: 366, loss: 2.1947, accuracy: 0.0100
Saved model to model-checkpoints/transformer/irish/low/model_366.pth

Train Epoch: 367 started
Train Epoch: 367, loss: 0.43729
Validation. Epoch: 367, loss: 2.1904, accuracy: 0.0100
Saved model to model-checkpoints/transformer/irish/low/model_367.pth

Train Epoch: 368 started
Train Epoch: 368, loss: 0.39925
Validation. Epoch: 368, loss: 2.2294, accuracy: 0.0110
Saved model to model-checkpoints/transformer/irish/low/model_368.pth

Train Epoch: 369 started
Train Epoch: 369, loss: 0.45340
Validation. Epoch: 369, loss: 2.2452, accuracy: 0.0100
Saved model to model-checkpoints/transformer/irish/low/model_369.pth

Train Epoch: 370 started
Train Epoch: 370, loss: 0.41737
Validation. Epoch: 370, loss: 2.2309, accuracy: 0.0120
Saved model to model-checkpoints/transformer/irish/low/model_370.pth

Train Epoch: 371 started
Train Epoch: 371, loss: 0.37624
Validation. Epoch: 371, loss: 2.2153, accuracy: 0.0120
Saved model to model-checkpoints/transformer/irish/low/model_371.pth

Train Epoch: 372 started
Train Epoch: 372, loss: 0.40149
Validation. Epoch: 372, loss: 2.1630, accuracy: 0.0110
Saved model to model-checkpoints/transformer/irish/low/model_372.pth

Train Epoch: 373 started
Train Epoch: 373, loss: 0.40635
Validation. Epoch: 373, loss: 2.1898, accuracy: 0.0120
Saved model to model-checkpoints/transformer/irish/low/model_373.pth

Train Epoch: 374 started
Train Epoch: 374, loss: 0.39622
Validation. Epoch: 374, loss: 2.2208, accuracy: 0.0130
Saved model to model-checkpoints/transformer/irish/low/model_374.pth

Train Epoch: 375 started
Train Epoch: 375, loss: 0.41613
Validation. Epoch: 375, loss: 2.2088, accuracy: 0.0140
Saved model to model-checkpoints/transformer/irish/low/model_375.pth

Train Epoch: 376 started
Train Epoch: 376, loss: 0.40599
Validation. Epoch: 376, loss: 2.1968, accuracy: 0.0130
Saved model to model-checkpoints/transformer/irish/low/model_376.pth

Train Epoch: 377 started
Train Epoch: 377, loss: 0.39280
Validation. Epoch: 377, loss: 2.2123, accuracy: 0.0120
Saved model to model-checkpoints/transformer/irish/low/model_377.pth

Train Epoch: 378 started
Train Epoch: 378, loss: 0.39733
Validation. Epoch: 378, loss: 2.2523, accuracy: 0.0120
Saved model to model-checkpoints/transformer/irish/low/model_378.pth

Train Epoch: 379 started
Train Epoch: 379, loss: 0.39375
Validation. Epoch: 379, loss: 2.2915, accuracy: 0.0110
Saved model to model-checkpoints/transformer/irish/low/model_379.pth

Train Epoch: 380 started
Train Epoch: 380, loss: 0.41701
Validation. Epoch: 380, loss: 2.2849, accuracy: 0.0100
Saved model to model-checkpoints/transformer/irish/low/model_380.pth

Train Epoch: 381 started
Train Epoch: 381, loss: 0.37130
Validation. Epoch: 381, loss: 2.2789, accuracy: 0.0090
Saved model to model-checkpoints/transformer/irish/low/model_381.pth

Train Epoch: 382 started
Train Epoch: 382, loss: 0.36140
Validation. Epoch: 382, loss: 2.2372, accuracy: 0.0120
Saved model to model-checkpoints/transformer/irish/low/model_382.pth

Train Epoch: 383 started
Train Epoch: 383, loss: 0.40689
Validation. Epoch: 383, loss: 2.2421, accuracy: 0.0130
Saved model to model-checkpoints/transformer/irish/low/model_383.pth

Train Epoch: 384 started
Train Epoch: 384, loss: 0.35728
Validation. Epoch: 384, loss: 2.2380, accuracy: 0.0140
Saved model to model-checkpoints/transformer/irish/low/model_384.pth

Train Epoch: 385 started
Train Epoch: 385, loss: 0.37990
Validation. Epoch: 385, loss: 2.2784, accuracy: 0.0120
Saved model to model-checkpoints/transformer/irish/low/model_385.pth

Train Epoch: 386 started
Train Epoch: 386, loss: 0.33537
Validation. Epoch: 386, loss: 2.2515, accuracy: 0.0110
Saved model to model-checkpoints/transformer/irish/low/model_386.pth

Train Epoch: 387 started
Train Epoch: 387, loss: 0.36253
Validation. Epoch: 387, loss: 2.2705, accuracy: 0.0120
Saved model to model-checkpoints/transformer/irish/low/model_387.pth

Train Epoch: 388 started
Train Epoch: 388, loss: 0.37261
Validation. Epoch: 388, loss: 2.2788, accuracy: 0.0120
Saved model to model-checkpoints/transformer/irish/low/model_388.pth

Train Epoch: 389 started
Train Epoch: 389, loss: 0.35674
Validation. Epoch: 389, loss: 2.2429, accuracy: 0.0120
Saved model to model-checkpoints/transformer/irish/low/model_389.pth

Train Epoch: 390 started
Train Epoch: 390, loss: 0.37527
Validation. Epoch: 390, loss: 2.2334, accuracy: 0.0150
Saved model to model-checkpoints/transformer/irish/low/model_390.pth

Train Epoch: 391 started
Train Epoch: 391, loss: 0.39475
Validation. Epoch: 391, loss: 2.2662, accuracy: 0.0140
Saved model to model-checkpoints/transformer/irish/low/model_391.pth

Train Epoch: 392 started
Train Epoch: 392, loss: 0.36353
Validation. Epoch: 392, loss: 2.2869, accuracy: 0.0120
Saved model to model-checkpoints/transformer/irish/low/model_392.pth

Train Epoch: 393 started
Train Epoch: 393, loss: 0.35935
Validation. Epoch: 393, loss: 2.3224, accuracy: 0.0110
Saved model to model-checkpoints/transformer/irish/low/model_393.pth

Train Epoch: 394 started
Train Epoch: 394, loss: 0.36481
Validation. Epoch: 394, loss: 2.2845, accuracy: 0.0110
Saved model to model-checkpoints/transformer/irish/low/model_394.pth

Train Epoch: 395 started
Train Epoch: 395, loss: 0.35255
Validation. Epoch: 395, loss: 2.2608, accuracy: 0.0110
Saved model to model-checkpoints/transformer/irish/low/model_395.pth

Train Epoch: 396 started
Train Epoch: 396, loss: 0.38678
Validation. Epoch: 396, loss: 2.2697, accuracy: 0.0110
Saved model to model-checkpoints/transformer/irish/low/model_396.pth

Train Epoch: 397 started
Train Epoch: 397, loss: 0.31380
Validation. Epoch: 397, loss: 2.3180, accuracy: 0.0100
Saved model to model-checkpoints/transformer/irish/low/model_397.pth

Train Epoch: 398 started
Train Epoch: 398, loss: 0.35214
Validation. Epoch: 398, loss: 2.2980, accuracy: 0.0110
Saved model to model-checkpoints/transformer/irish/low/model_398.pth

Train Epoch: 399 started
Train Epoch: 399, loss: 0.36919
Validation. Epoch: 399, loss: 2.2733, accuracy: 0.0110
Saved model to model-checkpoints/transformer/irish/low/model_399.pth

Train Epoch: 400 started
Train Epoch: 400, loss: 0.33621
Validation. Epoch: 400, loss: 2.2676, accuracy: 0.0130
Saved model to model-checkpoints/transformer/irish/low/model_400.pth

Finished training, best model on validation set:  237
