
Train Epoch: 1 started
Train Epoch: 1, loss: 3.43245
Validation. Epoch: 1, loss: 3.1771, accuracy: 0.0000
Saved model to model-checkpoints/pointer_generator/hebrew/low/model_1.pth
New best Loss, saved to model-checkpoints/pointer_generator/hebrew/low/model_best.pth

Train Epoch: 2 started
Train Epoch: 2, loss: 3.13815
Validation. Epoch: 2, loss: 2.8459, accuracy: 0.0000
Saved model to model-checkpoints/pointer_generator/hebrew/low/model_2.pth
New best Loss, saved to model-checkpoints/pointer_generator/hebrew/low/model_best.pth

Train Epoch: 3 started
Train Epoch: 3, loss: 2.92612
Validation. Epoch: 3, loss: 2.8551, accuracy: 0.0000
Saved model to model-checkpoints/pointer_generator/hebrew/low/model_3.pth

Train Epoch: 4 started
Train Epoch: 4, loss: 2.91372
Validation. Epoch: 4, loss: 2.7218, accuracy: 0.0000
Saved model to model-checkpoints/pointer_generator/hebrew/low/model_4.pth
New best Loss, saved to model-checkpoints/pointer_generator/hebrew/low/model_best.pth

Train Epoch: 5 started
Train Epoch: 5, loss: 2.77916
Validation. Epoch: 5, loss: 2.6578, accuracy: 0.0000
Saved model to model-checkpoints/pointer_generator/hebrew/low/model_5.pth
New best Loss, saved to model-checkpoints/pointer_generator/hebrew/low/model_best.pth

Train Epoch: 6 started
Train Epoch: 6, loss: 2.80236
Validation. Epoch: 6, loss: 2.5937, accuracy: 0.0000
Saved model to model-checkpoints/pointer_generator/hebrew/low/model_6.pth
New best Loss, saved to model-checkpoints/pointer_generator/hebrew/low/model_best.pth

Train Epoch: 7 started
Train Epoch: 7, loss: 2.70286
Validation. Epoch: 7, loss: 2.5193, accuracy: 0.0000
Saved model to model-checkpoints/pointer_generator/hebrew/low/model_7.pth
New best Loss, saved to model-checkpoints/pointer_generator/hebrew/low/model_best.pth

Train Epoch: 8 started
Train Epoch: 8, loss: 2.69901
Validation. Epoch: 8, loss: 2.4772, accuracy: 0.0000
Saved model to model-checkpoints/pointer_generator/hebrew/low/model_8.pth
New best Loss, saved to model-checkpoints/pointer_generator/hebrew/low/model_best.pth

Train Epoch: 9 started
Train Epoch: 9, loss: 2.60587
Validation. Epoch: 9, loss: 2.4164, accuracy: 0.0000
Saved model to model-checkpoints/pointer_generator/hebrew/low/model_9.pth
New best Loss, saved to model-checkpoints/pointer_generator/hebrew/low/model_best.pth

Train Epoch: 10 started
Train Epoch: 10, loss: 2.58313
Validation. Epoch: 10, loss: 2.3818, accuracy: 0.0000
Saved model to model-checkpoints/pointer_generator/hebrew/low/model_10.pth
New best Loss, saved to model-checkpoints/pointer_generator/hebrew/low/model_best.pth

Train Epoch: 11 started
Train Epoch: 11, loss: 2.55912
Validation. Epoch: 11, loss: 2.3655, accuracy: 0.0000
Saved model to model-checkpoints/pointer_generator/hebrew/low/model_11.pth
New best Loss, saved to model-checkpoints/pointer_generator/hebrew/low/model_best.pth

Train Epoch: 12 started
Train Epoch: 12, loss: 2.49981
Validation. Epoch: 12, loss: 2.3382, accuracy: 0.0000
Saved model to model-checkpoints/pointer_generator/hebrew/low/model_12.pth
New best Loss, saved to model-checkpoints/pointer_generator/hebrew/low/model_best.pth

Train Epoch: 13 started
Train Epoch: 13, loss: 2.47346
Validation. Epoch: 13, loss: 2.3211, accuracy: 0.0000
Saved model to model-checkpoints/pointer_generator/hebrew/low/model_13.pth
New best Loss, saved to model-checkpoints/pointer_generator/hebrew/low/model_best.pth

Train Epoch: 14 started
Train Epoch: 14, loss: 2.43480
Validation. Epoch: 14, loss: 2.2669, accuracy: 0.0000
Saved model to model-checkpoints/pointer_generator/hebrew/low/model_14.pth
New best Loss, saved to model-checkpoints/pointer_generator/hebrew/low/model_best.pth

Train Epoch: 15 started
Train Epoch: 15, loss: 2.41192
Validation. Epoch: 15, loss: 2.2044, accuracy: 0.0000
Saved model to model-checkpoints/pointer_generator/hebrew/low/model_15.pth
New best Loss, saved to model-checkpoints/pointer_generator/hebrew/low/model_best.pth

Train Epoch: 16 started
Train Epoch: 16, loss: 2.39289
Validation. Epoch: 16, loss: 2.1508, accuracy: 0.0000
Saved model to model-checkpoints/pointer_generator/hebrew/low/model_16.pth
New best Loss, saved to model-checkpoints/pointer_generator/hebrew/low/model_best.pth

Train Epoch: 17 started
Train Epoch: 17, loss: 2.29673
Validation. Epoch: 17, loss: 2.1382, accuracy: 0.0000
Saved model to model-checkpoints/pointer_generator/hebrew/low/model_17.pth
New best Loss, saved to model-checkpoints/pointer_generator/hebrew/low/model_best.pth

Train Epoch: 18 started
Train Epoch: 18, loss: 2.26895
Validation. Epoch: 18, loss: 2.1118, accuracy: 0.0000
Saved model to model-checkpoints/pointer_generator/hebrew/low/model_18.pth
New best Loss, saved to model-checkpoints/pointer_generator/hebrew/low/model_best.pth

Train Epoch: 19 started
Train Epoch: 19, loss: 2.17961
Validation. Epoch: 19, loss: 2.0440, accuracy: 0.0000
Saved model to model-checkpoints/pointer_generator/hebrew/low/model_19.pth
New best Loss, saved to model-checkpoints/pointer_generator/hebrew/low/model_best.pth

Train Epoch: 20 started
Train Epoch: 20, loss: 2.19470
Validation. Epoch: 20, loss: 2.0268, accuracy: 0.0010
Saved model to model-checkpoints/pointer_generator/hebrew/low/model_20.pth
New best Loss, saved to model-checkpoints/pointer_generator/hebrew/low/model_best.pth

Train Epoch: 21 started
Train Epoch: 21, loss: 2.13131
Validation. Epoch: 21, loss: 2.0294, accuracy: 0.0010
Saved model to model-checkpoints/pointer_generator/hebrew/low/model_21.pth

Train Epoch: 22 started
Train Epoch: 22, loss: 2.08825
Validation. Epoch: 22, loss: 1.9346, accuracy: 0.0000
Saved model to model-checkpoints/pointer_generator/hebrew/low/model_22.pth
New best Loss, saved to model-checkpoints/pointer_generator/hebrew/low/model_best.pth

Train Epoch: 23 started
Train Epoch: 23, loss: 2.08273
Validation. Epoch: 23, loss: 1.8835, accuracy: 0.0010
Saved model to model-checkpoints/pointer_generator/hebrew/low/model_23.pth
New best Loss, saved to model-checkpoints/pointer_generator/hebrew/low/model_best.pth

Train Epoch: 24 started
Train Epoch: 24, loss: 2.03403
Validation. Epoch: 24, loss: 1.8641, accuracy: 0.0040
Saved model to model-checkpoints/pointer_generator/hebrew/low/model_24.pth
New best Loss, saved to model-checkpoints/pointer_generator/hebrew/low/model_best.pth

Train Epoch: 25 started
Train Epoch: 25, loss: 1.97151
Validation. Epoch: 25, loss: 1.7815, accuracy: 0.0020
Saved model to model-checkpoints/pointer_generator/hebrew/low/model_25.pth
New best Loss, saved to model-checkpoints/pointer_generator/hebrew/low/model_best.pth

Train Epoch: 26 started
Train Epoch: 26, loss: 1.93788
Validation. Epoch: 26, loss: 1.7441, accuracy: 0.0000
Saved model to model-checkpoints/pointer_generator/hebrew/low/model_26.pth
New best Loss, saved to model-checkpoints/pointer_generator/hebrew/low/model_best.pth

Train Epoch: 27 started
Train Epoch: 27, loss: 1.92239
Validation. Epoch: 27, loss: 1.7418, accuracy: 0.0010
Saved model to model-checkpoints/pointer_generator/hebrew/low/model_27.pth
New best Loss, saved to model-checkpoints/pointer_generator/hebrew/low/model_best.pth

Train Epoch: 28 started
Train Epoch: 28, loss: 1.86772
Validation. Epoch: 28, loss: 1.6786, accuracy: 0.0070
Saved model to model-checkpoints/pointer_generator/hebrew/low/model_28.pth
New best Loss, saved to model-checkpoints/pointer_generator/hebrew/low/model_best.pth

Train Epoch: 29 started
Train Epoch: 29, loss: 1.85617
Validation. Epoch: 29, loss: 1.6518, accuracy: 0.0060
Saved model to model-checkpoints/pointer_generator/hebrew/low/model_29.pth
New best Loss, saved to model-checkpoints/pointer_generator/hebrew/low/model_best.pth

Train Epoch: 30 started
Train Epoch: 30, loss: 1.81117
Validation. Epoch: 30, loss: 1.6701, accuracy: 0.0080
Saved model to model-checkpoints/pointer_generator/hebrew/low/model_30.pth

Train Epoch: 31 started
Train Epoch: 31, loss: 1.79181
Validation. Epoch: 31, loss: 1.6410, accuracy: 0.0000
Saved model to model-checkpoints/pointer_generator/hebrew/low/model_31.pth
New best Loss, saved to model-checkpoints/pointer_generator/hebrew/low/model_best.pth

Train Epoch: 32 started
Train Epoch: 32, loss: 1.75526
Validation. Epoch: 32, loss: 1.6444, accuracy: 0.0010
Saved model to model-checkpoints/pointer_generator/hebrew/low/model_32.pth

Train Epoch: 33 started
Train Epoch: 33, loss: 1.75311
Validation. Epoch: 33, loss: 1.5944, accuracy: 0.0010
Saved model to model-checkpoints/pointer_generator/hebrew/low/model_33.pth
New best Loss, saved to model-checkpoints/pointer_generator/hebrew/low/model_best.pth

Train Epoch: 34 started
Train Epoch: 34, loss: 1.71481
Validation. Epoch: 34, loss: 1.6281, accuracy: 0.0140
Saved model to model-checkpoints/pointer_generator/hebrew/low/model_34.pth

Train Epoch: 35 started
Train Epoch: 35, loss: 1.70393
Validation. Epoch: 35, loss: 1.5854, accuracy: 0.0090
Saved model to model-checkpoints/pointer_generator/hebrew/low/model_35.pth
New best Loss, saved to model-checkpoints/pointer_generator/hebrew/low/model_best.pth

Train Epoch: 36 started
Train Epoch: 36, loss: 1.67384
Validation. Epoch: 36, loss: 1.5805, accuracy: 0.0040
Saved model to model-checkpoints/pointer_generator/hebrew/low/model_36.pth
New best Loss, saved to model-checkpoints/pointer_generator/hebrew/low/model_best.pth

Train Epoch: 37 started
Train Epoch: 37, loss: 1.69990
Validation. Epoch: 37, loss: 1.5344, accuracy: 0.0190
Saved model to model-checkpoints/pointer_generator/hebrew/low/model_37.pth
New best Loss, saved to model-checkpoints/pointer_generator/hebrew/low/model_best.pth

Train Epoch: 38 started
Train Epoch: 38, loss: 1.65326
Validation. Epoch: 38, loss: 1.5640, accuracy: 0.0230
Saved model to model-checkpoints/pointer_generator/hebrew/low/model_38.pth

Train Epoch: 39 started
Train Epoch: 39, loss: 1.65635
Validation. Epoch: 39, loss: 1.5066, accuracy: 0.0190
Saved model to model-checkpoints/pointer_generator/hebrew/low/model_39.pth
New best Loss, saved to model-checkpoints/pointer_generator/hebrew/low/model_best.pth

Train Epoch: 40 started
Train Epoch: 40, loss: 1.60943
Validation. Epoch: 40, loss: 1.5005, accuracy: 0.0140
Saved model to model-checkpoints/pointer_generator/hebrew/low/model_40.pth
New best Loss, saved to model-checkpoints/pointer_generator/hebrew/low/model_best.pth

Train Epoch: 41 started
Train Epoch: 41, loss: 1.60464
Validation. Epoch: 41, loss: 1.5150, accuracy: 0.0270
Saved model to model-checkpoints/pointer_generator/hebrew/low/model_41.pth

Train Epoch: 42 started
Train Epoch: 42, loss: 1.57747
Validation. Epoch: 42, loss: 1.5148, accuracy: 0.0270
Saved model to model-checkpoints/pointer_generator/hebrew/low/model_42.pth

Train Epoch: 43 started
Train Epoch: 43, loss: 1.57324
Validation. Epoch: 43, loss: 1.4878, accuracy: 0.0200
Saved model to model-checkpoints/pointer_generator/hebrew/low/model_43.pth
New best Loss, saved to model-checkpoints/pointer_generator/hebrew/low/model_best.pth

Train Epoch: 44 started
Train Epoch: 44, loss: 1.56348
Validation. Epoch: 44, loss: 1.4884, accuracy: 0.0310
Saved model to model-checkpoints/pointer_generator/hebrew/low/model_44.pth

Train Epoch: 45 started
Train Epoch: 45, loss: 1.54966
Validation. Epoch: 45, loss: 1.4911, accuracy: 0.0210
Saved model to model-checkpoints/pointer_generator/hebrew/low/model_45.pth

Train Epoch: 46 started
Train Epoch: 46, loss: 1.53075
Validation. Epoch: 46, loss: 1.4612, accuracy: 0.0150
Saved model to model-checkpoints/pointer_generator/hebrew/low/model_46.pth
New best Loss, saved to model-checkpoints/pointer_generator/hebrew/low/model_best.pth

Train Epoch: 47 started
Train Epoch: 47, loss: 1.51547
Validation. Epoch: 47, loss: 1.4559, accuracy: 0.0200
Saved model to model-checkpoints/pointer_generator/hebrew/low/model_47.pth
New best Loss, saved to model-checkpoints/pointer_generator/hebrew/low/model_best.pth

Train Epoch: 48 started
Train Epoch: 48, loss: 1.54402
Validation. Epoch: 48, loss: 1.4436, accuracy: 0.0290
Saved model to model-checkpoints/pointer_generator/hebrew/low/model_48.pth
New best Loss, saved to model-checkpoints/pointer_generator/hebrew/low/model_best.pth

Train Epoch: 49 started
Train Epoch: 49, loss: 1.49889
Validation. Epoch: 49, loss: 1.4381, accuracy: 0.0350
Saved model to model-checkpoints/pointer_generator/hebrew/low/model_49.pth
New best Loss, saved to model-checkpoints/pointer_generator/hebrew/low/model_best.pth

Train Epoch: 50 started
Train Epoch: 50, loss: 1.47805
Validation. Epoch: 50, loss: 1.4042, accuracy: 0.0330
Saved model to model-checkpoints/pointer_generator/hebrew/low/model_50.pth
New best Loss, saved to model-checkpoints/pointer_generator/hebrew/low/model_best.pth

Train Epoch: 51 started
Train Epoch: 51, loss: 1.45574
Validation. Epoch: 51, loss: 1.3922, accuracy: 0.0130
Saved model to model-checkpoints/pointer_generator/hebrew/low/model_51.pth
New best Loss, saved to model-checkpoints/pointer_generator/hebrew/low/model_best.pth

Train Epoch: 52 started
Train Epoch: 52, loss: 1.46641
Validation. Epoch: 52, loss: 1.4213, accuracy: 0.0180
Saved model to model-checkpoints/pointer_generator/hebrew/low/model_52.pth

Train Epoch: 53 started
Train Epoch: 53, loss: 1.47585
Validation. Epoch: 53, loss: 1.4878, accuracy: 0.0280
Saved model to model-checkpoints/pointer_generator/hebrew/low/model_53.pth

Train Epoch: 54 started
Train Epoch: 54, loss: 1.46656
Validation. Epoch: 54, loss: 1.4227, accuracy: 0.0160
Saved model to model-checkpoints/pointer_generator/hebrew/low/model_54.pth

Train Epoch: 55 started
Train Epoch: 55, loss: 1.40457
Validation. Epoch: 55, loss: 1.3844, accuracy: 0.0290
Saved model to model-checkpoints/pointer_generator/hebrew/low/model_55.pth
New best Loss, saved to model-checkpoints/pointer_generator/hebrew/low/model_best.pth

Train Epoch: 56 started
Train Epoch: 56, loss: 1.42825
Validation. Epoch: 56, loss: 1.4583, accuracy: 0.0270
Saved model to model-checkpoints/pointer_generator/hebrew/low/model_56.pth

Train Epoch: 57 started
Train Epoch: 57, loss: 1.42728
Validation. Epoch: 57, loss: 1.4109, accuracy: 0.0310
Saved model to model-checkpoints/pointer_generator/hebrew/low/model_57.pth

Train Epoch: 58 started
Train Epoch: 58, loss: 1.37863
Validation. Epoch: 58, loss: 1.3554, accuracy: 0.0220
Saved model to model-checkpoints/pointer_generator/hebrew/low/model_58.pth
New best Loss, saved to model-checkpoints/pointer_generator/hebrew/low/model_best.pth

Train Epoch: 59 started
Train Epoch: 59, loss: 1.33071
Validation. Epoch: 59, loss: 1.3677, accuracy: 0.0310
Saved model to model-checkpoints/pointer_generator/hebrew/low/model_59.pth

Train Epoch: 60 started
Train Epoch: 60, loss: 1.34434
Validation. Epoch: 60, loss: 1.4191, accuracy: 0.0340
Saved model to model-checkpoints/pointer_generator/hebrew/low/model_60.pth

Train Epoch: 61 started
Train Epoch: 61, loss: 1.37052
Validation. Epoch: 61, loss: 1.4222, accuracy: 0.0280
Saved model to model-checkpoints/pointer_generator/hebrew/low/model_61.pth

Train Epoch: 62 started
Train Epoch: 62, loss: 1.45074
Validation. Epoch: 62, loss: 1.3260, accuracy: 0.0330
Saved model to model-checkpoints/pointer_generator/hebrew/low/model_62.pth
New best Loss, saved to model-checkpoints/pointer_generator/hebrew/low/model_best.pth

Train Epoch: 63 started
Train Epoch: 63, loss: 1.36201
Validation. Epoch: 63, loss: 1.3740, accuracy: 0.0250
Saved model to model-checkpoints/pointer_generator/hebrew/low/model_63.pth

Train Epoch: 64 started
Train Epoch: 64, loss: 1.37347
Validation. Epoch: 64, loss: 1.4234, accuracy: 0.0430
Saved model to model-checkpoints/pointer_generator/hebrew/low/model_64.pth

Train Epoch: 65 started
Train Epoch: 65, loss: 1.39301
Validation. Epoch: 65, loss: 1.3368, accuracy: 0.0350
Saved model to model-checkpoints/pointer_generator/hebrew/low/model_65.pth

Train Epoch: 66 started
Train Epoch: 66, loss: 1.33722
Validation. Epoch: 66, loss: 1.3416, accuracy: 0.0260
Saved model to model-checkpoints/pointer_generator/hebrew/low/model_66.pth

Train Epoch: 67 started
Train Epoch: 67, loss: 1.32461
Validation. Epoch: 67, loss: 1.3008, accuracy: 0.0390
Saved model to model-checkpoints/pointer_generator/hebrew/low/model_67.pth
New best Loss, saved to model-checkpoints/pointer_generator/hebrew/low/model_best.pth

Train Epoch: 68 started
Train Epoch: 68, loss: 1.28231
Validation. Epoch: 68, loss: 1.3440, accuracy: 0.0440
Saved model to model-checkpoints/pointer_generator/hebrew/low/model_68.pth

Train Epoch: 69 started
Train Epoch: 69, loss: 1.31123
Validation. Epoch: 69, loss: 1.3121, accuracy: 0.0500
Saved model to model-checkpoints/pointer_generator/hebrew/low/model_69.pth

Train Epoch: 70 started
Train Epoch: 70, loss: 1.31343
Validation. Epoch: 70, loss: 1.2956, accuracy: 0.0360
Saved model to model-checkpoints/pointer_generator/hebrew/low/model_70.pth
New best Loss, saved to model-checkpoints/pointer_generator/hebrew/low/model_best.pth

Train Epoch: 71 started
Train Epoch: 71, loss: 1.25255
Validation. Epoch: 71, loss: 1.2644, accuracy: 0.0360
Saved model to model-checkpoints/pointer_generator/hebrew/low/model_71.pth
New best Loss, saved to model-checkpoints/pointer_generator/hebrew/low/model_best.pth

Train Epoch: 72 started
Train Epoch: 72, loss: 1.25786
Validation. Epoch: 72, loss: 1.2606, accuracy: 0.0550
Saved model to model-checkpoints/pointer_generator/hebrew/low/model_72.pth
New best Loss, saved to model-checkpoints/pointer_generator/hebrew/low/model_best.pth

Train Epoch: 73 started
Train Epoch: 73, loss: 1.22850
Validation. Epoch: 73, loss: 1.2890, accuracy: 0.0440
Saved model to model-checkpoints/pointer_generator/hebrew/low/model_73.pth

Train Epoch: 74 started
Train Epoch: 74, loss: 1.25392
Validation. Epoch: 74, loss: 1.3017, accuracy: 0.0350
Saved model to model-checkpoints/pointer_generator/hebrew/low/model_74.pth

Train Epoch: 75 started
Train Epoch: 75, loss: 1.23178
Validation. Epoch: 75, loss: 1.2975, accuracy: 0.0330
Saved model to model-checkpoints/pointer_generator/hebrew/low/model_75.pth

Train Epoch: 76 started
Train Epoch: 76, loss: 1.20088
Validation. Epoch: 76, loss: 1.2695, accuracy: 0.0420
Saved model to model-checkpoints/pointer_generator/hebrew/low/model_76.pth

Train Epoch: 77 started
Train Epoch: 77, loss: 1.18630
Validation. Epoch: 77, loss: 1.2840, accuracy: 0.0550
Saved model to model-checkpoints/pointer_generator/hebrew/low/model_77.pth

Train Epoch: 78 started
Train Epoch: 78, loss: 1.15110
Validation. Epoch: 78, loss: 1.2644, accuracy: 0.0460
Saved model to model-checkpoints/pointer_generator/hebrew/low/model_78.pth

Train Epoch: 79 started
Train Epoch: 79, loss: 1.22017
Validation. Epoch: 79, loss: 1.2844, accuracy: 0.0320
Saved model to model-checkpoints/pointer_generator/hebrew/low/model_79.pth

Train Epoch: 80 started
Train Epoch: 80, loss: 1.21899
Validation. Epoch: 80, loss: 1.2443, accuracy: 0.0440
Saved model to model-checkpoints/pointer_generator/hebrew/low/model_80.pth
New best Loss, saved to model-checkpoints/pointer_generator/hebrew/low/model_best.pth

Train Epoch: 81 started
Train Epoch: 81, loss: 1.13466
Validation. Epoch: 81, loss: 1.2176, accuracy: 0.0590
Saved model to model-checkpoints/pointer_generator/hebrew/low/model_81.pth
New best Loss, saved to model-checkpoints/pointer_generator/hebrew/low/model_best.pth

Train Epoch: 82 started
Train Epoch: 82, loss: 1.17339
Validation. Epoch: 82, loss: 1.2206, accuracy: 0.0610
Saved model to model-checkpoints/pointer_generator/hebrew/low/model_82.pth

Train Epoch: 83 started
Train Epoch: 83, loss: 1.11680
Validation. Epoch: 83, loss: 1.2680, accuracy: 0.0500
Saved model to model-checkpoints/pointer_generator/hebrew/low/model_83.pth

Train Epoch: 84 started
Train Epoch: 84, loss: 1.15947
Validation. Epoch: 84, loss: 1.2225, accuracy: 0.0450
Saved model to model-checkpoints/pointer_generator/hebrew/low/model_84.pth

Train Epoch: 85 started
Train Epoch: 85, loss: 1.12697
Validation. Epoch: 85, loss: 1.2058, accuracy: 0.0530
Saved model to model-checkpoints/pointer_generator/hebrew/low/model_85.pth
New best Loss, saved to model-checkpoints/pointer_generator/hebrew/low/model_best.pth

Train Epoch: 86 started
Train Epoch: 86, loss: 1.13731
Validation. Epoch: 86, loss: 1.2092, accuracy: 0.0500
Saved model to model-checkpoints/pointer_generator/hebrew/low/model_86.pth

Train Epoch: 87 started
Train Epoch: 87, loss: 1.06941
Validation. Epoch: 87, loss: 1.2127, accuracy: 0.0660
Saved model to model-checkpoints/pointer_generator/hebrew/low/model_87.pth

Train Epoch: 88 started
Train Epoch: 88, loss: 1.09604
Validation. Epoch: 88, loss: 1.1991, accuracy: 0.0660
Saved model to model-checkpoints/pointer_generator/hebrew/low/model_88.pth
New best Loss, saved to model-checkpoints/pointer_generator/hebrew/low/model_best.pth

Train Epoch: 89 started
Train Epoch: 89, loss: 1.07035
Validation. Epoch: 89, loss: 1.1703, accuracy: 0.0610
Saved model to model-checkpoints/pointer_generator/hebrew/low/model_89.pth
New best Loss, saved to model-checkpoints/pointer_generator/hebrew/low/model_best.pth

Train Epoch: 90 started
Train Epoch: 90, loss: 1.11500
Validation. Epoch: 90, loss: 1.1649, accuracy: 0.0610
Saved model to model-checkpoints/pointer_generator/hebrew/low/model_90.pth
New best Loss, saved to model-checkpoints/pointer_generator/hebrew/low/model_best.pth

Train Epoch: 91 started
Train Epoch: 91, loss: 1.04019
Validation. Epoch: 91, loss: 1.1880, accuracy: 0.0580
Saved model to model-checkpoints/pointer_generator/hebrew/low/model_91.pth

Train Epoch: 92 started
Train Epoch: 92, loss: 1.02396
Validation. Epoch: 92, loss: 1.1957, accuracy: 0.0620
Saved model to model-checkpoints/pointer_generator/hebrew/low/model_92.pth

Train Epoch: 93 started
Train Epoch: 93, loss: 1.01540
Validation. Epoch: 93, loss: 1.1679, accuracy: 0.0600
Saved model to model-checkpoints/pointer_generator/hebrew/low/model_93.pth

Train Epoch: 94 started
Train Epoch: 94, loss: 1.06950
Validation. Epoch: 94, loss: 1.1711, accuracy: 0.0700
Saved model to model-checkpoints/pointer_generator/hebrew/low/model_94.pth

Train Epoch: 95 started
Train Epoch: 95, loss: 1.09878
Validation. Epoch: 95, loss: 1.1955, accuracy: 0.0620
Saved model to model-checkpoints/pointer_generator/hebrew/low/model_95.pth

Train Epoch: 96 started
Train Epoch: 96, loss: 1.06634
Validation. Epoch: 96, loss: 1.1895, accuracy: 0.0600
Saved model to model-checkpoints/pointer_generator/hebrew/low/model_96.pth

Train Epoch: 97 started
Train Epoch: 97, loss: 1.00332
Validation. Epoch: 97, loss: 1.1768, accuracy: 0.0540
Saved model to model-checkpoints/pointer_generator/hebrew/low/model_97.pth

Train Epoch: 98 started
Train Epoch: 98, loss: 1.06195
Validation. Epoch: 98, loss: 1.1589, accuracy: 0.0740
Saved model to model-checkpoints/pointer_generator/hebrew/low/model_98.pth
New best Loss, saved to model-checkpoints/pointer_generator/hebrew/low/model_best.pth

Train Epoch: 99 started
Train Epoch: 99, loss: 1.01387
Validation. Epoch: 99, loss: 1.1780, accuracy: 0.0700
Saved model to model-checkpoints/pointer_generator/hebrew/low/model_99.pth

Train Epoch: 100 started
Train Epoch: 100, loss: 1.01442
Validation. Epoch: 100, loss: 1.1762, accuracy: 0.0620
Saved model to model-checkpoints/pointer_generator/hebrew/low/model_100.pth

Train Epoch: 101 started
Train Epoch: 101, loss: 0.96278
Validation. Epoch: 101, loss: 1.1500, accuracy: 0.0680
Saved model to model-checkpoints/pointer_generator/hebrew/low/model_101.pth
New best Loss, saved to model-checkpoints/pointer_generator/hebrew/low/model_best.pth

Train Epoch: 102 started
Train Epoch: 102, loss: 0.97648
Validation. Epoch: 102, loss: 1.1510, accuracy: 0.0580
Saved model to model-checkpoints/pointer_generator/hebrew/low/model_102.pth

Train Epoch: 103 started
Train Epoch: 103, loss: 1.04185
Validation. Epoch: 103, loss: 1.1465, accuracy: 0.0610
Saved model to model-checkpoints/pointer_generator/hebrew/low/model_103.pth
New best Loss, saved to model-checkpoints/pointer_generator/hebrew/low/model_best.pth

Train Epoch: 104 started
Train Epoch: 104, loss: 0.93728
Validation. Epoch: 104, loss: 1.1661, accuracy: 0.0570
Saved model to model-checkpoints/pointer_generator/hebrew/low/model_104.pth

Train Epoch: 105 started
Train Epoch: 105, loss: 1.00668
Validation. Epoch: 105, loss: 1.1523, accuracy: 0.0690
Saved model to model-checkpoints/pointer_generator/hebrew/low/model_105.pth

Train Epoch: 106 started
Train Epoch: 106, loss: 0.98536
Validation. Epoch: 106, loss: 1.1432, accuracy: 0.0700
Saved model to model-checkpoints/pointer_generator/hebrew/low/model_106.pth
New best Loss, saved to model-checkpoints/pointer_generator/hebrew/low/model_best.pth

Train Epoch: 107 started
Train Epoch: 107, loss: 0.90260
Validation. Epoch: 107, loss: 1.1521, accuracy: 0.0770
Saved model to model-checkpoints/pointer_generator/hebrew/low/model_107.pth

Train Epoch: 108 started
Train Epoch: 108, loss: 0.89328
Validation. Epoch: 108, loss: 1.1433, accuracy: 0.0710
Saved model to model-checkpoints/pointer_generator/hebrew/low/model_108.pth

Train Epoch: 109 started
Train Epoch: 109, loss: 0.93405
Validation. Epoch: 109, loss: 1.1341, accuracy: 0.0720
Saved model to model-checkpoints/pointer_generator/hebrew/low/model_109.pth
New best Loss, saved to model-checkpoints/pointer_generator/hebrew/low/model_best.pth

Train Epoch: 110 started
Train Epoch: 110, loss: 0.92042
Validation. Epoch: 110, loss: 1.1187, accuracy: 0.0720
Saved model to model-checkpoints/pointer_generator/hebrew/low/model_110.pth
New best Loss, saved to model-checkpoints/pointer_generator/hebrew/low/model_best.pth

Train Epoch: 111 started
Train Epoch: 111, loss: 0.92451
Validation. Epoch: 111, loss: 1.1165, accuracy: 0.0680
Saved model to model-checkpoints/pointer_generator/hebrew/low/model_111.pth
New best Loss, saved to model-checkpoints/pointer_generator/hebrew/low/model_best.pth

Train Epoch: 112 started
Train Epoch: 112, loss: 0.89120
Validation. Epoch: 112, loss: 1.1243, accuracy: 0.0610
Saved model to model-checkpoints/pointer_generator/hebrew/low/model_112.pth

Train Epoch: 113 started
Train Epoch: 113, loss: 0.89036
Validation. Epoch: 113, loss: 1.1193, accuracy: 0.0590
Saved model to model-checkpoints/pointer_generator/hebrew/low/model_113.pth

Train Epoch: 114 started
Train Epoch: 114, loss: 0.91406
Validation. Epoch: 114, loss: 1.1158, accuracy: 0.0750
Saved model to model-checkpoints/pointer_generator/hebrew/low/model_114.pth
New best Loss, saved to model-checkpoints/pointer_generator/hebrew/low/model_best.pth

Train Epoch: 115 started
Train Epoch: 115, loss: 0.88539
Validation. Epoch: 115, loss: 1.1312, accuracy: 0.0720
Saved model to model-checkpoints/pointer_generator/hebrew/low/model_115.pth

Train Epoch: 116 started
Train Epoch: 116, loss: 0.90524
Validation. Epoch: 116, loss: 1.1460, accuracy: 0.0760
Saved model to model-checkpoints/pointer_generator/hebrew/low/model_116.pth

Train Epoch: 117 started
Train Epoch: 117, loss: 0.92336
Validation. Epoch: 117, loss: 1.1090, accuracy: 0.0680
Saved model to model-checkpoints/pointer_generator/hebrew/low/model_117.pth
New best Loss, saved to model-checkpoints/pointer_generator/hebrew/low/model_best.pth

Train Epoch: 118 started
Train Epoch: 118, loss: 0.87015
Validation. Epoch: 118, loss: 1.0994, accuracy: 0.0610
Saved model to model-checkpoints/pointer_generator/hebrew/low/model_118.pth
New best Loss, saved to model-checkpoints/pointer_generator/hebrew/low/model_best.pth

Train Epoch: 119 started
Train Epoch: 119, loss: 0.84482
Validation. Epoch: 119, loss: 1.1012, accuracy: 0.0680
Saved model to model-checkpoints/pointer_generator/hebrew/low/model_119.pth

Train Epoch: 120 started
Train Epoch: 120, loss: 0.89474
Validation. Epoch: 120, loss: 1.1271, accuracy: 0.0690
Saved model to model-checkpoints/pointer_generator/hebrew/low/model_120.pth

Train Epoch: 121 started
Train Epoch: 121, loss: 0.88432
Validation. Epoch: 121, loss: 1.1132, accuracy: 0.0730
Saved model to model-checkpoints/pointer_generator/hebrew/low/model_121.pth

Train Epoch: 122 started
Train Epoch: 122, loss: 0.84269
Validation. Epoch: 122, loss: 1.1366, accuracy: 0.0700
Saved model to model-checkpoints/pointer_generator/hebrew/low/model_122.pth

Train Epoch: 123 started
Train Epoch: 123, loss: 0.89097
Validation. Epoch: 123, loss: 1.1380, accuracy: 0.0690
Saved model to model-checkpoints/pointer_generator/hebrew/low/model_123.pth

Train Epoch: 124 started
Train Epoch: 124, loss: 0.86423
Validation. Epoch: 124, loss: 1.1353, accuracy: 0.0640
Saved model to model-checkpoints/pointer_generator/hebrew/low/model_124.pth

Train Epoch: 125 started
Train Epoch: 125, loss: 0.86094
Validation. Epoch: 125, loss: 1.0906, accuracy: 0.0750
Saved model to model-checkpoints/pointer_generator/hebrew/low/model_125.pth
New best Loss, saved to model-checkpoints/pointer_generator/hebrew/low/model_best.pth

Train Epoch: 126 started
Train Epoch: 126, loss: 0.83013
Validation. Epoch: 126, loss: 1.0717, accuracy: 0.0870
Saved model to model-checkpoints/pointer_generator/hebrew/low/model_126.pth
New best Loss, saved to model-checkpoints/pointer_generator/hebrew/low/model_best.pth

Train Epoch: 127 started
Train Epoch: 127, loss: 0.84911
Validation. Epoch: 127, loss: 1.1141, accuracy: 0.0690
Saved model to model-checkpoints/pointer_generator/hebrew/low/model_127.pth

Train Epoch: 128 started
Train Epoch: 128, loss: 0.82815
Validation. Epoch: 128, loss: 1.0857, accuracy: 0.0660
Saved model to model-checkpoints/pointer_generator/hebrew/low/model_128.pth

Train Epoch: 129 started
Train Epoch: 129, loss: 0.77717
Validation. Epoch: 129, loss: 1.0980, accuracy: 0.0850
Saved model to model-checkpoints/pointer_generator/hebrew/low/model_129.pth

Train Epoch: 130 started
Train Epoch: 130, loss: 0.82003
Validation. Epoch: 130, loss: 1.0889, accuracy: 0.0840
Saved model to model-checkpoints/pointer_generator/hebrew/low/model_130.pth

Train Epoch: 131 started
Train Epoch: 131, loss: 0.81328
Validation. Epoch: 131, loss: 1.1062, accuracy: 0.0700
Saved model to model-checkpoints/pointer_generator/hebrew/low/model_131.pth

Train Epoch: 132 started
Train Epoch: 132, loss: 0.83222
Validation. Epoch: 132, loss: 1.0898, accuracy: 0.0850
Saved model to model-checkpoints/pointer_generator/hebrew/low/model_132.pth

Train Epoch: 133 started
Train Epoch: 133, loss: 0.78956
Validation. Epoch: 133, loss: 1.0893, accuracy: 0.0780
Saved model to model-checkpoints/pointer_generator/hebrew/low/model_133.pth

Train Epoch: 134 started
Train Epoch: 134, loss: 0.82753
Validation. Epoch: 134, loss: 1.0944, accuracy: 0.0780
Saved model to model-checkpoints/pointer_generator/hebrew/low/model_134.pth

Train Epoch: 135 started
Train Epoch: 135, loss: 0.80144
Validation. Epoch: 135, loss: 1.0975, accuracy: 0.0830
Saved model to model-checkpoints/pointer_generator/hebrew/low/model_135.pth

Train Epoch: 136 started
Train Epoch: 136, loss: 0.78321
Validation. Epoch: 136, loss: 1.0735, accuracy: 0.0820
Saved model to model-checkpoints/pointer_generator/hebrew/low/model_136.pth

Train Epoch: 137 started
Train Epoch: 137, loss: 0.79920
Validation. Epoch: 137, loss: 1.0831, accuracy: 0.0750
Saved model to model-checkpoints/pointer_generator/hebrew/low/model_137.pth

Train Epoch: 138 started
Train Epoch: 138, loss: 0.79572
Validation. Epoch: 138, loss: 1.0848, accuracy: 0.0870
Saved model to model-checkpoints/pointer_generator/hebrew/low/model_138.pth

Train Epoch: 139 started
Train Epoch: 139, loss: 0.75308
Validation. Epoch: 139, loss: 1.1053, accuracy: 0.0780
Saved model to model-checkpoints/pointer_generator/hebrew/low/model_139.pth

Train Epoch: 140 started
Train Epoch: 140, loss: 0.79078
Validation. Epoch: 140, loss: 1.0894, accuracy: 0.0880
Saved model to model-checkpoints/pointer_generator/hebrew/low/model_140.pth

Train Epoch: 141 started
Train Epoch: 141, loss: 0.74368
Validation. Epoch: 141, loss: 1.0849, accuracy: 0.0980
Saved model to model-checkpoints/pointer_generator/hebrew/low/model_141.pth

Train Epoch: 142 started
Train Epoch: 142, loss: 0.75711
Validation. Epoch: 142, loss: 1.0917, accuracy: 0.0870
Saved model to model-checkpoints/pointer_generator/hebrew/low/model_142.pth

Train Epoch: 143 started
Train Epoch: 143, loss: 0.71455
Validation. Epoch: 143, loss: 1.1004, accuracy: 0.0850
Saved model to model-checkpoints/pointer_generator/hebrew/low/model_143.pth

Train Epoch: 144 started
Train Epoch: 144, loss: 0.77133
Validation. Epoch: 144, loss: 1.0853, accuracy: 0.0810
Saved model to model-checkpoints/pointer_generator/hebrew/low/model_144.pth

Train Epoch: 145 started
Train Epoch: 145, loss: 0.76885
Validation. Epoch: 145, loss: 1.1342, accuracy: 0.0720
Saved model to model-checkpoints/pointer_generator/hebrew/low/model_145.pth

Train Epoch: 146 started
Train Epoch: 146, loss: 0.73168
Validation. Epoch: 146, loss: 1.0883, accuracy: 0.0960
Saved model to model-checkpoints/pointer_generator/hebrew/low/model_146.pth

Train Epoch: 147 started
Train Epoch: 147, loss: 0.70406
Validation. Epoch: 147, loss: 1.0861, accuracy: 0.0920
Saved model to model-checkpoints/pointer_generator/hebrew/low/model_147.pth

Train Epoch: 148 started
Train Epoch: 148, loss: 0.73909
Validation. Epoch: 148, loss: 1.1031, accuracy: 0.0830
Saved model to model-checkpoints/pointer_generator/hebrew/low/model_148.pth

Train Epoch: 149 started
Train Epoch: 149, loss: 0.75630
Validation. Epoch: 149, loss: 1.0762, accuracy: 0.0920
Saved model to model-checkpoints/pointer_generator/hebrew/low/model_149.pth

Train Epoch: 150 started
Train Epoch: 150, loss: 0.76804
Validation. Epoch: 150, loss: 1.0728, accuracy: 0.0910
Saved model to model-checkpoints/pointer_generator/hebrew/low/model_150.pth

Train Epoch: 151 started
Train Epoch: 151, loss: 0.71633
Validation. Epoch: 151, loss: 1.0950, accuracy: 0.0990
Saved model to model-checkpoints/pointer_generator/hebrew/low/model_151.pth

Train Epoch: 152 started
Train Epoch: 152, loss: 0.72013
Validation. Epoch: 152, loss: 1.1029, accuracy: 0.0820
Saved model to model-checkpoints/pointer_generator/hebrew/low/model_152.pth

Train Epoch: 153 started
Train Epoch: 153, loss: 0.77807
Validation. Epoch: 153, loss: 1.0914, accuracy: 0.0950
Saved model to model-checkpoints/pointer_generator/hebrew/low/model_153.pth

Train Epoch: 154 started
Train Epoch: 154, loss: 0.69305
Validation. Epoch: 154, loss: 1.1046, accuracy: 0.0900
Saved model to model-checkpoints/pointer_generator/hebrew/low/model_154.pth

Train Epoch: 155 started
Train Epoch: 155, loss: 0.68910
Validation. Epoch: 155, loss: 1.0755, accuracy: 0.0990
Saved model to model-checkpoints/pointer_generator/hebrew/low/model_155.pth

Train Epoch: 156 started
Train Epoch: 156, loss: 0.70245
Validation. Epoch: 156, loss: 1.1166, accuracy: 0.0850
Saved model to model-checkpoints/pointer_generator/hebrew/low/model_156.pth

Train Epoch: 157 started
Train Epoch: 157, loss: 0.67487
Validation. Epoch: 157, loss: 1.1376, accuracy: 0.0790
Saved model to model-checkpoints/pointer_generator/hebrew/low/model_157.pth

Train Epoch: 158 started
Train Epoch: 158, loss: 0.76764
Validation. Epoch: 158, loss: 1.0793, accuracy: 0.0970
Saved model to model-checkpoints/pointer_generator/hebrew/low/model_158.pth

Train Epoch: 159 started
Train Epoch: 159, loss: 0.66724
Validation. Epoch: 159, loss: 1.0712, accuracy: 0.0950
Saved model to model-checkpoints/pointer_generator/hebrew/low/model_159.pth
New best Loss, saved to model-checkpoints/pointer_generator/hebrew/low/model_best.pth

Train Epoch: 160 started
Train Epoch: 160, loss: 0.70231
Validation. Epoch: 160, loss: 1.0833, accuracy: 0.1030
Saved model to model-checkpoints/pointer_generator/hebrew/low/model_160.pth

Train Epoch: 161 started
Train Epoch: 161, loss: 0.68306
Validation. Epoch: 161, loss: 1.1212, accuracy: 0.0900
Saved model to model-checkpoints/pointer_generator/hebrew/low/model_161.pth

Train Epoch: 162 started
Train Epoch: 162, loss: 0.69235
Validation. Epoch: 162, loss: 1.0983, accuracy: 0.0960
Saved model to model-checkpoints/pointer_generator/hebrew/low/model_162.pth

Train Epoch: 163 started
Train Epoch: 163, loss: 0.69587
Validation. Epoch: 163, loss: 1.0665, accuracy: 0.1120
Saved model to model-checkpoints/pointer_generator/hebrew/low/model_163.pth
New best Loss, saved to model-checkpoints/pointer_generator/hebrew/low/model_best.pth

Train Epoch: 164 started
Train Epoch: 164, loss: 0.65685
Validation. Epoch: 164, loss: 1.0551, accuracy: 0.1170
Saved model to model-checkpoints/pointer_generator/hebrew/low/model_164.pth
New best Loss, saved to model-checkpoints/pointer_generator/hebrew/low/model_best.pth

Train Epoch: 165 started
Train Epoch: 165, loss: 0.66052
Validation. Epoch: 165, loss: 1.0619, accuracy: 0.1120
Saved model to model-checkpoints/pointer_generator/hebrew/low/model_165.pth

Train Epoch: 166 started
Train Epoch: 166, loss: 0.64095
Validation. Epoch: 166, loss: 1.0836, accuracy: 0.1080
Saved model to model-checkpoints/pointer_generator/hebrew/low/model_166.pth

Train Epoch: 167 started
Train Epoch: 167, loss: 0.62299
Validation. Epoch: 167, loss: 1.0663, accuracy: 0.1120
Saved model to model-checkpoints/pointer_generator/hebrew/low/model_167.pth

Train Epoch: 168 started
Train Epoch: 168, loss: 0.64522
Validation. Epoch: 168, loss: 1.0580, accuracy: 0.1140
Saved model to model-checkpoints/pointer_generator/hebrew/low/model_168.pth

Train Epoch: 169 started
Train Epoch: 169, loss: 0.60460
Validation. Epoch: 169, loss: 1.0570, accuracy: 0.1190
Saved model to model-checkpoints/pointer_generator/hebrew/low/model_169.pth

Train Epoch: 170 started
Train Epoch: 170, loss: 0.69372
Validation. Epoch: 170, loss: 1.0707, accuracy: 0.1060
Saved model to model-checkpoints/pointer_generator/hebrew/low/model_170.pth

Train Epoch: 171 started
Train Epoch: 171, loss: 0.63495
Validation. Epoch: 171, loss: 1.0806, accuracy: 0.1090
Saved model to model-checkpoints/pointer_generator/hebrew/low/model_171.pth

Train Epoch: 172 started
Train Epoch: 172, loss: 0.62041
Validation. Epoch: 172, loss: 1.0889, accuracy: 0.1080
Saved model to model-checkpoints/pointer_generator/hebrew/low/model_172.pth

Train Epoch: 173 started
Train Epoch: 173, loss: 0.54813
Validation. Epoch: 173, loss: 1.0877, accuracy: 0.1020
Saved model to model-checkpoints/pointer_generator/hebrew/low/model_173.pth

Train Epoch: 174 started
Train Epoch: 174, loss: 0.58873
Validation. Epoch: 174, loss: 1.0669, accuracy: 0.1200
Saved model to model-checkpoints/pointer_generator/hebrew/low/model_174.pth

Train Epoch: 175 started
Train Epoch: 175, loss: 0.64440
Validation. Epoch: 175, loss: 1.0741, accuracy: 0.1140
Saved model to model-checkpoints/pointer_generator/hebrew/low/model_175.pth

Train Epoch: 176 started
Train Epoch: 176, loss: 0.62524
Validation. Epoch: 176, loss: 1.0882, accuracy: 0.1090
Saved model to model-checkpoints/pointer_generator/hebrew/low/model_176.pth

Train Epoch: 177 started
Train Epoch: 177, loss: 0.63355
Validation. Epoch: 177, loss: 1.0699, accuracy: 0.1160
Saved model to model-checkpoints/pointer_generator/hebrew/low/model_177.pth

Train Epoch: 178 started
Train Epoch: 178, loss: 0.61117
Validation. Epoch: 178, loss: 1.0607, accuracy: 0.1220
Saved model to model-checkpoints/pointer_generator/hebrew/low/model_178.pth

Train Epoch: 179 started
Train Epoch: 179, loss: 0.60698
Validation. Epoch: 179, loss: 1.0591, accuracy: 0.1220
Saved model to model-checkpoints/pointer_generator/hebrew/low/model_179.pth

Train Epoch: 180 started
Train Epoch: 180, loss: 0.61344
Validation. Epoch: 180, loss: 1.0611, accuracy: 0.1260
Saved model to model-checkpoints/pointer_generator/hebrew/low/model_180.pth

Train Epoch: 181 started
Train Epoch: 181, loss: 0.60430
Validation. Epoch: 181, loss: 1.0714, accuracy: 0.1260
Saved model to model-checkpoints/pointer_generator/hebrew/low/model_181.pth

Train Epoch: 182 started
Train Epoch: 182, loss: 0.62397
Validation. Epoch: 182, loss: 1.1191, accuracy: 0.1120
Saved model to model-checkpoints/pointer_generator/hebrew/low/model_182.pth

Train Epoch: 183 started
Train Epoch: 183, loss: 0.61770
Validation. Epoch: 183, loss: 1.0741, accuracy: 0.1140
Saved model to model-checkpoints/pointer_generator/hebrew/low/model_183.pth

Train Epoch: 184 started
Train Epoch: 184, loss: 0.65330
Validation. Epoch: 184, loss: 1.0527, accuracy: 0.1320
Saved model to model-checkpoints/pointer_generator/hebrew/low/model_184.pth
New best Loss, saved to model-checkpoints/pointer_generator/hebrew/low/model_best.pth

Train Epoch: 185 started
Train Epoch: 185, loss: 0.63787
Validation. Epoch: 185, loss: 1.0533, accuracy: 0.1270
Saved model to model-checkpoints/pointer_generator/hebrew/low/model_185.pth

Train Epoch: 186 started
Train Epoch: 186, loss: 0.60155
Validation. Epoch: 186, loss: 1.0461, accuracy: 0.1430
Saved model to model-checkpoints/pointer_generator/hebrew/low/model_186.pth
New best Loss, saved to model-checkpoints/pointer_generator/hebrew/low/model_best.pth

Train Epoch: 187 started
Train Epoch: 187, loss: 0.55821
Validation. Epoch: 187, loss: 1.0637, accuracy: 0.1280
Saved model to model-checkpoints/pointer_generator/hebrew/low/model_187.pth

Train Epoch: 188 started
Train Epoch: 188, loss: 0.58871
Validation. Epoch: 188, loss: 1.1091, accuracy: 0.1210
Saved model to model-checkpoints/pointer_generator/hebrew/low/model_188.pth

Train Epoch: 189 started
Train Epoch: 189, loss: 0.61425
Validation. Epoch: 189, loss: 1.0965, accuracy: 0.1180
Saved model to model-checkpoints/pointer_generator/hebrew/low/model_189.pth

Train Epoch: 190 started
Train Epoch: 190, loss: 0.64010
Validation. Epoch: 190, loss: 1.0628, accuracy: 0.1180
Saved model to model-checkpoints/pointer_generator/hebrew/low/model_190.pth

Train Epoch: 191 started
Train Epoch: 191, loss: 0.59597
Validation. Epoch: 191, loss: 1.0514, accuracy: 0.1230
Saved model to model-checkpoints/pointer_generator/hebrew/low/model_191.pth

Train Epoch: 192 started
Train Epoch: 192, loss: 0.56771
Validation. Epoch: 192, loss: 1.1009, accuracy: 0.1170
Saved model to model-checkpoints/pointer_generator/hebrew/low/model_192.pth

Train Epoch: 193 started
Train Epoch: 193, loss: 0.58491
Validation. Epoch: 193, loss: 1.0485, accuracy: 0.1330
Saved model to model-checkpoints/pointer_generator/hebrew/low/model_193.pth

Train Epoch: 194 started
Train Epoch: 194, loss: 0.52772
Validation. Epoch: 194, loss: 1.0817, accuracy: 0.1280
Saved model to model-checkpoints/pointer_generator/hebrew/low/model_194.pth

Train Epoch: 195 started
Train Epoch: 195, loss: 0.63603
Validation. Epoch: 195, loss: 1.0771, accuracy: 0.1250
Saved model to model-checkpoints/pointer_generator/hebrew/low/model_195.pth

Train Epoch: 196 started
Train Epoch: 196, loss: 0.48255
Validation. Epoch: 196, loss: 1.1020, accuracy: 0.1210
Saved model to model-checkpoints/pointer_generator/hebrew/low/model_196.pth

Train Epoch: 197 started
Train Epoch: 197, loss: 0.61402
Validation. Epoch: 197, loss: 1.0640, accuracy: 0.1270
Saved model to model-checkpoints/pointer_generator/hebrew/low/model_197.pth

Train Epoch: 198 started
Train Epoch: 198, loss: 0.57164
Validation. Epoch: 198, loss: 1.0634, accuracy: 0.1330
Saved model to model-checkpoints/pointer_generator/hebrew/low/model_198.pth

Train Epoch: 199 started
Train Epoch: 199, loss: 0.56105
Validation. Epoch: 199, loss: 1.0647, accuracy: 0.1260
Saved model to model-checkpoints/pointer_generator/hebrew/low/model_199.pth

Train Epoch: 200 started
Train Epoch: 200, loss: 0.51422
Validation. Epoch: 200, loss: 1.0487, accuracy: 0.1350
Saved model to model-checkpoints/pointer_generator/hebrew/low/model_200.pth

Train Epoch: 201 started
Train Epoch: 201, loss: 0.54177
Validation. Epoch: 201, loss: 1.0448, accuracy: 0.1370
Saved model to model-checkpoints/pointer_generator/hebrew/low/model_201.pth
New best Loss, saved to model-checkpoints/pointer_generator/hebrew/low/model_best.pth

Train Epoch: 202 started
Train Epoch: 202, loss: 0.49243
Validation. Epoch: 202, loss: 1.0728, accuracy: 0.1160
Saved model to model-checkpoints/pointer_generator/hebrew/low/model_202.pth

Train Epoch: 203 started
Train Epoch: 203, loss: 0.55151
Validation. Epoch: 203, loss: 1.0892, accuracy: 0.1240
Saved model to model-checkpoints/pointer_generator/hebrew/low/model_203.pth

Train Epoch: 204 started
Train Epoch: 204, loss: 0.55603
Validation. Epoch: 204, loss: 1.0720, accuracy: 0.1250
Saved model to model-checkpoints/pointer_generator/hebrew/low/model_204.pth

Train Epoch: 205 started
Train Epoch: 205, loss: 0.52071
Validation. Epoch: 205, loss: 1.0597, accuracy: 0.1440
Saved model to model-checkpoints/pointer_generator/hebrew/low/model_205.pth

Train Epoch: 206 started
Train Epoch: 206, loss: 0.54353
Validation. Epoch: 206, loss: 1.0606, accuracy: 0.1270
Saved model to model-checkpoints/pointer_generator/hebrew/low/model_206.pth

Train Epoch: 207 started
Train Epoch: 207, loss: 0.48788
Validation. Epoch: 207, loss: 1.0781, accuracy: 0.1350
Saved model to model-checkpoints/pointer_generator/hebrew/low/model_207.pth

Train Epoch: 208 started
Train Epoch: 208, loss: 0.46554
Validation. Epoch: 208, loss: 1.0796, accuracy: 0.1270
Saved model to model-checkpoints/pointer_generator/hebrew/low/model_208.pth

Train Epoch: 209 started
Train Epoch: 209, loss: 0.51812
Validation. Epoch: 209, loss: 1.0462, accuracy: 0.1330
Saved model to model-checkpoints/pointer_generator/hebrew/low/model_209.pth

Train Epoch: 210 started
Train Epoch: 210, loss: 0.50864
Validation. Epoch: 210, loss: 1.0742, accuracy: 0.1350
Saved model to model-checkpoints/pointer_generator/hebrew/low/model_210.pth

Train Epoch: 211 started
Train Epoch: 211, loss: 0.51640
Validation. Epoch: 211, loss: 1.0611, accuracy: 0.1300
Saved model to model-checkpoints/pointer_generator/hebrew/low/model_211.pth

Train Epoch: 212 started
Train Epoch: 212, loss: 0.46721
Validation. Epoch: 212, loss: 1.0837, accuracy: 0.1430
Saved model to model-checkpoints/pointer_generator/hebrew/low/model_212.pth

Train Epoch: 213 started
Train Epoch: 213, loss: 0.51609
Validation. Epoch: 213, loss: 1.0607, accuracy: 0.1350
Saved model to model-checkpoints/pointer_generator/hebrew/low/model_213.pth

Train Epoch: 214 started
Train Epoch: 214, loss: 0.51846
Validation. Epoch: 214, loss: 1.1155, accuracy: 0.1230
Saved model to model-checkpoints/pointer_generator/hebrew/low/model_214.pth

Train Epoch: 215 started
Train Epoch: 215, loss: 0.50974
Validation. Epoch: 215, loss: 1.0684, accuracy: 0.1370
Saved model to model-checkpoints/pointer_generator/hebrew/low/model_215.pth

Train Epoch: 216 started
Train Epoch: 216, loss: 0.48290
Validation. Epoch: 216, loss: 1.0790, accuracy: 0.1480
Saved model to model-checkpoints/pointer_generator/hebrew/low/model_216.pth

Train Epoch: 217 started
Train Epoch: 217, loss: 0.47216
Validation. Epoch: 217, loss: 1.0676, accuracy: 0.1470
Saved model to model-checkpoints/pointer_generator/hebrew/low/model_217.pth

Train Epoch: 218 started
Train Epoch: 218, loss: 0.46597
Validation. Epoch: 218, loss: 1.0985, accuracy: 0.1450
Saved model to model-checkpoints/pointer_generator/hebrew/low/model_218.pth

Train Epoch: 219 started
Train Epoch: 219, loss: 0.45951
Validation. Epoch: 219, loss: 1.0759, accuracy: 0.1480
Saved model to model-checkpoints/pointer_generator/hebrew/low/model_219.pth

Train Epoch: 220 started
Train Epoch: 220, loss: 0.46017
Validation. Epoch: 220, loss: 1.0632, accuracy: 0.1500
Saved model to model-checkpoints/pointer_generator/hebrew/low/model_220.pth

Train Epoch: 221 started
Train Epoch: 221, loss: 0.50729
Validation. Epoch: 221, loss: 1.0670, accuracy: 0.1500
Saved model to model-checkpoints/pointer_generator/hebrew/low/model_221.pth

Train Epoch: 222 started
Train Epoch: 222, loss: 0.46042
Validation. Epoch: 222, loss: 1.0714, accuracy: 0.1590
Saved model to model-checkpoints/pointer_generator/hebrew/low/model_222.pth

Train Epoch: 223 started
Train Epoch: 223, loss: 0.46590
Validation. Epoch: 223, loss: 1.0588, accuracy: 0.1560
Saved model to model-checkpoints/pointer_generator/hebrew/low/model_223.pth

Train Epoch: 224 started
Train Epoch: 224, loss: 0.44823
Validation. Epoch: 224, loss: 1.0541, accuracy: 0.1440
Saved model to model-checkpoints/pointer_generator/hebrew/low/model_224.pth

Train Epoch: 225 started
Train Epoch: 225, loss: 0.48370
Validation. Epoch: 225, loss: 1.0593, accuracy: 0.1470
Saved model to model-checkpoints/pointer_generator/hebrew/low/model_225.pth

Train Epoch: 226 started
Train Epoch: 226, loss: 0.47058
Validation. Epoch: 226, loss: 1.0594, accuracy: 0.1510
Saved model to model-checkpoints/pointer_generator/hebrew/low/model_226.pth

Train Epoch: 227 started
Train Epoch: 227, loss: 0.49744
Validation. Epoch: 227, loss: 1.0690, accuracy: 0.1500
Saved model to model-checkpoints/pointer_generator/hebrew/low/model_227.pth

Train Epoch: 228 started
Train Epoch: 228, loss: 0.51537
Validation. Epoch: 228, loss: 1.0654, accuracy: 0.1470
Saved model to model-checkpoints/pointer_generator/hebrew/low/model_228.pth

Train Epoch: 229 started
Train Epoch: 229, loss: 0.45549
Validation. Epoch: 229, loss: 1.0724, accuracy: 0.1390
Saved model to model-checkpoints/pointer_generator/hebrew/low/model_229.pth

Train Epoch: 230 started
Train Epoch: 230, loss: 0.48645
Validation. Epoch: 230, loss: 1.0760, accuracy: 0.1450
Saved model to model-checkpoints/pointer_generator/hebrew/low/model_230.pth

Train Epoch: 231 started
Train Epoch: 231, loss: 0.45738
Validation. Epoch: 231, loss: 1.0843, accuracy: 0.1380
Saved model to model-checkpoints/pointer_generator/hebrew/low/model_231.pth

Train Epoch: 232 started
Train Epoch: 232, loss: 0.47658
Validation. Epoch: 232, loss: 1.0624, accuracy: 0.1340
Saved model to model-checkpoints/pointer_generator/hebrew/low/model_232.pth

Train Epoch: 233 started
Train Epoch: 233, loss: 0.45427
Validation. Epoch: 233, loss: 1.0765, accuracy: 0.1480
Saved model to model-checkpoints/pointer_generator/hebrew/low/model_233.pth

Train Epoch: 234 started
Train Epoch: 234, loss: 0.42678
Validation. Epoch: 234, loss: 1.0983, accuracy: 0.1460
Saved model to model-checkpoints/pointer_generator/hebrew/low/model_234.pth

Train Epoch: 235 started
Train Epoch: 235, loss: 0.41804
Validation. Epoch: 235, loss: 1.0981, accuracy: 0.1420
Saved model to model-checkpoints/pointer_generator/hebrew/low/model_235.pth

Train Epoch: 236 started
Train Epoch: 236, loss: 0.44976
Validation. Epoch: 236, loss: 1.0782, accuracy: 0.1530
Saved model to model-checkpoints/pointer_generator/hebrew/low/model_236.pth

Train Epoch: 237 started
Train Epoch: 237, loss: 0.38603
Validation. Epoch: 237, loss: 1.1041, accuracy: 0.1480
Saved model to model-checkpoints/pointer_generator/hebrew/low/model_237.pth

Train Epoch: 238 started
Train Epoch: 238, loss: 0.41691
Validation. Epoch: 238, loss: 1.0829, accuracy: 0.1420
Saved model to model-checkpoints/pointer_generator/hebrew/low/model_238.pth

Train Epoch: 239 started
Train Epoch: 239, loss: 0.41062
Validation. Epoch: 239, loss: 1.0730, accuracy: 0.1370
Saved model to model-checkpoints/pointer_generator/hebrew/low/model_239.pth

Train Epoch: 240 started
Train Epoch: 240, loss: 0.43714
Validation. Epoch: 240, loss: 1.0974, accuracy: 0.1430
Saved model to model-checkpoints/pointer_generator/hebrew/low/model_240.pth

Train Epoch: 241 started
Train Epoch: 241, loss: 0.40019
Validation. Epoch: 241, loss: 1.1131, accuracy: 0.1280
Saved model to model-checkpoints/pointer_generator/hebrew/low/model_241.pth

Train Epoch: 242 started
Train Epoch: 242, loss: 0.38849
Validation. Epoch: 242, loss: 1.1023, accuracy: 0.1370
Saved model to model-checkpoints/pointer_generator/hebrew/low/model_242.pth

Train Epoch: 243 started
Train Epoch: 243, loss: 0.43742
Validation. Epoch: 243, loss: 1.0754, accuracy: 0.1350
Saved model to model-checkpoints/pointer_generator/hebrew/low/model_243.pth

Train Epoch: 244 started
Train Epoch: 244, loss: 0.40438
Validation. Epoch: 244, loss: 1.0658, accuracy: 0.1310
Saved model to model-checkpoints/pointer_generator/hebrew/low/model_244.pth

Train Epoch: 245 started
Train Epoch: 245, loss: 0.40036
Validation. Epoch: 245, loss: 1.0667, accuracy: 0.1420
Saved model to model-checkpoints/pointer_generator/hebrew/low/model_245.pth

Train Epoch: 246 started
Train Epoch: 246, loss: 0.40371
Validation. Epoch: 246, loss: 1.0938, accuracy: 0.1460
Saved model to model-checkpoints/pointer_generator/hebrew/low/model_246.pth

Train Epoch: 247 started
Train Epoch: 247, loss: 0.39961
Validation. Epoch: 247, loss: 1.0641, accuracy: 0.1570
Saved model to model-checkpoints/pointer_generator/hebrew/low/model_247.pth

Train Epoch: 248 started
Train Epoch: 248, loss: 0.45180
Validation. Epoch: 248, loss: 1.0746, accuracy: 0.1440
Saved model to model-checkpoints/pointer_generator/hebrew/low/model_248.pth

Train Epoch: 249 started
Train Epoch: 249, loss: 0.40895
Validation. Epoch: 249, loss: 1.1165, accuracy: 0.1380
Saved model to model-checkpoints/pointer_generator/hebrew/low/model_249.pth

Train Epoch: 250 started
Train Epoch: 250, loss: 0.47302
Validation. Epoch: 250, loss: 1.1600, accuracy: 0.1360
Saved model to model-checkpoints/pointer_generator/hebrew/low/model_250.pth

Train Epoch: 251 started
Train Epoch: 251, loss: 0.43914
Validation. Epoch: 251, loss: 1.1088, accuracy: 0.1580
Saved model to model-checkpoints/pointer_generator/hebrew/low/model_251.pth

Train Epoch: 252 started
Train Epoch: 252, loss: 0.48524
Validation. Epoch: 252, loss: 1.0795, accuracy: 0.1590
Saved model to model-checkpoints/pointer_generator/hebrew/low/model_252.pth

Train Epoch: 253 started
Train Epoch: 253, loss: 0.40104
Validation. Epoch: 253, loss: 1.1047, accuracy: 0.1490
Saved model to model-checkpoints/pointer_generator/hebrew/low/model_253.pth

Train Epoch: 254 started
Train Epoch: 254, loss: 0.45117
Validation. Epoch: 254, loss: 1.0756, accuracy: 0.1490
Saved model to model-checkpoints/pointer_generator/hebrew/low/model_254.pth

Train Epoch: 255 started
Train Epoch: 255, loss: 0.37155
Validation. Epoch: 255, loss: 1.0651, accuracy: 0.1590
Saved model to model-checkpoints/pointer_generator/hebrew/low/model_255.pth

Train Epoch: 256 started
Train Epoch: 256, loss: 0.41155
Validation. Epoch: 256, loss: 1.0725, accuracy: 0.1520
Saved model to model-checkpoints/pointer_generator/hebrew/low/model_256.pth

Train Epoch: 257 started
Train Epoch: 257, loss: 0.40758
Validation. Epoch: 257, loss: 1.0974, accuracy: 0.1480
Saved model to model-checkpoints/pointer_generator/hebrew/low/model_257.pth

Train Epoch: 258 started
Train Epoch: 258, loss: 0.43272
Validation. Epoch: 258, loss: 1.0921, accuracy: 0.1530
Saved model to model-checkpoints/pointer_generator/hebrew/low/model_258.pth

Train Epoch: 259 started
Train Epoch: 259, loss: 0.36304
Validation. Epoch: 259, loss: 1.0862, accuracy: 0.1530
Saved model to model-checkpoints/pointer_generator/hebrew/low/model_259.pth

Train Epoch: 260 started
Train Epoch: 260, loss: 0.43966
Validation. Epoch: 260, loss: 1.1017, accuracy: 0.1500
Saved model to model-checkpoints/pointer_generator/hebrew/low/model_260.pth

Train Epoch: 261 started
Train Epoch: 261, loss: 0.39877
Validation. Epoch: 261, loss: 1.0837, accuracy: 0.1530
Saved model to model-checkpoints/pointer_generator/hebrew/low/model_261.pth

Train Epoch: 262 started
Train Epoch: 262, loss: 0.35132
Validation. Epoch: 262, loss: 1.1157, accuracy: 0.1470
Saved model to model-checkpoints/pointer_generator/hebrew/low/model_262.pth

Train Epoch: 263 started
Train Epoch: 263, loss: 0.36825
Validation. Epoch: 263, loss: 1.0979, accuracy: 0.1490
Saved model to model-checkpoints/pointer_generator/hebrew/low/model_263.pth

Train Epoch: 264 started
Train Epoch: 264, loss: 0.36941
Validation. Epoch: 264, loss: 1.0584, accuracy: 0.1550
Saved model to model-checkpoints/pointer_generator/hebrew/low/model_264.pth

Train Epoch: 265 started
Train Epoch: 265, loss: 0.37178
Validation. Epoch: 265, loss: 1.1090, accuracy: 0.1470
Saved model to model-checkpoints/pointer_generator/hebrew/low/model_265.pth

Train Epoch: 266 started
Train Epoch: 266, loss: 0.43765
Validation. Epoch: 266, loss: 1.1120, accuracy: 0.1410
Saved model to model-checkpoints/pointer_generator/hebrew/low/model_266.pth

Train Epoch: 267 started
Train Epoch: 267, loss: 0.35426
Validation. Epoch: 267, loss: 1.1207, accuracy: 0.1400
Saved model to model-checkpoints/pointer_generator/hebrew/low/model_267.pth

Train Epoch: 268 started
Train Epoch: 268, loss: 0.36571
Validation. Epoch: 268, loss: 1.0977, accuracy: 0.1530
Saved model to model-checkpoints/pointer_generator/hebrew/low/model_268.pth

Train Epoch: 269 started
Train Epoch: 269, loss: 0.37655
Validation. Epoch: 269, loss: 1.0981, accuracy: 0.1510
Saved model to model-checkpoints/pointer_generator/hebrew/low/model_269.pth

Train Epoch: 270 started
Train Epoch: 270, loss: 0.38892
Validation. Epoch: 270, loss: 1.1400, accuracy: 0.1480
Saved model to model-checkpoints/pointer_generator/hebrew/low/model_270.pth

Train Epoch: 271 started
Train Epoch: 271, loss: 0.35492
Validation. Epoch: 271, loss: 1.0846, accuracy: 0.1580
Saved model to model-checkpoints/pointer_generator/hebrew/low/model_271.pth

Train Epoch: 272 started
Train Epoch: 272, loss: 0.40484
Validation. Epoch: 272, loss: 1.1109, accuracy: 0.1490
Saved model to model-checkpoints/pointer_generator/hebrew/low/model_272.pth

Train Epoch: 273 started
Train Epoch: 273, loss: 0.37490
Validation. Epoch: 273, loss: 1.1301, accuracy: 0.1540
Saved model to model-checkpoints/pointer_generator/hebrew/low/model_273.pth

Train Epoch: 274 started
Train Epoch: 274, loss: 0.34547
Validation. Epoch: 274, loss: 1.1008, accuracy: 0.1590
Saved model to model-checkpoints/pointer_generator/hebrew/low/model_274.pth

Train Epoch: 275 started
Train Epoch: 275, loss: 0.36362
Validation. Epoch: 275, loss: 1.1056, accuracy: 0.1470
Saved model to model-checkpoints/pointer_generator/hebrew/low/model_275.pth

Train Epoch: 276 started
Train Epoch: 276, loss: 0.35784
Validation. Epoch: 276, loss: 1.1455, accuracy: 0.1440
Saved model to model-checkpoints/pointer_generator/hebrew/low/model_276.pth

Train Epoch: 277 started
Train Epoch: 277, loss: 0.37793
Validation. Epoch: 277, loss: 1.1432, accuracy: 0.1480
Saved model to model-checkpoints/pointer_generator/hebrew/low/model_277.pth

Train Epoch: 278 started
Train Epoch: 278, loss: 0.38646
Validation. Epoch: 278, loss: 1.1093, accuracy: 0.1540
Saved model to model-checkpoints/pointer_generator/hebrew/low/model_278.pth

Train Epoch: 279 started
Train Epoch: 279, loss: 0.32682
Validation. Epoch: 279, loss: 1.1050, accuracy: 0.1510
Saved model to model-checkpoints/pointer_generator/hebrew/low/model_279.pth

Train Epoch: 280 started
Train Epoch: 280, loss: 0.38018
Validation. Epoch: 280, loss: 1.1170, accuracy: 0.1470
Saved model to model-checkpoints/pointer_generator/hebrew/low/model_280.pth

Train Epoch: 281 started
Train Epoch: 281, loss: 0.38178
Validation. Epoch: 281, loss: 1.1034, accuracy: 0.1480
Saved model to model-checkpoints/pointer_generator/hebrew/low/model_281.pth

Train Epoch: 282 started
Train Epoch: 282, loss: 0.38961
Validation. Epoch: 282, loss: 1.0959, accuracy: 0.1540
Saved model to model-checkpoints/pointer_generator/hebrew/low/model_282.pth

Train Epoch: 283 started
Train Epoch: 283, loss: 0.35442
Validation. Epoch: 283, loss: 1.1341, accuracy: 0.1440
Saved model to model-checkpoints/pointer_generator/hebrew/low/model_283.pth

Train Epoch: 284 started
Train Epoch: 284, loss: 0.35294
Validation. Epoch: 284, loss: 1.1223, accuracy: 0.1450
Saved model to model-checkpoints/pointer_generator/hebrew/low/model_284.pth

Train Epoch: 285 started
Train Epoch: 285, loss: 0.34914
Validation. Epoch: 285, loss: 1.1101, accuracy: 0.1520
Saved model to model-checkpoints/pointer_generator/hebrew/low/model_285.pth

Train Epoch: 286 started
Train Epoch: 286, loss: 0.34043
Validation. Epoch: 286, loss: 1.1102, accuracy: 0.1610
Saved model to model-checkpoints/pointer_generator/hebrew/low/model_286.pth

Train Epoch: 287 started
Train Epoch: 287, loss: 0.38105
Validation. Epoch: 287, loss: 1.1101, accuracy: 0.1620
Saved model to model-checkpoints/pointer_generator/hebrew/low/model_287.pth

Train Epoch: 288 started
Train Epoch: 288, loss: 0.35265
Validation. Epoch: 288, loss: 1.1066, accuracy: 0.1620
Saved model to model-checkpoints/pointer_generator/hebrew/low/model_288.pth

Train Epoch: 289 started
Train Epoch: 289, loss: 0.33711
Validation. Epoch: 289, loss: 1.0951, accuracy: 0.1610
Saved model to model-checkpoints/pointer_generator/hebrew/low/model_289.pth

Train Epoch: 290 started
Train Epoch: 290, loss: 0.32929
Validation. Epoch: 290, loss: 1.0988, accuracy: 0.1710
Saved model to model-checkpoints/pointer_generator/hebrew/low/model_290.pth

Train Epoch: 291 started
Train Epoch: 291, loss: 0.32809
Validation. Epoch: 291, loss: 1.1024, accuracy: 0.1660
Saved model to model-checkpoints/pointer_generator/hebrew/low/model_291.pth

Train Epoch: 292 started
Train Epoch: 292, loss: 0.31552
Validation. Epoch: 292, loss: 1.1513, accuracy: 0.1540
Saved model to model-checkpoints/pointer_generator/hebrew/low/model_292.pth

Train Epoch: 293 started
Train Epoch: 293, loss: 0.30539
Validation. Epoch: 293, loss: 1.1615, accuracy: 0.1520
Saved model to model-checkpoints/pointer_generator/hebrew/low/model_293.pth

Train Epoch: 294 started
Train Epoch: 294, loss: 0.33776
Validation. Epoch: 294, loss: 1.1498, accuracy: 0.1530
Saved model to model-checkpoints/pointer_generator/hebrew/low/model_294.pth

Train Epoch: 295 started
Train Epoch: 295, loss: 0.34760
Validation. Epoch: 295, loss: 1.1224, accuracy: 0.1520
Saved model to model-checkpoints/pointer_generator/hebrew/low/model_295.pth

Train Epoch: 296 started
Train Epoch: 296, loss: 0.33201
Validation. Epoch: 296, loss: 1.1094, accuracy: 0.1520
Saved model to model-checkpoints/pointer_generator/hebrew/low/model_296.pth

Train Epoch: 297 started
Train Epoch: 297, loss: 0.34720
Validation. Epoch: 297, loss: 1.1280, accuracy: 0.1490
Saved model to model-checkpoints/pointer_generator/hebrew/low/model_297.pth

Train Epoch: 298 started
Train Epoch: 298, loss: 0.30893
Validation. Epoch: 298, loss: 1.1234, accuracy: 0.1670
Saved model to model-checkpoints/pointer_generator/hebrew/low/model_298.pth

Train Epoch: 299 started
Train Epoch: 299, loss: 0.32291
Validation. Epoch: 299, loss: 1.1265, accuracy: 0.1550
Saved model to model-checkpoints/pointer_generator/hebrew/low/model_299.pth

Train Epoch: 300 started
Train Epoch: 300, loss: 0.34414
Validation. Epoch: 300, loss: 1.1571, accuracy: 0.1540
Saved model to model-checkpoints/pointer_generator/hebrew/low/model_300.pth

Train Epoch: 301 started
Train Epoch: 301, loss: 0.33503
Validation. Epoch: 301, loss: 1.1692, accuracy: 0.1630
Saved model to model-checkpoints/pointer_generator/hebrew/low/model_301.pth

Train Epoch: 302 started
Train Epoch: 302, loss: 0.31252
Validation. Epoch: 302, loss: 1.1609, accuracy: 0.1560
Saved model to model-checkpoints/pointer_generator/hebrew/low/model_302.pth

Train Epoch: 303 started
Train Epoch: 303, loss: 0.29077
Validation. Epoch: 303, loss: 1.1690, accuracy: 0.1510
Saved model to model-checkpoints/pointer_generator/hebrew/low/model_303.pth

Train Epoch: 304 started
Train Epoch: 304, loss: 0.32884
Validation. Epoch: 304, loss: 1.1252, accuracy: 0.1640
Saved model to model-checkpoints/pointer_generator/hebrew/low/model_304.pth

Train Epoch: 305 started
Train Epoch: 305, loss: 0.27144
Validation. Epoch: 305, loss: 1.1147, accuracy: 0.1630
Saved model to model-checkpoints/pointer_generator/hebrew/low/model_305.pth

Train Epoch: 306 started
Train Epoch: 306, loss: 0.32938
Validation. Epoch: 306, loss: 1.1446, accuracy: 0.1660
Saved model to model-checkpoints/pointer_generator/hebrew/low/model_306.pth

Train Epoch: 307 started
Train Epoch: 307, loss: 0.32994
Validation. Epoch: 307, loss: 1.1603, accuracy: 0.1690
Saved model to model-checkpoints/pointer_generator/hebrew/low/model_307.pth

Train Epoch: 308 started
Train Epoch: 308, loss: 0.35569
Validation. Epoch: 308, loss: 1.1340, accuracy: 0.1680
Saved model to model-checkpoints/pointer_generator/hebrew/low/model_308.pth

Train Epoch: 309 started
Train Epoch: 309, loss: 0.29414
Validation. Epoch: 309, loss: 1.1249, accuracy: 0.1730
Saved model to model-checkpoints/pointer_generator/hebrew/low/model_309.pth

Train Epoch: 310 started
Train Epoch: 310, loss: 0.28892
Validation. Epoch: 310, loss: 1.1531, accuracy: 0.1590
Saved model to model-checkpoints/pointer_generator/hebrew/low/model_310.pth

Train Epoch: 311 started
Train Epoch: 311, loss: 0.29114
Validation. Epoch: 311, loss: 1.1634, accuracy: 0.1690
Saved model to model-checkpoints/pointer_generator/hebrew/low/model_311.pth

Train Epoch: 312 started
Train Epoch: 312, loss: 0.31027
Validation. Epoch: 312, loss: 1.1479, accuracy: 0.1710
Saved model to model-checkpoints/pointer_generator/hebrew/low/model_312.pth

Train Epoch: 313 started
Train Epoch: 313, loss: 0.30395
Validation. Epoch: 313, loss: 1.1418, accuracy: 0.1710
Saved model to model-checkpoints/pointer_generator/hebrew/low/model_313.pth

Train Epoch: 314 started
Train Epoch: 314, loss: 0.32344
Validation. Epoch: 314, loss: 1.1522, accuracy: 0.1590
Saved model to model-checkpoints/pointer_generator/hebrew/low/model_314.pth

Train Epoch: 315 started
Train Epoch: 315, loss: 0.29420
Validation. Epoch: 315, loss: 1.1328, accuracy: 0.1640
Saved model to model-checkpoints/pointer_generator/hebrew/low/model_315.pth

Train Epoch: 316 started
Train Epoch: 316, loss: 0.29460
Validation. Epoch: 316, loss: 1.1291, accuracy: 0.1780
Saved model to model-checkpoints/pointer_generator/hebrew/low/model_316.pth

Train Epoch: 317 started
Train Epoch: 317, loss: 0.27414
Validation. Epoch: 317, loss: 1.1383, accuracy: 0.1770
Saved model to model-checkpoints/pointer_generator/hebrew/low/model_317.pth

Train Epoch: 318 started
Train Epoch: 318, loss: 0.27266
Validation. Epoch: 318, loss: 1.1601, accuracy: 0.1670
Saved model to model-checkpoints/pointer_generator/hebrew/low/model_318.pth

Train Epoch: 319 started
Train Epoch: 319, loss: 0.34933
Validation. Epoch: 319, loss: 1.1522, accuracy: 0.1710
Saved model to model-checkpoints/pointer_generator/hebrew/low/model_319.pth

Train Epoch: 320 started
Train Epoch: 320, loss: 0.29579
Validation. Epoch: 320, loss: 1.1470, accuracy: 0.1710
Saved model to model-checkpoints/pointer_generator/hebrew/low/model_320.pth

Train Epoch: 321 started
Train Epoch: 321, loss: 0.30801
Validation. Epoch: 321, loss: 1.1592, accuracy: 0.1730
Saved model to model-checkpoints/pointer_generator/hebrew/low/model_321.pth

Train Epoch: 322 started
Train Epoch: 322, loss: 0.29778
Validation. Epoch: 322, loss: 1.1616, accuracy: 0.1630
Saved model to model-checkpoints/pointer_generator/hebrew/low/model_322.pth

Train Epoch: 323 started
Train Epoch: 323, loss: 0.26230
Validation. Epoch: 323, loss: 1.1363, accuracy: 0.1700
Saved model to model-checkpoints/pointer_generator/hebrew/low/model_323.pth

Train Epoch: 324 started
Train Epoch: 324, loss: 0.29540
Validation. Epoch: 324, loss: 1.1300, accuracy: 0.1740
Saved model to model-checkpoints/pointer_generator/hebrew/low/model_324.pth

Train Epoch: 325 started
Train Epoch: 325, loss: 0.28962
Validation. Epoch: 325, loss: 1.1516, accuracy: 0.1620
Saved model to model-checkpoints/pointer_generator/hebrew/low/model_325.pth

Train Epoch: 326 started
Train Epoch: 326, loss: 0.29396
Validation. Epoch: 326, loss: 1.1981, accuracy: 0.1670
Saved model to model-checkpoints/pointer_generator/hebrew/low/model_326.pth

Train Epoch: 327 started
Train Epoch: 327, loss: 0.32753
Validation. Epoch: 327, loss: 1.1838, accuracy: 0.1660
Saved model to model-checkpoints/pointer_generator/hebrew/low/model_327.pth

Train Epoch: 328 started
Train Epoch: 328, loss: 0.27176
Validation. Epoch: 328, loss: 1.1780, accuracy: 0.1580
Saved model to model-checkpoints/pointer_generator/hebrew/low/model_328.pth

Train Epoch: 329 started
Train Epoch: 329, loss: 0.30751
Validation. Epoch: 329, loss: 1.1517, accuracy: 0.1690
Saved model to model-checkpoints/pointer_generator/hebrew/low/model_329.pth

Train Epoch: 330 started
Train Epoch: 330, loss: 0.30492
Validation. Epoch: 330, loss: 1.2060, accuracy: 0.1610
Saved model to model-checkpoints/pointer_generator/hebrew/low/model_330.pth

Train Epoch: 331 started
Train Epoch: 331, loss: 0.30128
Validation. Epoch: 331, loss: 1.1667, accuracy: 0.1660
Saved model to model-checkpoints/pointer_generator/hebrew/low/model_331.pth

Train Epoch: 332 started
Train Epoch: 332, loss: 0.26661
Validation. Epoch: 332, loss: 1.1719, accuracy: 0.1580
Saved model to model-checkpoints/pointer_generator/hebrew/low/model_332.pth

Train Epoch: 333 started
Train Epoch: 333, loss: 0.30494
Validation. Epoch: 333, loss: 1.2323, accuracy: 0.1520
Saved model to model-checkpoints/pointer_generator/hebrew/low/model_333.pth

Train Epoch: 334 started
Train Epoch: 334, loss: 0.28738
Validation. Epoch: 334, loss: 1.1826, accuracy: 0.1690
Saved model to model-checkpoints/pointer_generator/hebrew/low/model_334.pth

Train Epoch: 335 started
Train Epoch: 335, loss: 0.27794
Validation. Epoch: 335, loss: 1.1661, accuracy: 0.1760
Saved model to model-checkpoints/pointer_generator/hebrew/low/model_335.pth

Train Epoch: 336 started
Train Epoch: 336, loss: 0.26066
Validation. Epoch: 336, loss: 1.1616, accuracy: 0.1680
Saved model to model-checkpoints/pointer_generator/hebrew/low/model_336.pth

Train Epoch: 337 started
Train Epoch: 337, loss: 0.27855
Validation. Epoch: 337, loss: 1.1781, accuracy: 0.1630
Saved model to model-checkpoints/pointer_generator/hebrew/low/model_337.pth

Train Epoch: 338 started
Train Epoch: 338, loss: 0.28593
Validation. Epoch: 338, loss: 1.1679, accuracy: 0.1580
Saved model to model-checkpoints/pointer_generator/hebrew/low/model_338.pth

Train Epoch: 339 started
Train Epoch: 339, loss: 0.28195
Validation. Epoch: 339, loss: 1.1369, accuracy: 0.1750
Saved model to model-checkpoints/pointer_generator/hebrew/low/model_339.pth

Train Epoch: 340 started
Train Epoch: 340, loss: 0.24915
Validation. Epoch: 340, loss: 1.1743, accuracy: 0.1610
Saved model to model-checkpoints/pointer_generator/hebrew/low/model_340.pth

Train Epoch: 341 started
Train Epoch: 341, loss: 0.27888
Validation. Epoch: 341, loss: 1.1629, accuracy: 0.1670
Saved model to model-checkpoints/pointer_generator/hebrew/low/model_341.pth

Train Epoch: 342 started
Train Epoch: 342, loss: 0.25781
Validation. Epoch: 342, loss: 1.1625, accuracy: 0.1730
Saved model to model-checkpoints/pointer_generator/hebrew/low/model_342.pth

Train Epoch: 343 started
Train Epoch: 343, loss: 0.27434
Validation. Epoch: 343, loss: 1.1739, accuracy: 0.1770
Saved model to model-checkpoints/pointer_generator/hebrew/low/model_343.pth

Train Epoch: 344 started
Train Epoch: 344, loss: 0.28027
Validation. Epoch: 344, loss: 1.1825, accuracy: 0.1740
Saved model to model-checkpoints/pointer_generator/hebrew/low/model_344.pth

Train Epoch: 345 started
Train Epoch: 345, loss: 0.27273
Validation. Epoch: 345, loss: 1.1989, accuracy: 0.1720
Saved model to model-checkpoints/pointer_generator/hebrew/low/model_345.pth

Train Epoch: 346 started
Train Epoch: 346, loss: 0.28939
Validation. Epoch: 346, loss: 1.1668, accuracy: 0.1800
Saved model to model-checkpoints/pointer_generator/hebrew/low/model_346.pth

Train Epoch: 347 started
Train Epoch: 347, loss: 0.25870
Validation. Epoch: 347, loss: 1.1459, accuracy: 0.1680
Saved model to model-checkpoints/pointer_generator/hebrew/low/model_347.pth

Train Epoch: 348 started
Train Epoch: 348, loss: 0.23375
Validation. Epoch: 348, loss: 1.1748, accuracy: 0.1740
Saved model to model-checkpoints/pointer_generator/hebrew/low/model_348.pth

Train Epoch: 349 started
Train Epoch: 349, loss: 0.27727
Validation. Epoch: 349, loss: 1.1633, accuracy: 0.1780
Saved model to model-checkpoints/pointer_generator/hebrew/low/model_349.pth

Train Epoch: 350 started
Train Epoch: 350, loss: 0.24051
Validation. Epoch: 350, loss: 1.2010, accuracy: 0.1650
Saved model to model-checkpoints/pointer_generator/hebrew/low/model_350.pth

Train Epoch: 351 started
Train Epoch: 351, loss: 0.22436
Validation. Epoch: 351, loss: 1.2071, accuracy: 0.1790
Saved model to model-checkpoints/pointer_generator/hebrew/low/model_351.pth

Train Epoch: 352 started
Train Epoch: 352, loss: 0.26407
Validation. Epoch: 352, loss: 1.2143, accuracy: 0.1660
Saved model to model-checkpoints/pointer_generator/hebrew/low/model_352.pth

Train Epoch: 353 started
Train Epoch: 353, loss: 0.27761
Validation. Epoch: 353, loss: 1.1465, accuracy: 0.1840
Saved model to model-checkpoints/pointer_generator/hebrew/low/model_353.pth

Train Epoch: 354 started
Train Epoch: 354, loss: 0.27844
Validation. Epoch: 354, loss: 1.1480, accuracy: 0.1820
Saved model to model-checkpoints/pointer_generator/hebrew/low/model_354.pth

Train Epoch: 355 started
Train Epoch: 355, loss: 0.25468
Validation. Epoch: 355, loss: 1.2162, accuracy: 0.1630
Saved model to model-checkpoints/pointer_generator/hebrew/low/model_355.pth

Train Epoch: 356 started
Train Epoch: 356, loss: 0.28757
Validation. Epoch: 356, loss: 1.1843, accuracy: 0.1660
Saved model to model-checkpoints/pointer_generator/hebrew/low/model_356.pth

Train Epoch: 357 started
Train Epoch: 357, loss: 0.26975
Validation. Epoch: 357, loss: 1.1536, accuracy: 0.1810
Saved model to model-checkpoints/pointer_generator/hebrew/low/model_357.pth

Train Epoch: 358 started
Train Epoch: 358, loss: 0.24630
Validation. Epoch: 358, loss: 1.1501, accuracy: 0.1840
Saved model to model-checkpoints/pointer_generator/hebrew/low/model_358.pth

Train Epoch: 359 started
Train Epoch: 359, loss: 0.23706
Validation. Epoch: 359, loss: 1.2274, accuracy: 0.1580
Saved model to model-checkpoints/pointer_generator/hebrew/low/model_359.pth

Train Epoch: 360 started
Train Epoch: 360, loss: 0.27134
Validation. Epoch: 360, loss: 1.1938, accuracy: 0.1720
Saved model to model-checkpoints/pointer_generator/hebrew/low/model_360.pth

Train Epoch: 361 started
Train Epoch: 361, loss: 0.28180
Validation. Epoch: 361, loss: 1.1740, accuracy: 0.1760
Saved model to model-checkpoints/pointer_generator/hebrew/low/model_361.pth

Train Epoch: 362 started
Train Epoch: 362, loss: 0.29981
Validation. Epoch: 362, loss: 1.1673, accuracy: 0.1820
Saved model to model-checkpoints/pointer_generator/hebrew/low/model_362.pth

Train Epoch: 363 started
Train Epoch: 363, loss: 0.26440
Validation. Epoch: 363, loss: 1.2083, accuracy: 0.1730
Saved model to model-checkpoints/pointer_generator/hebrew/low/model_363.pth

Train Epoch: 364 started
Train Epoch: 364, loss: 0.28452
Validation. Epoch: 364, loss: 1.2408, accuracy: 0.1640
Saved model to model-checkpoints/pointer_generator/hebrew/low/model_364.pth

Train Epoch: 365 started
Train Epoch: 365, loss: 0.29967
Validation. Epoch: 365, loss: 1.1703, accuracy: 0.1730
Saved model to model-checkpoints/pointer_generator/hebrew/low/model_365.pth

Train Epoch: 366 started
Train Epoch: 366, loss: 0.26488
Validation. Epoch: 366, loss: 1.1861, accuracy: 0.1610
Saved model to model-checkpoints/pointer_generator/hebrew/low/model_366.pth

Train Epoch: 367 started
Train Epoch: 367, loss: 0.27264
Validation. Epoch: 367, loss: 1.1932, accuracy: 0.1700
Saved model to model-checkpoints/pointer_generator/hebrew/low/model_367.pth

Train Epoch: 368 started
Train Epoch: 368, loss: 0.23626
Validation. Epoch: 368, loss: 1.2226, accuracy: 0.1700
Saved model to model-checkpoints/pointer_generator/hebrew/low/model_368.pth

Train Epoch: 369 started
Train Epoch: 369, loss: 0.25070
Validation. Epoch: 369, loss: 1.2040, accuracy: 0.1740
Saved model to model-checkpoints/pointer_generator/hebrew/low/model_369.pth

Train Epoch: 370 started
Train Epoch: 370, loss: 0.22439
Validation. Epoch: 370, loss: 1.1509, accuracy: 0.1780
Saved model to model-checkpoints/pointer_generator/hebrew/low/model_370.pth

Train Epoch: 371 started
Train Epoch: 371, loss: 0.25477
Validation. Epoch: 371, loss: 1.1384, accuracy: 0.1800
Saved model to model-checkpoints/pointer_generator/hebrew/low/model_371.pth

Train Epoch: 372 started
Train Epoch: 372, loss: 0.23975
Validation. Epoch: 372, loss: 1.1746, accuracy: 0.1740
Saved model to model-checkpoints/pointer_generator/hebrew/low/model_372.pth

Train Epoch: 373 started
Train Epoch: 373, loss: 0.26242
Validation. Epoch: 373, loss: 1.1840, accuracy: 0.1710
Saved model to model-checkpoints/pointer_generator/hebrew/low/model_373.pth

Train Epoch: 374 started
Train Epoch: 374, loss: 0.19990
Validation. Epoch: 374, loss: 1.1680, accuracy: 0.1750
Saved model to model-checkpoints/pointer_generator/hebrew/low/model_374.pth

Train Epoch: 375 started
Train Epoch: 375, loss: 0.23316
Validation. Epoch: 375, loss: 1.1714, accuracy: 0.1780
Saved model to model-checkpoints/pointer_generator/hebrew/low/model_375.pth

Train Epoch: 376 started
Train Epoch: 376, loss: 0.26865
Validation. Epoch: 376, loss: 1.1696, accuracy: 0.1700
Saved model to model-checkpoints/pointer_generator/hebrew/low/model_376.pth

Train Epoch: 377 started
Train Epoch: 377, loss: 0.23938
Validation. Epoch: 377, loss: 1.1678, accuracy: 0.1650
Saved model to model-checkpoints/pointer_generator/hebrew/low/model_377.pth

Train Epoch: 378 started
Train Epoch: 378, loss: 0.26916
Validation. Epoch: 378, loss: 1.1561, accuracy: 0.1760
Saved model to model-checkpoints/pointer_generator/hebrew/low/model_378.pth

Train Epoch: 379 started
Train Epoch: 379, loss: 0.23990
Validation. Epoch: 379, loss: 1.1775, accuracy: 0.1700
Saved model to model-checkpoints/pointer_generator/hebrew/low/model_379.pth

Train Epoch: 380 started
Train Epoch: 380, loss: 0.24704
Validation. Epoch: 380, loss: 1.1760, accuracy: 0.1710
Saved model to model-checkpoints/pointer_generator/hebrew/low/model_380.pth

Train Epoch: 381 started
Train Epoch: 381, loss: 0.22152
Validation. Epoch: 381, loss: 1.1872, accuracy: 0.1730
Saved model to model-checkpoints/pointer_generator/hebrew/low/model_381.pth

Train Epoch: 382 started
Train Epoch: 382, loss: 0.22003
Validation. Epoch: 382, loss: 1.1843, accuracy: 0.1820
Saved model to model-checkpoints/pointer_generator/hebrew/low/model_382.pth

Train Epoch: 383 started
Train Epoch: 383, loss: 0.23498
Validation. Epoch: 383, loss: 1.1782, accuracy: 0.1820
Saved model to model-checkpoints/pointer_generator/hebrew/low/model_383.pth

Train Epoch: 384 started
Train Epoch: 384, loss: 0.23007
Validation. Epoch: 384, loss: 1.1945, accuracy: 0.1770
Saved model to model-checkpoints/pointer_generator/hebrew/low/model_384.pth

Train Epoch: 385 started
Train Epoch: 385, loss: 0.27716
Validation. Epoch: 385, loss: 1.1999, accuracy: 0.1860
Saved model to model-checkpoints/pointer_generator/hebrew/low/model_385.pth

Train Epoch: 386 started
Train Epoch: 386, loss: 0.21763
Validation. Epoch: 386, loss: 1.1984, accuracy: 0.1870
Saved model to model-checkpoints/pointer_generator/hebrew/low/model_386.pth

Train Epoch: 387 started
Train Epoch: 387, loss: 0.22373
Validation. Epoch: 387, loss: 1.1796, accuracy: 0.1830
Saved model to model-checkpoints/pointer_generator/hebrew/low/model_387.pth

Train Epoch: 388 started
Train Epoch: 388, loss: 0.20478
Validation. Epoch: 388, loss: 1.1812, accuracy: 0.1820
Saved model to model-checkpoints/pointer_generator/hebrew/low/model_388.pth

Train Epoch: 389 started
Train Epoch: 389, loss: 0.24767
Validation. Epoch: 389, loss: 1.1861, accuracy: 0.1870
Saved model to model-checkpoints/pointer_generator/hebrew/low/model_389.pth

Train Epoch: 390 started
Train Epoch: 390, loss: 0.21042
Validation. Epoch: 390, loss: 1.2180, accuracy: 0.1740
Saved model to model-checkpoints/pointer_generator/hebrew/low/model_390.pth

Train Epoch: 391 started
Train Epoch: 391, loss: 0.24045
Validation. Epoch: 391, loss: 1.2073, accuracy: 0.1760
Saved model to model-checkpoints/pointer_generator/hebrew/low/model_391.pth

Train Epoch: 392 started
Train Epoch: 392, loss: 0.25045
Validation. Epoch: 392, loss: 1.2008, accuracy: 0.1730
Saved model to model-checkpoints/pointer_generator/hebrew/low/model_392.pth

Train Epoch: 393 started
Train Epoch: 393, loss: 0.25199
Validation. Epoch: 393, loss: 1.1966, accuracy: 0.1730
Saved model to model-checkpoints/pointer_generator/hebrew/low/model_393.pth

Train Epoch: 394 started
Train Epoch: 394, loss: 0.22344
Validation. Epoch: 394, loss: 1.2198, accuracy: 0.1830
Saved model to model-checkpoints/pointer_generator/hebrew/low/model_394.pth

Train Epoch: 395 started
Train Epoch: 395, loss: 0.23497
Validation. Epoch: 395, loss: 1.1782, accuracy: 0.1810
Saved model to model-checkpoints/pointer_generator/hebrew/low/model_395.pth

Train Epoch: 396 started
Train Epoch: 396, loss: 0.22777
Validation. Epoch: 396, loss: 1.2007, accuracy: 0.1800
Saved model to model-checkpoints/pointer_generator/hebrew/low/model_396.pth

Train Epoch: 397 started
Train Epoch: 397, loss: 0.22118
Validation. Epoch: 397, loss: 1.2216, accuracy: 0.1810
Saved model to model-checkpoints/pointer_generator/hebrew/low/model_397.pth

Train Epoch: 398 started
Train Epoch: 398, loss: 0.20574
Validation. Epoch: 398, loss: 1.2559, accuracy: 0.1780
Saved model to model-checkpoints/pointer_generator/hebrew/low/model_398.pth

Train Epoch: 399 started
Train Epoch: 399, loss: 0.21198
Validation. Epoch: 399, loss: 1.2295, accuracy: 0.1880
Saved model to model-checkpoints/pointer_generator/hebrew/low/model_399.pth

Train Epoch: 400 started
Train Epoch: 400, loss: 0.24218
Validation. Epoch: 400, loss: 1.1915, accuracy: 0.1850
Saved model to model-checkpoints/pointer_generator/hebrew/low/model_400.pth

Finished training, best model on validation set:  201
