
Train Epoch: 1 started
Train Epoch: 1, loss: 3.70059
Validation. Epoch: 1, loss: 3.1737, accuracy: 0.0000
Saved model to model-checkpoints/transformer/italian/low/model_1.pth
New best Loss, saved to model-checkpoints/transformer/italian/low/model_best.pth

Train Epoch: 2 started
Train Epoch: 2, loss: 3.21650
Validation. Epoch: 2, loss: 2.9966, accuracy: 0.0000
Saved model to model-checkpoints/transformer/italian/low/model_2.pth
New best Loss, saved to model-checkpoints/transformer/italian/low/model_best.pth

Train Epoch: 3 started
Train Epoch: 3, loss: 3.15048
Validation. Epoch: 3, loss: 2.9738, accuracy: 0.0000
Saved model to model-checkpoints/transformer/italian/low/model_3.pth
New best Loss, saved to model-checkpoints/transformer/italian/low/model_best.pth

Train Epoch: 4 started
Train Epoch: 4, loss: 3.08574
Validation. Epoch: 4, loss: 2.9276, accuracy: 0.0000
Saved model to model-checkpoints/transformer/italian/low/model_4.pth
New best Loss, saved to model-checkpoints/transformer/italian/low/model_best.pth

Train Epoch: 5 started
Train Epoch: 5, loss: 3.04706
Validation. Epoch: 5, loss: 2.9235, accuracy: 0.0000
Saved model to model-checkpoints/transformer/italian/low/model_5.pth
New best Loss, saved to model-checkpoints/transformer/italian/low/model_best.pth

Train Epoch: 6 started
Train Epoch: 6, loss: 3.03003
Validation. Epoch: 6, loss: 2.9168, accuracy: 0.0000
Saved model to model-checkpoints/transformer/italian/low/model_6.pth
New best Loss, saved to model-checkpoints/transformer/italian/low/model_best.pth

Train Epoch: 7 started
Train Epoch: 7, loss: 3.03161
Validation. Epoch: 7, loss: 2.8990, accuracy: 0.0000
Saved model to model-checkpoints/transformer/italian/low/model_7.pth
New best Loss, saved to model-checkpoints/transformer/italian/low/model_best.pth

Train Epoch: 8 started
Train Epoch: 8, loss: 3.01445
Validation. Epoch: 8, loss: 2.8849, accuracy: 0.0000
Saved model to model-checkpoints/transformer/italian/low/model_8.pth
New best Loss, saved to model-checkpoints/transformer/italian/low/model_best.pth

Train Epoch: 9 started
Train Epoch: 9, loss: 2.97020
Validation. Epoch: 9, loss: 2.8755, accuracy: 0.0000
Saved model to model-checkpoints/transformer/italian/low/model_9.pth
New best Loss, saved to model-checkpoints/transformer/italian/low/model_best.pth

Train Epoch: 10 started
Train Epoch: 10, loss: 2.94976
Validation. Epoch: 10, loss: 2.8725, accuracy: 0.0000
Saved model to model-checkpoints/transformer/italian/low/model_10.pth
New best Loss, saved to model-checkpoints/transformer/italian/low/model_best.pth

Train Epoch: 11 started
Train Epoch: 11, loss: 2.96258
Validation. Epoch: 11, loss: 2.8675, accuracy: 0.0000
Saved model to model-checkpoints/transformer/italian/low/model_11.pth
New best Loss, saved to model-checkpoints/transformer/italian/low/model_best.pth

Train Epoch: 12 started
Train Epoch: 12, loss: 2.94170
Validation. Epoch: 12, loss: 2.8656, accuracy: 0.0000
Saved model to model-checkpoints/transformer/italian/low/model_12.pth
New best Loss, saved to model-checkpoints/transformer/italian/low/model_best.pth

Train Epoch: 13 started
Train Epoch: 13, loss: 2.95964
Validation. Epoch: 13, loss: 2.8663, accuracy: 0.0000
Saved model to model-checkpoints/transformer/italian/low/model_13.pth

Train Epoch: 14 started
Train Epoch: 14, loss: 2.93777
Validation. Epoch: 14, loss: 2.8607, accuracy: 0.0000
Saved model to model-checkpoints/transformer/italian/low/model_14.pth
New best Loss, saved to model-checkpoints/transformer/italian/low/model_best.pth

Train Epoch: 15 started
Train Epoch: 15, loss: 2.91688
Validation. Epoch: 15, loss: 2.8520, accuracy: 0.0000
Saved model to model-checkpoints/transformer/italian/low/model_15.pth
New best Loss, saved to model-checkpoints/transformer/italian/low/model_best.pth

Train Epoch: 16 started
Train Epoch: 16, loss: 2.90644
Validation. Epoch: 16, loss: 2.8458, accuracy: 0.0000
Saved model to model-checkpoints/transformer/italian/low/model_16.pth
New best Loss, saved to model-checkpoints/transformer/italian/low/model_best.pth

Train Epoch: 17 started
Train Epoch: 17, loss: 2.90941
Validation. Epoch: 17, loss: 2.8358, accuracy: 0.0000
Saved model to model-checkpoints/transformer/italian/low/model_17.pth
New best Loss, saved to model-checkpoints/transformer/italian/low/model_best.pth

Train Epoch: 18 started
Train Epoch: 18, loss: 2.86422
Validation. Epoch: 18, loss: 2.8287, accuracy: 0.0000
Saved model to model-checkpoints/transformer/italian/low/model_18.pth
New best Loss, saved to model-checkpoints/transformer/italian/low/model_best.pth

Train Epoch: 19 started
Train Epoch: 19, loss: 2.90541
Validation. Epoch: 19, loss: 2.8233, accuracy: 0.0000
Saved model to model-checkpoints/transformer/italian/low/model_19.pth
New best Loss, saved to model-checkpoints/transformer/italian/low/model_best.pth

Train Epoch: 20 started
Train Epoch: 20, loss: 2.88033
Validation. Epoch: 20, loss: 2.8109, accuracy: 0.0000
Saved model to model-checkpoints/transformer/italian/low/model_20.pth
New best Loss, saved to model-checkpoints/transformer/italian/low/model_best.pth

Train Epoch: 21 started
Train Epoch: 21, loss: 2.84942
Validation. Epoch: 21, loss: 2.8023, accuracy: 0.0000
Saved model to model-checkpoints/transformer/italian/low/model_21.pth
New best Loss, saved to model-checkpoints/transformer/italian/low/model_best.pth

Train Epoch: 22 started
Train Epoch: 22, loss: 2.85312
Validation. Epoch: 22, loss: 2.7899, accuracy: 0.0000
Saved model to model-checkpoints/transformer/italian/low/model_22.pth
New best Loss, saved to model-checkpoints/transformer/italian/low/model_best.pth

Train Epoch: 23 started
Train Epoch: 23, loss: 2.85238
Validation. Epoch: 23, loss: 2.7770, accuracy: 0.0000
Saved model to model-checkpoints/transformer/italian/low/model_23.pth
New best Loss, saved to model-checkpoints/transformer/italian/low/model_best.pth

Train Epoch: 24 started
Train Epoch: 24, loss: 2.82993
Validation. Epoch: 24, loss: 2.7694, accuracy: 0.0000
Saved model to model-checkpoints/transformer/italian/low/model_24.pth
New best Loss, saved to model-checkpoints/transformer/italian/low/model_best.pth

Train Epoch: 25 started
Train Epoch: 25, loss: 2.81574
Validation. Epoch: 25, loss: 2.7646, accuracy: 0.0000
Saved model to model-checkpoints/transformer/italian/low/model_25.pth
New best Loss, saved to model-checkpoints/transformer/italian/low/model_best.pth

Train Epoch: 26 started
Train Epoch: 26, loss: 2.81846
Validation. Epoch: 26, loss: 2.7610, accuracy: 0.0000
Saved model to model-checkpoints/transformer/italian/low/model_26.pth
New best Loss, saved to model-checkpoints/transformer/italian/low/model_best.pth

Train Epoch: 27 started
Train Epoch: 27, loss: 2.81035
Validation. Epoch: 27, loss: 2.7569, accuracy: 0.0000
Saved model to model-checkpoints/transformer/italian/low/model_27.pth
New best Loss, saved to model-checkpoints/transformer/italian/low/model_best.pth

Train Epoch: 28 started
Train Epoch: 28, loss: 2.77853
Validation. Epoch: 28, loss: 2.7513, accuracy: 0.0000
Saved model to model-checkpoints/transformer/italian/low/model_28.pth
New best Loss, saved to model-checkpoints/transformer/italian/low/model_best.pth

Train Epoch: 29 started
Train Epoch: 29, loss: 2.76880
Validation. Epoch: 29, loss: 2.7453, accuracy: 0.0000
Saved model to model-checkpoints/transformer/italian/low/model_29.pth
New best Loss, saved to model-checkpoints/transformer/italian/low/model_best.pth

Train Epoch: 30 started
Train Epoch: 30, loss: 2.78214
Validation. Epoch: 30, loss: 2.7355, accuracy: 0.0000
Saved model to model-checkpoints/transformer/italian/low/model_30.pth
New best Loss, saved to model-checkpoints/transformer/italian/low/model_best.pth

Train Epoch: 31 started
Train Epoch: 31, loss: 2.76867
Validation. Epoch: 31, loss: 2.7221, accuracy: 0.0000
Saved model to model-checkpoints/transformer/italian/low/model_31.pth
New best Loss, saved to model-checkpoints/transformer/italian/low/model_best.pth

Train Epoch: 32 started
Train Epoch: 32, loss: 2.77922
Validation. Epoch: 32, loss: 2.7168, accuracy: 0.0000
Saved model to model-checkpoints/transformer/italian/low/model_32.pth
New best Loss, saved to model-checkpoints/transformer/italian/low/model_best.pth

Train Epoch: 33 started
Train Epoch: 33, loss: 2.72569
Validation. Epoch: 33, loss: 2.7156, accuracy: 0.0000
Saved model to model-checkpoints/transformer/italian/low/model_33.pth
New best Loss, saved to model-checkpoints/transformer/italian/low/model_best.pth

Train Epoch: 34 started
Train Epoch: 34, loss: 2.74104
Validation. Epoch: 34, loss: 2.7102, accuracy: 0.0000
Saved model to model-checkpoints/transformer/italian/low/model_34.pth
New best Loss, saved to model-checkpoints/transformer/italian/low/model_best.pth

Train Epoch: 35 started
Train Epoch: 35, loss: 2.74743
Validation. Epoch: 35, loss: 2.7036, accuracy: 0.0000
Saved model to model-checkpoints/transformer/italian/low/model_35.pth
New best Loss, saved to model-checkpoints/transformer/italian/low/model_best.pth

Train Epoch: 36 started
Train Epoch: 36, loss: 2.71893
Validation. Epoch: 36, loss: 2.6998, accuracy: 0.0000
Saved model to model-checkpoints/transformer/italian/low/model_36.pth
New best Loss, saved to model-checkpoints/transformer/italian/low/model_best.pth

Train Epoch: 37 started
Train Epoch: 37, loss: 2.71180
Validation. Epoch: 37, loss: 2.6941, accuracy: 0.0000
Saved model to model-checkpoints/transformer/italian/low/model_37.pth
New best Loss, saved to model-checkpoints/transformer/italian/low/model_best.pth

Train Epoch: 38 started
Train Epoch: 38, loss: 2.71907
Validation. Epoch: 38, loss: 2.6982, accuracy: 0.0000
Saved model to model-checkpoints/transformer/italian/low/model_38.pth

Train Epoch: 39 started
Train Epoch: 39, loss: 2.69117
Validation. Epoch: 39, loss: 2.6946, accuracy: 0.0000
Saved model to model-checkpoints/transformer/italian/low/model_39.pth

Train Epoch: 40 started
Train Epoch: 40, loss: 2.71494
Validation. Epoch: 40, loss: 2.6845, accuracy: 0.0000
Saved model to model-checkpoints/transformer/italian/low/model_40.pth
New best Loss, saved to model-checkpoints/transformer/italian/low/model_best.pth

Train Epoch: 41 started
Train Epoch: 41, loss: 2.67474
Validation. Epoch: 41, loss: 2.6830, accuracy: 0.0000
Saved model to model-checkpoints/transformer/italian/low/model_41.pth
New best Loss, saved to model-checkpoints/transformer/italian/low/model_best.pth

Train Epoch: 42 started
Train Epoch: 42, loss: 2.66880
Validation. Epoch: 42, loss: 2.6592, accuracy: 0.0000
Saved model to model-checkpoints/transformer/italian/low/model_42.pth
New best Loss, saved to model-checkpoints/transformer/italian/low/model_best.pth

Train Epoch: 43 started
Train Epoch: 43, loss: 2.65595
Validation. Epoch: 43, loss: 2.6563, accuracy: 0.0000
Saved model to model-checkpoints/transformer/italian/low/model_43.pth
New best Loss, saved to model-checkpoints/transformer/italian/low/model_best.pth

Train Epoch: 44 started
Train Epoch: 44, loss: 2.66710
Validation. Epoch: 44, loss: 2.6649, accuracy: 0.0000
Saved model to model-checkpoints/transformer/italian/low/model_44.pth

Train Epoch: 45 started
Train Epoch: 45, loss: 2.63103
Validation. Epoch: 45, loss: 2.6453, accuracy: 0.0000
Saved model to model-checkpoints/transformer/italian/low/model_45.pth
New best Loss, saved to model-checkpoints/transformer/italian/low/model_best.pth

Train Epoch: 46 started
Train Epoch: 46, loss: 2.65052
Validation. Epoch: 46, loss: 2.6370, accuracy: 0.0000
Saved model to model-checkpoints/transformer/italian/low/model_46.pth
New best Loss, saved to model-checkpoints/transformer/italian/low/model_best.pth

Train Epoch: 47 started
Train Epoch: 47, loss: 2.66263
Validation. Epoch: 47, loss: 2.6320, accuracy: 0.0000
Saved model to model-checkpoints/transformer/italian/low/model_47.pth
New best Loss, saved to model-checkpoints/transformer/italian/low/model_best.pth

Train Epoch: 48 started
Train Epoch: 48, loss: 2.60818
Validation. Epoch: 48, loss: 2.6082, accuracy: 0.0000
Saved model to model-checkpoints/transformer/italian/low/model_48.pth
New best Loss, saved to model-checkpoints/transformer/italian/low/model_best.pth

Train Epoch: 49 started
Train Epoch: 49, loss: 2.60339
Validation. Epoch: 49, loss: 2.6260, accuracy: 0.0000
Saved model to model-checkpoints/transformer/italian/low/model_49.pth

Train Epoch: 50 started
Train Epoch: 50, loss: 2.59089
Validation. Epoch: 50, loss: 2.5918, accuracy: 0.0000
Saved model to model-checkpoints/transformer/italian/low/model_50.pth
New best Loss, saved to model-checkpoints/transformer/italian/low/model_best.pth

Train Epoch: 51 started
Train Epoch: 51, loss: 2.54486
Validation. Epoch: 51, loss: 2.5921, accuracy: 0.0000
Saved model to model-checkpoints/transformer/italian/low/model_51.pth

Train Epoch: 52 started
Train Epoch: 52, loss: 2.57925
Validation. Epoch: 52, loss: 2.5882, accuracy: 0.0000
Saved model to model-checkpoints/transformer/italian/low/model_52.pth
New best Loss, saved to model-checkpoints/transformer/italian/low/model_best.pth

Train Epoch: 53 started
Train Epoch: 53, loss: 2.55097
Validation. Epoch: 53, loss: 2.5509, accuracy: 0.0000
Saved model to model-checkpoints/transformer/italian/low/model_53.pth
New best Loss, saved to model-checkpoints/transformer/italian/low/model_best.pth

Train Epoch: 54 started
Train Epoch: 54, loss: 2.55795
Validation. Epoch: 54, loss: 2.5432, accuracy: 0.0000
Saved model to model-checkpoints/transformer/italian/low/model_54.pth
New best Loss, saved to model-checkpoints/transformer/italian/low/model_best.pth

Train Epoch: 55 started
Train Epoch: 55, loss: 2.52885
Validation. Epoch: 55, loss: 2.5527, accuracy: 0.0000
Saved model to model-checkpoints/transformer/italian/low/model_55.pth

Train Epoch: 56 started
Train Epoch: 56, loss: 2.51098
Validation. Epoch: 56, loss: 2.5605, accuracy: 0.0000
Saved model to model-checkpoints/transformer/italian/low/model_56.pth

Train Epoch: 57 started
Train Epoch: 57, loss: 2.51259
Validation. Epoch: 57, loss: 2.5494, accuracy: 0.0000
Saved model to model-checkpoints/transformer/italian/low/model_57.pth

Train Epoch: 58 started
Train Epoch: 58, loss: 2.48913
Validation. Epoch: 58, loss: 2.5402, accuracy: 0.0000
Saved model to model-checkpoints/transformer/italian/low/model_58.pth
New best Loss, saved to model-checkpoints/transformer/italian/low/model_best.pth

Train Epoch: 59 started
Train Epoch: 59, loss: 2.49773
Validation. Epoch: 59, loss: 2.5264, accuracy: 0.0000
Saved model to model-checkpoints/transformer/italian/low/model_59.pth
New best Loss, saved to model-checkpoints/transformer/italian/low/model_best.pth

Train Epoch: 60 started
Train Epoch: 60, loss: 2.43016
Validation. Epoch: 60, loss: 2.4925, accuracy: 0.0000
Saved model to model-checkpoints/transformer/italian/low/model_60.pth
New best Loss, saved to model-checkpoints/transformer/italian/low/model_best.pth

Train Epoch: 61 started
Train Epoch: 61, loss: 2.46470
Validation. Epoch: 61, loss: 2.4954, accuracy: 0.0000
Saved model to model-checkpoints/transformer/italian/low/model_61.pth

Train Epoch: 62 started
Train Epoch: 62, loss: 2.43071
Validation. Epoch: 62, loss: 2.4672, accuracy: 0.0000
Saved model to model-checkpoints/transformer/italian/low/model_62.pth
New best Loss, saved to model-checkpoints/transformer/italian/low/model_best.pth

Train Epoch: 63 started
Train Epoch: 63, loss: 2.42437
Validation. Epoch: 63, loss: 2.4427, accuracy: 0.0000
Saved model to model-checkpoints/transformer/italian/low/model_63.pth
New best Loss, saved to model-checkpoints/transformer/italian/low/model_best.pth

Train Epoch: 64 started
Train Epoch: 64, loss: 2.40522
Validation. Epoch: 64, loss: 2.4554, accuracy: 0.0000
Saved model to model-checkpoints/transformer/italian/low/model_64.pth

Train Epoch: 65 started
Train Epoch: 65, loss: 2.39022
Validation. Epoch: 65, loss: 2.4255, accuracy: 0.0000
Saved model to model-checkpoints/transformer/italian/low/model_65.pth
New best Loss, saved to model-checkpoints/transformer/italian/low/model_best.pth

Train Epoch: 66 started
Train Epoch: 66, loss: 2.35753
Validation. Epoch: 66, loss: 2.4595, accuracy: 0.0000
Saved model to model-checkpoints/transformer/italian/low/model_66.pth

Train Epoch: 67 started
Train Epoch: 67, loss: 2.36949
Validation. Epoch: 67, loss: 2.4274, accuracy: 0.0000
Saved model to model-checkpoints/transformer/italian/low/model_67.pth

Train Epoch: 68 started
Train Epoch: 68, loss: 2.39018
Validation. Epoch: 68, loss: 2.4511, accuracy: 0.0000
Saved model to model-checkpoints/transformer/italian/low/model_68.pth

Train Epoch: 69 started
Train Epoch: 69, loss: 2.32019
Validation. Epoch: 69, loss: 2.3936, accuracy: 0.0000
Saved model to model-checkpoints/transformer/italian/low/model_69.pth
New best Loss, saved to model-checkpoints/transformer/italian/low/model_best.pth

Train Epoch: 70 started
Train Epoch: 70, loss: 2.31899
Validation. Epoch: 70, loss: 2.3843, accuracy: 0.0000
Saved model to model-checkpoints/transformer/italian/low/model_70.pth
New best Loss, saved to model-checkpoints/transformer/italian/low/model_best.pth

Train Epoch: 71 started
Train Epoch: 71, loss: 2.31421
Validation. Epoch: 71, loss: 2.4192, accuracy: 0.0000
Saved model to model-checkpoints/transformer/italian/low/model_71.pth

Train Epoch: 72 started
Train Epoch: 72, loss: 2.28068
Validation. Epoch: 72, loss: 2.3473, accuracy: 0.0000
Saved model to model-checkpoints/transformer/italian/low/model_72.pth
New best Loss, saved to model-checkpoints/transformer/italian/low/model_best.pth

Train Epoch: 73 started
Train Epoch: 73, loss: 2.27855
Validation. Epoch: 73, loss: 2.3470, accuracy: 0.0000
Saved model to model-checkpoints/transformer/italian/low/model_73.pth
New best Loss, saved to model-checkpoints/transformer/italian/low/model_best.pth

Train Epoch: 74 started
Train Epoch: 74, loss: 2.26874
Validation. Epoch: 74, loss: 2.3656, accuracy: 0.0000
Saved model to model-checkpoints/transformer/italian/low/model_74.pth

Train Epoch: 75 started
Train Epoch: 75, loss: 2.24121
Validation. Epoch: 75, loss: 2.3302, accuracy: 0.0000
Saved model to model-checkpoints/transformer/italian/low/model_75.pth
New best Loss, saved to model-checkpoints/transformer/italian/low/model_best.pth

Train Epoch: 76 started
Train Epoch: 76, loss: 2.21254
Validation. Epoch: 76, loss: 2.3283, accuracy: 0.0000
Saved model to model-checkpoints/transformer/italian/low/model_76.pth
New best Loss, saved to model-checkpoints/transformer/italian/low/model_best.pth

Train Epoch: 77 started
Train Epoch: 77, loss: 2.21613
Validation. Epoch: 77, loss: 2.3164, accuracy: 0.0000
Saved model to model-checkpoints/transformer/italian/low/model_77.pth
New best Loss, saved to model-checkpoints/transformer/italian/low/model_best.pth

Train Epoch: 78 started
Train Epoch: 78, loss: 2.19736
Validation. Epoch: 78, loss: 2.2851, accuracy: 0.0000
Saved model to model-checkpoints/transformer/italian/low/model_78.pth
New best Loss, saved to model-checkpoints/transformer/italian/low/model_best.pth

Train Epoch: 79 started
Train Epoch: 79, loss: 2.16745
Validation. Epoch: 79, loss: 2.3139, accuracy: 0.0000
Saved model to model-checkpoints/transformer/italian/low/model_79.pth

Train Epoch: 80 started
Train Epoch: 80, loss: 2.17277
Validation. Epoch: 80, loss: 2.2921, accuracy: 0.0000
Saved model to model-checkpoints/transformer/italian/low/model_80.pth

Train Epoch: 81 started
Train Epoch: 81, loss: 2.19152
Validation. Epoch: 81, loss: 2.2443, accuracy: 0.0000
Saved model to model-checkpoints/transformer/italian/low/model_81.pth
New best Loss, saved to model-checkpoints/transformer/italian/low/model_best.pth

Train Epoch: 82 started
Train Epoch: 82, loss: 2.15647
Validation. Epoch: 82, loss: 2.2700, accuracy: 0.0000
Saved model to model-checkpoints/transformer/italian/low/model_82.pth

Train Epoch: 83 started
Train Epoch: 83, loss: 2.16040
Validation. Epoch: 83, loss: 2.2843, accuracy: 0.0000
Saved model to model-checkpoints/transformer/italian/low/model_83.pth

Train Epoch: 84 started
Train Epoch: 84, loss: 2.12451
Validation. Epoch: 84, loss: 2.2379, accuracy: 0.0000
Saved model to model-checkpoints/transformer/italian/low/model_84.pth
New best Loss, saved to model-checkpoints/transformer/italian/low/model_best.pth

Train Epoch: 85 started
Train Epoch: 85, loss: 2.09328
Validation. Epoch: 85, loss: 2.2744, accuracy: 0.0000
Saved model to model-checkpoints/transformer/italian/low/model_85.pth

Train Epoch: 86 started
Train Epoch: 86, loss: 2.10780
Validation. Epoch: 86, loss: 2.2546, accuracy: 0.0000
Saved model to model-checkpoints/transformer/italian/low/model_86.pth

Train Epoch: 87 started
Train Epoch: 87, loss: 2.09076
Validation. Epoch: 87, loss: 2.2309, accuracy: 0.0000
Saved model to model-checkpoints/transformer/italian/low/model_87.pth
New best Loss, saved to model-checkpoints/transformer/italian/low/model_best.pth

Train Epoch: 88 started
Train Epoch: 88, loss: 2.04716
Validation. Epoch: 88, loss: 2.2625, accuracy: 0.0000
Saved model to model-checkpoints/transformer/italian/low/model_88.pth

Train Epoch: 89 started
Train Epoch: 89, loss: 2.04120
Validation. Epoch: 89, loss: 2.2204, accuracy: 0.0000
Saved model to model-checkpoints/transformer/italian/low/model_89.pth
New best Loss, saved to model-checkpoints/transformer/italian/low/model_best.pth

Train Epoch: 90 started
Train Epoch: 90, loss: 2.05663
Validation. Epoch: 90, loss: 2.2317, accuracy: 0.0000
Saved model to model-checkpoints/transformer/italian/low/model_90.pth

Train Epoch: 91 started
Train Epoch: 91, loss: 2.03709
Validation. Epoch: 91, loss: 2.2417, accuracy: 0.0000
Saved model to model-checkpoints/transformer/italian/low/model_91.pth

Train Epoch: 92 started
Train Epoch: 92, loss: 2.02315
Validation. Epoch: 92, loss: 2.2213, accuracy: 0.0000
Saved model to model-checkpoints/transformer/italian/low/model_92.pth

Train Epoch: 93 started
Train Epoch: 93, loss: 2.04779
Validation. Epoch: 93, loss: 2.1809, accuracy: 0.0000
Saved model to model-checkpoints/transformer/italian/low/model_93.pth
New best Loss, saved to model-checkpoints/transformer/italian/low/model_best.pth

Train Epoch: 94 started
Train Epoch: 94, loss: 1.97042
Validation. Epoch: 94, loss: 2.1993, accuracy: 0.0000
Saved model to model-checkpoints/transformer/italian/low/model_94.pth

Train Epoch: 95 started
Train Epoch: 95, loss: 2.00260
Validation. Epoch: 95, loss: 2.1827, accuracy: 0.0000
Saved model to model-checkpoints/transformer/italian/low/model_95.pth

Train Epoch: 96 started
Train Epoch: 96, loss: 1.98853
Validation. Epoch: 96, loss: 2.1857, accuracy: 0.0000
Saved model to model-checkpoints/transformer/italian/low/model_96.pth

Train Epoch: 97 started
Train Epoch: 97, loss: 1.94218
Validation. Epoch: 97, loss: 2.1675, accuracy: 0.0000
Saved model to model-checkpoints/transformer/italian/low/model_97.pth
New best Loss, saved to model-checkpoints/transformer/italian/low/model_best.pth

Train Epoch: 98 started
Train Epoch: 98, loss: 1.95744
Validation. Epoch: 98, loss: 2.1824, accuracy: 0.0000
Saved model to model-checkpoints/transformer/italian/low/model_98.pth

Train Epoch: 99 started
Train Epoch: 99, loss: 1.96232
Validation. Epoch: 99, loss: 2.1533, accuracy: 0.0000
Saved model to model-checkpoints/transformer/italian/low/model_99.pth
New best Loss, saved to model-checkpoints/transformer/italian/low/model_best.pth

Train Epoch: 100 started
Train Epoch: 100, loss: 1.94603
Validation. Epoch: 100, loss: 2.1359, accuracy: 0.0000
Saved model to model-checkpoints/transformer/italian/low/model_100.pth
New best Loss, saved to model-checkpoints/transformer/italian/low/model_best.pth

Train Epoch: 101 started
Train Epoch: 101, loss: 1.94431
Validation. Epoch: 101, loss: 2.1516, accuracy: 0.0000
Saved model to model-checkpoints/transformer/italian/low/model_101.pth

Train Epoch: 102 started
Train Epoch: 102, loss: 1.91135
Validation. Epoch: 102, loss: 2.1920, accuracy: 0.0000
Saved model to model-checkpoints/transformer/italian/low/model_102.pth

Train Epoch: 103 started
Train Epoch: 103, loss: 1.96686
Validation. Epoch: 103, loss: 2.1109, accuracy: 0.0000
Saved model to model-checkpoints/transformer/italian/low/model_103.pth
New best Loss, saved to model-checkpoints/transformer/italian/low/model_best.pth

Train Epoch: 104 started
Train Epoch: 104, loss: 1.90820
Validation. Epoch: 104, loss: 2.1004, accuracy: 0.0000
Saved model to model-checkpoints/transformer/italian/low/model_104.pth
New best Loss, saved to model-checkpoints/transformer/italian/low/model_best.pth

Train Epoch: 105 started
Train Epoch: 105, loss: 1.90396
Validation. Epoch: 105, loss: 2.1523, accuracy: 0.0000
Saved model to model-checkpoints/transformer/italian/low/model_105.pth

Train Epoch: 106 started
Train Epoch: 106, loss: 1.86889
Validation. Epoch: 106, loss: 2.1447, accuracy: 0.0000
Saved model to model-checkpoints/transformer/italian/low/model_106.pth

Train Epoch: 107 started
Train Epoch: 107, loss: 1.89044
Validation. Epoch: 107, loss: 2.0658, accuracy: 0.0000
Saved model to model-checkpoints/transformer/italian/low/model_107.pth
New best Loss, saved to model-checkpoints/transformer/italian/low/model_best.pth

Train Epoch: 108 started
Train Epoch: 108, loss: 1.86617
Validation. Epoch: 108, loss: 2.0724, accuracy: 0.0000
Saved model to model-checkpoints/transformer/italian/low/model_108.pth

Train Epoch: 109 started
Train Epoch: 109, loss: 1.81188
Validation. Epoch: 109, loss: 2.1045, accuracy: 0.0000
Saved model to model-checkpoints/transformer/italian/low/model_109.pth

Train Epoch: 110 started
Train Epoch: 110, loss: 1.79198
Validation. Epoch: 110, loss: 2.0897, accuracy: 0.0000
Saved model to model-checkpoints/transformer/italian/low/model_110.pth

Train Epoch: 111 started
Train Epoch: 111, loss: 1.83196
Validation. Epoch: 111, loss: 2.0470, accuracy: 0.0000
Saved model to model-checkpoints/transformer/italian/low/model_111.pth
New best Loss, saved to model-checkpoints/transformer/italian/low/model_best.pth

Train Epoch: 112 started
Train Epoch: 112, loss: 1.78191
Validation. Epoch: 112, loss: 2.0477, accuracy: 0.0000
Saved model to model-checkpoints/transformer/italian/low/model_112.pth

Train Epoch: 113 started
Train Epoch: 113, loss: 1.78333
Validation. Epoch: 113, loss: 2.0503, accuracy: 0.0000
Saved model to model-checkpoints/transformer/italian/low/model_113.pth

Train Epoch: 114 started
Train Epoch: 114, loss: 1.77541
Validation. Epoch: 114, loss: 2.0774, accuracy: 0.0000
Saved model to model-checkpoints/transformer/italian/low/model_114.pth

Train Epoch: 115 started
Train Epoch: 115, loss: 1.80085
Validation. Epoch: 115, loss: 2.0459, accuracy: 0.0000
Saved model to model-checkpoints/transformer/italian/low/model_115.pth
New best Loss, saved to model-checkpoints/transformer/italian/low/model_best.pth

Train Epoch: 116 started
Train Epoch: 116, loss: 1.80399
Validation. Epoch: 116, loss: 2.0218, accuracy: 0.0000
Saved model to model-checkpoints/transformer/italian/low/model_116.pth
New best Loss, saved to model-checkpoints/transformer/italian/low/model_best.pth

Train Epoch: 117 started
Train Epoch: 117, loss: 1.77432
Validation. Epoch: 117, loss: 2.0323, accuracy: 0.0000
Saved model to model-checkpoints/transformer/italian/low/model_117.pth

Train Epoch: 118 started
Train Epoch: 118, loss: 1.79502
Validation. Epoch: 118, loss: 2.0627, accuracy: 0.0000
Saved model to model-checkpoints/transformer/italian/low/model_118.pth

Train Epoch: 119 started
Train Epoch: 119, loss: 1.72626
Validation. Epoch: 119, loss: 2.0403, accuracy: 0.0000
Saved model to model-checkpoints/transformer/italian/low/model_119.pth

Train Epoch: 120 started
Train Epoch: 120, loss: 1.73290
Validation. Epoch: 120, loss: 2.0042, accuracy: 0.0000
Saved model to model-checkpoints/transformer/italian/low/model_120.pth
New best Loss, saved to model-checkpoints/transformer/italian/low/model_best.pth

Train Epoch: 121 started
Train Epoch: 121, loss: 1.75279
Validation. Epoch: 121, loss: 1.9904, accuracy: 0.0000
Saved model to model-checkpoints/transformer/italian/low/model_121.pth
New best Loss, saved to model-checkpoints/transformer/italian/low/model_best.pth

Train Epoch: 122 started
Train Epoch: 122, loss: 1.70244
Validation. Epoch: 122, loss: 2.0380, accuracy: 0.0000
Saved model to model-checkpoints/transformer/italian/low/model_122.pth

Train Epoch: 123 started
Train Epoch: 123, loss: 1.71577
Validation. Epoch: 123, loss: 1.9999, accuracy: 0.0000
Saved model to model-checkpoints/transformer/italian/low/model_123.pth

Train Epoch: 124 started
Train Epoch: 124, loss: 1.69151
Validation. Epoch: 124, loss: 1.9953, accuracy: 0.0000
Saved model to model-checkpoints/transformer/italian/low/model_124.pth

Train Epoch: 125 started
Train Epoch: 125, loss: 1.71868
Validation. Epoch: 125, loss: 1.9878, accuracy: 0.0000
Saved model to model-checkpoints/transformer/italian/low/model_125.pth
New best Loss, saved to model-checkpoints/transformer/italian/low/model_best.pth

Train Epoch: 126 started
Train Epoch: 126, loss: 1.71333
Validation. Epoch: 126, loss: 1.9943, accuracy: 0.0000
Saved model to model-checkpoints/transformer/italian/low/model_126.pth

Train Epoch: 127 started
Train Epoch: 127, loss: 1.67945
Validation. Epoch: 127, loss: 1.9754, accuracy: 0.0000
Saved model to model-checkpoints/transformer/italian/low/model_127.pth
New best Loss, saved to model-checkpoints/transformer/italian/low/model_best.pth

Train Epoch: 128 started
Train Epoch: 128, loss: 1.64322
Validation. Epoch: 128, loss: 1.9663, accuracy: 0.0000
Saved model to model-checkpoints/transformer/italian/low/model_128.pth
New best Loss, saved to model-checkpoints/transformer/italian/low/model_best.pth

Train Epoch: 129 started
Train Epoch: 129, loss: 1.64814
Validation. Epoch: 129, loss: 1.9269, accuracy: 0.0000
Saved model to model-checkpoints/transformer/italian/low/model_129.pth
New best Loss, saved to model-checkpoints/transformer/italian/low/model_best.pth

Train Epoch: 130 started
Train Epoch: 130, loss: 1.64501
Validation. Epoch: 130, loss: 1.9437, accuracy: 0.0000
Saved model to model-checkpoints/transformer/italian/low/model_130.pth

Train Epoch: 131 started
Train Epoch: 131, loss: 1.62230
Validation. Epoch: 131, loss: 1.9600, accuracy: 0.0000
Saved model to model-checkpoints/transformer/italian/low/model_131.pth

Train Epoch: 132 started
Train Epoch: 132, loss: 1.61587
Validation. Epoch: 132, loss: 1.9286, accuracy: 0.0000
Saved model to model-checkpoints/transformer/italian/low/model_132.pth

Train Epoch: 133 started
Train Epoch: 133, loss: 1.60553
Validation. Epoch: 133, loss: 1.8961, accuracy: 0.0000
Saved model to model-checkpoints/transformer/italian/low/model_133.pth
New best Loss, saved to model-checkpoints/transformer/italian/low/model_best.pth

Train Epoch: 134 started
Train Epoch: 134, loss: 1.58184
Validation. Epoch: 134, loss: 1.9056, accuracy: 0.0000
Saved model to model-checkpoints/transformer/italian/low/model_134.pth

Train Epoch: 135 started
Train Epoch: 135, loss: 1.59778
Validation. Epoch: 135, loss: 1.9112, accuracy: 0.0000
Saved model to model-checkpoints/transformer/italian/low/model_135.pth

Train Epoch: 136 started
Train Epoch: 136, loss: 1.61263
Validation. Epoch: 136, loss: 1.9019, accuracy: 0.0000
Saved model to model-checkpoints/transformer/italian/low/model_136.pth

Train Epoch: 137 started
Train Epoch: 137, loss: 1.56843
Validation. Epoch: 137, loss: 1.8823, accuracy: 0.0000
Saved model to model-checkpoints/transformer/italian/low/model_137.pth
New best Loss, saved to model-checkpoints/transformer/italian/low/model_best.pth

Train Epoch: 138 started
Train Epoch: 138, loss: 1.58231
Validation. Epoch: 138, loss: 1.8926, accuracy: 0.0000
Saved model to model-checkpoints/transformer/italian/low/model_138.pth

Train Epoch: 139 started
Train Epoch: 139, loss: 1.53187
Validation. Epoch: 139, loss: 1.8768, accuracy: 0.0000
Saved model to model-checkpoints/transformer/italian/low/model_139.pth
New best Loss, saved to model-checkpoints/transformer/italian/low/model_best.pth

Train Epoch: 140 started
Train Epoch: 140, loss: 1.55390
Validation. Epoch: 140, loss: 1.8614, accuracy: 0.0000
Saved model to model-checkpoints/transformer/italian/low/model_140.pth
New best Loss, saved to model-checkpoints/transformer/italian/low/model_best.pth

Train Epoch: 141 started
Train Epoch: 141, loss: 1.51819
Validation. Epoch: 141, loss: 1.8208, accuracy: 0.0000
Saved model to model-checkpoints/transformer/italian/low/model_141.pth
New best Loss, saved to model-checkpoints/transformer/italian/low/model_best.pth

Train Epoch: 142 started
Train Epoch: 142, loss: 1.48809
Validation. Epoch: 142, loss: 1.8134, accuracy: 0.0000
Saved model to model-checkpoints/transformer/italian/low/model_142.pth
New best Loss, saved to model-checkpoints/transformer/italian/low/model_best.pth

Train Epoch: 143 started
Train Epoch: 143, loss: 1.47735
Validation. Epoch: 143, loss: 1.8429, accuracy: 0.0000
Saved model to model-checkpoints/transformer/italian/low/model_143.pth

Train Epoch: 144 started
Train Epoch: 144, loss: 1.53764
Validation. Epoch: 144, loss: 1.8378, accuracy: 0.0000
Saved model to model-checkpoints/transformer/italian/low/model_144.pth

Train Epoch: 145 started
Train Epoch: 145, loss: 1.49976
Validation. Epoch: 145, loss: 1.8164, accuracy: 0.0000
Saved model to model-checkpoints/transformer/italian/low/model_145.pth

Train Epoch: 146 started
Train Epoch: 146, loss: 1.47980
Validation. Epoch: 146, loss: 1.7999, accuracy: 0.0000
Saved model to model-checkpoints/transformer/italian/low/model_146.pth
New best Loss, saved to model-checkpoints/transformer/italian/low/model_best.pth

Train Epoch: 147 started
Train Epoch: 147, loss: 1.49094
Validation. Epoch: 147, loss: 1.8175, accuracy: 0.0000
Saved model to model-checkpoints/transformer/italian/low/model_147.pth

Train Epoch: 148 started
Train Epoch: 148, loss: 1.43182
Validation. Epoch: 148, loss: 1.7669, accuracy: 0.0000
Saved model to model-checkpoints/transformer/italian/low/model_148.pth
New best Loss, saved to model-checkpoints/transformer/italian/low/model_best.pth

Train Epoch: 149 started
Train Epoch: 149, loss: 1.44366
Validation. Epoch: 149, loss: 1.7456, accuracy: 0.0000
Saved model to model-checkpoints/transformer/italian/low/model_149.pth
New best Loss, saved to model-checkpoints/transformer/italian/low/model_best.pth

Train Epoch: 150 started
Train Epoch: 150, loss: 1.45635
Validation. Epoch: 150, loss: 1.7520, accuracy: 0.0000
Saved model to model-checkpoints/transformer/italian/low/model_150.pth

Train Epoch: 151 started
Train Epoch: 151, loss: 1.38193
Validation. Epoch: 151, loss: 1.7071, accuracy: 0.0000
Saved model to model-checkpoints/transformer/italian/low/model_151.pth
New best Loss, saved to model-checkpoints/transformer/italian/low/model_best.pth

Train Epoch: 152 started
Train Epoch: 152, loss: 1.37545
Validation. Epoch: 152, loss: 1.7296, accuracy: 0.0010
Saved model to model-checkpoints/transformer/italian/low/model_152.pth

Train Epoch: 153 started
Train Epoch: 153, loss: 1.40653
Validation. Epoch: 153, loss: 1.7399, accuracy: 0.0000
Saved model to model-checkpoints/transformer/italian/low/model_153.pth

Train Epoch: 154 started
Train Epoch: 154, loss: 1.37600
Validation. Epoch: 154, loss: 1.7327, accuracy: 0.0000
Saved model to model-checkpoints/transformer/italian/low/model_154.pth

Train Epoch: 155 started
Train Epoch: 155, loss: 1.40714
Validation. Epoch: 155, loss: 1.6682, accuracy: 0.0000
Saved model to model-checkpoints/transformer/italian/low/model_155.pth
New best Loss, saved to model-checkpoints/transformer/italian/low/model_best.pth

Train Epoch: 156 started
Train Epoch: 156, loss: 1.40791
Validation. Epoch: 156, loss: 1.6645, accuracy: 0.0000
Saved model to model-checkpoints/transformer/italian/low/model_156.pth
New best Loss, saved to model-checkpoints/transformer/italian/low/model_best.pth

Train Epoch: 157 started
Train Epoch: 157, loss: 1.34575
Validation. Epoch: 157, loss: 1.7106, accuracy: 0.0000
Saved model to model-checkpoints/transformer/italian/low/model_157.pth

Train Epoch: 158 started
Train Epoch: 158, loss: 1.35125
Validation. Epoch: 158, loss: 1.6486, accuracy: 0.0000
Saved model to model-checkpoints/transformer/italian/low/model_158.pth
New best Loss, saved to model-checkpoints/transformer/italian/low/model_best.pth

Train Epoch: 159 started
Train Epoch: 159, loss: 1.31390
Validation. Epoch: 159, loss: 1.6293, accuracy: 0.0000
Saved model to model-checkpoints/transformer/italian/low/model_159.pth
New best Loss, saved to model-checkpoints/transformer/italian/low/model_best.pth

Train Epoch: 160 started
Train Epoch: 160, loss: 1.30431
Validation. Epoch: 160, loss: 1.6230, accuracy: 0.0010
Saved model to model-checkpoints/transformer/italian/low/model_160.pth
New best Loss, saved to model-checkpoints/transformer/italian/low/model_best.pth

Train Epoch: 161 started
Train Epoch: 161, loss: 1.31777
Validation. Epoch: 161, loss: 1.6413, accuracy: 0.0000
Saved model to model-checkpoints/transformer/italian/low/model_161.pth

Train Epoch: 162 started
Train Epoch: 162, loss: 1.29003
Validation. Epoch: 162, loss: 1.6138, accuracy: 0.0000
Saved model to model-checkpoints/transformer/italian/low/model_162.pth
New best Loss, saved to model-checkpoints/transformer/italian/low/model_best.pth

Train Epoch: 163 started
Train Epoch: 163, loss: 1.28757
Validation. Epoch: 163, loss: 1.5927, accuracy: 0.0000
Saved model to model-checkpoints/transformer/italian/low/model_163.pth
New best Loss, saved to model-checkpoints/transformer/italian/low/model_best.pth

Train Epoch: 164 started
Train Epoch: 164, loss: 1.26115
Validation. Epoch: 164, loss: 1.5993, accuracy: 0.0000
Saved model to model-checkpoints/transformer/italian/low/model_164.pth

Train Epoch: 165 started
Train Epoch: 165, loss: 1.27232
Validation. Epoch: 165, loss: 1.6116, accuracy: 0.0010
Saved model to model-checkpoints/transformer/italian/low/model_165.pth

Train Epoch: 166 started
Train Epoch: 166, loss: 1.20010
Validation. Epoch: 166, loss: 1.5766, accuracy: 0.0010
Saved model to model-checkpoints/transformer/italian/low/model_166.pth
New best Loss, saved to model-checkpoints/transformer/italian/low/model_best.pth

Train Epoch: 167 started
Train Epoch: 167, loss: 1.25078
Validation. Epoch: 167, loss: 1.5702, accuracy: 0.0000
Saved model to model-checkpoints/transformer/italian/low/model_167.pth
New best Loss, saved to model-checkpoints/transformer/italian/low/model_best.pth

Train Epoch: 168 started
Train Epoch: 168, loss: 1.21792
Validation. Epoch: 168, loss: 1.5471, accuracy: 0.0000
Saved model to model-checkpoints/transformer/italian/low/model_168.pth
New best Loss, saved to model-checkpoints/transformer/italian/low/model_best.pth

Train Epoch: 169 started
Train Epoch: 169, loss: 1.24335
Validation. Epoch: 169, loss: 1.5393, accuracy: 0.0020
Saved model to model-checkpoints/transformer/italian/low/model_169.pth
New best Loss, saved to model-checkpoints/transformer/italian/low/model_best.pth

Train Epoch: 170 started
Train Epoch: 170, loss: 1.22665
Validation. Epoch: 170, loss: 1.5413, accuracy: 0.0010
Saved model to model-checkpoints/transformer/italian/low/model_170.pth

Train Epoch: 171 started
Train Epoch: 171, loss: 1.21687
Validation. Epoch: 171, loss: 1.5346, accuracy: 0.0000
Saved model to model-checkpoints/transformer/italian/low/model_171.pth
New best Loss, saved to model-checkpoints/transformer/italian/low/model_best.pth

Train Epoch: 172 started
Train Epoch: 172, loss: 1.15341
Validation. Epoch: 172, loss: 1.5101, accuracy: 0.0020
Saved model to model-checkpoints/transformer/italian/low/model_172.pth
New best Loss, saved to model-checkpoints/transformer/italian/low/model_best.pth

Train Epoch: 173 started
Train Epoch: 173, loss: 1.21502
Validation. Epoch: 173, loss: 1.4995, accuracy: 0.0010
Saved model to model-checkpoints/transformer/italian/low/model_173.pth
New best Loss, saved to model-checkpoints/transformer/italian/low/model_best.pth

Train Epoch: 174 started
Train Epoch: 174, loss: 1.16229
Validation. Epoch: 174, loss: 1.5106, accuracy: 0.0030
Saved model to model-checkpoints/transformer/italian/low/model_174.pth

Train Epoch: 175 started
Train Epoch: 175, loss: 1.12596
Validation. Epoch: 175, loss: 1.4826, accuracy: 0.0030
Saved model to model-checkpoints/transformer/italian/low/model_175.pth
New best Loss, saved to model-checkpoints/transformer/italian/low/model_best.pth

Train Epoch: 176 started
Train Epoch: 176, loss: 1.18799
Validation. Epoch: 176, loss: 1.4583, accuracy: 0.0060
Saved model to model-checkpoints/transformer/italian/low/model_176.pth
New best Loss, saved to model-checkpoints/transformer/italian/low/model_best.pth

Train Epoch: 177 started
Train Epoch: 177, loss: 1.09649
Validation. Epoch: 177, loss: 1.5122, accuracy: 0.0050
Saved model to model-checkpoints/transformer/italian/low/model_177.pth

Train Epoch: 178 started
Train Epoch: 178, loss: 1.16142
Validation. Epoch: 178, loss: 1.4546, accuracy: 0.0080
Saved model to model-checkpoints/transformer/italian/low/model_178.pth
New best Loss, saved to model-checkpoints/transformer/italian/low/model_best.pth

Train Epoch: 179 started
Train Epoch: 179, loss: 1.09334
Validation. Epoch: 179, loss: 1.4382, accuracy: 0.0080
Saved model to model-checkpoints/transformer/italian/low/model_179.pth
New best Loss, saved to model-checkpoints/transformer/italian/low/model_best.pth

Train Epoch: 180 started
Train Epoch: 180, loss: 1.13103
Validation. Epoch: 180, loss: 1.4782, accuracy: 0.0080
Saved model to model-checkpoints/transformer/italian/low/model_180.pth

Train Epoch: 181 started
Train Epoch: 181, loss: 1.11071
Validation. Epoch: 181, loss: 1.4950, accuracy: 0.0080
Saved model to model-checkpoints/transformer/italian/low/model_181.pth

Train Epoch: 182 started
Train Epoch: 182, loss: 1.11456
Validation. Epoch: 182, loss: 1.4638, accuracy: 0.0100
Saved model to model-checkpoints/transformer/italian/low/model_182.pth

Train Epoch: 183 started
Train Epoch: 183, loss: 1.07601
Validation. Epoch: 183, loss: 1.4213, accuracy: 0.0060
Saved model to model-checkpoints/transformer/italian/low/model_183.pth
New best Loss, saved to model-checkpoints/transformer/italian/low/model_best.pth

Train Epoch: 184 started
Train Epoch: 184, loss: 1.09605
Validation. Epoch: 184, loss: 1.4426, accuracy: 0.0080
Saved model to model-checkpoints/transformer/italian/low/model_184.pth

Train Epoch: 185 started
Train Epoch: 185, loss: 1.06338
Validation. Epoch: 185, loss: 1.4583, accuracy: 0.0050
Saved model to model-checkpoints/transformer/italian/low/model_185.pth

Train Epoch: 186 started
Train Epoch: 186, loss: 1.04506
Validation. Epoch: 186, loss: 1.4417, accuracy: 0.0050
Saved model to model-checkpoints/transformer/italian/low/model_186.pth

Train Epoch: 187 started
Train Epoch: 187, loss: 1.04351
Validation. Epoch: 187, loss: 1.4086, accuracy: 0.0090
Saved model to model-checkpoints/transformer/italian/low/model_187.pth
New best Loss, saved to model-checkpoints/transformer/italian/low/model_best.pth

Train Epoch: 188 started
Train Epoch: 188, loss: 1.01302
Validation. Epoch: 188, loss: 1.4523, accuracy: 0.0100
Saved model to model-checkpoints/transformer/italian/low/model_188.pth

Train Epoch: 189 started
Train Epoch: 189, loss: 1.02701
Validation. Epoch: 189, loss: 1.3894, accuracy: 0.0080
Saved model to model-checkpoints/transformer/italian/low/model_189.pth
New best Loss, saved to model-checkpoints/transformer/italian/low/model_best.pth

Train Epoch: 190 started
Train Epoch: 190, loss: 1.01786
Validation. Epoch: 190, loss: 1.3815, accuracy: 0.0040
Saved model to model-checkpoints/transformer/italian/low/model_190.pth
New best Loss, saved to model-checkpoints/transformer/italian/low/model_best.pth

Train Epoch: 191 started
Train Epoch: 191, loss: 1.02259
Validation. Epoch: 191, loss: 1.3915, accuracy: 0.0080
Saved model to model-checkpoints/transformer/italian/low/model_191.pth

Train Epoch: 192 started
Train Epoch: 192, loss: 1.00574
Validation. Epoch: 192, loss: 1.3806, accuracy: 0.0070
Saved model to model-checkpoints/transformer/italian/low/model_192.pth
New best Loss, saved to model-checkpoints/transformer/italian/low/model_best.pth

Train Epoch: 193 started
Train Epoch: 193, loss: 0.97644
Validation. Epoch: 193, loss: 1.3682, accuracy: 0.0080
Saved model to model-checkpoints/transformer/italian/low/model_193.pth
New best Loss, saved to model-checkpoints/transformer/italian/low/model_best.pth

Train Epoch: 194 started
Train Epoch: 194, loss: 0.97243
Validation. Epoch: 194, loss: 1.4135, accuracy: 0.0110
Saved model to model-checkpoints/transformer/italian/low/model_194.pth

Train Epoch: 195 started
Train Epoch: 195, loss: 0.93995
Validation. Epoch: 195, loss: 1.3630, accuracy: 0.0140
Saved model to model-checkpoints/transformer/italian/low/model_195.pth
New best Loss, saved to model-checkpoints/transformer/italian/low/model_best.pth

Train Epoch: 196 started
Train Epoch: 196, loss: 0.95654
Validation. Epoch: 196, loss: 1.3521, accuracy: 0.0150
Saved model to model-checkpoints/transformer/italian/low/model_196.pth
New best Loss, saved to model-checkpoints/transformer/italian/low/model_best.pth

Train Epoch: 197 started
Train Epoch: 197, loss: 0.98826
Validation. Epoch: 197, loss: 1.3672, accuracy: 0.0110
Saved model to model-checkpoints/transformer/italian/low/model_197.pth

Train Epoch: 198 started
Train Epoch: 198, loss: 0.97081
Validation. Epoch: 198, loss: 1.3524, accuracy: 0.0070
Saved model to model-checkpoints/transformer/italian/low/model_198.pth

Train Epoch: 199 started
Train Epoch: 199, loss: 0.95719
Validation. Epoch: 199, loss: 1.3484, accuracy: 0.0130
Saved model to model-checkpoints/transformer/italian/low/model_199.pth
New best Loss, saved to model-checkpoints/transformer/italian/low/model_best.pth

Train Epoch: 200 started
Train Epoch: 200, loss: 0.90767
Validation. Epoch: 200, loss: 1.3873, accuracy: 0.0140
Saved model to model-checkpoints/transformer/italian/low/model_200.pth

Train Epoch: 201 started
Train Epoch: 201, loss: 0.96048
Validation. Epoch: 201, loss: 1.3511, accuracy: 0.0110
Saved model to model-checkpoints/transformer/italian/low/model_201.pth

Train Epoch: 202 started
Train Epoch: 202, loss: 0.89447
Validation. Epoch: 202, loss: 1.3203, accuracy: 0.0090
Saved model to model-checkpoints/transformer/italian/low/model_202.pth
New best Loss, saved to model-checkpoints/transformer/italian/low/model_best.pth

Train Epoch: 203 started
Train Epoch: 203, loss: 0.90668
Validation. Epoch: 203, loss: 1.3373, accuracy: 0.0080
Saved model to model-checkpoints/transformer/italian/low/model_203.pth

Train Epoch: 204 started
Train Epoch: 204, loss: 0.93374
Validation. Epoch: 204, loss: 1.3766, accuracy: 0.0120
Saved model to model-checkpoints/transformer/italian/low/model_204.pth

Train Epoch: 205 started
Train Epoch: 205, loss: 0.86893
Validation. Epoch: 205, loss: 1.3318, accuracy: 0.0150
Saved model to model-checkpoints/transformer/italian/low/model_205.pth

Train Epoch: 206 started
Train Epoch: 206, loss: 0.88344
Validation. Epoch: 206, loss: 1.3406, accuracy: 0.0130
Saved model to model-checkpoints/transformer/italian/low/model_206.pth

Train Epoch: 207 started
Train Epoch: 207, loss: 0.87595
Validation. Epoch: 207, loss: 1.3708, accuracy: 0.0080
Saved model to model-checkpoints/transformer/italian/low/model_207.pth

Train Epoch: 208 started
Train Epoch: 208, loss: 0.89911
Validation. Epoch: 208, loss: 1.3360, accuracy: 0.0190
Saved model to model-checkpoints/transformer/italian/low/model_208.pth

Train Epoch: 209 started
Train Epoch: 209, loss: 0.85511
Validation. Epoch: 209, loss: 1.3223, accuracy: 0.0210
Saved model to model-checkpoints/transformer/italian/low/model_209.pth

Train Epoch: 210 started
Train Epoch: 210, loss: 0.88057
Validation. Epoch: 210, loss: 1.3240, accuracy: 0.0190
Saved model to model-checkpoints/transformer/italian/low/model_210.pth

Train Epoch: 211 started
Train Epoch: 211, loss: 0.86501
Validation. Epoch: 211, loss: 1.3505, accuracy: 0.0140
Saved model to model-checkpoints/transformer/italian/low/model_211.pth

Train Epoch: 212 started
Train Epoch: 212, loss: 0.84352
Validation. Epoch: 212, loss: 1.3331, accuracy: 0.0180
Saved model to model-checkpoints/transformer/italian/low/model_212.pth

Train Epoch: 213 started
Train Epoch: 213, loss: 0.86073
Validation. Epoch: 213, loss: 1.3178, accuracy: 0.0190
Saved model to model-checkpoints/transformer/italian/low/model_213.pth
New best Loss, saved to model-checkpoints/transformer/italian/low/model_best.pth

Train Epoch: 214 started
Train Epoch: 214, loss: 0.78773
Validation. Epoch: 214, loss: 1.3327, accuracy: 0.0270
Saved model to model-checkpoints/transformer/italian/low/model_214.pth

Train Epoch: 215 started
Train Epoch: 215, loss: 0.82461
Validation. Epoch: 215, loss: 1.3376, accuracy: 0.0210
Saved model to model-checkpoints/transformer/italian/low/model_215.pth

Train Epoch: 216 started
Train Epoch: 216, loss: 0.81367
Validation. Epoch: 216, loss: 1.3178, accuracy: 0.0190
Saved model to model-checkpoints/transformer/italian/low/model_216.pth
New best Loss, saved to model-checkpoints/transformer/italian/low/model_best.pth

Train Epoch: 217 started
Train Epoch: 217, loss: 0.77792
Validation. Epoch: 217, loss: 1.3149, accuracy: 0.0230
Saved model to model-checkpoints/transformer/italian/low/model_217.pth
New best Loss, saved to model-checkpoints/transformer/italian/low/model_best.pth

Train Epoch: 218 started
Train Epoch: 218, loss: 0.73536
Validation. Epoch: 218, loss: 1.3103, accuracy: 0.0250
Saved model to model-checkpoints/transformer/italian/low/model_218.pth
New best Loss, saved to model-checkpoints/transformer/italian/low/model_best.pth

Train Epoch: 219 started
Train Epoch: 219, loss: 0.76813
Validation. Epoch: 219, loss: 1.2934, accuracy: 0.0390
Saved model to model-checkpoints/transformer/italian/low/model_219.pth
New best Loss, saved to model-checkpoints/transformer/italian/low/model_best.pth

Train Epoch: 220 started
Train Epoch: 220, loss: 0.80686
Validation. Epoch: 220, loss: 1.2988, accuracy: 0.0290
Saved model to model-checkpoints/transformer/italian/low/model_220.pth

Train Epoch: 221 started
Train Epoch: 221, loss: 0.80890
Validation. Epoch: 221, loss: 1.3137, accuracy: 0.0310
Saved model to model-checkpoints/transformer/italian/low/model_221.pth

Train Epoch: 222 started
Train Epoch: 222, loss: 0.78179
Validation. Epoch: 222, loss: 1.3207, accuracy: 0.0200
Saved model to model-checkpoints/transformer/italian/low/model_222.pth

Train Epoch: 223 started
Train Epoch: 223, loss: 0.76615
Validation. Epoch: 223, loss: 1.3440, accuracy: 0.0220
Saved model to model-checkpoints/transformer/italian/low/model_223.pth

Train Epoch: 224 started
Train Epoch: 224, loss: 0.76481
Validation. Epoch: 224, loss: 1.3239, accuracy: 0.0200
Saved model to model-checkpoints/transformer/italian/low/model_224.pth

Train Epoch: 225 started
Train Epoch: 225, loss: 0.77758
Validation. Epoch: 225, loss: 1.2720, accuracy: 0.0260
Saved model to model-checkpoints/transformer/italian/low/model_225.pth
New best Loss, saved to model-checkpoints/transformer/italian/low/model_best.pth

Train Epoch: 226 started
Train Epoch: 226, loss: 0.73983
Validation. Epoch: 226, loss: 1.2720, accuracy: 0.0230
Saved model to model-checkpoints/transformer/italian/low/model_226.pth

Train Epoch: 227 started
Train Epoch: 227, loss: 0.75276
Validation. Epoch: 227, loss: 1.3116, accuracy: 0.0250
Saved model to model-checkpoints/transformer/italian/low/model_227.pth

Train Epoch: 228 started
Train Epoch: 228, loss: 0.75066
Validation. Epoch: 228, loss: 1.2981, accuracy: 0.0220
Saved model to model-checkpoints/transformer/italian/low/model_228.pth

Train Epoch: 229 started
Train Epoch: 229, loss: 0.76923
Validation. Epoch: 229, loss: 1.2860, accuracy: 0.0290
Saved model to model-checkpoints/transformer/italian/low/model_229.pth

Train Epoch: 230 started
Train Epoch: 230, loss: 0.75700
Validation. Epoch: 230, loss: 1.2872, accuracy: 0.0310
Saved model to model-checkpoints/transformer/italian/low/model_230.pth

Train Epoch: 231 started
Train Epoch: 231, loss: 0.73662
Validation. Epoch: 231, loss: 1.2909, accuracy: 0.0310
Saved model to model-checkpoints/transformer/italian/low/model_231.pth

Train Epoch: 232 started
Train Epoch: 232, loss: 0.73833
Validation. Epoch: 232, loss: 1.2671, accuracy: 0.0210
Saved model to model-checkpoints/transformer/italian/low/model_232.pth
New best Loss, saved to model-checkpoints/transformer/italian/low/model_best.pth

Train Epoch: 233 started
Train Epoch: 233, loss: 0.69317
Validation. Epoch: 233, loss: 1.2825, accuracy: 0.0210
Saved model to model-checkpoints/transformer/italian/low/model_233.pth

Train Epoch: 234 started
Train Epoch: 234, loss: 0.71359
Validation. Epoch: 234, loss: 1.2928, accuracy: 0.0220
Saved model to model-checkpoints/transformer/italian/low/model_234.pth

Train Epoch: 235 started
Train Epoch: 235, loss: 0.68241
Validation. Epoch: 235, loss: 1.2954, accuracy: 0.0220
Saved model to model-checkpoints/transformer/italian/low/model_235.pth

Train Epoch: 236 started
Train Epoch: 236, loss: 0.65502
Validation. Epoch: 236, loss: 1.2867, accuracy: 0.0260
Saved model to model-checkpoints/transformer/italian/low/model_236.pth

Train Epoch: 237 started
Train Epoch: 237, loss: 0.67338
Validation. Epoch: 237, loss: 1.2679, accuracy: 0.0300
Saved model to model-checkpoints/transformer/italian/low/model_237.pth

Train Epoch: 238 started
Train Epoch: 238, loss: 0.70419
Validation. Epoch: 238, loss: 1.2736, accuracy: 0.0310
Saved model to model-checkpoints/transformer/italian/low/model_238.pth

Train Epoch: 239 started
Train Epoch: 239, loss: 0.66178
Validation. Epoch: 239, loss: 1.2799, accuracy: 0.0300
Saved model to model-checkpoints/transformer/italian/low/model_239.pth

Train Epoch: 240 started
Train Epoch: 240, loss: 0.69813
Validation. Epoch: 240, loss: 1.2653, accuracy: 0.0310
Saved model to model-checkpoints/transformer/italian/low/model_240.pth
New best Loss, saved to model-checkpoints/transformer/italian/low/model_best.pth

Train Epoch: 241 started
Train Epoch: 241, loss: 0.66737
Validation. Epoch: 241, loss: 1.2528, accuracy: 0.0290
Saved model to model-checkpoints/transformer/italian/low/model_241.pth
New best Loss, saved to model-checkpoints/transformer/italian/low/model_best.pth

Train Epoch: 242 started
Train Epoch: 242, loss: 0.63812
Validation. Epoch: 242, loss: 1.2625, accuracy: 0.0340
Saved model to model-checkpoints/transformer/italian/low/model_242.pth

Train Epoch: 243 started
Train Epoch: 243, loss: 0.66405
Validation. Epoch: 243, loss: 1.2732, accuracy: 0.0370
Saved model to model-checkpoints/transformer/italian/low/model_243.pth

Train Epoch: 244 started
Train Epoch: 244, loss: 0.64700
Validation. Epoch: 244, loss: 1.2916, accuracy: 0.0290
Saved model to model-checkpoints/transformer/italian/low/model_244.pth

Train Epoch: 245 started
Train Epoch: 245, loss: 0.63264
Validation. Epoch: 245, loss: 1.2871, accuracy: 0.0280
Saved model to model-checkpoints/transformer/italian/low/model_245.pth

Train Epoch: 246 started
Train Epoch: 246, loss: 0.60224
Validation. Epoch: 246, loss: 1.2656, accuracy: 0.0330
Saved model to model-checkpoints/transformer/italian/low/model_246.pth

Train Epoch: 247 started
Train Epoch: 247, loss: 0.65524
Validation. Epoch: 247, loss: 1.2841, accuracy: 0.0330
Saved model to model-checkpoints/transformer/italian/low/model_247.pth

Train Epoch: 248 started
Train Epoch: 248, loss: 0.60295
Validation. Epoch: 248, loss: 1.3150, accuracy: 0.0290
Saved model to model-checkpoints/transformer/italian/low/model_248.pth

Train Epoch: 249 started
Train Epoch: 249, loss: 0.64705
Validation. Epoch: 249, loss: 1.2810, accuracy: 0.0330
Saved model to model-checkpoints/transformer/italian/low/model_249.pth

Train Epoch: 250 started
Train Epoch: 250, loss: 0.63086
Validation. Epoch: 250, loss: 1.2700, accuracy: 0.0410
Saved model to model-checkpoints/transformer/italian/low/model_250.pth

Train Epoch: 251 started
Train Epoch: 251, loss: 0.60690
Validation. Epoch: 251, loss: 1.2745, accuracy: 0.0350
Saved model to model-checkpoints/transformer/italian/low/model_251.pth

Train Epoch: 252 started
Train Epoch: 252, loss: 0.61105
Validation. Epoch: 252, loss: 1.2752, accuracy: 0.0340
Saved model to model-checkpoints/transformer/italian/low/model_252.pth

Train Epoch: 253 started
Train Epoch: 253, loss: 0.64649
Validation. Epoch: 253, loss: 1.2877, accuracy: 0.0410
Saved model to model-checkpoints/transformer/italian/low/model_253.pth

Train Epoch: 254 started
Train Epoch: 254, loss: 0.57055
Validation. Epoch: 254, loss: 1.2732, accuracy: 0.0420
Saved model to model-checkpoints/transformer/italian/low/model_254.pth

Train Epoch: 255 started
Train Epoch: 255, loss: 0.59118
Validation. Epoch: 255, loss: 1.2702, accuracy: 0.0400
Saved model to model-checkpoints/transformer/italian/low/model_255.pth

Train Epoch: 256 started
Train Epoch: 256, loss: 0.59009
Validation. Epoch: 256, loss: 1.3356, accuracy: 0.0310
Saved model to model-checkpoints/transformer/italian/low/model_256.pth

Train Epoch: 257 started
Train Epoch: 257, loss: 0.61580
Validation. Epoch: 257, loss: 1.2855, accuracy: 0.0400
Saved model to model-checkpoints/transformer/italian/low/model_257.pth

Train Epoch: 258 started
Train Epoch: 258, loss: 0.60068
Validation. Epoch: 258, loss: 1.2616, accuracy: 0.0490
Saved model to model-checkpoints/transformer/italian/low/model_258.pth

Train Epoch: 259 started
Train Epoch: 259, loss: 0.59933
Validation. Epoch: 259, loss: 1.2679, accuracy: 0.0460
Saved model to model-checkpoints/transformer/italian/low/model_259.pth

Train Epoch: 260 started
Train Epoch: 260, loss: 0.59115
Validation. Epoch: 260, loss: 1.2852, accuracy: 0.0390
Saved model to model-checkpoints/transformer/italian/low/model_260.pth

Train Epoch: 261 started
Train Epoch: 261, loss: 0.56079
Validation. Epoch: 261, loss: 1.2700, accuracy: 0.0380
Saved model to model-checkpoints/transformer/italian/low/model_261.pth

Train Epoch: 262 started
Train Epoch: 262, loss: 0.56360
Validation. Epoch: 262, loss: 1.2617, accuracy: 0.0360
Saved model to model-checkpoints/transformer/italian/low/model_262.pth

Train Epoch: 263 started
Train Epoch: 263, loss: 0.57171
Validation. Epoch: 263, loss: 1.2582, accuracy: 0.0370
Saved model to model-checkpoints/transformer/italian/low/model_263.pth

Train Epoch: 264 started
Train Epoch: 264, loss: 0.55695
Validation. Epoch: 264, loss: 1.2480, accuracy: 0.0490
Saved model to model-checkpoints/transformer/italian/low/model_264.pth
New best Loss, saved to model-checkpoints/transformer/italian/low/model_best.pth

Train Epoch: 265 started
Train Epoch: 265, loss: 0.55815
Validation. Epoch: 265, loss: 1.2764, accuracy: 0.0390
Saved model to model-checkpoints/transformer/italian/low/model_265.pth

Train Epoch: 266 started
Train Epoch: 266, loss: 0.57238
Validation. Epoch: 266, loss: 1.2556, accuracy: 0.0430
Saved model to model-checkpoints/transformer/italian/low/model_266.pth

Train Epoch: 267 started
Train Epoch: 267, loss: 0.56844
Validation. Epoch: 267, loss: 1.2368, accuracy: 0.0370
Saved model to model-checkpoints/transformer/italian/low/model_267.pth
New best Loss, saved to model-checkpoints/transformer/italian/low/model_best.pth

Train Epoch: 268 started
Train Epoch: 268, loss: 0.53607
Validation. Epoch: 268, loss: 1.2400, accuracy: 0.0410
Saved model to model-checkpoints/transformer/italian/low/model_268.pth

Train Epoch: 269 started
Train Epoch: 269, loss: 0.53776
Validation. Epoch: 269, loss: 1.2563, accuracy: 0.0470
Saved model to model-checkpoints/transformer/italian/low/model_269.pth

Train Epoch: 270 started
Train Epoch: 270, loss: 0.54139
Validation. Epoch: 270, loss: 1.2802, accuracy: 0.0540
Saved model to model-checkpoints/transformer/italian/low/model_270.pth

Train Epoch: 271 started
Train Epoch: 271, loss: 0.58185
Validation. Epoch: 271, loss: 1.2577, accuracy: 0.0540
Saved model to model-checkpoints/transformer/italian/low/model_271.pth

Train Epoch: 272 started
Train Epoch: 272, loss: 0.55969
Validation. Epoch: 272, loss: 1.2615, accuracy: 0.0500
Saved model to model-checkpoints/transformer/italian/low/model_272.pth

Train Epoch: 273 started
Train Epoch: 273, loss: 0.49180
Validation. Epoch: 273, loss: 1.2880, accuracy: 0.0420
Saved model to model-checkpoints/transformer/italian/low/model_273.pth

Train Epoch: 274 started
Train Epoch: 274, loss: 0.53229
Validation. Epoch: 274, loss: 1.2781, accuracy: 0.0420
Saved model to model-checkpoints/transformer/italian/low/model_274.pth

Train Epoch: 275 started
Train Epoch: 275, loss: 0.49212
Validation. Epoch: 275, loss: 1.2746, accuracy: 0.0430
Saved model to model-checkpoints/transformer/italian/low/model_275.pth

Train Epoch: 276 started
Train Epoch: 276, loss: 0.50856
Validation. Epoch: 276, loss: 1.2677, accuracy: 0.0460
Saved model to model-checkpoints/transformer/italian/low/model_276.pth

Train Epoch: 277 started
Train Epoch: 277, loss: 0.51526
Validation. Epoch: 277, loss: 1.2522, accuracy: 0.0480
Saved model to model-checkpoints/transformer/italian/low/model_277.pth

Train Epoch: 278 started
Train Epoch: 278, loss: 0.52596
Validation. Epoch: 278, loss: 1.2405, accuracy: 0.0520
Saved model to model-checkpoints/transformer/italian/low/model_278.pth

Train Epoch: 279 started
Train Epoch: 279, loss: 0.48935
Validation. Epoch: 279, loss: 1.2673, accuracy: 0.0600
Saved model to model-checkpoints/transformer/italian/low/model_279.pth

Train Epoch: 280 started
Train Epoch: 280, loss: 0.49500
Validation. Epoch: 280, loss: 1.2727, accuracy: 0.0570
Saved model to model-checkpoints/transformer/italian/low/model_280.pth

Train Epoch: 281 started
Train Epoch: 281, loss: 0.52429
Validation. Epoch: 281, loss: 1.2577, accuracy: 0.0430
Saved model to model-checkpoints/transformer/italian/low/model_281.pth

Train Epoch: 282 started
Train Epoch: 282, loss: 0.49997
Validation. Epoch: 282, loss: 1.2354, accuracy: 0.0550
Saved model to model-checkpoints/transformer/italian/low/model_282.pth
New best Loss, saved to model-checkpoints/transformer/italian/low/model_best.pth

Train Epoch: 283 started
Train Epoch: 283, loss: 0.56307
Validation. Epoch: 283, loss: 1.2940, accuracy: 0.0480
Saved model to model-checkpoints/transformer/italian/low/model_283.pth

Train Epoch: 284 started
Train Epoch: 284, loss: 0.48478
Validation. Epoch: 284, loss: 1.2934, accuracy: 0.0470
Saved model to model-checkpoints/transformer/italian/low/model_284.pth

Train Epoch: 285 started
Train Epoch: 285, loss: 0.46498
Validation. Epoch: 285, loss: 1.2435, accuracy: 0.0620
Saved model to model-checkpoints/transformer/italian/low/model_285.pth

Train Epoch: 286 started
Train Epoch: 286, loss: 0.46463
Validation. Epoch: 286, loss: 1.2342, accuracy: 0.0550
Saved model to model-checkpoints/transformer/italian/low/model_286.pth
New best Loss, saved to model-checkpoints/transformer/italian/low/model_best.pth

Train Epoch: 287 started
Train Epoch: 287, loss: 0.47207
Validation. Epoch: 287, loss: 1.2421, accuracy: 0.0570
Saved model to model-checkpoints/transformer/italian/low/model_287.pth

Train Epoch: 288 started
Train Epoch: 288, loss: 0.49455
Validation. Epoch: 288, loss: 1.2629, accuracy: 0.0570
Saved model to model-checkpoints/transformer/italian/low/model_288.pth

Train Epoch: 289 started
Train Epoch: 289, loss: 0.48471
Validation. Epoch: 289, loss: 1.2640, accuracy: 0.0550
Saved model to model-checkpoints/transformer/italian/low/model_289.pth

Train Epoch: 290 started
Train Epoch: 290, loss: 0.45669
Validation. Epoch: 290, loss: 1.2619, accuracy: 0.0590
Saved model to model-checkpoints/transformer/italian/low/model_290.pth

Train Epoch: 291 started
Train Epoch: 291, loss: 0.48403
Validation. Epoch: 291, loss: 1.2537, accuracy: 0.0580
Saved model to model-checkpoints/transformer/italian/low/model_291.pth

Train Epoch: 292 started
Train Epoch: 292, loss: 0.47136
Validation. Epoch: 292, loss: 1.2683, accuracy: 0.0640
Saved model to model-checkpoints/transformer/italian/low/model_292.pth

Train Epoch: 293 started
Train Epoch: 293, loss: 0.49728
Validation. Epoch: 293, loss: 1.2963, accuracy: 0.0440
Saved model to model-checkpoints/transformer/italian/low/model_293.pth

Train Epoch: 294 started
Train Epoch: 294, loss: 0.43976
Validation. Epoch: 294, loss: 1.2940, accuracy: 0.0490
Saved model to model-checkpoints/transformer/italian/low/model_294.pth

Train Epoch: 295 started
Train Epoch: 295, loss: 0.47278
Validation. Epoch: 295, loss: 1.2997, accuracy: 0.0470
Saved model to model-checkpoints/transformer/italian/low/model_295.pth

Train Epoch: 296 started
Train Epoch: 296, loss: 0.40631
Validation. Epoch: 296, loss: 1.2761, accuracy: 0.0600
Saved model to model-checkpoints/transformer/italian/low/model_296.pth

Train Epoch: 297 started
Train Epoch: 297, loss: 0.42460
Validation. Epoch: 297, loss: 1.2733, accuracy: 0.0630
Saved model to model-checkpoints/transformer/italian/low/model_297.pth

Train Epoch: 298 started
Train Epoch: 298, loss: 0.48883
Validation. Epoch: 298, loss: 1.2906, accuracy: 0.0610
Saved model to model-checkpoints/transformer/italian/low/model_298.pth

Train Epoch: 299 started
Train Epoch: 299, loss: 0.46056
Validation. Epoch: 299, loss: 1.2770, accuracy: 0.0470
Saved model to model-checkpoints/transformer/italian/low/model_299.pth

Train Epoch: 300 started
Train Epoch: 300, loss: 0.46092
Validation. Epoch: 300, loss: 1.2831, accuracy: 0.0440
Saved model to model-checkpoints/transformer/italian/low/model_300.pth

Train Epoch: 301 started
Train Epoch: 301, loss: 0.41882
Validation. Epoch: 301, loss: 1.3047, accuracy: 0.0500
Saved model to model-checkpoints/transformer/italian/low/model_301.pth

Train Epoch: 302 started
Train Epoch: 302, loss: 0.46412
Validation. Epoch: 302, loss: 1.2865, accuracy: 0.0560
Saved model to model-checkpoints/transformer/italian/low/model_302.pth

Train Epoch: 303 started
Train Epoch: 303, loss: 0.41800
Validation. Epoch: 303, loss: 1.2613, accuracy: 0.0550
Saved model to model-checkpoints/transformer/italian/low/model_303.pth

Train Epoch: 304 started
Train Epoch: 304, loss: 0.39658
Validation. Epoch: 304, loss: 1.2669, accuracy: 0.0620
Saved model to model-checkpoints/transformer/italian/low/model_304.pth

Train Epoch: 305 started
Train Epoch: 305, loss: 0.41197
Validation. Epoch: 305, loss: 1.2844, accuracy: 0.0450
Saved model to model-checkpoints/transformer/italian/low/model_305.pth

Train Epoch: 306 started
Train Epoch: 306, loss: 0.44546
Validation. Epoch: 306, loss: 1.3102, accuracy: 0.0410
Saved model to model-checkpoints/transformer/italian/low/model_306.pth

Train Epoch: 307 started
Train Epoch: 307, loss: 0.43822
Validation. Epoch: 307, loss: 1.2517, accuracy: 0.0620
Saved model to model-checkpoints/transformer/italian/low/model_307.pth

Train Epoch: 308 started
Train Epoch: 308, loss: 0.44578
Validation. Epoch: 308, loss: 1.2596, accuracy: 0.0630
Saved model to model-checkpoints/transformer/italian/low/model_308.pth

Train Epoch: 309 started
Train Epoch: 309, loss: 0.40744
Validation. Epoch: 309, loss: 1.2820, accuracy: 0.0580
Saved model to model-checkpoints/transformer/italian/low/model_309.pth

Train Epoch: 310 started
Train Epoch: 310, loss: 0.43103
Validation. Epoch: 310, loss: 1.3181, accuracy: 0.0550
Saved model to model-checkpoints/transformer/italian/low/model_310.pth

Train Epoch: 311 started
Train Epoch: 311, loss: 0.45056
Validation. Epoch: 311, loss: 1.2879, accuracy: 0.0550
Saved model to model-checkpoints/transformer/italian/low/model_311.pth

Train Epoch: 312 started
Train Epoch: 312, loss: 0.39580
Validation. Epoch: 312, loss: 1.2711, accuracy: 0.0600
Saved model to model-checkpoints/transformer/italian/low/model_312.pth

Train Epoch: 313 started
Train Epoch: 313, loss: 0.38109
Validation. Epoch: 313, loss: 1.2835, accuracy: 0.0650
Saved model to model-checkpoints/transformer/italian/low/model_313.pth

Train Epoch: 314 started
Train Epoch: 314, loss: 0.37375
Validation. Epoch: 314, loss: 1.3117, accuracy: 0.0600
Saved model to model-checkpoints/transformer/italian/low/model_314.pth

Train Epoch: 315 started
Train Epoch: 315, loss: 0.39626
Validation. Epoch: 315, loss: 1.3026, accuracy: 0.0570
Saved model to model-checkpoints/transformer/italian/low/model_315.pth

Train Epoch: 316 started
Train Epoch: 316, loss: 0.40688
Validation. Epoch: 316, loss: 1.2712, accuracy: 0.0620
Saved model to model-checkpoints/transformer/italian/low/model_316.pth

Train Epoch: 317 started
Train Epoch: 317, loss: 0.40526
Validation. Epoch: 317, loss: 1.2591, accuracy: 0.0640
Saved model to model-checkpoints/transformer/italian/low/model_317.pth

Train Epoch: 318 started
Train Epoch: 318, loss: 0.38439
Validation. Epoch: 318, loss: 1.2753, accuracy: 0.0630
Saved model to model-checkpoints/transformer/italian/low/model_318.pth

Train Epoch: 319 started
Train Epoch: 319, loss: 0.38256
Validation. Epoch: 319, loss: 1.2699, accuracy: 0.0630
Saved model to model-checkpoints/transformer/italian/low/model_319.pth

Train Epoch: 320 started
Train Epoch: 320, loss: 0.37226
Validation. Epoch: 320, loss: 1.2529, accuracy: 0.0710
Saved model to model-checkpoints/transformer/italian/low/model_320.pth

Train Epoch: 321 started
Train Epoch: 321, loss: 0.40126
Validation. Epoch: 321, loss: 1.2767, accuracy: 0.0700
Saved model to model-checkpoints/transformer/italian/low/model_321.pth

Train Epoch: 322 started
Train Epoch: 322, loss: 0.38307
Validation. Epoch: 322, loss: 1.3056, accuracy: 0.0590
Saved model to model-checkpoints/transformer/italian/low/model_322.pth

Train Epoch: 323 started
Train Epoch: 323, loss: 0.37958
Validation. Epoch: 323, loss: 1.3016, accuracy: 0.0600
Saved model to model-checkpoints/transformer/italian/low/model_323.pth

Train Epoch: 324 started
Train Epoch: 324, loss: 0.36185
Validation. Epoch: 324, loss: 1.2577, accuracy: 0.0680
Saved model to model-checkpoints/transformer/italian/low/model_324.pth

Train Epoch: 325 started
Train Epoch: 325, loss: 0.37342
Validation. Epoch: 325, loss: 1.2724, accuracy: 0.0650
Saved model to model-checkpoints/transformer/italian/low/model_325.pth

Train Epoch: 326 started
Train Epoch: 326, loss: 0.36529
Validation. Epoch: 326, loss: 1.2692, accuracy: 0.0690
Saved model to model-checkpoints/transformer/italian/low/model_326.pth

Train Epoch: 327 started
Train Epoch: 327, loss: 0.37998
Validation. Epoch: 327, loss: 1.2929, accuracy: 0.0670
Saved model to model-checkpoints/transformer/italian/low/model_327.pth

Train Epoch: 328 started
Train Epoch: 328, loss: 0.37566
Validation. Epoch: 328, loss: 1.2754, accuracy: 0.0720
Saved model to model-checkpoints/transformer/italian/low/model_328.pth

Train Epoch: 329 started
Train Epoch: 329, loss: 0.38297
Validation. Epoch: 329, loss: 1.2517, accuracy: 0.0690
Saved model to model-checkpoints/transformer/italian/low/model_329.pth

Train Epoch: 330 started
Train Epoch: 330, loss: 0.37851
Validation. Epoch: 330, loss: 1.2568, accuracy: 0.0630
Saved model to model-checkpoints/transformer/italian/low/model_330.pth

Train Epoch: 331 started
Train Epoch: 331, loss: 0.33941
Validation. Epoch: 331, loss: 1.2640, accuracy: 0.0580
Saved model to model-checkpoints/transformer/italian/low/model_331.pth

Train Epoch: 332 started
Train Epoch: 332, loss: 0.33817
Validation. Epoch: 332, loss: 1.2715, accuracy: 0.0720
Saved model to model-checkpoints/transformer/italian/low/model_332.pth

Train Epoch: 333 started
Train Epoch: 333, loss: 0.34655
Validation. Epoch: 333, loss: 1.3002, accuracy: 0.0670
Saved model to model-checkpoints/transformer/italian/low/model_333.pth

Train Epoch: 334 started
Train Epoch: 334, loss: 0.34608
Validation. Epoch: 334, loss: 1.3053, accuracy: 0.0650
Saved model to model-checkpoints/transformer/italian/low/model_334.pth

Train Epoch: 335 started
Train Epoch: 335, loss: 0.37161
Validation. Epoch: 335, loss: 1.2975, accuracy: 0.0620
Saved model to model-checkpoints/transformer/italian/low/model_335.pth

Train Epoch: 336 started
Train Epoch: 336, loss: 0.38575
Validation. Epoch: 336, loss: 1.3029, accuracy: 0.0630
Saved model to model-checkpoints/transformer/italian/low/model_336.pth

Train Epoch: 337 started
Train Epoch: 337, loss: 0.30141
Validation. Epoch: 337, loss: 1.3185, accuracy: 0.0630
Saved model to model-checkpoints/transformer/italian/low/model_337.pth

Train Epoch: 338 started
Train Epoch: 338, loss: 0.35148
Validation. Epoch: 338, loss: 1.3170, accuracy: 0.0700
Saved model to model-checkpoints/transformer/italian/low/model_338.pth

Train Epoch: 339 started
Train Epoch: 339, loss: 0.37556
Validation. Epoch: 339, loss: 1.2985, accuracy: 0.0530
Saved model to model-checkpoints/transformer/italian/low/model_339.pth

Train Epoch: 340 started
Train Epoch: 340, loss: 0.35290
Validation. Epoch: 340, loss: 1.2669, accuracy: 0.0590
Saved model to model-checkpoints/transformer/italian/low/model_340.pth

Train Epoch: 341 started
Train Epoch: 341, loss: 0.32949
Validation. Epoch: 341, loss: 1.3131, accuracy: 0.0690
Saved model to model-checkpoints/transformer/italian/low/model_341.pth

Train Epoch: 342 started
Train Epoch: 342, loss: 0.37867
Validation. Epoch: 342, loss: 1.3079, accuracy: 0.0760
Saved model to model-checkpoints/transformer/italian/low/model_342.pth

Train Epoch: 343 started
Train Epoch: 343, loss: 0.35749
Validation. Epoch: 343, loss: 1.2853, accuracy: 0.0690
Saved model to model-checkpoints/transformer/italian/low/model_343.pth

Train Epoch: 344 started
Train Epoch: 344, loss: 0.35537
Validation. Epoch: 344, loss: 1.2803, accuracy: 0.0640
Saved model to model-checkpoints/transformer/italian/low/model_344.pth

Train Epoch: 345 started
Train Epoch: 345, loss: 0.32760
Validation. Epoch: 345, loss: 1.3210, accuracy: 0.0640
Saved model to model-checkpoints/transformer/italian/low/model_345.pth

Train Epoch: 346 started
Train Epoch: 346, loss: 0.37044
Validation. Epoch: 346, loss: 1.3127, accuracy: 0.0600
Saved model to model-checkpoints/transformer/italian/low/model_346.pth

Train Epoch: 347 started
Train Epoch: 347, loss: 0.30485
Validation. Epoch: 347, loss: 1.2897, accuracy: 0.0660
Saved model to model-checkpoints/transformer/italian/low/model_347.pth

Train Epoch: 348 started
Train Epoch: 348, loss: 0.30581
Validation. Epoch: 348, loss: 1.2897, accuracy: 0.0700
Saved model to model-checkpoints/transformer/italian/low/model_348.pth

Train Epoch: 349 started
Train Epoch: 349, loss: 0.31610
Validation. Epoch: 349, loss: 1.2763, accuracy: 0.0670
Saved model to model-checkpoints/transformer/italian/low/model_349.pth

Train Epoch: 350 started
Train Epoch: 350, loss: 0.31737
Validation. Epoch: 350, loss: 1.2860, accuracy: 0.0660
Saved model to model-checkpoints/transformer/italian/low/model_350.pth

Train Epoch: 351 started
Train Epoch: 351, loss: 0.29734
Validation. Epoch: 351, loss: 1.2856, accuracy: 0.0640
Saved model to model-checkpoints/transformer/italian/low/model_351.pth

Train Epoch: 352 started
Train Epoch: 352, loss: 0.32808
Validation. Epoch: 352, loss: 1.2957, accuracy: 0.0600
Saved model to model-checkpoints/transformer/italian/low/model_352.pth

Train Epoch: 353 started
Train Epoch: 353, loss: 0.32370
Validation. Epoch: 353, loss: 1.3204, accuracy: 0.0570
Saved model to model-checkpoints/transformer/italian/low/model_353.pth

Train Epoch: 354 started
Train Epoch: 354, loss: 0.32279
Validation. Epoch: 354, loss: 1.3140, accuracy: 0.0620
Saved model to model-checkpoints/transformer/italian/low/model_354.pth

Train Epoch: 355 started
Train Epoch: 355, loss: 0.34925
Validation. Epoch: 355, loss: 1.2946, accuracy: 0.0700
Saved model to model-checkpoints/transformer/italian/low/model_355.pth

Train Epoch: 356 started
Train Epoch: 356, loss: 0.30812
Validation. Epoch: 356, loss: 1.3019, accuracy: 0.0650
Saved model to model-checkpoints/transformer/italian/low/model_356.pth

Train Epoch: 357 started
Train Epoch: 357, loss: 0.31573
Validation. Epoch: 357, loss: 1.2956, accuracy: 0.0680
Saved model to model-checkpoints/transformer/italian/low/model_357.pth

Train Epoch: 358 started
Train Epoch: 358, loss: 0.28947
Validation. Epoch: 358, loss: 1.3190, accuracy: 0.0690
Saved model to model-checkpoints/transformer/italian/low/model_358.pth

Train Epoch: 359 started
Train Epoch: 359, loss: 0.32597
Validation. Epoch: 359, loss: 1.3146, accuracy: 0.0760
Saved model to model-checkpoints/transformer/italian/low/model_359.pth

Train Epoch: 360 started
Train Epoch: 360, loss: 0.31677
Validation. Epoch: 360, loss: 1.2903, accuracy: 0.0750
Saved model to model-checkpoints/transformer/italian/low/model_360.pth

Train Epoch: 361 started
Train Epoch: 361, loss: 0.31251
Validation. Epoch: 361, loss: 1.3037, accuracy: 0.0750
Saved model to model-checkpoints/transformer/italian/low/model_361.pth

Train Epoch: 362 started
Train Epoch: 362, loss: 0.29845
Validation. Epoch: 362, loss: 1.2980, accuracy: 0.0790
Saved model to model-checkpoints/transformer/italian/low/model_362.pth

Train Epoch: 363 started
Train Epoch: 363, loss: 0.32630
Validation. Epoch: 363, loss: 1.2735, accuracy: 0.0820
Saved model to model-checkpoints/transformer/italian/low/model_363.pth

Train Epoch: 364 started
Train Epoch: 364, loss: 0.29572
Validation. Epoch: 364, loss: 1.2820, accuracy: 0.0730
Saved model to model-checkpoints/transformer/italian/low/model_364.pth

Train Epoch: 365 started
Train Epoch: 365, loss: 0.32093
Validation. Epoch: 365, loss: 1.2934, accuracy: 0.0740
Saved model to model-checkpoints/transformer/italian/low/model_365.pth

Train Epoch: 366 started
Train Epoch: 366, loss: 0.29592
Validation. Epoch: 366, loss: 1.3037, accuracy: 0.0750
Saved model to model-checkpoints/transformer/italian/low/model_366.pth

Train Epoch: 367 started
Train Epoch: 367, loss: 0.33569
Validation. Epoch: 367, loss: 1.3097, accuracy: 0.0820
Saved model to model-checkpoints/transformer/italian/low/model_367.pth

Train Epoch: 368 started
Train Epoch: 368, loss: 0.27571
Validation. Epoch: 368, loss: 1.3059, accuracy: 0.0760
Saved model to model-checkpoints/transformer/italian/low/model_368.pth

Train Epoch: 369 started
Train Epoch: 369, loss: 0.30538
Validation. Epoch: 369, loss: 1.2840, accuracy: 0.0760
Saved model to model-checkpoints/transformer/italian/low/model_369.pth

Train Epoch: 370 started
Train Epoch: 370, loss: 0.28331
Validation. Epoch: 370, loss: 1.2603, accuracy: 0.0670
Saved model to model-checkpoints/transformer/italian/low/model_370.pth

Train Epoch: 371 started
Train Epoch: 371, loss: 0.29063
Validation. Epoch: 371, loss: 1.2706, accuracy: 0.0730
Saved model to model-checkpoints/transformer/italian/low/model_371.pth

Train Epoch: 372 started
Train Epoch: 372, loss: 0.26694
Validation. Epoch: 372, loss: 1.2844, accuracy: 0.0710
Saved model to model-checkpoints/transformer/italian/low/model_372.pth

Train Epoch: 373 started
Train Epoch: 373, loss: 0.29071
Validation. Epoch: 373, loss: 1.2712, accuracy: 0.0710
Saved model to model-checkpoints/transformer/italian/low/model_373.pth

Train Epoch: 374 started
Train Epoch: 374, loss: 0.27087
Validation. Epoch: 374, loss: 1.2764, accuracy: 0.0710
Saved model to model-checkpoints/transformer/italian/low/model_374.pth

Train Epoch: 375 started
Train Epoch: 375, loss: 0.27385
Validation. Epoch: 375, loss: 1.2841, accuracy: 0.0760
Saved model to model-checkpoints/transformer/italian/low/model_375.pth

Train Epoch: 376 started
Train Epoch: 376, loss: 0.28750
Validation. Epoch: 376, loss: 1.2932, accuracy: 0.0790
Saved model to model-checkpoints/transformer/italian/low/model_376.pth

Train Epoch: 377 started
Train Epoch: 377, loss: 0.29246
Validation. Epoch: 377, loss: 1.2893, accuracy: 0.0870
Saved model to model-checkpoints/transformer/italian/low/model_377.pth

Train Epoch: 378 started
Train Epoch: 378, loss: 0.26744
Validation. Epoch: 378, loss: 1.2759, accuracy: 0.0890
Saved model to model-checkpoints/transformer/italian/low/model_378.pth

Train Epoch: 379 started
Train Epoch: 379, loss: 0.25791
Validation. Epoch: 379, loss: 1.2859, accuracy: 0.0890
Saved model to model-checkpoints/transformer/italian/low/model_379.pth

Train Epoch: 380 started
Train Epoch: 380, loss: 0.27790
Validation. Epoch: 380, loss: 1.3040, accuracy: 0.0900
Saved model to model-checkpoints/transformer/italian/low/model_380.pth

Train Epoch: 381 started
Train Epoch: 381, loss: 0.28689
Validation. Epoch: 381, loss: 1.3067, accuracy: 0.0890
Saved model to model-checkpoints/transformer/italian/low/model_381.pth

Train Epoch: 382 started
Train Epoch: 382, loss: 0.27522
Validation. Epoch: 382, loss: 1.3277, accuracy: 0.0760
Saved model to model-checkpoints/transformer/italian/low/model_382.pth

Train Epoch: 383 started
Train Epoch: 383, loss: 0.25801
Validation. Epoch: 383, loss: 1.3297, accuracy: 0.0760
Saved model to model-checkpoints/transformer/italian/low/model_383.pth

Train Epoch: 384 started
Train Epoch: 384, loss: 0.27731
Validation. Epoch: 384, loss: 1.3042, accuracy: 0.0740
Saved model to model-checkpoints/transformer/italian/low/model_384.pth

Train Epoch: 385 started
Train Epoch: 385, loss: 0.28411
Validation. Epoch: 385, loss: 1.3173, accuracy: 0.0720
Saved model to model-checkpoints/transformer/italian/low/model_385.pth

Train Epoch: 386 started
Train Epoch: 386, loss: 0.26225
Validation. Epoch: 386, loss: 1.3240, accuracy: 0.0780
Saved model to model-checkpoints/transformer/italian/low/model_386.pth

Train Epoch: 387 started
Train Epoch: 387, loss: 0.29096
Validation. Epoch: 387, loss: 1.2866, accuracy: 0.0790
Saved model to model-checkpoints/transformer/italian/low/model_387.pth

Train Epoch: 388 started
Train Epoch: 388, loss: 0.30244
Validation. Epoch: 388, loss: 1.2957, accuracy: 0.0690
Saved model to model-checkpoints/transformer/italian/low/model_388.pth

Train Epoch: 389 started
Train Epoch: 389, loss: 0.28118
Validation. Epoch: 389, loss: 1.3046, accuracy: 0.0740
Saved model to model-checkpoints/transformer/italian/low/model_389.pth

Train Epoch: 390 started
Train Epoch: 390, loss: 0.26134
Validation. Epoch: 390, loss: 1.3209, accuracy: 0.0780
Saved model to model-checkpoints/transformer/italian/low/model_390.pth

Train Epoch: 391 started
Train Epoch: 391, loss: 0.25911
Validation. Epoch: 391, loss: 1.3152, accuracy: 0.0760
Saved model to model-checkpoints/transformer/italian/low/model_391.pth

Train Epoch: 392 started
Train Epoch: 392, loss: 0.27005
Validation. Epoch: 392, loss: 1.3071, accuracy: 0.0730
Saved model to model-checkpoints/transformer/italian/low/model_392.pth

Train Epoch: 393 started
Train Epoch: 393, loss: 0.27097
Validation. Epoch: 393, loss: 1.3065, accuracy: 0.0800
Saved model to model-checkpoints/transformer/italian/low/model_393.pth

Train Epoch: 394 started
Train Epoch: 394, loss: 0.27849
Validation. Epoch: 394, loss: 1.2972, accuracy: 0.0820
Saved model to model-checkpoints/transformer/italian/low/model_394.pth

Train Epoch: 395 started
Train Epoch: 395, loss: 0.26202
Validation. Epoch: 395, loss: 1.3124, accuracy: 0.0770
Saved model to model-checkpoints/transformer/italian/low/model_395.pth

Train Epoch: 396 started
Train Epoch: 396, loss: 0.29240
Validation. Epoch: 396, loss: 1.3166, accuracy: 0.0790
Saved model to model-checkpoints/transformer/italian/low/model_396.pth

Train Epoch: 397 started
Train Epoch: 397, loss: 0.25317
Validation. Epoch: 397, loss: 1.3163, accuracy: 0.0820
Saved model to model-checkpoints/transformer/italian/low/model_397.pth

Train Epoch: 398 started
Train Epoch: 398, loss: 0.26244
Validation. Epoch: 398, loss: 1.3106, accuracy: 0.0850
Saved model to model-checkpoints/transformer/italian/low/model_398.pth

Train Epoch: 399 started
Train Epoch: 399, loss: 0.25407
Validation. Epoch: 399, loss: 1.3261, accuracy: 0.0820
Saved model to model-checkpoints/transformer/italian/low/model_399.pth

Train Epoch: 400 started
Train Epoch: 400, loss: 0.26018
Validation. Epoch: 400, loss: 1.3339, accuracy: 0.0820
Saved model to model-checkpoints/transformer/italian/low/model_400.pth

Finished training, best model on validation set:  286
