
Train Epoch: 1 started
Train Epoch: 1, loss: 3.19715
Validation. Epoch: 1, loss: 3.0060, accuracy: 0.0000
Saved model to model-checkpoints/pointer_generator/spanish/low/model_1.pth
New best Loss, saved to model-checkpoints/pointer_generator/spanish/low/model_best.pth

Train Epoch: 2 started
Train Epoch: 2, loss: 3.05187
Validation. Epoch: 2, loss: 2.7591, accuracy: 0.0000
Saved model to model-checkpoints/pointer_generator/spanish/low/model_2.pth
New best Loss, saved to model-checkpoints/pointer_generator/spanish/low/model_best.pth

Train Epoch: 3 started
Train Epoch: 3, loss: 2.87456
Validation. Epoch: 3, loss: 2.7580, accuracy: 0.0000
Saved model to model-checkpoints/pointer_generator/spanish/low/model_3.pth
New best Loss, saved to model-checkpoints/pointer_generator/spanish/low/model_best.pth

Train Epoch: 4 started
Train Epoch: 4, loss: 2.85334
Validation. Epoch: 4, loss: 2.6475, accuracy: 0.0000
Saved model to model-checkpoints/pointer_generator/spanish/low/model_4.pth
New best Loss, saved to model-checkpoints/pointer_generator/spanish/low/model_best.pth

Train Epoch: 5 started
Train Epoch: 5, loss: 2.75867
Validation. Epoch: 5, loss: 2.6282, accuracy: 0.0000
Saved model to model-checkpoints/pointer_generator/spanish/low/model_5.pth
New best Loss, saved to model-checkpoints/pointer_generator/spanish/low/model_best.pth

Train Epoch: 6 started
Train Epoch: 6, loss: 2.70350
Validation. Epoch: 6, loss: 2.5667, accuracy: 0.0000
Saved model to model-checkpoints/pointer_generator/spanish/low/model_6.pth
New best Loss, saved to model-checkpoints/pointer_generator/spanish/low/model_best.pth

Train Epoch: 7 started
Train Epoch: 7, loss: 2.64893
Validation. Epoch: 7, loss: 2.5433, accuracy: 0.0000
Saved model to model-checkpoints/pointer_generator/spanish/low/model_7.pth
New best Loss, saved to model-checkpoints/pointer_generator/spanish/low/model_best.pth

Train Epoch: 8 started
Train Epoch: 8, loss: 2.60466
Validation. Epoch: 8, loss: 2.4653, accuracy: 0.0000
Saved model to model-checkpoints/pointer_generator/spanish/low/model_8.pth
New best Loss, saved to model-checkpoints/pointer_generator/spanish/low/model_best.pth

Train Epoch: 9 started
Train Epoch: 9, loss: 2.57303
Validation. Epoch: 9, loss: 2.4274, accuracy: 0.0000
Saved model to model-checkpoints/pointer_generator/spanish/low/model_9.pth
New best Loss, saved to model-checkpoints/pointer_generator/spanish/low/model_best.pth

Train Epoch: 10 started
Train Epoch: 10, loss: 2.53776
Validation. Epoch: 10, loss: 2.3462, accuracy: 0.0000
Saved model to model-checkpoints/pointer_generator/spanish/low/model_10.pth
New best Loss, saved to model-checkpoints/pointer_generator/spanish/low/model_best.pth

Train Epoch: 11 started
Train Epoch: 11, loss: 2.50052
Validation. Epoch: 11, loss: 2.3030, accuracy: 0.0000
Saved model to model-checkpoints/pointer_generator/spanish/low/model_11.pth
New best Loss, saved to model-checkpoints/pointer_generator/spanish/low/model_best.pth

Train Epoch: 12 started
Train Epoch: 12, loss: 2.43368
Validation. Epoch: 12, loss: 2.2313, accuracy: 0.0000
Saved model to model-checkpoints/pointer_generator/spanish/low/model_12.pth
New best Loss, saved to model-checkpoints/pointer_generator/spanish/low/model_best.pth

Train Epoch: 13 started
Train Epoch: 13, loss: 2.39387
Validation. Epoch: 13, loss: 2.1552, accuracy: 0.0000
Saved model to model-checkpoints/pointer_generator/spanish/low/model_13.pth
New best Loss, saved to model-checkpoints/pointer_generator/spanish/low/model_best.pth

Train Epoch: 14 started
Train Epoch: 14, loss: 2.31336
Validation. Epoch: 14, loss: 2.1026, accuracy: 0.0000
Saved model to model-checkpoints/pointer_generator/spanish/low/model_14.pth
New best Loss, saved to model-checkpoints/pointer_generator/spanish/low/model_best.pth

Train Epoch: 15 started
Train Epoch: 15, loss: 2.28842
Validation. Epoch: 15, loss: 2.0397, accuracy: 0.0000
Saved model to model-checkpoints/pointer_generator/spanish/low/model_15.pth
New best Loss, saved to model-checkpoints/pointer_generator/spanish/low/model_best.pth

Train Epoch: 16 started
Train Epoch: 16, loss: 2.26630
Validation. Epoch: 16, loss: 1.9896, accuracy: 0.0000
Saved model to model-checkpoints/pointer_generator/spanish/low/model_16.pth
New best Loss, saved to model-checkpoints/pointer_generator/spanish/low/model_best.pth

Train Epoch: 17 started
Train Epoch: 17, loss: 2.18630
Validation. Epoch: 17, loss: 1.9662, accuracy: 0.0000
Saved model to model-checkpoints/pointer_generator/spanish/low/model_17.pth
New best Loss, saved to model-checkpoints/pointer_generator/spanish/low/model_best.pth

Train Epoch: 18 started
Train Epoch: 18, loss: 2.17096
Validation. Epoch: 18, loss: 1.9417, accuracy: 0.0000
Saved model to model-checkpoints/pointer_generator/spanish/low/model_18.pth
New best Loss, saved to model-checkpoints/pointer_generator/spanish/low/model_best.pth

Train Epoch: 19 started
Train Epoch: 19, loss: 2.14036
Validation. Epoch: 19, loss: 1.9094, accuracy: 0.0000
Saved model to model-checkpoints/pointer_generator/spanish/low/model_19.pth
New best Loss, saved to model-checkpoints/pointer_generator/spanish/low/model_best.pth

Train Epoch: 20 started
Train Epoch: 20, loss: 2.12157
Validation. Epoch: 20, loss: 1.8796, accuracy: 0.0000
Saved model to model-checkpoints/pointer_generator/spanish/low/model_20.pth
New best Loss, saved to model-checkpoints/pointer_generator/spanish/low/model_best.pth

Train Epoch: 21 started
Train Epoch: 21, loss: 2.07965
Validation. Epoch: 21, loss: 1.8764, accuracy: 0.0000
Saved model to model-checkpoints/pointer_generator/spanish/low/model_21.pth
New best Loss, saved to model-checkpoints/pointer_generator/spanish/low/model_best.pth

Train Epoch: 22 started
Train Epoch: 22, loss: 2.02113
Validation. Epoch: 22, loss: 1.8427, accuracy: 0.0000
Saved model to model-checkpoints/pointer_generator/spanish/low/model_22.pth
New best Loss, saved to model-checkpoints/pointer_generator/spanish/low/model_best.pth

Train Epoch: 23 started
Train Epoch: 23, loss: 2.08587
Validation. Epoch: 23, loss: 1.8146, accuracy: 0.0000
Saved model to model-checkpoints/pointer_generator/spanish/low/model_23.pth
New best Loss, saved to model-checkpoints/pointer_generator/spanish/low/model_best.pth

Train Epoch: 24 started
Train Epoch: 24, loss: 2.03039
Validation. Epoch: 24, loss: 1.8233, accuracy: 0.0000
Saved model to model-checkpoints/pointer_generator/spanish/low/model_24.pth

Train Epoch: 25 started
Train Epoch: 25, loss: 1.92981
Validation. Epoch: 25, loss: 1.7605, accuracy: 0.0000
Saved model to model-checkpoints/pointer_generator/spanish/low/model_25.pth
New best Loss, saved to model-checkpoints/pointer_generator/spanish/low/model_best.pth

Train Epoch: 26 started
Train Epoch: 26, loss: 1.99953
Validation. Epoch: 26, loss: 1.7722, accuracy: 0.0000
Saved model to model-checkpoints/pointer_generator/spanish/low/model_26.pth

Train Epoch: 27 started
Train Epoch: 27, loss: 1.94448
Validation. Epoch: 27, loss: 1.7641, accuracy: 0.0000
Saved model to model-checkpoints/pointer_generator/spanish/low/model_27.pth

Train Epoch: 28 started
Train Epoch: 28, loss: 1.92531
Validation. Epoch: 28, loss: 1.7933, accuracy: 0.0000
Saved model to model-checkpoints/pointer_generator/spanish/low/model_28.pth

Train Epoch: 29 started
Train Epoch: 29, loss: 1.95650
Validation. Epoch: 29, loss: 1.7434, accuracy: 0.0000
Saved model to model-checkpoints/pointer_generator/spanish/low/model_29.pth
New best Loss, saved to model-checkpoints/pointer_generator/spanish/low/model_best.pth

Train Epoch: 30 started
Train Epoch: 30, loss: 1.96114
Validation. Epoch: 30, loss: 1.7349, accuracy: 0.0020
Saved model to model-checkpoints/pointer_generator/spanish/low/model_30.pth
New best Loss, saved to model-checkpoints/pointer_generator/spanish/low/model_best.pth

Train Epoch: 31 started
Train Epoch: 31, loss: 1.91533
Validation. Epoch: 31, loss: 1.7011, accuracy: 0.0030
Saved model to model-checkpoints/pointer_generator/spanish/low/model_31.pth
New best Loss, saved to model-checkpoints/pointer_generator/spanish/low/model_best.pth

Train Epoch: 32 started
Train Epoch: 32, loss: 1.89719
Validation. Epoch: 32, loss: 1.6970, accuracy: 0.0000
Saved model to model-checkpoints/pointer_generator/spanish/low/model_32.pth
New best Loss, saved to model-checkpoints/pointer_generator/spanish/low/model_best.pth

Train Epoch: 33 started
Train Epoch: 33, loss: 1.85077
Validation. Epoch: 33, loss: 1.6749, accuracy: 0.0000
Saved model to model-checkpoints/pointer_generator/spanish/low/model_33.pth
New best Loss, saved to model-checkpoints/pointer_generator/spanish/low/model_best.pth

Train Epoch: 34 started
Train Epoch: 34, loss: 1.85669
Validation. Epoch: 34, loss: 1.6776, accuracy: 0.0010
Saved model to model-checkpoints/pointer_generator/spanish/low/model_34.pth

Train Epoch: 35 started
Train Epoch: 35, loss: 1.86794
Validation. Epoch: 35, loss: 1.6526, accuracy: 0.0020
Saved model to model-checkpoints/pointer_generator/spanish/low/model_35.pth
New best Loss, saved to model-checkpoints/pointer_generator/spanish/low/model_best.pth

Train Epoch: 36 started
Train Epoch: 36, loss: 1.83228
Validation. Epoch: 36, loss: 1.6159, accuracy: 0.0010
Saved model to model-checkpoints/pointer_generator/spanish/low/model_36.pth
New best Loss, saved to model-checkpoints/pointer_generator/spanish/low/model_best.pth

Train Epoch: 37 started
Train Epoch: 37, loss: 1.81364
Validation. Epoch: 37, loss: 1.6050, accuracy: 0.0010
Saved model to model-checkpoints/pointer_generator/spanish/low/model_37.pth
New best Loss, saved to model-checkpoints/pointer_generator/spanish/low/model_best.pth

Train Epoch: 38 started
Train Epoch: 38, loss: 1.79708
Validation. Epoch: 38, loss: 1.6248, accuracy: 0.0020
Saved model to model-checkpoints/pointer_generator/spanish/low/model_38.pth

Train Epoch: 39 started
Train Epoch: 39, loss: 1.78696
Validation. Epoch: 39, loss: 1.5835, accuracy: 0.0040
Saved model to model-checkpoints/pointer_generator/spanish/low/model_39.pth
New best Loss, saved to model-checkpoints/pointer_generator/spanish/low/model_best.pth

Train Epoch: 40 started
Train Epoch: 40, loss: 1.78469
Validation. Epoch: 40, loss: 1.5694, accuracy: 0.0010
Saved model to model-checkpoints/pointer_generator/spanish/low/model_40.pth
New best Loss, saved to model-checkpoints/pointer_generator/spanish/low/model_best.pth

Train Epoch: 41 started
Train Epoch: 41, loss: 1.73681
Validation. Epoch: 41, loss: 1.5775, accuracy: 0.0000
Saved model to model-checkpoints/pointer_generator/spanish/low/model_41.pth

Train Epoch: 42 started
Train Epoch: 42, loss: 1.72012
Validation. Epoch: 42, loss: 1.5442, accuracy: 0.0020
Saved model to model-checkpoints/pointer_generator/spanish/low/model_42.pth
New best Loss, saved to model-checkpoints/pointer_generator/spanish/low/model_best.pth

Train Epoch: 43 started
Train Epoch: 43, loss: 1.70121
Validation. Epoch: 43, loss: 1.5196, accuracy: 0.0030
Saved model to model-checkpoints/pointer_generator/spanish/low/model_43.pth
New best Loss, saved to model-checkpoints/pointer_generator/spanish/low/model_best.pth

Train Epoch: 44 started
Train Epoch: 44, loss: 1.73561
Validation. Epoch: 44, loss: 1.5208, accuracy: 0.0010
Saved model to model-checkpoints/pointer_generator/spanish/low/model_44.pth

Train Epoch: 45 started
Train Epoch: 45, loss: 1.66765
Validation. Epoch: 45, loss: 1.5055, accuracy: 0.0010
Saved model to model-checkpoints/pointer_generator/spanish/low/model_45.pth
New best Loss, saved to model-checkpoints/pointer_generator/spanish/low/model_best.pth

Train Epoch: 46 started
Train Epoch: 46, loss: 1.69764
Validation. Epoch: 46, loss: 1.4741, accuracy: 0.0080
Saved model to model-checkpoints/pointer_generator/spanish/low/model_46.pth
New best Loss, saved to model-checkpoints/pointer_generator/spanish/low/model_best.pth

Train Epoch: 47 started
Train Epoch: 47, loss: 1.66727
Validation. Epoch: 47, loss: 1.4513, accuracy: 0.0000
Saved model to model-checkpoints/pointer_generator/spanish/low/model_47.pth
New best Loss, saved to model-checkpoints/pointer_generator/spanish/low/model_best.pth

Train Epoch: 48 started
Train Epoch: 48, loss: 1.64225
Validation. Epoch: 48, loss: 1.4837, accuracy: 0.0020
Saved model to model-checkpoints/pointer_generator/spanish/low/model_48.pth

Train Epoch: 49 started
Train Epoch: 49, loss: 1.61531
Validation. Epoch: 49, loss: 1.4144, accuracy: 0.0080
Saved model to model-checkpoints/pointer_generator/spanish/low/model_49.pth
New best Loss, saved to model-checkpoints/pointer_generator/spanish/low/model_best.pth

Train Epoch: 50 started
Train Epoch: 50, loss: 1.61948
Validation. Epoch: 50, loss: 1.3941, accuracy: 0.0070
Saved model to model-checkpoints/pointer_generator/spanish/low/model_50.pth
New best Loss, saved to model-checkpoints/pointer_generator/spanish/low/model_best.pth

Train Epoch: 51 started
Train Epoch: 51, loss: 1.59539
Validation. Epoch: 51, loss: 1.4298, accuracy: 0.0020
Saved model to model-checkpoints/pointer_generator/spanish/low/model_51.pth

Train Epoch: 52 started
Train Epoch: 52, loss: 1.52763
Validation. Epoch: 52, loss: 1.3998, accuracy: 0.0040
Saved model to model-checkpoints/pointer_generator/spanish/low/model_52.pth

Train Epoch: 53 started
Train Epoch: 53, loss: 1.53410
Validation. Epoch: 53, loss: 1.4066, accuracy: 0.0060
Saved model to model-checkpoints/pointer_generator/spanish/low/model_53.pth

Train Epoch: 54 started
Train Epoch: 54, loss: 1.50828
Validation. Epoch: 54, loss: 1.3808, accuracy: 0.0080
Saved model to model-checkpoints/pointer_generator/spanish/low/model_54.pth
New best Loss, saved to model-checkpoints/pointer_generator/spanish/low/model_best.pth

Train Epoch: 55 started
Train Epoch: 55, loss: 1.51498
Validation. Epoch: 55, loss: 1.3539, accuracy: 0.0080
Saved model to model-checkpoints/pointer_generator/spanish/low/model_55.pth
New best Loss, saved to model-checkpoints/pointer_generator/spanish/low/model_best.pth

Train Epoch: 56 started
Train Epoch: 56, loss: 1.49068
Validation. Epoch: 56, loss: 1.3249, accuracy: 0.0020
Saved model to model-checkpoints/pointer_generator/spanish/low/model_56.pth
New best Loss, saved to model-checkpoints/pointer_generator/spanish/low/model_best.pth

Train Epoch: 57 started
Train Epoch: 57, loss: 1.48660
Validation. Epoch: 57, loss: 1.3488, accuracy: 0.0010
Saved model to model-checkpoints/pointer_generator/spanish/low/model_57.pth

Train Epoch: 58 started
Train Epoch: 58, loss: 1.48867
Validation. Epoch: 58, loss: 1.2995, accuracy: 0.0100
Saved model to model-checkpoints/pointer_generator/spanish/low/model_58.pth
New best Loss, saved to model-checkpoints/pointer_generator/spanish/low/model_best.pth

Train Epoch: 59 started
Train Epoch: 59, loss: 1.47949
Validation. Epoch: 59, loss: 1.2842, accuracy: 0.0110
Saved model to model-checkpoints/pointer_generator/spanish/low/model_59.pth
New best Loss, saved to model-checkpoints/pointer_generator/spanish/low/model_best.pth

Train Epoch: 60 started
Train Epoch: 60, loss: 1.39729
Validation. Epoch: 60, loss: 1.3106, accuracy: 0.0070
Saved model to model-checkpoints/pointer_generator/spanish/low/model_60.pth

Train Epoch: 61 started
Train Epoch: 61, loss: 1.42002
Validation. Epoch: 61, loss: 1.2866, accuracy: 0.0030
Saved model to model-checkpoints/pointer_generator/spanish/low/model_61.pth

Train Epoch: 62 started
Train Epoch: 62, loss: 1.39084
Validation. Epoch: 62, loss: 1.2694, accuracy: 0.0100
Saved model to model-checkpoints/pointer_generator/spanish/low/model_62.pth
New best Loss, saved to model-checkpoints/pointer_generator/spanish/low/model_best.pth

Train Epoch: 63 started
Train Epoch: 63, loss: 1.40291
Validation. Epoch: 63, loss: 1.2754, accuracy: 0.0080
Saved model to model-checkpoints/pointer_generator/spanish/low/model_63.pth

Train Epoch: 64 started
Train Epoch: 64, loss: 1.35076
Validation. Epoch: 64, loss: 1.2243, accuracy: 0.0170
Saved model to model-checkpoints/pointer_generator/spanish/low/model_64.pth
New best Loss, saved to model-checkpoints/pointer_generator/spanish/low/model_best.pth

Train Epoch: 65 started
Train Epoch: 65, loss: 1.34730
Validation. Epoch: 65, loss: 1.2308, accuracy: 0.0070
Saved model to model-checkpoints/pointer_generator/spanish/low/model_65.pth

Train Epoch: 66 started
Train Epoch: 66, loss: 1.32344
Validation. Epoch: 66, loss: 1.1993, accuracy: 0.0120
Saved model to model-checkpoints/pointer_generator/spanish/low/model_66.pth
New best Loss, saved to model-checkpoints/pointer_generator/spanish/low/model_best.pth

Train Epoch: 67 started
Train Epoch: 67, loss: 1.31339
Validation. Epoch: 67, loss: 1.1725, accuracy: 0.0280
Saved model to model-checkpoints/pointer_generator/spanish/low/model_67.pth
New best Loss, saved to model-checkpoints/pointer_generator/spanish/low/model_best.pth

Train Epoch: 68 started
Train Epoch: 68, loss: 1.32884
Validation. Epoch: 68, loss: 1.1615, accuracy: 0.0140
Saved model to model-checkpoints/pointer_generator/spanish/low/model_68.pth
New best Loss, saved to model-checkpoints/pointer_generator/spanish/low/model_best.pth

Train Epoch: 69 started
Train Epoch: 69, loss: 1.31763
Validation. Epoch: 69, loss: 1.1559, accuracy: 0.0140
Saved model to model-checkpoints/pointer_generator/spanish/low/model_69.pth
New best Loss, saved to model-checkpoints/pointer_generator/spanish/low/model_best.pth

Train Epoch: 70 started
Train Epoch: 70, loss: 1.25080
Validation. Epoch: 70, loss: 1.1667, accuracy: 0.0200
Saved model to model-checkpoints/pointer_generator/spanish/low/model_70.pth

Train Epoch: 71 started
Train Epoch: 71, loss: 1.29605
Validation. Epoch: 71, loss: 1.1720, accuracy: 0.0210
Saved model to model-checkpoints/pointer_generator/spanish/low/model_71.pth

Train Epoch: 72 started
Train Epoch: 72, loss: 1.23977
Validation. Epoch: 72, loss: 1.1462, accuracy: 0.0210
Saved model to model-checkpoints/pointer_generator/spanish/low/model_72.pth
New best Loss, saved to model-checkpoints/pointer_generator/spanish/low/model_best.pth

Train Epoch: 73 started
Train Epoch: 73, loss: 1.20248
Validation. Epoch: 73, loss: 1.1362, accuracy: 0.0190
Saved model to model-checkpoints/pointer_generator/spanish/low/model_73.pth
New best Loss, saved to model-checkpoints/pointer_generator/spanish/low/model_best.pth

Train Epoch: 74 started
Train Epoch: 74, loss: 1.23108
Validation. Epoch: 74, loss: 1.1290, accuracy: 0.0230
Saved model to model-checkpoints/pointer_generator/spanish/low/model_74.pth
New best Loss, saved to model-checkpoints/pointer_generator/spanish/low/model_best.pth

Train Epoch: 75 started
Train Epoch: 75, loss: 1.21469
Validation. Epoch: 75, loss: 1.0951, accuracy: 0.0250
Saved model to model-checkpoints/pointer_generator/spanish/low/model_75.pth
New best Loss, saved to model-checkpoints/pointer_generator/spanish/low/model_best.pth

Train Epoch: 76 started
Train Epoch: 76, loss: 1.21973
Validation. Epoch: 76, loss: 1.0756, accuracy: 0.0240
Saved model to model-checkpoints/pointer_generator/spanish/low/model_76.pth
New best Loss, saved to model-checkpoints/pointer_generator/spanish/low/model_best.pth

Train Epoch: 77 started
Train Epoch: 77, loss: 1.20559
Validation. Epoch: 77, loss: 1.0637, accuracy: 0.0420
Saved model to model-checkpoints/pointer_generator/spanish/low/model_77.pth
New best Loss, saved to model-checkpoints/pointer_generator/spanish/low/model_best.pth

Train Epoch: 78 started
Train Epoch: 78, loss: 1.21943
Validation. Epoch: 78, loss: 1.0678, accuracy: 0.0370
Saved model to model-checkpoints/pointer_generator/spanish/low/model_78.pth

Train Epoch: 79 started
Train Epoch: 79, loss: 1.17678
Validation. Epoch: 79, loss: 1.0694, accuracy: 0.0400
Saved model to model-checkpoints/pointer_generator/spanish/low/model_79.pth

Train Epoch: 80 started
Train Epoch: 80, loss: 1.12215
Validation. Epoch: 80, loss: 1.0488, accuracy: 0.0290
Saved model to model-checkpoints/pointer_generator/spanish/low/model_80.pth
New best Loss, saved to model-checkpoints/pointer_generator/spanish/low/model_best.pth

Train Epoch: 81 started
Train Epoch: 81, loss: 1.11938
Validation. Epoch: 81, loss: 1.0579, accuracy: 0.0330
Saved model to model-checkpoints/pointer_generator/spanish/low/model_81.pth

Train Epoch: 82 started
Train Epoch: 82, loss: 1.08855
Validation. Epoch: 82, loss: 1.0411, accuracy: 0.0350
Saved model to model-checkpoints/pointer_generator/spanish/low/model_82.pth
New best Loss, saved to model-checkpoints/pointer_generator/spanish/low/model_best.pth

Train Epoch: 83 started
Train Epoch: 83, loss: 1.09475
Validation. Epoch: 83, loss: 1.0350, accuracy: 0.0250
Saved model to model-checkpoints/pointer_generator/spanish/low/model_83.pth
New best Loss, saved to model-checkpoints/pointer_generator/spanish/low/model_best.pth

Train Epoch: 84 started
Train Epoch: 84, loss: 1.12301
Validation. Epoch: 84, loss: 1.0262, accuracy: 0.0350
Saved model to model-checkpoints/pointer_generator/spanish/low/model_84.pth
New best Loss, saved to model-checkpoints/pointer_generator/spanish/low/model_best.pth

Train Epoch: 85 started
Train Epoch: 85, loss: 1.10972
Validation. Epoch: 85, loss: 1.0110, accuracy: 0.0420
Saved model to model-checkpoints/pointer_generator/spanish/low/model_85.pth
New best Loss, saved to model-checkpoints/pointer_generator/spanish/low/model_best.pth

Train Epoch: 86 started
Train Epoch: 86, loss: 1.07156
Validation. Epoch: 86, loss: 0.9984, accuracy: 0.0440
Saved model to model-checkpoints/pointer_generator/spanish/low/model_86.pth
New best Loss, saved to model-checkpoints/pointer_generator/spanish/low/model_best.pth

Train Epoch: 87 started
Train Epoch: 87, loss: 1.08165
Validation. Epoch: 87, loss: 1.0260, accuracy: 0.0290
Saved model to model-checkpoints/pointer_generator/spanish/low/model_87.pth

Train Epoch: 88 started
Train Epoch: 88, loss: 1.07906
Validation. Epoch: 88, loss: 1.0423, accuracy: 0.0280
Saved model to model-checkpoints/pointer_generator/spanish/low/model_88.pth

Train Epoch: 89 started
Train Epoch: 89, loss: 1.05918
Validation. Epoch: 89, loss: 1.0032, accuracy: 0.0390
Saved model to model-checkpoints/pointer_generator/spanish/low/model_89.pth

Train Epoch: 90 started
Train Epoch: 90, loss: 1.07332
Validation. Epoch: 90, loss: 1.0026, accuracy: 0.0520
Saved model to model-checkpoints/pointer_generator/spanish/low/model_90.pth

Train Epoch: 91 started
Train Epoch: 91, loss: 1.00757
Validation. Epoch: 91, loss: 1.0225, accuracy: 0.0240
Saved model to model-checkpoints/pointer_generator/spanish/low/model_91.pth

Train Epoch: 92 started
Train Epoch: 92, loss: 1.00509
Validation. Epoch: 92, loss: 0.9893, accuracy: 0.0360
Saved model to model-checkpoints/pointer_generator/spanish/low/model_92.pth
New best Loss, saved to model-checkpoints/pointer_generator/spanish/low/model_best.pth

Train Epoch: 93 started
Train Epoch: 93, loss: 1.03636
Validation. Epoch: 93, loss: 0.9828, accuracy: 0.0320
Saved model to model-checkpoints/pointer_generator/spanish/low/model_93.pth
New best Loss, saved to model-checkpoints/pointer_generator/spanish/low/model_best.pth

Train Epoch: 94 started
Train Epoch: 94, loss: 1.02079
Validation. Epoch: 94, loss: 0.9854, accuracy: 0.0450
Saved model to model-checkpoints/pointer_generator/spanish/low/model_94.pth

Train Epoch: 95 started
Train Epoch: 95, loss: 0.99659
Validation. Epoch: 95, loss: 0.9575, accuracy: 0.0510
Saved model to model-checkpoints/pointer_generator/spanish/low/model_95.pth
New best Loss, saved to model-checkpoints/pointer_generator/spanish/low/model_best.pth

Train Epoch: 96 started
Train Epoch: 96, loss: 0.98982
Validation. Epoch: 96, loss: 0.9539, accuracy: 0.0320
Saved model to model-checkpoints/pointer_generator/spanish/low/model_96.pth
New best Loss, saved to model-checkpoints/pointer_generator/spanish/low/model_best.pth

Train Epoch: 97 started
Train Epoch: 97, loss: 0.93517
Validation. Epoch: 97, loss: 0.9608, accuracy: 0.0580
Saved model to model-checkpoints/pointer_generator/spanish/low/model_97.pth

Train Epoch: 98 started
Train Epoch: 98, loss: 0.98969
Validation. Epoch: 98, loss: 0.9440, accuracy: 0.0440
Saved model to model-checkpoints/pointer_generator/spanish/low/model_98.pth
New best Loss, saved to model-checkpoints/pointer_generator/spanish/low/model_best.pth

Train Epoch: 99 started
Train Epoch: 99, loss: 0.94146
Validation. Epoch: 99, loss: 0.9314, accuracy: 0.0580
Saved model to model-checkpoints/pointer_generator/spanish/low/model_99.pth
New best Loss, saved to model-checkpoints/pointer_generator/spanish/low/model_best.pth

Train Epoch: 100 started
Train Epoch: 100, loss: 0.98041
Validation. Epoch: 100, loss: 0.9568, accuracy: 0.0340
Saved model to model-checkpoints/pointer_generator/spanish/low/model_100.pth

Train Epoch: 101 started
Train Epoch: 101, loss: 0.98247
Validation. Epoch: 101, loss: 0.9304, accuracy: 0.0540
Saved model to model-checkpoints/pointer_generator/spanish/low/model_101.pth
New best Loss, saved to model-checkpoints/pointer_generator/spanish/low/model_best.pth

Train Epoch: 102 started
Train Epoch: 102, loss: 0.95103
Validation. Epoch: 102, loss: 0.9485, accuracy: 0.0350
Saved model to model-checkpoints/pointer_generator/spanish/low/model_102.pth

Train Epoch: 103 started
Train Epoch: 103, loss: 0.97078
Validation. Epoch: 103, loss: 0.9224, accuracy: 0.0490
Saved model to model-checkpoints/pointer_generator/spanish/low/model_103.pth
New best Loss, saved to model-checkpoints/pointer_generator/spanish/low/model_best.pth

Train Epoch: 104 started
Train Epoch: 104, loss: 0.91323
Validation. Epoch: 104, loss: 0.9116, accuracy: 0.0530
Saved model to model-checkpoints/pointer_generator/spanish/low/model_104.pth
New best Loss, saved to model-checkpoints/pointer_generator/spanish/low/model_best.pth

Train Epoch: 105 started
Train Epoch: 105, loss: 0.88081
Validation. Epoch: 105, loss: 0.9113, accuracy: 0.0660
Saved model to model-checkpoints/pointer_generator/spanish/low/model_105.pth
New best Loss, saved to model-checkpoints/pointer_generator/spanish/low/model_best.pth

Train Epoch: 106 started
Train Epoch: 106, loss: 0.89451
Validation. Epoch: 106, loss: 0.9155, accuracy: 0.0740
Saved model to model-checkpoints/pointer_generator/spanish/low/model_106.pth

Train Epoch: 107 started
Train Epoch: 107, loss: 0.91940
Validation. Epoch: 107, loss: 0.9051, accuracy: 0.0430
Saved model to model-checkpoints/pointer_generator/spanish/low/model_107.pth
New best Loss, saved to model-checkpoints/pointer_generator/spanish/low/model_best.pth

Train Epoch: 108 started
Train Epoch: 108, loss: 0.87873
Validation. Epoch: 108, loss: 0.9022, accuracy: 0.0670
Saved model to model-checkpoints/pointer_generator/spanish/low/model_108.pth
New best Loss, saved to model-checkpoints/pointer_generator/spanish/low/model_best.pth

Train Epoch: 109 started
Train Epoch: 109, loss: 0.89218
Validation. Epoch: 109, loss: 0.9366, accuracy: 0.0370
Saved model to model-checkpoints/pointer_generator/spanish/low/model_109.pth

Train Epoch: 110 started
Train Epoch: 110, loss: 0.89458
Validation. Epoch: 110, loss: 0.9112, accuracy: 0.0610
Saved model to model-checkpoints/pointer_generator/spanish/low/model_110.pth

Train Epoch: 111 started
Train Epoch: 111, loss: 0.89082
Validation. Epoch: 111, loss: 0.8994, accuracy: 0.0660
Saved model to model-checkpoints/pointer_generator/spanish/low/model_111.pth
New best Loss, saved to model-checkpoints/pointer_generator/spanish/low/model_best.pth

Train Epoch: 112 started
Train Epoch: 112, loss: 0.85642
Validation. Epoch: 112, loss: 0.8840, accuracy: 0.0600
Saved model to model-checkpoints/pointer_generator/spanish/low/model_112.pth
New best Loss, saved to model-checkpoints/pointer_generator/spanish/low/model_best.pth

Train Epoch: 113 started
Train Epoch: 113, loss: 0.86645
Validation. Epoch: 113, loss: 0.9000, accuracy: 0.0680
Saved model to model-checkpoints/pointer_generator/spanish/low/model_113.pth

Train Epoch: 114 started
Train Epoch: 114, loss: 0.88230
Validation. Epoch: 114, loss: 0.8721, accuracy: 0.0880
Saved model to model-checkpoints/pointer_generator/spanish/low/model_114.pth
New best Loss, saved to model-checkpoints/pointer_generator/spanish/low/model_best.pth

Train Epoch: 115 started
Train Epoch: 115, loss: 0.81294
Validation. Epoch: 115, loss: 0.8979, accuracy: 0.0790
Saved model to model-checkpoints/pointer_generator/spanish/low/model_115.pth

Train Epoch: 116 started
Train Epoch: 116, loss: 0.85091
Validation. Epoch: 116, loss: 0.8962, accuracy: 0.0820
Saved model to model-checkpoints/pointer_generator/spanish/low/model_116.pth

Train Epoch: 117 started
Train Epoch: 117, loss: 0.84686
Validation. Epoch: 117, loss: 0.8863, accuracy: 0.0890
Saved model to model-checkpoints/pointer_generator/spanish/low/model_117.pth

Train Epoch: 118 started
Train Epoch: 118, loss: 0.87180
Validation. Epoch: 118, loss: 0.8767, accuracy: 0.0870
Saved model to model-checkpoints/pointer_generator/spanish/low/model_118.pth

Train Epoch: 119 started
Train Epoch: 119, loss: 0.81203
Validation. Epoch: 119, loss: 0.8642, accuracy: 0.0920
Saved model to model-checkpoints/pointer_generator/spanish/low/model_119.pth
New best Loss, saved to model-checkpoints/pointer_generator/spanish/low/model_best.pth

Train Epoch: 120 started
Train Epoch: 120, loss: 0.84186
Validation. Epoch: 120, loss: 0.8631, accuracy: 0.0730
Saved model to model-checkpoints/pointer_generator/spanish/low/model_120.pth
New best Loss, saved to model-checkpoints/pointer_generator/spanish/low/model_best.pth

Train Epoch: 121 started
Train Epoch: 121, loss: 0.82351
Validation. Epoch: 121, loss: 0.8831, accuracy: 0.0750
Saved model to model-checkpoints/pointer_generator/spanish/low/model_121.pth

Train Epoch: 122 started
Train Epoch: 122, loss: 0.81763
Validation. Epoch: 122, loss: 0.8567, accuracy: 0.0770
Saved model to model-checkpoints/pointer_generator/spanish/low/model_122.pth
New best Loss, saved to model-checkpoints/pointer_generator/spanish/low/model_best.pth

Train Epoch: 123 started
Train Epoch: 123, loss: 0.80734
Validation. Epoch: 123, loss: 0.8406, accuracy: 0.0960
Saved model to model-checkpoints/pointer_generator/spanish/low/model_123.pth
New best Loss, saved to model-checkpoints/pointer_generator/spanish/low/model_best.pth

Train Epoch: 124 started
Train Epoch: 124, loss: 0.81420
Validation. Epoch: 124, loss: 0.8643, accuracy: 0.0900
Saved model to model-checkpoints/pointer_generator/spanish/low/model_124.pth

Train Epoch: 125 started
Train Epoch: 125, loss: 0.78926
Validation. Epoch: 125, loss: 0.8394, accuracy: 0.0970
Saved model to model-checkpoints/pointer_generator/spanish/low/model_125.pth
New best Loss, saved to model-checkpoints/pointer_generator/spanish/low/model_best.pth

Train Epoch: 126 started
Train Epoch: 126, loss: 0.77755
Validation. Epoch: 126, loss: 0.8479, accuracy: 0.1010
Saved model to model-checkpoints/pointer_generator/spanish/low/model_126.pth

Train Epoch: 127 started
Train Epoch: 127, loss: 0.73524
Validation. Epoch: 127, loss: 0.8848, accuracy: 0.0700
Saved model to model-checkpoints/pointer_generator/spanish/low/model_127.pth

Train Epoch: 128 started
Train Epoch: 128, loss: 0.76898
Validation. Epoch: 128, loss: 0.8375, accuracy: 0.0950
Saved model to model-checkpoints/pointer_generator/spanish/low/model_128.pth
New best Loss, saved to model-checkpoints/pointer_generator/spanish/low/model_best.pth

Train Epoch: 129 started
Train Epoch: 129, loss: 0.74415
Validation. Epoch: 129, loss: 0.8199, accuracy: 0.1100
Saved model to model-checkpoints/pointer_generator/spanish/low/model_129.pth
New best Loss, saved to model-checkpoints/pointer_generator/spanish/low/model_best.pth

Train Epoch: 130 started
Train Epoch: 130, loss: 0.77915
Validation. Epoch: 130, loss: 0.8450, accuracy: 0.0950
Saved model to model-checkpoints/pointer_generator/spanish/low/model_130.pth

Train Epoch: 131 started
Train Epoch: 131, loss: 0.76507
Validation. Epoch: 131, loss: 0.8285, accuracy: 0.1090
Saved model to model-checkpoints/pointer_generator/spanish/low/model_131.pth

Train Epoch: 132 started
Train Epoch: 132, loss: 0.77292
Validation. Epoch: 132, loss: 0.8137, accuracy: 0.1260
Saved model to model-checkpoints/pointer_generator/spanish/low/model_132.pth
New best Loss, saved to model-checkpoints/pointer_generator/spanish/low/model_best.pth

Train Epoch: 133 started
Train Epoch: 133, loss: 0.74913
Validation. Epoch: 133, loss: 0.8272, accuracy: 0.1190
Saved model to model-checkpoints/pointer_generator/spanish/low/model_133.pth

Train Epoch: 134 started
Train Epoch: 134, loss: 0.69691
Validation. Epoch: 134, loss: 0.8168, accuracy: 0.1050
Saved model to model-checkpoints/pointer_generator/spanish/low/model_134.pth

Train Epoch: 135 started
Train Epoch: 135, loss: 0.67654
Validation. Epoch: 135, loss: 0.8264, accuracy: 0.0970
Saved model to model-checkpoints/pointer_generator/spanish/low/model_135.pth

Train Epoch: 136 started
Train Epoch: 136, loss: 0.72724
Validation. Epoch: 136, loss: 0.8398, accuracy: 0.0950
Saved model to model-checkpoints/pointer_generator/spanish/low/model_136.pth

Train Epoch: 137 started
Train Epoch: 137, loss: 0.72063
Validation. Epoch: 137, loss: 0.8188, accuracy: 0.1200
Saved model to model-checkpoints/pointer_generator/spanish/low/model_137.pth

Train Epoch: 138 started
Train Epoch: 138, loss: 0.68046
Validation. Epoch: 138, loss: 0.8103, accuracy: 0.1300
Saved model to model-checkpoints/pointer_generator/spanish/low/model_138.pth
New best Loss, saved to model-checkpoints/pointer_generator/spanish/low/model_best.pth

Train Epoch: 139 started
Train Epoch: 139, loss: 0.70494
Validation. Epoch: 139, loss: 0.8037, accuracy: 0.1370
Saved model to model-checkpoints/pointer_generator/spanish/low/model_139.pth
New best Loss, saved to model-checkpoints/pointer_generator/spanish/low/model_best.pth

Train Epoch: 140 started
Train Epoch: 140, loss: 0.69303
Validation. Epoch: 140, loss: 0.8056, accuracy: 0.1330
Saved model to model-checkpoints/pointer_generator/spanish/low/model_140.pth

Train Epoch: 141 started
Train Epoch: 141, loss: 0.70474
Validation. Epoch: 141, loss: 0.7927, accuracy: 0.1380
Saved model to model-checkpoints/pointer_generator/spanish/low/model_141.pth
New best Loss, saved to model-checkpoints/pointer_generator/spanish/low/model_best.pth

Train Epoch: 142 started
Train Epoch: 142, loss: 0.73480
Validation. Epoch: 142, loss: 0.7998, accuracy: 0.1240
Saved model to model-checkpoints/pointer_generator/spanish/low/model_142.pth

Train Epoch: 143 started
Train Epoch: 143, loss: 0.69702
Validation. Epoch: 143, loss: 0.8005, accuracy: 0.1240
Saved model to model-checkpoints/pointer_generator/spanish/low/model_143.pth

Train Epoch: 144 started
Train Epoch: 144, loss: 0.75242
Validation. Epoch: 144, loss: 0.8043, accuracy: 0.1150
Saved model to model-checkpoints/pointer_generator/spanish/low/model_144.pth

Train Epoch: 145 started
Train Epoch: 145, loss: 0.71963
Validation. Epoch: 145, loss: 0.7975, accuracy: 0.1050
Saved model to model-checkpoints/pointer_generator/spanish/low/model_145.pth

Train Epoch: 146 started
Train Epoch: 146, loss: 0.63754
Validation. Epoch: 146, loss: 0.7786, accuracy: 0.1460
Saved model to model-checkpoints/pointer_generator/spanish/low/model_146.pth
New best Loss, saved to model-checkpoints/pointer_generator/spanish/low/model_best.pth

Train Epoch: 147 started
Train Epoch: 147, loss: 0.65973
Validation. Epoch: 147, loss: 0.7819, accuracy: 0.1450
Saved model to model-checkpoints/pointer_generator/spanish/low/model_147.pth

Train Epoch: 148 started
Train Epoch: 148, loss: 0.62351
Validation. Epoch: 148, loss: 0.7917, accuracy: 0.1420
Saved model to model-checkpoints/pointer_generator/spanish/low/model_148.pth

Train Epoch: 149 started
Train Epoch: 149, loss: 0.63632
Validation. Epoch: 149, loss: 0.7858, accuracy: 0.1520
Saved model to model-checkpoints/pointer_generator/spanish/low/model_149.pth

Train Epoch: 150 started
Train Epoch: 150, loss: 0.63476
Validation. Epoch: 150, loss: 0.7847, accuracy: 0.1410
Saved model to model-checkpoints/pointer_generator/spanish/low/model_150.pth

Train Epoch: 151 started
Train Epoch: 151, loss: 0.69263
Validation. Epoch: 151, loss: 0.7791, accuracy: 0.1410
Saved model to model-checkpoints/pointer_generator/spanish/low/model_151.pth

Train Epoch: 152 started
Train Epoch: 152, loss: 0.63648
Validation. Epoch: 152, loss: 0.7833, accuracy: 0.1520
Saved model to model-checkpoints/pointer_generator/spanish/low/model_152.pth

Train Epoch: 153 started
Train Epoch: 153, loss: 0.61461
Validation. Epoch: 153, loss: 0.7968, accuracy: 0.1590
Saved model to model-checkpoints/pointer_generator/spanish/low/model_153.pth

Train Epoch: 154 started
Train Epoch: 154, loss: 0.61742
Validation. Epoch: 154, loss: 0.7772, accuracy: 0.1690
Saved model to model-checkpoints/pointer_generator/spanish/low/model_154.pth
New best Loss, saved to model-checkpoints/pointer_generator/spanish/low/model_best.pth

Train Epoch: 155 started
Train Epoch: 155, loss: 0.63040
Validation. Epoch: 155, loss: 0.7656, accuracy: 0.1630
Saved model to model-checkpoints/pointer_generator/spanish/low/model_155.pth
New best Loss, saved to model-checkpoints/pointer_generator/spanish/low/model_best.pth

Train Epoch: 156 started
Train Epoch: 156, loss: 0.62339
Validation. Epoch: 156, loss: 0.7802, accuracy: 0.1460
Saved model to model-checkpoints/pointer_generator/spanish/low/model_156.pth

Train Epoch: 157 started
Train Epoch: 157, loss: 0.61920
Validation. Epoch: 157, loss: 0.7770, accuracy: 0.1540
Saved model to model-checkpoints/pointer_generator/spanish/low/model_157.pth

Train Epoch: 158 started
Train Epoch: 158, loss: 0.63033
Validation. Epoch: 158, loss: 0.7674, accuracy: 0.1730
Saved model to model-checkpoints/pointer_generator/spanish/low/model_158.pth

Train Epoch: 159 started
Train Epoch: 159, loss: 0.62125
Validation. Epoch: 159, loss: 0.7697, accuracy: 0.1580
Saved model to model-checkpoints/pointer_generator/spanish/low/model_159.pth

Train Epoch: 160 started
Train Epoch: 160, loss: 0.64100
Validation. Epoch: 160, loss: 0.7566, accuracy: 0.1780
Saved model to model-checkpoints/pointer_generator/spanish/low/model_160.pth
New best Loss, saved to model-checkpoints/pointer_generator/spanish/low/model_best.pth

Train Epoch: 161 started
Train Epoch: 161, loss: 0.58917
Validation. Epoch: 161, loss: 0.7494, accuracy: 0.1880
Saved model to model-checkpoints/pointer_generator/spanish/low/model_161.pth
New best Loss, saved to model-checkpoints/pointer_generator/spanish/low/model_best.pth

Train Epoch: 162 started
Train Epoch: 162, loss: 0.59161
Validation. Epoch: 162, loss: 0.7637, accuracy: 0.1740
Saved model to model-checkpoints/pointer_generator/spanish/low/model_162.pth

Train Epoch: 163 started
Train Epoch: 163, loss: 0.62416
Validation. Epoch: 163, loss: 0.7577, accuracy: 0.1750
Saved model to model-checkpoints/pointer_generator/spanish/low/model_163.pth

Train Epoch: 164 started
Train Epoch: 164, loss: 0.59728
Validation. Epoch: 164, loss: 0.7623, accuracy: 0.1670
Saved model to model-checkpoints/pointer_generator/spanish/low/model_164.pth

Train Epoch: 165 started
Train Epoch: 165, loss: 0.62212
Validation. Epoch: 165, loss: 0.7885, accuracy: 0.1480
Saved model to model-checkpoints/pointer_generator/spanish/low/model_165.pth

Train Epoch: 166 started
Train Epoch: 166, loss: 0.61505
Validation. Epoch: 166, loss: 0.7552, accuracy: 0.1640
Saved model to model-checkpoints/pointer_generator/spanish/low/model_166.pth

Train Epoch: 167 started
Train Epoch: 167, loss: 0.59278
Validation. Epoch: 167, loss: 0.7462, accuracy: 0.1780
Saved model to model-checkpoints/pointer_generator/spanish/low/model_167.pth
New best Loss, saved to model-checkpoints/pointer_generator/spanish/low/model_best.pth

Train Epoch: 168 started
Train Epoch: 168, loss: 0.56977
Validation. Epoch: 168, loss: 0.7617, accuracy: 0.1730
Saved model to model-checkpoints/pointer_generator/spanish/low/model_168.pth

Train Epoch: 169 started
Train Epoch: 169, loss: 0.59522
Validation. Epoch: 169, loss: 0.7640, accuracy: 0.1630
Saved model to model-checkpoints/pointer_generator/spanish/low/model_169.pth

Train Epoch: 170 started
Train Epoch: 170, loss: 0.55090
Validation. Epoch: 170, loss: 0.7478, accuracy: 0.1780
Saved model to model-checkpoints/pointer_generator/spanish/low/model_170.pth

Train Epoch: 171 started
Train Epoch: 171, loss: 0.56247
Validation. Epoch: 171, loss: 0.7456, accuracy: 0.1820
Saved model to model-checkpoints/pointer_generator/spanish/low/model_171.pth
New best Loss, saved to model-checkpoints/pointer_generator/spanish/low/model_best.pth

Train Epoch: 172 started
Train Epoch: 172, loss: 0.57454
Validation. Epoch: 172, loss: 0.7366, accuracy: 0.1850
Saved model to model-checkpoints/pointer_generator/spanish/low/model_172.pth
New best Loss, saved to model-checkpoints/pointer_generator/spanish/low/model_best.pth

Train Epoch: 173 started
Train Epoch: 173, loss: 0.57233
Validation. Epoch: 173, loss: 0.7618, accuracy: 0.1490
Saved model to model-checkpoints/pointer_generator/spanish/low/model_173.pth

Train Epoch: 174 started
Train Epoch: 174, loss: 0.58174
Validation. Epoch: 174, loss: 0.7346, accuracy: 0.1970
Saved model to model-checkpoints/pointer_generator/spanish/low/model_174.pth
New best Loss, saved to model-checkpoints/pointer_generator/spanish/low/model_best.pth

Train Epoch: 175 started
Train Epoch: 175, loss: 0.55983
Validation. Epoch: 175, loss: 0.7419, accuracy: 0.2020
Saved model to model-checkpoints/pointer_generator/spanish/low/model_175.pth

Train Epoch: 176 started
Train Epoch: 176, loss: 0.55464
Validation. Epoch: 176, loss: 0.7590, accuracy: 0.1660
Saved model to model-checkpoints/pointer_generator/spanish/low/model_176.pth

Train Epoch: 177 started
Train Epoch: 177, loss: 0.54315
Validation. Epoch: 177, loss: 0.7748, accuracy: 0.1450
Saved model to model-checkpoints/pointer_generator/spanish/low/model_177.pth

Train Epoch: 178 started
Train Epoch: 178, loss: 0.55975
Validation. Epoch: 178, loss: 0.7812, accuracy: 0.1520
Saved model to model-checkpoints/pointer_generator/spanish/low/model_178.pth

Train Epoch: 179 started
Train Epoch: 179, loss: 0.56815
Validation. Epoch: 179, loss: 0.7494, accuracy: 0.1890
Saved model to model-checkpoints/pointer_generator/spanish/low/model_179.pth

Train Epoch: 180 started
Train Epoch: 180, loss: 0.52992
Validation. Epoch: 180, loss: 0.7495, accuracy: 0.1830
Saved model to model-checkpoints/pointer_generator/spanish/low/model_180.pth

Train Epoch: 181 started
Train Epoch: 181, loss: 0.56873
Validation. Epoch: 181, loss: 0.7986, accuracy: 0.1240
Saved model to model-checkpoints/pointer_generator/spanish/low/model_181.pth

Train Epoch: 182 started
Train Epoch: 182, loss: 0.59617
Validation. Epoch: 182, loss: 0.7457, accuracy: 0.1990
Saved model to model-checkpoints/pointer_generator/spanish/low/model_182.pth

Train Epoch: 183 started
Train Epoch: 183, loss: 0.52469
Validation. Epoch: 183, loss: 0.7607, accuracy: 0.1800
Saved model to model-checkpoints/pointer_generator/spanish/low/model_183.pth

Train Epoch: 184 started
Train Epoch: 184, loss: 0.56527
Validation. Epoch: 184, loss: 0.7590, accuracy: 0.1790
Saved model to model-checkpoints/pointer_generator/spanish/low/model_184.pth

Train Epoch: 185 started
Train Epoch: 185, loss: 0.55248
Validation. Epoch: 185, loss: 0.7737, accuracy: 0.1390
Saved model to model-checkpoints/pointer_generator/spanish/low/model_185.pth

Train Epoch: 186 started
Train Epoch: 186, loss: 0.53550
Validation. Epoch: 186, loss: 0.7615, accuracy: 0.1680
Saved model to model-checkpoints/pointer_generator/spanish/low/model_186.pth

Train Epoch: 187 started
Train Epoch: 187, loss: 0.52132
Validation. Epoch: 187, loss: 0.7381, accuracy: 0.1900
Saved model to model-checkpoints/pointer_generator/spanish/low/model_187.pth

Train Epoch: 188 started
Train Epoch: 188, loss: 0.50111
Validation. Epoch: 188, loss: 0.7597, accuracy: 0.1930
Saved model to model-checkpoints/pointer_generator/spanish/low/model_188.pth

Train Epoch: 189 started
Train Epoch: 189, loss: 0.51988
Validation. Epoch: 189, loss: 0.7280, accuracy: 0.1970
Saved model to model-checkpoints/pointer_generator/spanish/low/model_189.pth
New best Loss, saved to model-checkpoints/pointer_generator/spanish/low/model_best.pth

Train Epoch: 190 started
Train Epoch: 190, loss: 0.53486
Validation. Epoch: 190, loss: 0.7407, accuracy: 0.1800
Saved model to model-checkpoints/pointer_generator/spanish/low/model_190.pth

Train Epoch: 191 started
Train Epoch: 191, loss: 0.47932
Validation. Epoch: 191, loss: 0.7211, accuracy: 0.2280
Saved model to model-checkpoints/pointer_generator/spanish/low/model_191.pth
New best Loss, saved to model-checkpoints/pointer_generator/spanish/low/model_best.pth

Train Epoch: 192 started
Train Epoch: 192, loss: 0.49852
Validation. Epoch: 192, loss: 0.7253, accuracy: 0.2360
Saved model to model-checkpoints/pointer_generator/spanish/low/model_192.pth

Train Epoch: 193 started
Train Epoch: 193, loss: 0.48208
Validation. Epoch: 193, loss: 0.7104, accuracy: 0.2410
Saved model to model-checkpoints/pointer_generator/spanish/low/model_193.pth
New best Loss, saved to model-checkpoints/pointer_generator/spanish/low/model_best.pth

Train Epoch: 194 started
Train Epoch: 194, loss: 0.49970
Validation. Epoch: 194, loss: 0.7050, accuracy: 0.2320
Saved model to model-checkpoints/pointer_generator/spanish/low/model_194.pth
New best Loss, saved to model-checkpoints/pointer_generator/spanish/low/model_best.pth

Train Epoch: 195 started
Train Epoch: 195, loss: 0.48539
Validation. Epoch: 195, loss: 0.7014, accuracy: 0.2220
Saved model to model-checkpoints/pointer_generator/spanish/low/model_195.pth
New best Loss, saved to model-checkpoints/pointer_generator/spanish/low/model_best.pth

Train Epoch: 196 started
Train Epoch: 196, loss: 0.47264
Validation. Epoch: 196, loss: 0.7130, accuracy: 0.2280
Saved model to model-checkpoints/pointer_generator/spanish/low/model_196.pth

Train Epoch: 197 started
Train Epoch: 197, loss: 0.47500
Validation. Epoch: 197, loss: 0.7162, accuracy: 0.2330
Saved model to model-checkpoints/pointer_generator/spanish/low/model_197.pth

Train Epoch: 198 started
Train Epoch: 198, loss: 0.49591
Validation. Epoch: 198, loss: 0.7299, accuracy: 0.2180
Saved model to model-checkpoints/pointer_generator/spanish/low/model_198.pth

Train Epoch: 199 started
Train Epoch: 199, loss: 0.48607
Validation. Epoch: 199, loss: 0.7270, accuracy: 0.2110
Saved model to model-checkpoints/pointer_generator/spanish/low/model_199.pth

Train Epoch: 200 started
Train Epoch: 200, loss: 0.49436
Validation. Epoch: 200, loss: 0.7077, accuracy: 0.2080
Saved model to model-checkpoints/pointer_generator/spanish/low/model_200.pth

Train Epoch: 201 started
Train Epoch: 201, loss: 0.46592
Validation. Epoch: 201, loss: 0.7241, accuracy: 0.2160
Saved model to model-checkpoints/pointer_generator/spanish/low/model_201.pth

Train Epoch: 202 started
Train Epoch: 202, loss: 0.46125
Validation. Epoch: 202, loss: 0.7212, accuracy: 0.2190
Saved model to model-checkpoints/pointer_generator/spanish/low/model_202.pth

Train Epoch: 203 started
Train Epoch: 203, loss: 0.49275
Validation. Epoch: 203, loss: 0.7260, accuracy: 0.2130
Saved model to model-checkpoints/pointer_generator/spanish/low/model_203.pth

Train Epoch: 204 started
Train Epoch: 204, loss: 0.45956
Validation. Epoch: 204, loss: 0.7214, accuracy: 0.2110
Saved model to model-checkpoints/pointer_generator/spanish/low/model_204.pth

Train Epoch: 205 started
Train Epoch: 205, loss: 0.45805
Validation. Epoch: 205, loss: 0.7363, accuracy: 0.1990
Saved model to model-checkpoints/pointer_generator/spanish/low/model_205.pth

Train Epoch: 206 started
Train Epoch: 206, loss: 0.43807
Validation. Epoch: 206, loss: 0.7390, accuracy: 0.2180
Saved model to model-checkpoints/pointer_generator/spanish/low/model_206.pth

Train Epoch: 207 started
Train Epoch: 207, loss: 0.45861
Validation. Epoch: 207, loss: 0.7368, accuracy: 0.2050
Saved model to model-checkpoints/pointer_generator/spanish/low/model_207.pth

Train Epoch: 208 started
Train Epoch: 208, loss: 0.45392
Validation. Epoch: 208, loss: 0.7193, accuracy: 0.2350
Saved model to model-checkpoints/pointer_generator/spanish/low/model_208.pth

Train Epoch: 209 started
Train Epoch: 209, loss: 0.46076
Validation. Epoch: 209, loss: 0.7454, accuracy: 0.2210
Saved model to model-checkpoints/pointer_generator/spanish/low/model_209.pth

Train Epoch: 210 started
Train Epoch: 210, loss: 0.44218
Validation. Epoch: 210, loss: 0.7270, accuracy: 0.2470
Saved model to model-checkpoints/pointer_generator/spanish/low/model_210.pth

Train Epoch: 211 started
Train Epoch: 211, loss: 0.45362
Validation. Epoch: 211, loss: 0.7386, accuracy: 0.2040
Saved model to model-checkpoints/pointer_generator/spanish/low/model_211.pth

Train Epoch: 212 started
Train Epoch: 212, loss: 0.43695
Validation. Epoch: 212, loss: 0.7470, accuracy: 0.2390
Saved model to model-checkpoints/pointer_generator/spanish/low/model_212.pth

Train Epoch: 213 started
Train Epoch: 213, loss: 0.46121
Validation. Epoch: 213, loss: 0.7388, accuracy: 0.2380
Saved model to model-checkpoints/pointer_generator/spanish/low/model_213.pth

Train Epoch: 214 started
Train Epoch: 214, loss: 0.41117
Validation. Epoch: 214, loss: 0.7245, accuracy: 0.2200
Saved model to model-checkpoints/pointer_generator/spanish/low/model_214.pth

Train Epoch: 215 started
Train Epoch: 215, loss: 0.45317
Validation. Epoch: 215, loss: 0.7320, accuracy: 0.2170
Saved model to model-checkpoints/pointer_generator/spanish/low/model_215.pth

Train Epoch: 216 started
Train Epoch: 216, loss: 0.47937
Validation. Epoch: 216, loss: 0.7493, accuracy: 0.2230
Saved model to model-checkpoints/pointer_generator/spanish/low/model_216.pth

Train Epoch: 217 started
Train Epoch: 217, loss: 0.47959
Validation. Epoch: 217, loss: 0.7234, accuracy: 0.2270
Saved model to model-checkpoints/pointer_generator/spanish/low/model_217.pth

Train Epoch: 218 started
Train Epoch: 218, loss: 0.43017
Validation. Epoch: 218, loss: 0.7281, accuracy: 0.2170
Saved model to model-checkpoints/pointer_generator/spanish/low/model_218.pth

Train Epoch: 219 started
Train Epoch: 219, loss: 0.42756
Validation. Epoch: 219, loss: 0.7273, accuracy: 0.2160
Saved model to model-checkpoints/pointer_generator/spanish/low/model_219.pth

Train Epoch: 220 started
Train Epoch: 220, loss: 0.44199
Validation. Epoch: 220, loss: 0.7547, accuracy: 0.2030
Saved model to model-checkpoints/pointer_generator/spanish/low/model_220.pth

Train Epoch: 221 started
Train Epoch: 221, loss: 0.46204
Validation. Epoch: 221, loss: 0.7296, accuracy: 0.2380
Saved model to model-checkpoints/pointer_generator/spanish/low/model_221.pth

Train Epoch: 222 started
Train Epoch: 222, loss: 0.42936
Validation. Epoch: 222, loss: 0.7459, accuracy: 0.2280
Saved model to model-checkpoints/pointer_generator/spanish/low/model_222.pth

Train Epoch: 223 started
Train Epoch: 223, loss: 0.44359
Validation. Epoch: 223, loss: 0.7260, accuracy: 0.2580
Saved model to model-checkpoints/pointer_generator/spanish/low/model_223.pth

Train Epoch: 224 started
Train Epoch: 224, loss: 0.43357
Validation. Epoch: 224, loss: 0.7211, accuracy: 0.2410
Saved model to model-checkpoints/pointer_generator/spanish/low/model_224.pth

Train Epoch: 225 started
Train Epoch: 225, loss: 0.44882
Validation. Epoch: 225, loss: 0.7176, accuracy: 0.2330
Saved model to model-checkpoints/pointer_generator/spanish/low/model_225.pth

Train Epoch: 226 started
Train Epoch: 226, loss: 0.40666
Validation. Epoch: 226, loss: 0.7410, accuracy: 0.2260
Saved model to model-checkpoints/pointer_generator/spanish/low/model_226.pth

Train Epoch: 227 started
Train Epoch: 227, loss: 0.42437
Validation. Epoch: 227, loss: 0.7582, accuracy: 0.2260
Saved model to model-checkpoints/pointer_generator/spanish/low/model_227.pth

Train Epoch: 228 started
Train Epoch: 228, loss: 0.44105
Validation. Epoch: 228, loss: 0.7470, accuracy: 0.2310
Saved model to model-checkpoints/pointer_generator/spanish/low/model_228.pth

Train Epoch: 229 started
Train Epoch: 229, loss: 0.41501
Validation. Epoch: 229, loss: 0.7488, accuracy: 0.2310
Saved model to model-checkpoints/pointer_generator/spanish/low/model_229.pth

Train Epoch: 230 started
Train Epoch: 230, loss: 0.42609
Validation. Epoch: 230, loss: 0.7479, accuracy: 0.2110
Saved model to model-checkpoints/pointer_generator/spanish/low/model_230.pth

Train Epoch: 231 started
Train Epoch: 231, loss: 0.41430
Validation. Epoch: 231, loss: 0.7205, accuracy: 0.2240
Saved model to model-checkpoints/pointer_generator/spanish/low/model_231.pth

Train Epoch: 232 started
Train Epoch: 232, loss: 0.42473
Validation. Epoch: 232, loss: 0.7292, accuracy: 0.2280
Saved model to model-checkpoints/pointer_generator/spanish/low/model_232.pth

Train Epoch: 233 started
Train Epoch: 233, loss: 0.39571
Validation. Epoch: 233, loss: 0.7104, accuracy: 0.2590
Saved model to model-checkpoints/pointer_generator/spanish/low/model_233.pth

Train Epoch: 234 started
Train Epoch: 234, loss: 0.44379
Validation. Epoch: 234, loss: 0.7254, accuracy: 0.2480
Saved model to model-checkpoints/pointer_generator/spanish/low/model_234.pth

Train Epoch: 235 started
Train Epoch: 235, loss: 0.40779
Validation. Epoch: 235, loss: 0.7166, accuracy: 0.2450
Saved model to model-checkpoints/pointer_generator/spanish/low/model_235.pth

Train Epoch: 236 started
Train Epoch: 236, loss: 0.37487
Validation. Epoch: 236, loss: 0.7342, accuracy: 0.2350
Saved model to model-checkpoints/pointer_generator/spanish/low/model_236.pth

Train Epoch: 237 started
Train Epoch: 237, loss: 0.38142
Validation. Epoch: 237, loss: 0.7300, accuracy: 0.2590
Saved model to model-checkpoints/pointer_generator/spanish/low/model_237.pth

Train Epoch: 238 started
Train Epoch: 238, loss: 0.39039
Validation. Epoch: 238, loss: 0.7202, accuracy: 0.2520
Saved model to model-checkpoints/pointer_generator/spanish/low/model_238.pth

Train Epoch: 239 started
Train Epoch: 239, loss: 0.41649
Validation. Epoch: 239, loss: 0.7241, accuracy: 0.2490
Saved model to model-checkpoints/pointer_generator/spanish/low/model_239.pth

Train Epoch: 240 started
Train Epoch: 240, loss: 0.37872
Validation. Epoch: 240, loss: 0.7214, accuracy: 0.2460
Saved model to model-checkpoints/pointer_generator/spanish/low/model_240.pth

Train Epoch: 241 started
Train Epoch: 241, loss: 0.38264
Validation. Epoch: 241, loss: 0.7245, accuracy: 0.2510
Saved model to model-checkpoints/pointer_generator/spanish/low/model_241.pth

Train Epoch: 242 started
Train Epoch: 242, loss: 0.38293
Validation. Epoch: 242, loss: 0.7271, accuracy: 0.2510
Saved model to model-checkpoints/pointer_generator/spanish/low/model_242.pth

Train Epoch: 243 started
Train Epoch: 243, loss: 0.40814
Validation. Epoch: 243, loss: 0.7080, accuracy: 0.2610
Saved model to model-checkpoints/pointer_generator/spanish/low/model_243.pth

Train Epoch: 244 started
Train Epoch: 244, loss: 0.43983
Validation. Epoch: 244, loss: 0.7119, accuracy: 0.2570
Saved model to model-checkpoints/pointer_generator/spanish/low/model_244.pth

Train Epoch: 245 started
Train Epoch: 245, loss: 0.37156
Validation. Epoch: 245, loss: 0.7138, accuracy: 0.2630
Saved model to model-checkpoints/pointer_generator/spanish/low/model_245.pth

Train Epoch: 246 started
Train Epoch: 246, loss: 0.41810
Validation. Epoch: 246, loss: 0.7165, accuracy: 0.2830
Saved model to model-checkpoints/pointer_generator/spanish/low/model_246.pth

Train Epoch: 247 started
Train Epoch: 247, loss: 0.40219
Validation. Epoch: 247, loss: 0.7153, accuracy: 0.2820
Saved model to model-checkpoints/pointer_generator/spanish/low/model_247.pth

Train Epoch: 248 started
Train Epoch: 248, loss: 0.36564
Validation. Epoch: 248, loss: 0.7263, accuracy: 0.2580
Saved model to model-checkpoints/pointer_generator/spanish/low/model_248.pth

Train Epoch: 249 started
Train Epoch: 249, loss: 0.38981
Validation. Epoch: 249, loss: 0.7282, accuracy: 0.2270
Saved model to model-checkpoints/pointer_generator/spanish/low/model_249.pth

Train Epoch: 250 started
Train Epoch: 250, loss: 0.36683
Validation. Epoch: 250, loss: 0.7187, accuracy: 0.2700
Saved model to model-checkpoints/pointer_generator/spanish/low/model_250.pth

Train Epoch: 251 started
Train Epoch: 251, loss: 0.40355
Validation. Epoch: 251, loss: 0.7035, accuracy: 0.2580
Saved model to model-checkpoints/pointer_generator/spanish/low/model_251.pth

Train Epoch: 252 started
Train Epoch: 252, loss: 0.37739
Validation. Epoch: 252, loss: 0.7070, accuracy: 0.2740
Saved model to model-checkpoints/pointer_generator/spanish/low/model_252.pth

Train Epoch: 253 started
Train Epoch: 253, loss: 0.38219
Validation. Epoch: 253, loss: 0.7282, accuracy: 0.2330
Saved model to model-checkpoints/pointer_generator/spanish/low/model_253.pth

Train Epoch: 254 started
Train Epoch: 254, loss: 0.36817
Validation. Epoch: 254, loss: 0.7184, accuracy: 0.2410
Saved model to model-checkpoints/pointer_generator/spanish/low/model_254.pth

Train Epoch: 255 started
Train Epoch: 255, loss: 0.39443
Validation. Epoch: 255, loss: 0.7111, accuracy: 0.2480
Saved model to model-checkpoints/pointer_generator/spanish/low/model_255.pth

Train Epoch: 256 started
Train Epoch: 256, loss: 0.39144
Validation. Epoch: 256, loss: 0.7256, accuracy: 0.2340
Saved model to model-checkpoints/pointer_generator/spanish/low/model_256.pth

Train Epoch: 257 started
Train Epoch: 257, loss: 0.37040
Validation. Epoch: 257, loss: 0.7346, accuracy: 0.2510
Saved model to model-checkpoints/pointer_generator/spanish/low/model_257.pth

Train Epoch: 258 started
Train Epoch: 258, loss: 0.36003
Validation. Epoch: 258, loss: 0.7171, accuracy: 0.2370
Saved model to model-checkpoints/pointer_generator/spanish/low/model_258.pth

Train Epoch: 259 started
Train Epoch: 259, loss: 0.37664
Validation. Epoch: 259, loss: 0.7285, accuracy: 0.2420
Saved model to model-checkpoints/pointer_generator/spanish/low/model_259.pth

Train Epoch: 260 started
Train Epoch: 260, loss: 0.39086
Validation. Epoch: 260, loss: 0.7105, accuracy: 0.2510
Saved model to model-checkpoints/pointer_generator/spanish/low/model_260.pth

Train Epoch: 261 started
Train Epoch: 261, loss: 0.35786
Validation. Epoch: 261, loss: 0.6957, accuracy: 0.2800
Saved model to model-checkpoints/pointer_generator/spanish/low/model_261.pth
New best Loss, saved to model-checkpoints/pointer_generator/spanish/low/model_best.pth

Train Epoch: 262 started
Train Epoch: 262, loss: 0.35077
Validation. Epoch: 262, loss: 0.6982, accuracy: 0.2840
Saved model to model-checkpoints/pointer_generator/spanish/low/model_262.pth

Train Epoch: 263 started
Train Epoch: 263, loss: 0.33197
Validation. Epoch: 263, loss: 0.7089, accuracy: 0.2450
Saved model to model-checkpoints/pointer_generator/spanish/low/model_263.pth

Train Epoch: 264 started
Train Epoch: 264, loss: 0.35120
Validation. Epoch: 264, loss: 0.7099, accuracy: 0.2560
Saved model to model-checkpoints/pointer_generator/spanish/low/model_264.pth

Train Epoch: 265 started
Train Epoch: 265, loss: 0.37018
Validation. Epoch: 265, loss: 0.7023, accuracy: 0.2890
Saved model to model-checkpoints/pointer_generator/spanish/low/model_265.pth

Train Epoch: 266 started
Train Epoch: 266, loss: 0.37519
Validation. Epoch: 266, loss: 0.7036, accuracy: 0.2910
Saved model to model-checkpoints/pointer_generator/spanish/low/model_266.pth

Train Epoch: 267 started
Train Epoch: 267, loss: 0.33553
Validation. Epoch: 267, loss: 0.7261, accuracy: 0.2500
Saved model to model-checkpoints/pointer_generator/spanish/low/model_267.pth

Train Epoch: 268 started
Train Epoch: 268, loss: 0.32743
Validation. Epoch: 268, loss: 0.7146, accuracy: 0.2920
Saved model to model-checkpoints/pointer_generator/spanish/low/model_268.pth

Train Epoch: 269 started
Train Epoch: 269, loss: 0.31788
Validation. Epoch: 269, loss: 0.7102, accuracy: 0.2930
Saved model to model-checkpoints/pointer_generator/spanish/low/model_269.pth

Train Epoch: 270 started
Train Epoch: 270, loss: 0.36223
Validation. Epoch: 270, loss: 0.7148, accuracy: 0.2920
Saved model to model-checkpoints/pointer_generator/spanish/low/model_270.pth

Train Epoch: 271 started
Train Epoch: 271, loss: 0.33665
Validation. Epoch: 271, loss: 0.7225, accuracy: 0.2620
Saved model to model-checkpoints/pointer_generator/spanish/low/model_271.pth

Train Epoch: 272 started
Train Epoch: 272, loss: 0.36943
Validation. Epoch: 272, loss: 0.6996, accuracy: 0.2830
Saved model to model-checkpoints/pointer_generator/spanish/low/model_272.pth

Train Epoch: 273 started
Train Epoch: 273, loss: 0.37416
Validation. Epoch: 273, loss: 0.6949, accuracy: 0.2690
Saved model to model-checkpoints/pointer_generator/spanish/low/model_273.pth
New best Loss, saved to model-checkpoints/pointer_generator/spanish/low/model_best.pth

Train Epoch: 274 started
Train Epoch: 274, loss: 0.33732
Validation. Epoch: 274, loss: 0.6973, accuracy: 0.2670
Saved model to model-checkpoints/pointer_generator/spanish/low/model_274.pth

Train Epoch: 275 started
Train Epoch: 275, loss: 0.30496
Validation. Epoch: 275, loss: 0.7226, accuracy: 0.2470
Saved model to model-checkpoints/pointer_generator/spanish/low/model_275.pth

Train Epoch: 276 started
Train Epoch: 276, loss: 0.36057
Validation. Epoch: 276, loss: 0.7372, accuracy: 0.2570
Saved model to model-checkpoints/pointer_generator/spanish/low/model_276.pth

Train Epoch: 277 started
Train Epoch: 277, loss: 0.32858
Validation. Epoch: 277, loss: 0.7387, accuracy: 0.2440
Saved model to model-checkpoints/pointer_generator/spanish/low/model_277.pth

Train Epoch: 278 started
Train Epoch: 278, loss: 0.33153
Validation. Epoch: 278, loss: 0.7094, accuracy: 0.3010
Saved model to model-checkpoints/pointer_generator/spanish/low/model_278.pth

Train Epoch: 279 started
Train Epoch: 279, loss: 0.39141
Validation. Epoch: 279, loss: 0.6963, accuracy: 0.2890
Saved model to model-checkpoints/pointer_generator/spanish/low/model_279.pth

Train Epoch: 280 started
Train Epoch: 280, loss: 0.35116
Validation. Epoch: 280, loss: 0.6946, accuracy: 0.2790
Saved model to model-checkpoints/pointer_generator/spanish/low/model_280.pth
New best Loss, saved to model-checkpoints/pointer_generator/spanish/low/model_best.pth

Train Epoch: 281 started
Train Epoch: 281, loss: 0.36696
Validation. Epoch: 281, loss: 0.6890, accuracy: 0.2990
Saved model to model-checkpoints/pointer_generator/spanish/low/model_281.pth
New best Loss, saved to model-checkpoints/pointer_generator/spanish/low/model_best.pth

Train Epoch: 282 started
Train Epoch: 282, loss: 0.34089
Validation. Epoch: 282, loss: 0.6945, accuracy: 0.2710
Saved model to model-checkpoints/pointer_generator/spanish/low/model_282.pth

Train Epoch: 283 started
Train Epoch: 283, loss: 0.31996
Validation. Epoch: 283, loss: 0.7178, accuracy: 0.2390
Saved model to model-checkpoints/pointer_generator/spanish/low/model_283.pth

Train Epoch: 284 started
Train Epoch: 284, loss: 0.30286
Validation. Epoch: 284, loss: 0.7143, accuracy: 0.2430
Saved model to model-checkpoints/pointer_generator/spanish/low/model_284.pth

Train Epoch: 285 started
Train Epoch: 285, loss: 0.34183
Validation. Epoch: 285, loss: 0.7159, accuracy: 0.2720
Saved model to model-checkpoints/pointer_generator/spanish/low/model_285.pth

Train Epoch: 286 started
Train Epoch: 286, loss: 0.30968
Validation. Epoch: 286, loss: 0.7065, accuracy: 0.2750
Saved model to model-checkpoints/pointer_generator/spanish/low/model_286.pth

Train Epoch: 287 started
Train Epoch: 287, loss: 0.28537
Validation. Epoch: 287, loss: 0.6974, accuracy: 0.2680
Saved model to model-checkpoints/pointer_generator/spanish/low/model_287.pth

Train Epoch: 288 started
Train Epoch: 288, loss: 0.31554
Validation. Epoch: 288, loss: 0.6992, accuracy: 0.2570
Saved model to model-checkpoints/pointer_generator/spanish/low/model_288.pth

Train Epoch: 289 started
Train Epoch: 289, loss: 0.32844
Validation. Epoch: 289, loss: 0.7004, accuracy: 0.3030
Saved model to model-checkpoints/pointer_generator/spanish/low/model_289.pth

Train Epoch: 290 started
Train Epoch: 290, loss: 0.33961
Validation. Epoch: 290, loss: 0.7057, accuracy: 0.3000
Saved model to model-checkpoints/pointer_generator/spanish/low/model_290.pth

Train Epoch: 291 started
Train Epoch: 291, loss: 0.30627
Validation. Epoch: 291, loss: 0.7037, accuracy: 0.2970
Saved model to model-checkpoints/pointer_generator/spanish/low/model_291.pth

Train Epoch: 292 started
Train Epoch: 292, loss: 0.29526
Validation. Epoch: 292, loss: 0.7167, accuracy: 0.2870
Saved model to model-checkpoints/pointer_generator/spanish/low/model_292.pth

Train Epoch: 293 started
Train Epoch: 293, loss: 0.32355
Validation. Epoch: 293, loss: 0.6973, accuracy: 0.2850
Saved model to model-checkpoints/pointer_generator/spanish/low/model_293.pth

Train Epoch: 294 started
Train Epoch: 294, loss: 0.32570
Validation. Epoch: 294, loss: 0.6949, accuracy: 0.3180
Saved model to model-checkpoints/pointer_generator/spanish/low/model_294.pth

Train Epoch: 295 started
Train Epoch: 295, loss: 0.30745
Validation. Epoch: 295, loss: 0.7033, accuracy: 0.2860
Saved model to model-checkpoints/pointer_generator/spanish/low/model_295.pth

Train Epoch: 296 started
Train Epoch: 296, loss: 0.30500
Validation. Epoch: 296, loss: 0.7323, accuracy: 0.2820
Saved model to model-checkpoints/pointer_generator/spanish/low/model_296.pth

Train Epoch: 297 started
Train Epoch: 297, loss: 0.31086
Validation. Epoch: 297, loss: 0.7178, accuracy: 0.2670
Saved model to model-checkpoints/pointer_generator/spanish/low/model_297.pth

Train Epoch: 298 started
Train Epoch: 298, loss: 0.31474
Validation. Epoch: 298, loss: 0.7130, accuracy: 0.2780
Saved model to model-checkpoints/pointer_generator/spanish/low/model_298.pth

Train Epoch: 299 started
Train Epoch: 299, loss: 0.29955
Validation. Epoch: 299, loss: 0.7135, accuracy: 0.2580
Saved model to model-checkpoints/pointer_generator/spanish/low/model_299.pth

Train Epoch: 300 started
Train Epoch: 300, loss: 0.29092
Validation. Epoch: 300, loss: 0.6808, accuracy: 0.3120
Saved model to model-checkpoints/pointer_generator/spanish/low/model_300.pth
New best Loss, saved to model-checkpoints/pointer_generator/spanish/low/model_best.pth

Train Epoch: 301 started
Train Epoch: 301, loss: 0.32156
Validation. Epoch: 301, loss: 0.6822, accuracy: 0.3120
Saved model to model-checkpoints/pointer_generator/spanish/low/model_301.pth

Train Epoch: 302 started
Train Epoch: 302, loss: 0.30347
Validation. Epoch: 302, loss: 0.6875, accuracy: 0.3030
Saved model to model-checkpoints/pointer_generator/spanish/low/model_302.pth

Train Epoch: 303 started
Train Epoch: 303, loss: 0.29101
Validation. Epoch: 303, loss: 0.7067, accuracy: 0.2680
Saved model to model-checkpoints/pointer_generator/spanish/low/model_303.pth

Train Epoch: 304 started
Train Epoch: 304, loss: 0.26824
Validation. Epoch: 304, loss: 0.6938, accuracy: 0.3000
Saved model to model-checkpoints/pointer_generator/spanish/low/model_304.pth

Train Epoch: 305 started
Train Epoch: 305, loss: 0.31179
Validation. Epoch: 305, loss: 0.6997, accuracy: 0.3120
Saved model to model-checkpoints/pointer_generator/spanish/low/model_305.pth

Train Epoch: 306 started
Train Epoch: 306, loss: 0.31746
Validation. Epoch: 306, loss: 0.7063, accuracy: 0.3000
Saved model to model-checkpoints/pointer_generator/spanish/low/model_306.pth

Train Epoch: 307 started
Train Epoch: 307, loss: 0.30208
Validation. Epoch: 307, loss: 0.7166, accuracy: 0.2960
Saved model to model-checkpoints/pointer_generator/spanish/low/model_307.pth

Train Epoch: 308 started
Train Epoch: 308, loss: 0.28563
Validation. Epoch: 308, loss: 0.7093, accuracy: 0.3000
Saved model to model-checkpoints/pointer_generator/spanish/low/model_308.pth

Train Epoch: 309 started
Train Epoch: 309, loss: 0.29217
Validation. Epoch: 309, loss: 0.7092, accuracy: 0.2940
Saved model to model-checkpoints/pointer_generator/spanish/low/model_309.pth

Train Epoch: 310 started
Train Epoch: 310, loss: 0.31088
Validation. Epoch: 310, loss: 0.7101, accuracy: 0.2860
Saved model to model-checkpoints/pointer_generator/spanish/low/model_310.pth

Train Epoch: 311 started
Train Epoch: 311, loss: 0.29487
Validation. Epoch: 311, loss: 0.7076, accuracy: 0.2760
Saved model to model-checkpoints/pointer_generator/spanish/low/model_311.pth

Train Epoch: 312 started
Train Epoch: 312, loss: 0.29327
Validation. Epoch: 312, loss: 0.7077, accuracy: 0.2890
Saved model to model-checkpoints/pointer_generator/spanish/low/model_312.pth

Train Epoch: 313 started
Train Epoch: 313, loss: 0.28612
Validation. Epoch: 313, loss: 0.7024, accuracy: 0.2840
Saved model to model-checkpoints/pointer_generator/spanish/low/model_313.pth

Train Epoch: 314 started
Train Epoch: 314, loss: 0.30269
Validation. Epoch: 314, loss: 0.6926, accuracy: 0.2880
Saved model to model-checkpoints/pointer_generator/spanish/low/model_314.pth

Train Epoch: 315 started
Train Epoch: 315, loss: 0.30168
Validation. Epoch: 315, loss: 0.7058, accuracy: 0.2610
Saved model to model-checkpoints/pointer_generator/spanish/low/model_315.pth

Train Epoch: 316 started
Train Epoch: 316, loss: 0.32080
Validation. Epoch: 316, loss: 0.7111, accuracy: 0.2530
Saved model to model-checkpoints/pointer_generator/spanish/low/model_316.pth

Train Epoch: 317 started
Train Epoch: 317, loss: 0.32255
Validation. Epoch: 317, loss: 0.7032, accuracy: 0.2760
Saved model to model-checkpoints/pointer_generator/spanish/low/model_317.pth

Train Epoch: 318 started
Train Epoch: 318, loss: 0.26892
Validation. Epoch: 318, loss: 0.7161, accuracy: 0.2880
Saved model to model-checkpoints/pointer_generator/spanish/low/model_318.pth

Train Epoch: 319 started
Train Epoch: 319, loss: 0.27273
Validation. Epoch: 319, loss: 0.7037, accuracy: 0.3080
Saved model to model-checkpoints/pointer_generator/spanish/low/model_319.pth

Train Epoch: 320 started
Train Epoch: 320, loss: 0.28186
Validation. Epoch: 320, loss: 0.6939, accuracy: 0.2970
Saved model to model-checkpoints/pointer_generator/spanish/low/model_320.pth

Train Epoch: 321 started
Train Epoch: 321, loss: 0.28191
Validation. Epoch: 321, loss: 0.6909, accuracy: 0.3040
Saved model to model-checkpoints/pointer_generator/spanish/low/model_321.pth

Train Epoch: 322 started
Train Epoch: 322, loss: 0.26115
Validation. Epoch: 322, loss: 0.6948, accuracy: 0.3030
Saved model to model-checkpoints/pointer_generator/spanish/low/model_322.pth

Train Epoch: 323 started
Train Epoch: 323, loss: 0.30251
Validation. Epoch: 323, loss: 0.7032, accuracy: 0.2900
Saved model to model-checkpoints/pointer_generator/spanish/low/model_323.pth

Train Epoch: 324 started
Train Epoch: 324, loss: 0.27906
Validation. Epoch: 324, loss: 0.6885, accuracy: 0.2990
Saved model to model-checkpoints/pointer_generator/spanish/low/model_324.pth

Train Epoch: 325 started
Train Epoch: 325, loss: 0.28651
Validation. Epoch: 325, loss: 0.6994, accuracy: 0.2970
Saved model to model-checkpoints/pointer_generator/spanish/low/model_325.pth

Train Epoch: 326 started
Train Epoch: 326, loss: 0.30420
Validation. Epoch: 326, loss: 0.7197, accuracy: 0.2950
Saved model to model-checkpoints/pointer_generator/spanish/low/model_326.pth

Train Epoch: 327 started
Train Epoch: 327, loss: 0.28089
Validation. Epoch: 327, loss: 0.7279, accuracy: 0.2870
Saved model to model-checkpoints/pointer_generator/spanish/low/model_327.pth

Train Epoch: 328 started
Train Epoch: 328, loss: 0.26935
Validation. Epoch: 328, loss: 0.7243, accuracy: 0.2580
Saved model to model-checkpoints/pointer_generator/spanish/low/model_328.pth

Train Epoch: 329 started
Train Epoch: 329, loss: 0.27332
Validation. Epoch: 329, loss: 0.7231, accuracy: 0.2910
Saved model to model-checkpoints/pointer_generator/spanish/low/model_329.pth

Train Epoch: 330 started
Train Epoch: 330, loss: 0.28999
Validation. Epoch: 330, loss: 0.6974, accuracy: 0.3140
Saved model to model-checkpoints/pointer_generator/spanish/low/model_330.pth

Train Epoch: 331 started
Train Epoch: 331, loss: 0.26015
Validation. Epoch: 331, loss: 0.6911, accuracy: 0.3100
Saved model to model-checkpoints/pointer_generator/spanish/low/model_331.pth

Train Epoch: 332 started
Train Epoch: 332, loss: 0.26605
Validation. Epoch: 332, loss: 0.7077, accuracy: 0.3020
Saved model to model-checkpoints/pointer_generator/spanish/low/model_332.pth

Train Epoch: 333 started
Train Epoch: 333, loss: 0.29190
Validation. Epoch: 333, loss: 0.7207, accuracy: 0.3170
Saved model to model-checkpoints/pointer_generator/spanish/low/model_333.pth

Train Epoch: 334 started
Train Epoch: 334, loss: 0.27004
Validation. Epoch: 334, loss: 0.7285, accuracy: 0.3010
Saved model to model-checkpoints/pointer_generator/spanish/low/model_334.pth

Train Epoch: 335 started
Train Epoch: 335, loss: 0.27879
Validation. Epoch: 335, loss: 0.7348, accuracy: 0.3070
Saved model to model-checkpoints/pointer_generator/spanish/low/model_335.pth

Train Epoch: 336 started
Train Epoch: 336, loss: 0.26643
Validation. Epoch: 336, loss: 0.7344, accuracy: 0.2940
Saved model to model-checkpoints/pointer_generator/spanish/low/model_336.pth

Train Epoch: 337 started
Train Epoch: 337, loss: 0.26349
Validation. Epoch: 337, loss: 0.7231, accuracy: 0.2920
Saved model to model-checkpoints/pointer_generator/spanish/low/model_337.pth

Train Epoch: 338 started
Train Epoch: 338, loss: 0.28584
Validation. Epoch: 338, loss: 0.7107, accuracy: 0.2910
Saved model to model-checkpoints/pointer_generator/spanish/low/model_338.pth

Train Epoch: 339 started
Train Epoch: 339, loss: 0.25256
Validation. Epoch: 339, loss: 0.7260, accuracy: 0.2920
Saved model to model-checkpoints/pointer_generator/spanish/low/model_339.pth

Train Epoch: 340 started
Train Epoch: 340, loss: 0.28029
Validation. Epoch: 340, loss: 0.7300, accuracy: 0.2750
Saved model to model-checkpoints/pointer_generator/spanish/low/model_340.pth

Train Epoch: 341 started
Train Epoch: 341, loss: 0.26025
Validation. Epoch: 341, loss: 0.7054, accuracy: 0.3320
Saved model to model-checkpoints/pointer_generator/spanish/low/model_341.pth

Train Epoch: 342 started
Train Epoch: 342, loss: 0.27044
Validation. Epoch: 342, loss: 0.7001, accuracy: 0.3190
Saved model to model-checkpoints/pointer_generator/spanish/low/model_342.pth

Train Epoch: 343 started
Train Epoch: 343, loss: 0.27350
Validation. Epoch: 343, loss: 0.7256, accuracy: 0.2660
Saved model to model-checkpoints/pointer_generator/spanish/low/model_343.pth

Train Epoch: 344 started
Train Epoch: 344, loss: 0.24633
Validation. Epoch: 344, loss: 0.7057, accuracy: 0.2980
Saved model to model-checkpoints/pointer_generator/spanish/low/model_344.pth

Train Epoch: 345 started
Train Epoch: 345, loss: 0.27272
Validation. Epoch: 345, loss: 0.7026, accuracy: 0.2950
Saved model to model-checkpoints/pointer_generator/spanish/low/model_345.pth

Train Epoch: 346 started
Train Epoch: 346, loss: 0.24532
Validation. Epoch: 346, loss: 0.7212, accuracy: 0.2950
Saved model to model-checkpoints/pointer_generator/spanish/low/model_346.pth

Train Epoch: 347 started
Train Epoch: 347, loss: 0.28969
Validation. Epoch: 347, loss: 0.7674, accuracy: 0.2370
Saved model to model-checkpoints/pointer_generator/spanish/low/model_347.pth

Train Epoch: 348 started
Train Epoch: 348, loss: 0.25551
Validation. Epoch: 348, loss: 0.7229, accuracy: 0.3050
Saved model to model-checkpoints/pointer_generator/spanish/low/model_348.pth

Train Epoch: 349 started
Train Epoch: 349, loss: 0.22739
Validation. Epoch: 349, loss: 0.7236, accuracy: 0.2800
Saved model to model-checkpoints/pointer_generator/spanish/low/model_349.pth

Train Epoch: 350 started
Train Epoch: 350, loss: 0.26550
Validation. Epoch: 350, loss: 0.7045, accuracy: 0.2990
Saved model to model-checkpoints/pointer_generator/spanish/low/model_350.pth

Train Epoch: 351 started
Train Epoch: 351, loss: 0.24998
Validation. Epoch: 351, loss: 0.7347, accuracy: 0.2700
Saved model to model-checkpoints/pointer_generator/spanish/low/model_351.pth

Train Epoch: 352 started
Train Epoch: 352, loss: 0.24111
Validation. Epoch: 352, loss: 0.7202, accuracy: 0.3290
Saved model to model-checkpoints/pointer_generator/spanish/low/model_352.pth

Train Epoch: 353 started
Train Epoch: 353, loss: 0.25552
Validation. Epoch: 353, loss: 0.7171, accuracy: 0.3110
Saved model to model-checkpoints/pointer_generator/spanish/low/model_353.pth

Train Epoch: 354 started
Train Epoch: 354, loss: 0.26154
Validation. Epoch: 354, loss: 0.7111, accuracy: 0.3240
Saved model to model-checkpoints/pointer_generator/spanish/low/model_354.pth

Train Epoch: 355 started
Train Epoch: 355, loss: 0.25440
Validation. Epoch: 355, loss: 0.7274, accuracy: 0.2790
Saved model to model-checkpoints/pointer_generator/spanish/low/model_355.pth

Train Epoch: 356 started
Train Epoch: 356, loss: 0.22116
Validation. Epoch: 356, loss: 0.7285, accuracy: 0.2970
Saved model to model-checkpoints/pointer_generator/spanish/low/model_356.pth

Train Epoch: 357 started
Train Epoch: 357, loss: 0.20330
Validation. Epoch: 357, loss: 0.7200, accuracy: 0.3150
Saved model to model-checkpoints/pointer_generator/spanish/low/model_357.pth

Train Epoch: 358 started
Train Epoch: 358, loss: 0.26651
Validation. Epoch: 358, loss: 0.7226, accuracy: 0.3090
Saved model to model-checkpoints/pointer_generator/spanish/low/model_358.pth

Train Epoch: 359 started
Train Epoch: 359, loss: 0.25469
Validation. Epoch: 359, loss: 0.7161, accuracy: 0.3290
Saved model to model-checkpoints/pointer_generator/spanish/low/model_359.pth

Train Epoch: 360 started
Train Epoch: 360, loss: 0.24099
Validation. Epoch: 360, loss: 0.7398, accuracy: 0.3000
Saved model to model-checkpoints/pointer_generator/spanish/low/model_360.pth

Train Epoch: 361 started
Train Epoch: 361, loss: 0.26399
Validation. Epoch: 361, loss: 0.7124, accuracy: 0.3390
Saved model to model-checkpoints/pointer_generator/spanish/low/model_361.pth

Train Epoch: 362 started
Train Epoch: 362, loss: 0.21012
Validation. Epoch: 362, loss: 0.7023, accuracy: 0.3320
Saved model to model-checkpoints/pointer_generator/spanish/low/model_362.pth

Train Epoch: 363 started
Train Epoch: 363, loss: 0.23146
Validation. Epoch: 363, loss: 0.7074, accuracy: 0.3240
Saved model to model-checkpoints/pointer_generator/spanish/low/model_363.pth

Train Epoch: 364 started
Train Epoch: 364, loss: 0.24058
Validation. Epoch: 364, loss: 0.7272, accuracy: 0.2860
Saved model to model-checkpoints/pointer_generator/spanish/low/model_364.pth

Train Epoch: 365 started
Train Epoch: 365, loss: 0.22777
Validation. Epoch: 365, loss: 0.7065, accuracy: 0.3080
Saved model to model-checkpoints/pointer_generator/spanish/low/model_365.pth

Train Epoch: 366 started
Train Epoch: 366, loss: 0.24829
Validation. Epoch: 366, loss: 0.7035, accuracy: 0.3090
Saved model to model-checkpoints/pointer_generator/spanish/low/model_366.pth

Train Epoch: 367 started
Train Epoch: 367, loss: 0.23046
Validation. Epoch: 367, loss: 0.7226, accuracy: 0.2890
Saved model to model-checkpoints/pointer_generator/spanish/low/model_367.pth

Train Epoch: 368 started
Train Epoch: 368, loss: 0.23475
Validation. Epoch: 368, loss: 0.7761, accuracy: 0.2460
Saved model to model-checkpoints/pointer_generator/spanish/low/model_368.pth

Train Epoch: 369 started
Train Epoch: 369, loss: 0.26981
Validation. Epoch: 369, loss: 0.7329, accuracy: 0.2890
Saved model to model-checkpoints/pointer_generator/spanish/low/model_369.pth

Train Epoch: 370 started
Train Epoch: 370, loss: 0.21273
Validation. Epoch: 370, loss: 0.7271, accuracy: 0.3090
Saved model to model-checkpoints/pointer_generator/spanish/low/model_370.pth

Train Epoch: 371 started
Train Epoch: 371, loss: 0.24149
Validation. Epoch: 371, loss: 0.7085, accuracy: 0.3320
Saved model to model-checkpoints/pointer_generator/spanish/low/model_371.pth

Train Epoch: 372 started
Train Epoch: 372, loss: 0.20956
Validation. Epoch: 372, loss: 0.7313, accuracy: 0.3120
Saved model to model-checkpoints/pointer_generator/spanish/low/model_372.pth

Train Epoch: 373 started
Train Epoch: 373, loss: 0.25508
Validation. Epoch: 373, loss: 0.7331, accuracy: 0.2950
Saved model to model-checkpoints/pointer_generator/spanish/low/model_373.pth

Train Epoch: 374 started
Train Epoch: 374, loss: 0.21913
Validation. Epoch: 374, loss: 0.7179, accuracy: 0.3320
Saved model to model-checkpoints/pointer_generator/spanish/low/model_374.pth

Train Epoch: 375 started
Train Epoch: 375, loss: 0.22513
Validation. Epoch: 375, loss: 0.7095, accuracy: 0.3290
Saved model to model-checkpoints/pointer_generator/spanish/low/model_375.pth

Train Epoch: 376 started
Train Epoch: 376, loss: 0.21903
Validation. Epoch: 376, loss: 0.7219, accuracy: 0.3160
Saved model to model-checkpoints/pointer_generator/spanish/low/model_376.pth

Train Epoch: 377 started
Train Epoch: 377, loss: 0.23060
Validation. Epoch: 377, loss: 0.7177, accuracy: 0.3030
Saved model to model-checkpoints/pointer_generator/spanish/low/model_377.pth

Train Epoch: 378 started
Train Epoch: 378, loss: 0.21735
Validation. Epoch: 378, loss: 0.7221, accuracy: 0.2990
Saved model to model-checkpoints/pointer_generator/spanish/low/model_378.pth

Train Epoch: 379 started
Train Epoch: 379, loss: 0.24754
Validation. Epoch: 379, loss: 0.7000, accuracy: 0.3200
Saved model to model-checkpoints/pointer_generator/spanish/low/model_379.pth

Train Epoch: 380 started
Train Epoch: 380, loss: 0.24206
Validation. Epoch: 380, loss: 0.7015, accuracy: 0.3230
Saved model to model-checkpoints/pointer_generator/spanish/low/model_380.pth

Train Epoch: 381 started
Train Epoch: 381, loss: 0.20399
Validation. Epoch: 381, loss: 0.7064, accuracy: 0.3280
Saved model to model-checkpoints/pointer_generator/spanish/low/model_381.pth

Train Epoch: 382 started
Train Epoch: 382, loss: 0.25394
Validation. Epoch: 382, loss: 0.7176, accuracy: 0.3230
Saved model to model-checkpoints/pointer_generator/spanish/low/model_382.pth

Train Epoch: 383 started
Train Epoch: 383, loss: 0.21980
Validation. Epoch: 383, loss: 0.7271, accuracy: 0.3170
Saved model to model-checkpoints/pointer_generator/spanish/low/model_383.pth

Train Epoch: 384 started
Train Epoch: 384, loss: 0.21656
Validation. Epoch: 384, loss: 0.7392, accuracy: 0.3240
Saved model to model-checkpoints/pointer_generator/spanish/low/model_384.pth

Train Epoch: 385 started
Train Epoch: 385, loss: 0.20667
Validation. Epoch: 385, loss: 0.7439, accuracy: 0.3170
Saved model to model-checkpoints/pointer_generator/spanish/low/model_385.pth

Train Epoch: 386 started
Train Epoch: 386, loss: 0.23991
Validation. Epoch: 386, loss: 0.7298, accuracy: 0.3280
Saved model to model-checkpoints/pointer_generator/spanish/low/model_386.pth

Train Epoch: 387 started
Train Epoch: 387, loss: 0.24130
Validation. Epoch: 387, loss: 0.7083, accuracy: 0.3400
Saved model to model-checkpoints/pointer_generator/spanish/low/model_387.pth

Train Epoch: 388 started
Train Epoch: 388, loss: 0.22023
Validation. Epoch: 388, loss: 0.7169, accuracy: 0.3060
Saved model to model-checkpoints/pointer_generator/spanish/low/model_388.pth

Train Epoch: 389 started
Train Epoch: 389, loss: 0.20782
Validation. Epoch: 389, loss: 0.7019, accuracy: 0.3160
Saved model to model-checkpoints/pointer_generator/spanish/low/model_389.pth

Train Epoch: 390 started
Train Epoch: 390, loss: 0.22339
Validation. Epoch: 390, loss: 0.7139, accuracy: 0.3140
Saved model to model-checkpoints/pointer_generator/spanish/low/model_390.pth

Train Epoch: 391 started
Train Epoch: 391, loss: 0.21574
Validation. Epoch: 391, loss: 0.7187, accuracy: 0.3260
Saved model to model-checkpoints/pointer_generator/spanish/low/model_391.pth

Train Epoch: 392 started
Train Epoch: 392, loss: 0.23230
Validation. Epoch: 392, loss: 0.7280, accuracy: 0.3060
Saved model to model-checkpoints/pointer_generator/spanish/low/model_392.pth

Train Epoch: 393 started
Train Epoch: 393, loss: 0.22403
Validation. Epoch: 393, loss: 0.7299, accuracy: 0.3260
Saved model to model-checkpoints/pointer_generator/spanish/low/model_393.pth

Train Epoch: 394 started
Train Epoch: 394, loss: 0.22115
Validation. Epoch: 394, loss: 0.7275, accuracy: 0.3180
Saved model to model-checkpoints/pointer_generator/spanish/low/model_394.pth

Train Epoch: 395 started
Train Epoch: 395, loss: 0.22942
Validation. Epoch: 395, loss: 0.7066, accuracy: 0.3170
Saved model to model-checkpoints/pointer_generator/spanish/low/model_395.pth

Train Epoch: 396 started
Train Epoch: 396, loss: 0.21694
Validation. Epoch: 396, loss: 0.7035, accuracy: 0.3280
Saved model to model-checkpoints/pointer_generator/spanish/low/model_396.pth

Train Epoch: 397 started
Train Epoch: 397, loss: 0.20374
Validation. Epoch: 397, loss: 0.7259, accuracy: 0.3110
Saved model to model-checkpoints/pointer_generator/spanish/low/model_397.pth

Train Epoch: 398 started
Train Epoch: 398, loss: 0.23686
Validation. Epoch: 398, loss: 0.7418, accuracy: 0.3300
Saved model to model-checkpoints/pointer_generator/spanish/low/model_398.pth

Train Epoch: 399 started
Train Epoch: 399, loss: 0.21582
Validation. Epoch: 399, loss: 0.7817, accuracy: 0.3190
Saved model to model-checkpoints/pointer_generator/spanish/low/model_399.pth

Train Epoch: 400 started
Train Epoch: 400, loss: 0.24288
Validation. Epoch: 400, loss: 0.7749, accuracy: 0.3060
Saved model to model-checkpoints/pointer_generator/spanish/low/model_400.pth

Finished training, best model on validation set:  300
