
Train Epoch: 1 started
Train Epoch: 1, loss: 3.18084
Validation. Epoch: 1, loss: 3.0108, accuracy: 0.0000
Saved model to model-checkpoints/pointer_generator/italian/low/model_1.pth
New best Loss, saved to model-checkpoints/pointer_generator/italian/low/model_best.pth

Train Epoch: 2 started
Train Epoch: 2, loss: 2.99595
Validation. Epoch: 2, loss: 2.7686, accuracy: 0.0000
Saved model to model-checkpoints/pointer_generator/italian/low/model_2.pth
New best Loss, saved to model-checkpoints/pointer_generator/italian/low/model_best.pth

Train Epoch: 3 started
Train Epoch: 3, loss: 2.83180
Validation. Epoch: 3, loss: 2.6975, accuracy: 0.0000
Saved model to model-checkpoints/pointer_generator/italian/low/model_3.pth
New best Loss, saved to model-checkpoints/pointer_generator/italian/low/model_best.pth

Train Epoch: 4 started
Train Epoch: 4, loss: 2.77435
Validation. Epoch: 4, loss: 2.6230, accuracy: 0.0000
Saved model to model-checkpoints/pointer_generator/italian/low/model_4.pth
New best Loss, saved to model-checkpoints/pointer_generator/italian/low/model_best.pth

Train Epoch: 5 started
Train Epoch: 5, loss: 2.73314
Validation. Epoch: 5, loss: 2.5652, accuracy: 0.0000
Saved model to model-checkpoints/pointer_generator/italian/low/model_5.pth
New best Loss, saved to model-checkpoints/pointer_generator/italian/low/model_best.pth

Train Epoch: 6 started
Train Epoch: 6, loss: 2.66928
Validation. Epoch: 6, loss: 2.5647, accuracy: 0.0000
Saved model to model-checkpoints/pointer_generator/italian/low/model_6.pth
New best Loss, saved to model-checkpoints/pointer_generator/italian/low/model_best.pth

Train Epoch: 7 started
Train Epoch: 7, loss: 2.63763
Validation. Epoch: 7, loss: 2.5368, accuracy: 0.0000
Saved model to model-checkpoints/pointer_generator/italian/low/model_7.pth
New best Loss, saved to model-checkpoints/pointer_generator/italian/low/model_best.pth

Train Epoch: 8 started
Train Epoch: 8, loss: 2.63354
Validation. Epoch: 8, loss: 2.4879, accuracy: 0.0000
Saved model to model-checkpoints/pointer_generator/italian/low/model_8.pth
New best Loss, saved to model-checkpoints/pointer_generator/italian/low/model_best.pth

Train Epoch: 9 started
Train Epoch: 9, loss: 2.59953
Validation. Epoch: 9, loss: 2.4681, accuracy: 0.0000
Saved model to model-checkpoints/pointer_generator/italian/low/model_9.pth
New best Loss, saved to model-checkpoints/pointer_generator/italian/low/model_best.pth

Train Epoch: 10 started
Train Epoch: 10, loss: 2.54778
Validation. Epoch: 10, loss: 2.4427, accuracy: 0.0000
Saved model to model-checkpoints/pointer_generator/italian/low/model_10.pth
New best Loss, saved to model-checkpoints/pointer_generator/italian/low/model_best.pth

Train Epoch: 11 started
Train Epoch: 11, loss: 2.55156
Validation. Epoch: 11, loss: 2.4057, accuracy: 0.0000
Saved model to model-checkpoints/pointer_generator/italian/low/model_11.pth
New best Loss, saved to model-checkpoints/pointer_generator/italian/low/model_best.pth

Train Epoch: 12 started
Train Epoch: 12, loss: 2.48608
Validation. Epoch: 12, loss: 2.3597, accuracy: 0.0000
Saved model to model-checkpoints/pointer_generator/italian/low/model_12.pth
New best Loss, saved to model-checkpoints/pointer_generator/italian/low/model_best.pth

Train Epoch: 13 started
Train Epoch: 13, loss: 2.50774
Validation. Epoch: 13, loss: 2.2958, accuracy: 0.0000
Saved model to model-checkpoints/pointer_generator/italian/low/model_13.pth
New best Loss, saved to model-checkpoints/pointer_generator/italian/low/model_best.pth

Train Epoch: 14 started
Train Epoch: 14, loss: 2.42425
Validation. Epoch: 14, loss: 2.2332, accuracy: 0.0000
Saved model to model-checkpoints/pointer_generator/italian/low/model_14.pth
New best Loss, saved to model-checkpoints/pointer_generator/italian/low/model_best.pth

Train Epoch: 15 started
Train Epoch: 15, loss: 2.37643
Validation. Epoch: 15, loss: 2.1925, accuracy: 0.0000
Saved model to model-checkpoints/pointer_generator/italian/low/model_15.pth
New best Loss, saved to model-checkpoints/pointer_generator/italian/low/model_best.pth

Train Epoch: 16 started
Train Epoch: 16, loss: 2.32434
Validation. Epoch: 16, loss: 2.1725, accuracy: 0.0000
Saved model to model-checkpoints/pointer_generator/italian/low/model_16.pth
New best Loss, saved to model-checkpoints/pointer_generator/italian/low/model_best.pth

Train Epoch: 17 started
Train Epoch: 17, loss: 2.30433
Validation. Epoch: 17, loss: 2.1559, accuracy: 0.0000
Saved model to model-checkpoints/pointer_generator/italian/low/model_17.pth
New best Loss, saved to model-checkpoints/pointer_generator/italian/low/model_best.pth

Train Epoch: 18 started
Train Epoch: 18, loss: 2.28321
Validation. Epoch: 18, loss: 2.1118, accuracy: 0.0000
Saved model to model-checkpoints/pointer_generator/italian/low/model_18.pth
New best Loss, saved to model-checkpoints/pointer_generator/italian/low/model_best.pth

Train Epoch: 19 started
Train Epoch: 19, loss: 2.22742
Validation. Epoch: 19, loss: 2.0558, accuracy: 0.0000
Saved model to model-checkpoints/pointer_generator/italian/low/model_19.pth
New best Loss, saved to model-checkpoints/pointer_generator/italian/low/model_best.pth

Train Epoch: 20 started
Train Epoch: 20, loss: 2.21118
Validation. Epoch: 20, loss: 2.0351, accuracy: 0.0000
Saved model to model-checkpoints/pointer_generator/italian/low/model_20.pth
New best Loss, saved to model-checkpoints/pointer_generator/italian/low/model_best.pth

Train Epoch: 21 started
Train Epoch: 21, loss: 2.19633
Validation. Epoch: 21, loss: 2.0293, accuracy: 0.0000
Saved model to model-checkpoints/pointer_generator/italian/low/model_21.pth
New best Loss, saved to model-checkpoints/pointer_generator/italian/low/model_best.pth

Train Epoch: 22 started
Train Epoch: 22, loss: 2.19515
Validation. Epoch: 22, loss: 1.9884, accuracy: 0.0000
Saved model to model-checkpoints/pointer_generator/italian/low/model_22.pth
New best Loss, saved to model-checkpoints/pointer_generator/italian/low/model_best.pth

Train Epoch: 23 started
Train Epoch: 23, loss: 2.12623
Validation. Epoch: 23, loss: 1.9647, accuracy: 0.0000
Saved model to model-checkpoints/pointer_generator/italian/low/model_23.pth
New best Loss, saved to model-checkpoints/pointer_generator/italian/low/model_best.pth

Train Epoch: 24 started
Train Epoch: 24, loss: 2.15060
Validation. Epoch: 24, loss: 1.9644, accuracy: 0.0000
Saved model to model-checkpoints/pointer_generator/italian/low/model_24.pth
New best Loss, saved to model-checkpoints/pointer_generator/italian/low/model_best.pth

Train Epoch: 25 started
Train Epoch: 25, loss: 2.04400
Validation. Epoch: 25, loss: 1.9349, accuracy: 0.0000
Saved model to model-checkpoints/pointer_generator/italian/low/model_25.pth
New best Loss, saved to model-checkpoints/pointer_generator/italian/low/model_best.pth

Train Epoch: 26 started
Train Epoch: 26, loss: 2.04367
Validation. Epoch: 26, loss: 1.9022, accuracy: 0.0000
Saved model to model-checkpoints/pointer_generator/italian/low/model_26.pth
New best Loss, saved to model-checkpoints/pointer_generator/italian/low/model_best.pth

Train Epoch: 27 started
Train Epoch: 27, loss: 2.05454
Validation. Epoch: 27, loss: 1.9125, accuracy: 0.0000
Saved model to model-checkpoints/pointer_generator/italian/low/model_27.pth

Train Epoch: 28 started
Train Epoch: 28, loss: 2.02364
Validation. Epoch: 28, loss: 1.8773, accuracy: 0.0000
Saved model to model-checkpoints/pointer_generator/italian/low/model_28.pth
New best Loss, saved to model-checkpoints/pointer_generator/italian/low/model_best.pth

Train Epoch: 29 started
Train Epoch: 29, loss: 2.00892
Validation. Epoch: 29, loss: 1.8613, accuracy: 0.0000
Saved model to model-checkpoints/pointer_generator/italian/low/model_29.pth
New best Loss, saved to model-checkpoints/pointer_generator/italian/low/model_best.pth

Train Epoch: 30 started
Train Epoch: 30, loss: 1.99903
Validation. Epoch: 30, loss: 1.8704, accuracy: 0.0000
Saved model to model-checkpoints/pointer_generator/italian/low/model_30.pth

Train Epoch: 31 started
Train Epoch: 31, loss: 1.95225
Validation. Epoch: 31, loss: 1.8318, accuracy: 0.0000
Saved model to model-checkpoints/pointer_generator/italian/low/model_31.pth
New best Loss, saved to model-checkpoints/pointer_generator/italian/low/model_best.pth

Train Epoch: 32 started
Train Epoch: 32, loss: 1.96226
Validation. Epoch: 32, loss: 1.8107, accuracy: 0.0000
Saved model to model-checkpoints/pointer_generator/italian/low/model_32.pth
New best Loss, saved to model-checkpoints/pointer_generator/italian/low/model_best.pth

Train Epoch: 33 started
Train Epoch: 33, loss: 1.96195
Validation. Epoch: 33, loss: 1.8042, accuracy: 0.0000
Saved model to model-checkpoints/pointer_generator/italian/low/model_33.pth
New best Loss, saved to model-checkpoints/pointer_generator/italian/low/model_best.pth

Train Epoch: 34 started
Train Epoch: 34, loss: 1.93088
Validation. Epoch: 34, loss: 1.7920, accuracy: 0.0000
Saved model to model-checkpoints/pointer_generator/italian/low/model_34.pth
New best Loss, saved to model-checkpoints/pointer_generator/italian/low/model_best.pth

Train Epoch: 35 started
Train Epoch: 35, loss: 1.90199
Validation. Epoch: 35, loss: 1.7665, accuracy: 0.0000
Saved model to model-checkpoints/pointer_generator/italian/low/model_35.pth
New best Loss, saved to model-checkpoints/pointer_generator/italian/low/model_best.pth

Train Epoch: 36 started
Train Epoch: 36, loss: 1.87968
Validation. Epoch: 36, loss: 1.7446, accuracy: 0.0000
Saved model to model-checkpoints/pointer_generator/italian/low/model_36.pth
New best Loss, saved to model-checkpoints/pointer_generator/italian/low/model_best.pth

Train Epoch: 37 started
Train Epoch: 37, loss: 1.86217
Validation. Epoch: 37, loss: 1.7255, accuracy: 0.0000
Saved model to model-checkpoints/pointer_generator/italian/low/model_37.pth
New best Loss, saved to model-checkpoints/pointer_generator/italian/low/model_best.pth

Train Epoch: 38 started
Train Epoch: 38, loss: 1.86126
Validation. Epoch: 38, loss: 1.7140, accuracy: 0.0000
Saved model to model-checkpoints/pointer_generator/italian/low/model_38.pth
New best Loss, saved to model-checkpoints/pointer_generator/italian/low/model_best.pth

Train Epoch: 39 started
Train Epoch: 39, loss: 1.83524
Validation. Epoch: 39, loss: 1.6972, accuracy: 0.0020
Saved model to model-checkpoints/pointer_generator/italian/low/model_39.pth
New best Loss, saved to model-checkpoints/pointer_generator/italian/low/model_best.pth

Train Epoch: 40 started
Train Epoch: 40, loss: 1.82183
Validation. Epoch: 40, loss: 1.6683, accuracy: 0.0000
Saved model to model-checkpoints/pointer_generator/italian/low/model_40.pth
New best Loss, saved to model-checkpoints/pointer_generator/italian/low/model_best.pth

Train Epoch: 41 started
Train Epoch: 41, loss: 1.80120
Validation. Epoch: 41, loss: 1.6612, accuracy: 0.0010
Saved model to model-checkpoints/pointer_generator/italian/low/model_41.pth
New best Loss, saved to model-checkpoints/pointer_generator/italian/low/model_best.pth

Train Epoch: 42 started
Train Epoch: 42, loss: 1.79017
Validation. Epoch: 42, loss: 1.6593, accuracy: 0.0020
Saved model to model-checkpoints/pointer_generator/italian/low/model_42.pth
New best Loss, saved to model-checkpoints/pointer_generator/italian/low/model_best.pth

Train Epoch: 43 started
Train Epoch: 43, loss: 1.78466
Validation. Epoch: 43, loss: 1.6584, accuracy: 0.0000
Saved model to model-checkpoints/pointer_generator/italian/low/model_43.pth
New best Loss, saved to model-checkpoints/pointer_generator/italian/low/model_best.pth

Train Epoch: 44 started
Train Epoch: 44, loss: 1.77948
Validation. Epoch: 44, loss: 1.6238, accuracy: 0.0040
Saved model to model-checkpoints/pointer_generator/italian/low/model_44.pth
New best Loss, saved to model-checkpoints/pointer_generator/italian/low/model_best.pth

Train Epoch: 45 started
Train Epoch: 45, loss: 1.69920
Validation. Epoch: 45, loss: 1.6021, accuracy: 0.0040
Saved model to model-checkpoints/pointer_generator/italian/low/model_45.pth
New best Loss, saved to model-checkpoints/pointer_generator/italian/low/model_best.pth

Train Epoch: 46 started
Train Epoch: 46, loss: 1.72325
Validation. Epoch: 46, loss: 1.6331, accuracy: 0.0000
Saved model to model-checkpoints/pointer_generator/italian/low/model_46.pth

Train Epoch: 47 started
Train Epoch: 47, loss: 1.73768
Validation. Epoch: 47, loss: 1.5589, accuracy: 0.0020
Saved model to model-checkpoints/pointer_generator/italian/low/model_47.pth
New best Loss, saved to model-checkpoints/pointer_generator/italian/low/model_best.pth

Train Epoch: 48 started
Train Epoch: 48, loss: 1.73812
Validation. Epoch: 48, loss: 1.5711, accuracy: 0.0050
Saved model to model-checkpoints/pointer_generator/italian/low/model_48.pth

Train Epoch: 49 started
Train Epoch: 49, loss: 1.72186
Validation. Epoch: 49, loss: 1.4909, accuracy: 0.0000
Saved model to model-checkpoints/pointer_generator/italian/low/model_49.pth
New best Loss, saved to model-checkpoints/pointer_generator/italian/low/model_best.pth

Train Epoch: 50 started
Train Epoch: 50, loss: 1.64686
Validation. Epoch: 50, loss: 1.4698, accuracy: 0.0000
Saved model to model-checkpoints/pointer_generator/italian/low/model_50.pth
New best Loss, saved to model-checkpoints/pointer_generator/italian/low/model_best.pth

Train Epoch: 51 started
Train Epoch: 51, loss: 1.67066
Validation. Epoch: 51, loss: 1.4866, accuracy: 0.0060
Saved model to model-checkpoints/pointer_generator/italian/low/model_51.pth

Train Epoch: 52 started
Train Epoch: 52, loss: 1.56316
Validation. Epoch: 52, loss: 1.4576, accuracy: 0.0010
Saved model to model-checkpoints/pointer_generator/italian/low/model_52.pth
New best Loss, saved to model-checkpoints/pointer_generator/italian/low/model_best.pth

Train Epoch: 53 started
Train Epoch: 53, loss: 1.59700
Validation. Epoch: 53, loss: 1.4732, accuracy: 0.0010
Saved model to model-checkpoints/pointer_generator/italian/low/model_53.pth

Train Epoch: 54 started
Train Epoch: 54, loss: 1.59644
Validation. Epoch: 54, loss: 1.4334, accuracy: 0.0020
Saved model to model-checkpoints/pointer_generator/italian/low/model_54.pth
New best Loss, saved to model-checkpoints/pointer_generator/italian/low/model_best.pth

Train Epoch: 55 started
Train Epoch: 55, loss: 1.56886
Validation. Epoch: 55, loss: 1.4076, accuracy: 0.0030
Saved model to model-checkpoints/pointer_generator/italian/low/model_55.pth
New best Loss, saved to model-checkpoints/pointer_generator/italian/low/model_best.pth

Train Epoch: 56 started
Train Epoch: 56, loss: 1.52250
Validation. Epoch: 56, loss: 1.4328, accuracy: 0.0010
Saved model to model-checkpoints/pointer_generator/italian/low/model_56.pth

Train Epoch: 57 started
Train Epoch: 57, loss: 1.55931
Validation. Epoch: 57, loss: 1.3507, accuracy: 0.0030
Saved model to model-checkpoints/pointer_generator/italian/low/model_57.pth
New best Loss, saved to model-checkpoints/pointer_generator/italian/low/model_best.pth

Train Epoch: 58 started
Train Epoch: 58, loss: 1.47531
Validation. Epoch: 58, loss: 1.3448, accuracy: 0.0050
Saved model to model-checkpoints/pointer_generator/italian/low/model_58.pth
New best Loss, saved to model-checkpoints/pointer_generator/italian/low/model_best.pth

Train Epoch: 59 started
Train Epoch: 59, loss: 1.48140
Validation. Epoch: 59, loss: 1.3098, accuracy: 0.0040
Saved model to model-checkpoints/pointer_generator/italian/low/model_59.pth
New best Loss, saved to model-checkpoints/pointer_generator/italian/low/model_best.pth

Train Epoch: 60 started
Train Epoch: 60, loss: 1.51185
Validation. Epoch: 60, loss: 1.2993, accuracy: 0.0050
Saved model to model-checkpoints/pointer_generator/italian/low/model_60.pth
New best Loss, saved to model-checkpoints/pointer_generator/italian/low/model_best.pth

Train Epoch: 61 started
Train Epoch: 61, loss: 1.48135
Validation. Epoch: 61, loss: 1.3218, accuracy: 0.0040
Saved model to model-checkpoints/pointer_generator/italian/low/model_61.pth

Train Epoch: 62 started
Train Epoch: 62, loss: 1.43100
Validation. Epoch: 62, loss: 1.2767, accuracy: 0.0060
Saved model to model-checkpoints/pointer_generator/italian/low/model_62.pth
New best Loss, saved to model-checkpoints/pointer_generator/italian/low/model_best.pth

Train Epoch: 63 started
Train Epoch: 63, loss: 1.42454
Validation. Epoch: 63, loss: 1.3034, accuracy: 0.0020
Saved model to model-checkpoints/pointer_generator/italian/low/model_63.pth

Train Epoch: 64 started
Train Epoch: 64, loss: 1.42947
Validation. Epoch: 64, loss: 1.2438, accuracy: 0.0100
Saved model to model-checkpoints/pointer_generator/italian/low/model_64.pth
New best Loss, saved to model-checkpoints/pointer_generator/italian/low/model_best.pth

Train Epoch: 65 started
Train Epoch: 65, loss: 1.39708
Validation. Epoch: 65, loss: 1.2555, accuracy: 0.0060
Saved model to model-checkpoints/pointer_generator/italian/low/model_65.pth

Train Epoch: 66 started
Train Epoch: 66, loss: 1.40146
Validation. Epoch: 66, loss: 1.2219, accuracy: 0.0070
Saved model to model-checkpoints/pointer_generator/italian/low/model_66.pth
New best Loss, saved to model-checkpoints/pointer_generator/italian/low/model_best.pth

Train Epoch: 67 started
Train Epoch: 67, loss: 1.38477
Validation. Epoch: 67, loss: 1.2274, accuracy: 0.0060
Saved model to model-checkpoints/pointer_generator/italian/low/model_67.pth

Train Epoch: 68 started
Train Epoch: 68, loss: 1.36800
Validation. Epoch: 68, loss: 1.2099, accuracy: 0.0130
Saved model to model-checkpoints/pointer_generator/italian/low/model_68.pth
New best Loss, saved to model-checkpoints/pointer_generator/italian/low/model_best.pth

Train Epoch: 69 started
Train Epoch: 69, loss: 1.38134
Validation. Epoch: 69, loss: 1.1811, accuracy: 0.0070
Saved model to model-checkpoints/pointer_generator/italian/low/model_69.pth
New best Loss, saved to model-checkpoints/pointer_generator/italian/low/model_best.pth

Train Epoch: 70 started
Train Epoch: 70, loss: 1.34315
Validation. Epoch: 70, loss: 1.1678, accuracy: 0.0090
Saved model to model-checkpoints/pointer_generator/italian/low/model_70.pth
New best Loss, saved to model-checkpoints/pointer_generator/italian/low/model_best.pth

Train Epoch: 71 started
Train Epoch: 71, loss: 1.31436
Validation. Epoch: 71, loss: 1.1796, accuracy: 0.0130
Saved model to model-checkpoints/pointer_generator/italian/low/model_71.pth

Train Epoch: 72 started
Train Epoch: 72, loss: 1.30733
Validation. Epoch: 72, loss: 1.1611, accuracy: 0.0020
Saved model to model-checkpoints/pointer_generator/italian/low/model_72.pth
New best Loss, saved to model-checkpoints/pointer_generator/italian/low/model_best.pth

Train Epoch: 73 started
Train Epoch: 73, loss: 1.30853
Validation. Epoch: 73, loss: 1.1168, accuracy: 0.0100
Saved model to model-checkpoints/pointer_generator/italian/low/model_73.pth
New best Loss, saved to model-checkpoints/pointer_generator/italian/low/model_best.pth

Train Epoch: 74 started
Train Epoch: 74, loss: 1.27988
Validation. Epoch: 74, loss: 1.1448, accuracy: 0.0100
Saved model to model-checkpoints/pointer_generator/italian/low/model_74.pth

Train Epoch: 75 started
Train Epoch: 75, loss: 1.26310
Validation. Epoch: 75, loss: 1.1046, accuracy: 0.0090
Saved model to model-checkpoints/pointer_generator/italian/low/model_75.pth
New best Loss, saved to model-checkpoints/pointer_generator/italian/low/model_best.pth

Train Epoch: 76 started
Train Epoch: 76, loss: 1.26729
Validation. Epoch: 76, loss: 1.1172, accuracy: 0.0100
Saved model to model-checkpoints/pointer_generator/italian/low/model_76.pth

Train Epoch: 77 started
Train Epoch: 77, loss: 1.26015
Validation. Epoch: 77, loss: 1.1045, accuracy: 0.0120
Saved model to model-checkpoints/pointer_generator/italian/low/model_77.pth
New best Loss, saved to model-checkpoints/pointer_generator/italian/low/model_best.pth

Train Epoch: 78 started
Train Epoch: 78, loss: 1.21664
Validation. Epoch: 78, loss: 1.0975, accuracy: 0.0070
Saved model to model-checkpoints/pointer_generator/italian/low/model_78.pth
New best Loss, saved to model-checkpoints/pointer_generator/italian/low/model_best.pth

Train Epoch: 79 started
Train Epoch: 79, loss: 1.28525
Validation. Epoch: 79, loss: 1.1337, accuracy: 0.0140
Saved model to model-checkpoints/pointer_generator/italian/low/model_79.pth

Train Epoch: 80 started
Train Epoch: 80, loss: 1.26059
Validation. Epoch: 80, loss: 1.0581, accuracy: 0.0070
Saved model to model-checkpoints/pointer_generator/italian/low/model_80.pth
New best Loss, saved to model-checkpoints/pointer_generator/italian/low/model_best.pth

Train Epoch: 81 started
Train Epoch: 81, loss: 1.23236
Validation. Epoch: 81, loss: 1.0616, accuracy: 0.0040
Saved model to model-checkpoints/pointer_generator/italian/low/model_81.pth

Train Epoch: 82 started
Train Epoch: 82, loss: 1.19761
Validation. Epoch: 82, loss: 1.0965, accuracy: 0.0110
Saved model to model-checkpoints/pointer_generator/italian/low/model_82.pth

Train Epoch: 83 started
Train Epoch: 83, loss: 1.20808
Validation. Epoch: 83, loss: 1.0439, accuracy: 0.0070
Saved model to model-checkpoints/pointer_generator/italian/low/model_83.pth
New best Loss, saved to model-checkpoints/pointer_generator/italian/low/model_best.pth

Train Epoch: 84 started
Train Epoch: 84, loss: 1.19498
Validation. Epoch: 84, loss: 1.0677, accuracy: 0.0040
Saved model to model-checkpoints/pointer_generator/italian/low/model_84.pth

Train Epoch: 85 started
Train Epoch: 85, loss: 1.18602
Validation. Epoch: 85, loss: 1.0485, accuracy: 0.0110
Saved model to model-checkpoints/pointer_generator/italian/low/model_85.pth

Train Epoch: 86 started
Train Epoch: 86, loss: 1.19326
Validation. Epoch: 86, loss: 1.0376, accuracy: 0.0190
Saved model to model-checkpoints/pointer_generator/italian/low/model_86.pth
New best Loss, saved to model-checkpoints/pointer_generator/italian/low/model_best.pth

Train Epoch: 87 started
Train Epoch: 87, loss: 1.15072
Validation. Epoch: 87, loss: 1.0478, accuracy: 0.0090
Saved model to model-checkpoints/pointer_generator/italian/low/model_87.pth

Train Epoch: 88 started
Train Epoch: 88, loss: 1.10025
Validation. Epoch: 88, loss: 1.0223, accuracy: 0.0130
Saved model to model-checkpoints/pointer_generator/italian/low/model_88.pth
New best Loss, saved to model-checkpoints/pointer_generator/italian/low/model_best.pth

Train Epoch: 89 started
Train Epoch: 89, loss: 1.14924
Validation. Epoch: 89, loss: 1.0143, accuracy: 0.0220
Saved model to model-checkpoints/pointer_generator/italian/low/model_89.pth
New best Loss, saved to model-checkpoints/pointer_generator/italian/low/model_best.pth

Train Epoch: 90 started
Train Epoch: 90, loss: 1.12008
Validation. Epoch: 90, loss: 1.0165, accuracy: 0.0130
Saved model to model-checkpoints/pointer_generator/italian/low/model_90.pth

Train Epoch: 91 started
Train Epoch: 91, loss: 1.10107
Validation. Epoch: 91, loss: 1.0095, accuracy: 0.0100
Saved model to model-checkpoints/pointer_generator/italian/low/model_91.pth
New best Loss, saved to model-checkpoints/pointer_generator/italian/low/model_best.pth

Train Epoch: 92 started
Train Epoch: 92, loss: 1.08728
Validation. Epoch: 92, loss: 1.0178, accuracy: 0.0190
Saved model to model-checkpoints/pointer_generator/italian/low/model_92.pth

Train Epoch: 93 started
Train Epoch: 93, loss: 1.09014
Validation. Epoch: 93, loss: 0.9858, accuracy: 0.0260
Saved model to model-checkpoints/pointer_generator/italian/low/model_93.pth
New best Loss, saved to model-checkpoints/pointer_generator/italian/low/model_best.pth

Train Epoch: 94 started
Train Epoch: 94, loss: 1.07543
Validation. Epoch: 94, loss: 0.9617, accuracy: 0.0200
Saved model to model-checkpoints/pointer_generator/italian/low/model_94.pth
New best Loss, saved to model-checkpoints/pointer_generator/italian/low/model_best.pth

Train Epoch: 95 started
Train Epoch: 95, loss: 1.06288
Validation. Epoch: 95, loss: 0.9795, accuracy: 0.0280
Saved model to model-checkpoints/pointer_generator/italian/low/model_95.pth

Train Epoch: 96 started
Train Epoch: 96, loss: 1.10849
Validation. Epoch: 96, loss: 0.9515, accuracy: 0.0210
Saved model to model-checkpoints/pointer_generator/italian/low/model_96.pth
New best Loss, saved to model-checkpoints/pointer_generator/italian/low/model_best.pth

Train Epoch: 97 started
Train Epoch: 97, loss: 1.05933
Validation. Epoch: 97, loss: 0.9538, accuracy: 0.0140
Saved model to model-checkpoints/pointer_generator/italian/low/model_97.pth

Train Epoch: 98 started
Train Epoch: 98, loss: 1.02630
Validation. Epoch: 98, loss: 0.9600, accuracy: 0.0320
Saved model to model-checkpoints/pointer_generator/italian/low/model_98.pth

Train Epoch: 99 started
Train Epoch: 99, loss: 1.02841
Validation. Epoch: 99, loss: 0.9329, accuracy: 0.0260
Saved model to model-checkpoints/pointer_generator/italian/low/model_99.pth
New best Loss, saved to model-checkpoints/pointer_generator/italian/low/model_best.pth

Train Epoch: 100 started
Train Epoch: 100, loss: 0.98070
Validation. Epoch: 100, loss: 0.9359, accuracy: 0.0160
Saved model to model-checkpoints/pointer_generator/italian/low/model_100.pth

Train Epoch: 101 started
Train Epoch: 101, loss: 1.05062
Validation. Epoch: 101, loss: 0.9483, accuracy: 0.0200
Saved model to model-checkpoints/pointer_generator/italian/low/model_101.pth

Train Epoch: 102 started
Train Epoch: 102, loss: 1.01603
Validation. Epoch: 102, loss: 0.9331, accuracy: 0.0290
Saved model to model-checkpoints/pointer_generator/italian/low/model_102.pth

Train Epoch: 103 started
Train Epoch: 103, loss: 1.05077
Validation. Epoch: 103, loss: 0.9292, accuracy: 0.0240
Saved model to model-checkpoints/pointer_generator/italian/low/model_103.pth
New best Loss, saved to model-checkpoints/pointer_generator/italian/low/model_best.pth

Train Epoch: 104 started
Train Epoch: 104, loss: 1.02351
Validation. Epoch: 104, loss: 0.9186, accuracy: 0.0140
Saved model to model-checkpoints/pointer_generator/italian/low/model_104.pth
New best Loss, saved to model-checkpoints/pointer_generator/italian/low/model_best.pth

Train Epoch: 105 started
Train Epoch: 105, loss: 0.97535
Validation. Epoch: 105, loss: 0.9206, accuracy: 0.0170
Saved model to model-checkpoints/pointer_generator/italian/low/model_105.pth

Train Epoch: 106 started
Train Epoch: 106, loss: 1.00379
Validation. Epoch: 106, loss: 0.9117, accuracy: 0.0230
Saved model to model-checkpoints/pointer_generator/italian/low/model_106.pth
New best Loss, saved to model-checkpoints/pointer_generator/italian/low/model_best.pth

Train Epoch: 107 started
Train Epoch: 107, loss: 0.98886
Validation. Epoch: 107, loss: 0.9441, accuracy: 0.0250
Saved model to model-checkpoints/pointer_generator/italian/low/model_107.pth

Train Epoch: 108 started
Train Epoch: 108, loss: 0.96746
Validation. Epoch: 108, loss: 0.8868, accuracy: 0.0290
Saved model to model-checkpoints/pointer_generator/italian/low/model_108.pth
New best Loss, saved to model-checkpoints/pointer_generator/italian/low/model_best.pth

Train Epoch: 109 started
Train Epoch: 109, loss: 0.94623
Validation. Epoch: 109, loss: 0.9022, accuracy: 0.0260
Saved model to model-checkpoints/pointer_generator/italian/low/model_109.pth

Train Epoch: 110 started
Train Epoch: 110, loss: 0.94611
Validation. Epoch: 110, loss: 0.9069, accuracy: 0.0290
Saved model to model-checkpoints/pointer_generator/italian/low/model_110.pth

Train Epoch: 111 started
Train Epoch: 111, loss: 0.95603
Validation. Epoch: 111, loss: 0.9091, accuracy: 0.0340
Saved model to model-checkpoints/pointer_generator/italian/low/model_111.pth

Train Epoch: 112 started
Train Epoch: 112, loss: 0.91886
Validation. Epoch: 112, loss: 0.9021, accuracy: 0.0220
Saved model to model-checkpoints/pointer_generator/italian/low/model_112.pth

Train Epoch: 113 started
Train Epoch: 113, loss: 0.90405
Validation. Epoch: 113, loss: 0.9032, accuracy: 0.0350
Saved model to model-checkpoints/pointer_generator/italian/low/model_113.pth

Train Epoch: 114 started
Train Epoch: 114, loss: 0.95309
Validation. Epoch: 114, loss: 0.8861, accuracy: 0.0400
Saved model to model-checkpoints/pointer_generator/italian/low/model_114.pth
New best Loss, saved to model-checkpoints/pointer_generator/italian/low/model_best.pth

Train Epoch: 115 started
Train Epoch: 115, loss: 0.86812
Validation. Epoch: 115, loss: 0.8492, accuracy: 0.0380
Saved model to model-checkpoints/pointer_generator/italian/low/model_115.pth
New best Loss, saved to model-checkpoints/pointer_generator/italian/low/model_best.pth

Train Epoch: 116 started
Train Epoch: 116, loss: 0.87776
Validation. Epoch: 116, loss: 0.8643, accuracy: 0.0480
Saved model to model-checkpoints/pointer_generator/italian/low/model_116.pth

Train Epoch: 117 started
Train Epoch: 117, loss: 0.89821
Validation. Epoch: 117, loss: 0.8515, accuracy: 0.0460
Saved model to model-checkpoints/pointer_generator/italian/low/model_117.pth

Train Epoch: 118 started
Train Epoch: 118, loss: 0.90337
Validation. Epoch: 118, loss: 0.8503, accuracy: 0.0370
Saved model to model-checkpoints/pointer_generator/italian/low/model_118.pth

Train Epoch: 119 started
Train Epoch: 119, loss: 0.86321
Validation. Epoch: 119, loss: 0.8809, accuracy: 0.0470
Saved model to model-checkpoints/pointer_generator/italian/low/model_119.pth

Train Epoch: 120 started
Train Epoch: 120, loss: 0.87339
Validation. Epoch: 120, loss: 0.8544, accuracy: 0.0460
Saved model to model-checkpoints/pointer_generator/italian/low/model_120.pth

Train Epoch: 121 started
Train Epoch: 121, loss: 0.82016
Validation. Epoch: 121, loss: 0.8338, accuracy: 0.0380
Saved model to model-checkpoints/pointer_generator/italian/low/model_121.pth
New best Loss, saved to model-checkpoints/pointer_generator/italian/low/model_best.pth

Train Epoch: 122 started
Train Epoch: 122, loss: 0.86223
Validation. Epoch: 122, loss: 0.8318, accuracy: 0.0530
Saved model to model-checkpoints/pointer_generator/italian/low/model_122.pth
New best Loss, saved to model-checkpoints/pointer_generator/italian/low/model_best.pth

Train Epoch: 123 started
Train Epoch: 123, loss: 0.85019
Validation. Epoch: 123, loss: 0.8329, accuracy: 0.0610
Saved model to model-checkpoints/pointer_generator/italian/low/model_123.pth

Train Epoch: 124 started
Train Epoch: 124, loss: 0.81396
Validation. Epoch: 124, loss: 0.8258, accuracy: 0.0490
Saved model to model-checkpoints/pointer_generator/italian/low/model_124.pth
New best Loss, saved to model-checkpoints/pointer_generator/italian/low/model_best.pth

Train Epoch: 125 started
Train Epoch: 125, loss: 0.83472
Validation. Epoch: 125, loss: 0.8153, accuracy: 0.0520
Saved model to model-checkpoints/pointer_generator/italian/low/model_125.pth
New best Loss, saved to model-checkpoints/pointer_generator/italian/low/model_best.pth

Train Epoch: 126 started
Train Epoch: 126, loss: 0.79062
Validation. Epoch: 126, loss: 0.8061, accuracy: 0.0430
Saved model to model-checkpoints/pointer_generator/italian/low/model_126.pth
New best Loss, saved to model-checkpoints/pointer_generator/italian/low/model_best.pth

Train Epoch: 127 started
Train Epoch: 127, loss: 0.79810
Validation. Epoch: 127, loss: 0.7993, accuracy: 0.0430
Saved model to model-checkpoints/pointer_generator/italian/low/model_127.pth
New best Loss, saved to model-checkpoints/pointer_generator/italian/low/model_best.pth

Train Epoch: 128 started
Train Epoch: 128, loss: 0.82012
Validation. Epoch: 128, loss: 0.7997, accuracy: 0.0510
Saved model to model-checkpoints/pointer_generator/italian/low/model_128.pth

Train Epoch: 129 started
Train Epoch: 129, loss: 0.79588
Validation. Epoch: 129, loss: 0.8003, accuracy: 0.0480
Saved model to model-checkpoints/pointer_generator/italian/low/model_129.pth

Train Epoch: 130 started
Train Epoch: 130, loss: 0.81396
Validation. Epoch: 130, loss: 0.7934, accuracy: 0.0390
Saved model to model-checkpoints/pointer_generator/italian/low/model_130.pth
New best Loss, saved to model-checkpoints/pointer_generator/italian/low/model_best.pth

Train Epoch: 131 started
Train Epoch: 131, loss: 0.77075
Validation. Epoch: 131, loss: 0.8219, accuracy: 0.0610
Saved model to model-checkpoints/pointer_generator/italian/low/model_131.pth

Train Epoch: 132 started
Train Epoch: 132, loss: 0.80184
Validation. Epoch: 132, loss: 0.8019, accuracy: 0.0570
Saved model to model-checkpoints/pointer_generator/italian/low/model_132.pth

Train Epoch: 133 started
Train Epoch: 133, loss: 0.78785
Validation. Epoch: 133, loss: 0.8131, accuracy: 0.0320
Saved model to model-checkpoints/pointer_generator/italian/low/model_133.pth

Train Epoch: 134 started
Train Epoch: 134, loss: 0.78808
Validation. Epoch: 134, loss: 0.8068, accuracy: 0.0490
Saved model to model-checkpoints/pointer_generator/italian/low/model_134.pth

Train Epoch: 135 started
Train Epoch: 135, loss: 0.79483
Validation. Epoch: 135, loss: 0.7912, accuracy: 0.0380
Saved model to model-checkpoints/pointer_generator/italian/low/model_135.pth
New best Loss, saved to model-checkpoints/pointer_generator/italian/low/model_best.pth

Train Epoch: 136 started
Train Epoch: 136, loss: 0.76561
Validation. Epoch: 136, loss: 0.7841, accuracy: 0.0440
Saved model to model-checkpoints/pointer_generator/italian/low/model_136.pth
New best Loss, saved to model-checkpoints/pointer_generator/italian/low/model_best.pth

Train Epoch: 137 started
Train Epoch: 137, loss: 0.76066
Validation. Epoch: 137, loss: 0.7871, accuracy: 0.0480
Saved model to model-checkpoints/pointer_generator/italian/low/model_137.pth

Train Epoch: 138 started
Train Epoch: 138, loss: 0.76132
Validation. Epoch: 138, loss: 0.7805, accuracy: 0.0620
Saved model to model-checkpoints/pointer_generator/italian/low/model_138.pth
New best Loss, saved to model-checkpoints/pointer_generator/italian/low/model_best.pth

Train Epoch: 139 started
Train Epoch: 139, loss: 0.76351
Validation. Epoch: 139, loss: 0.7837, accuracy: 0.0600
Saved model to model-checkpoints/pointer_generator/italian/low/model_139.pth

Train Epoch: 140 started
Train Epoch: 140, loss: 0.71821
Validation. Epoch: 140, loss: 0.7783, accuracy: 0.0450
Saved model to model-checkpoints/pointer_generator/italian/low/model_140.pth
New best Loss, saved to model-checkpoints/pointer_generator/italian/low/model_best.pth

Train Epoch: 141 started
Train Epoch: 141, loss: 0.79370
Validation. Epoch: 141, loss: 0.7884, accuracy: 0.0490
Saved model to model-checkpoints/pointer_generator/italian/low/model_141.pth

Train Epoch: 142 started
Train Epoch: 142, loss: 0.72449
Validation. Epoch: 142, loss: 0.7842, accuracy: 0.0640
Saved model to model-checkpoints/pointer_generator/italian/low/model_142.pth

Train Epoch: 143 started
Train Epoch: 143, loss: 0.68305
Validation. Epoch: 143, loss: 0.7853, accuracy: 0.0540
Saved model to model-checkpoints/pointer_generator/italian/low/model_143.pth

Train Epoch: 144 started
Train Epoch: 144, loss: 0.72325
Validation. Epoch: 144, loss: 0.7835, accuracy: 0.0660
Saved model to model-checkpoints/pointer_generator/italian/low/model_144.pth

Train Epoch: 145 started
Train Epoch: 145, loss: 0.75914
Validation. Epoch: 145, loss: 0.7780, accuracy: 0.0600
Saved model to model-checkpoints/pointer_generator/italian/low/model_145.pth
New best Loss, saved to model-checkpoints/pointer_generator/italian/low/model_best.pth

Train Epoch: 146 started
Train Epoch: 146, loss: 0.74430
Validation. Epoch: 146, loss: 0.7639, accuracy: 0.0470
Saved model to model-checkpoints/pointer_generator/italian/low/model_146.pth
New best Loss, saved to model-checkpoints/pointer_generator/italian/low/model_best.pth

Train Epoch: 147 started
Train Epoch: 147, loss: 0.73223
Validation. Epoch: 147, loss: 0.7838, accuracy: 0.0660
Saved model to model-checkpoints/pointer_generator/italian/low/model_147.pth

Train Epoch: 148 started
Train Epoch: 148, loss: 0.68057
Validation. Epoch: 148, loss: 0.7577, accuracy: 0.0700
Saved model to model-checkpoints/pointer_generator/italian/low/model_148.pth
New best Loss, saved to model-checkpoints/pointer_generator/italian/low/model_best.pth

Train Epoch: 149 started
Train Epoch: 149, loss: 0.69157
Validation. Epoch: 149, loss: 0.7606, accuracy: 0.0540
Saved model to model-checkpoints/pointer_generator/italian/low/model_149.pth

Train Epoch: 150 started
Train Epoch: 150, loss: 0.72477
Validation. Epoch: 150, loss: 0.7854, accuracy: 0.0630
Saved model to model-checkpoints/pointer_generator/italian/low/model_150.pth

Train Epoch: 151 started
Train Epoch: 151, loss: 0.69348
Validation. Epoch: 151, loss: 0.7593, accuracy: 0.0720
Saved model to model-checkpoints/pointer_generator/italian/low/model_151.pth

Train Epoch: 152 started
Train Epoch: 152, loss: 0.69005
Validation. Epoch: 152, loss: 0.7432, accuracy: 0.0810
Saved model to model-checkpoints/pointer_generator/italian/low/model_152.pth
New best Loss, saved to model-checkpoints/pointer_generator/italian/low/model_best.pth

Train Epoch: 153 started
Train Epoch: 153, loss: 0.72149
Validation. Epoch: 153, loss: 0.7733, accuracy: 0.0760
Saved model to model-checkpoints/pointer_generator/italian/low/model_153.pth

Train Epoch: 154 started
Train Epoch: 154, loss: 0.70073
Validation. Epoch: 154, loss: 0.7664, accuracy: 0.0680
Saved model to model-checkpoints/pointer_generator/italian/low/model_154.pth

Train Epoch: 155 started
Train Epoch: 155, loss: 0.68509
Validation. Epoch: 155, loss: 0.7317, accuracy: 0.0560
Saved model to model-checkpoints/pointer_generator/italian/low/model_155.pth
New best Loss, saved to model-checkpoints/pointer_generator/italian/low/model_best.pth

Train Epoch: 156 started
Train Epoch: 156, loss: 0.69286
Validation. Epoch: 156, loss: 0.7367, accuracy: 0.0680
Saved model to model-checkpoints/pointer_generator/italian/low/model_156.pth

Train Epoch: 157 started
Train Epoch: 157, loss: 0.67502
Validation. Epoch: 157, loss: 0.7460, accuracy: 0.0860
Saved model to model-checkpoints/pointer_generator/italian/low/model_157.pth

Train Epoch: 158 started
Train Epoch: 158, loss: 0.66728
Validation. Epoch: 158, loss: 0.7273, accuracy: 0.0630
Saved model to model-checkpoints/pointer_generator/italian/low/model_158.pth
New best Loss, saved to model-checkpoints/pointer_generator/italian/low/model_best.pth

Train Epoch: 159 started
Train Epoch: 159, loss: 0.68127
Validation. Epoch: 159, loss: 0.7250, accuracy: 0.0600
Saved model to model-checkpoints/pointer_generator/italian/low/model_159.pth
New best Loss, saved to model-checkpoints/pointer_generator/italian/low/model_best.pth

Train Epoch: 160 started
Train Epoch: 160, loss: 0.66945
Validation. Epoch: 160, loss: 0.7473, accuracy: 0.0690
Saved model to model-checkpoints/pointer_generator/italian/low/model_160.pth

Train Epoch: 161 started
Train Epoch: 161, loss: 0.66428
Validation. Epoch: 161, loss: 0.7414, accuracy: 0.0780
Saved model to model-checkpoints/pointer_generator/italian/low/model_161.pth

Train Epoch: 162 started
Train Epoch: 162, loss: 0.67188
Validation. Epoch: 162, loss: 0.7500, accuracy: 0.0620
Saved model to model-checkpoints/pointer_generator/italian/low/model_162.pth

Train Epoch: 163 started
Train Epoch: 163, loss: 0.67549
Validation. Epoch: 163, loss: 0.7262, accuracy: 0.0640
Saved model to model-checkpoints/pointer_generator/italian/low/model_163.pth

Train Epoch: 164 started
Train Epoch: 164, loss: 0.65733
Validation. Epoch: 164, loss: 0.7451, accuracy: 0.0920
Saved model to model-checkpoints/pointer_generator/italian/low/model_164.pth

Train Epoch: 165 started
Train Epoch: 165, loss: 0.63285
Validation. Epoch: 165, loss: 0.7582, accuracy: 0.0960
Saved model to model-checkpoints/pointer_generator/italian/low/model_165.pth

Train Epoch: 166 started
Train Epoch: 166, loss: 0.66276
Validation. Epoch: 166, loss: 0.7158, accuracy: 0.0910
Saved model to model-checkpoints/pointer_generator/italian/low/model_166.pth
New best Loss, saved to model-checkpoints/pointer_generator/italian/low/model_best.pth

Train Epoch: 167 started
Train Epoch: 167, loss: 0.63503
Validation. Epoch: 167, loss: 0.7111, accuracy: 0.0710
Saved model to model-checkpoints/pointer_generator/italian/low/model_167.pth
New best Loss, saved to model-checkpoints/pointer_generator/italian/low/model_best.pth

Train Epoch: 168 started
Train Epoch: 168, loss: 0.62597
Validation. Epoch: 168, loss: 0.7245, accuracy: 0.0840
Saved model to model-checkpoints/pointer_generator/italian/low/model_168.pth

Train Epoch: 169 started
Train Epoch: 169, loss: 0.63194
Validation. Epoch: 169, loss: 0.7355, accuracy: 0.0760
Saved model to model-checkpoints/pointer_generator/italian/low/model_169.pth

Train Epoch: 170 started
Train Epoch: 170, loss: 0.64485
Validation. Epoch: 170, loss: 0.7071, accuracy: 0.0940
Saved model to model-checkpoints/pointer_generator/italian/low/model_170.pth
New best Loss, saved to model-checkpoints/pointer_generator/italian/low/model_best.pth

Train Epoch: 171 started
Train Epoch: 171, loss: 0.64223
Validation. Epoch: 171, loss: 0.7127, accuracy: 0.0890
Saved model to model-checkpoints/pointer_generator/italian/low/model_171.pth

Train Epoch: 172 started
Train Epoch: 172, loss: 0.61419
Validation. Epoch: 172, loss: 0.7097, accuracy: 0.1080
Saved model to model-checkpoints/pointer_generator/italian/low/model_172.pth

Train Epoch: 173 started
Train Epoch: 173, loss: 0.61233
Validation. Epoch: 173, loss: 0.7148, accuracy: 0.1060
Saved model to model-checkpoints/pointer_generator/italian/low/model_173.pth

Train Epoch: 174 started
Train Epoch: 174, loss: 0.60529
Validation. Epoch: 174, loss: 0.7279, accuracy: 0.0980
Saved model to model-checkpoints/pointer_generator/italian/low/model_174.pth

Train Epoch: 175 started
Train Epoch: 175, loss: 0.61893
Validation. Epoch: 175, loss: 0.6994, accuracy: 0.0830
Saved model to model-checkpoints/pointer_generator/italian/low/model_175.pth
New best Loss, saved to model-checkpoints/pointer_generator/italian/low/model_best.pth

Train Epoch: 176 started
Train Epoch: 176, loss: 0.62028
Validation. Epoch: 176, loss: 0.6917, accuracy: 0.0850
Saved model to model-checkpoints/pointer_generator/italian/low/model_176.pth
New best Loss, saved to model-checkpoints/pointer_generator/italian/low/model_best.pth

Train Epoch: 177 started
Train Epoch: 177, loss: 0.63028
Validation. Epoch: 177, loss: 0.7248, accuracy: 0.1030
Saved model to model-checkpoints/pointer_generator/italian/low/model_177.pth

Train Epoch: 178 started
Train Epoch: 178, loss: 0.59638
Validation. Epoch: 178, loss: 0.7105, accuracy: 0.1140
Saved model to model-checkpoints/pointer_generator/italian/low/model_178.pth

Train Epoch: 179 started
Train Epoch: 179, loss: 0.60716
Validation. Epoch: 179, loss: 0.6933, accuracy: 0.0990
Saved model to model-checkpoints/pointer_generator/italian/low/model_179.pth

Train Epoch: 180 started
Train Epoch: 180, loss: 0.59053
Validation. Epoch: 180, loss: 0.7081, accuracy: 0.0830
Saved model to model-checkpoints/pointer_generator/italian/low/model_180.pth

Train Epoch: 181 started
Train Epoch: 181, loss: 0.60343
Validation. Epoch: 181, loss: 0.7021, accuracy: 0.0960
Saved model to model-checkpoints/pointer_generator/italian/low/model_181.pth

Train Epoch: 182 started
Train Epoch: 182, loss: 0.57006
Validation. Epoch: 182, loss: 0.7039, accuracy: 0.0940
Saved model to model-checkpoints/pointer_generator/italian/low/model_182.pth

Train Epoch: 183 started
Train Epoch: 183, loss: 0.59193
Validation. Epoch: 183, loss: 0.7098, accuracy: 0.0990
Saved model to model-checkpoints/pointer_generator/italian/low/model_183.pth

Train Epoch: 184 started
Train Epoch: 184, loss: 0.59663
Validation. Epoch: 184, loss: 0.6986, accuracy: 0.0990
Saved model to model-checkpoints/pointer_generator/italian/low/model_184.pth

Train Epoch: 185 started
Train Epoch: 185, loss: 0.57129
Validation. Epoch: 185, loss: 0.6791, accuracy: 0.0960
Saved model to model-checkpoints/pointer_generator/italian/low/model_185.pth
New best Loss, saved to model-checkpoints/pointer_generator/italian/low/model_best.pth

Train Epoch: 186 started
Train Epoch: 186, loss: 0.57094
Validation. Epoch: 186, loss: 0.7059, accuracy: 0.1050
Saved model to model-checkpoints/pointer_generator/italian/low/model_186.pth

Train Epoch: 187 started
Train Epoch: 187, loss: 0.56764
Validation. Epoch: 187, loss: 0.6938, accuracy: 0.1090
Saved model to model-checkpoints/pointer_generator/italian/low/model_187.pth

Train Epoch: 188 started
Train Epoch: 188, loss: 0.56216
Validation. Epoch: 188, loss: 0.6909, accuracy: 0.1040
Saved model to model-checkpoints/pointer_generator/italian/low/model_188.pth

Train Epoch: 189 started
Train Epoch: 189, loss: 0.55668
Validation. Epoch: 189, loss: 0.7064, accuracy: 0.0960
Saved model to model-checkpoints/pointer_generator/italian/low/model_189.pth

Train Epoch: 190 started
Train Epoch: 190, loss: 0.54671
Validation. Epoch: 190, loss: 0.7194, accuracy: 0.1120
Saved model to model-checkpoints/pointer_generator/italian/low/model_190.pth

Train Epoch: 191 started
Train Epoch: 191, loss: 0.59450
Validation. Epoch: 191, loss: 0.6886, accuracy: 0.0860
Saved model to model-checkpoints/pointer_generator/italian/low/model_191.pth

Train Epoch: 192 started
Train Epoch: 192, loss: 0.60169
Validation. Epoch: 192, loss: 0.6922, accuracy: 0.0920
Saved model to model-checkpoints/pointer_generator/italian/low/model_192.pth

Train Epoch: 193 started
Train Epoch: 193, loss: 0.54688
Validation. Epoch: 193, loss: 0.7037, accuracy: 0.0890
Saved model to model-checkpoints/pointer_generator/italian/low/model_193.pth

Train Epoch: 194 started
Train Epoch: 194, loss: 0.50369
Validation. Epoch: 194, loss: 0.6752, accuracy: 0.1120
Saved model to model-checkpoints/pointer_generator/italian/low/model_194.pth
New best Loss, saved to model-checkpoints/pointer_generator/italian/low/model_best.pth

Train Epoch: 195 started
Train Epoch: 195, loss: 0.53832
Validation. Epoch: 195, loss: 0.6828, accuracy: 0.1140
Saved model to model-checkpoints/pointer_generator/italian/low/model_195.pth

Train Epoch: 196 started
Train Epoch: 196, loss: 0.55679
Validation. Epoch: 196, loss: 0.6823, accuracy: 0.1120
Saved model to model-checkpoints/pointer_generator/italian/low/model_196.pth

Train Epoch: 197 started
Train Epoch: 197, loss: 0.53751
Validation. Epoch: 197, loss: 0.6805, accuracy: 0.1090
Saved model to model-checkpoints/pointer_generator/italian/low/model_197.pth

Train Epoch: 198 started
Train Epoch: 198, loss: 0.56218
Validation. Epoch: 198, loss: 0.6731, accuracy: 0.1110
Saved model to model-checkpoints/pointer_generator/italian/low/model_198.pth
New best Loss, saved to model-checkpoints/pointer_generator/italian/low/model_best.pth

Train Epoch: 199 started
Train Epoch: 199, loss: 0.51670
Validation. Epoch: 199, loss: 0.6733, accuracy: 0.1220
Saved model to model-checkpoints/pointer_generator/italian/low/model_199.pth

Train Epoch: 200 started
Train Epoch: 200, loss: 0.50107
Validation. Epoch: 200, loss: 0.6704, accuracy: 0.1220
Saved model to model-checkpoints/pointer_generator/italian/low/model_200.pth
New best Loss, saved to model-checkpoints/pointer_generator/italian/low/model_best.pth

Train Epoch: 201 started
Train Epoch: 201, loss: 0.50896
Validation. Epoch: 201, loss: 0.6823, accuracy: 0.1240
Saved model to model-checkpoints/pointer_generator/italian/low/model_201.pth

Train Epoch: 202 started
Train Epoch: 202, loss: 0.51389
Validation. Epoch: 202, loss: 0.6757, accuracy: 0.1420
Saved model to model-checkpoints/pointer_generator/italian/low/model_202.pth

Train Epoch: 203 started
Train Epoch: 203, loss: 0.47720
Validation. Epoch: 203, loss: 0.6759, accuracy: 0.1340
Saved model to model-checkpoints/pointer_generator/italian/low/model_203.pth

Train Epoch: 204 started
Train Epoch: 204, loss: 0.50841
Validation. Epoch: 204, loss: 0.6609, accuracy: 0.1220
Saved model to model-checkpoints/pointer_generator/italian/low/model_204.pth
New best Loss, saved to model-checkpoints/pointer_generator/italian/low/model_best.pth

Train Epoch: 205 started
Train Epoch: 205, loss: 0.50086
Validation. Epoch: 205, loss: 0.6618, accuracy: 0.1120
Saved model to model-checkpoints/pointer_generator/italian/low/model_205.pth

Train Epoch: 206 started
Train Epoch: 206, loss: 0.51866
Validation. Epoch: 206, loss: 0.6733, accuracy: 0.1110
Saved model to model-checkpoints/pointer_generator/italian/low/model_206.pth

Train Epoch: 207 started
Train Epoch: 207, loss: 0.48802
Validation. Epoch: 207, loss: 0.6702, accuracy: 0.1170
Saved model to model-checkpoints/pointer_generator/italian/low/model_207.pth

Train Epoch: 208 started
Train Epoch: 208, loss: 0.48059
Validation. Epoch: 208, loss: 0.6732, accuracy: 0.1200
Saved model to model-checkpoints/pointer_generator/italian/low/model_208.pth

Train Epoch: 209 started
Train Epoch: 209, loss: 0.50745
Validation. Epoch: 209, loss: 0.6542, accuracy: 0.1320
Saved model to model-checkpoints/pointer_generator/italian/low/model_209.pth
New best Loss, saved to model-checkpoints/pointer_generator/italian/low/model_best.pth

Train Epoch: 210 started
Train Epoch: 210, loss: 0.46236
Validation. Epoch: 210, loss: 0.6484, accuracy: 0.1400
Saved model to model-checkpoints/pointer_generator/italian/low/model_210.pth
New best Loss, saved to model-checkpoints/pointer_generator/italian/low/model_best.pth

Train Epoch: 211 started
Train Epoch: 211, loss: 0.49371
Validation. Epoch: 211, loss: 0.6611, accuracy: 0.1350
Saved model to model-checkpoints/pointer_generator/italian/low/model_211.pth

Train Epoch: 212 started
Train Epoch: 212, loss: 0.46255
Validation. Epoch: 212, loss: 0.6578, accuracy: 0.1390
Saved model to model-checkpoints/pointer_generator/italian/low/model_212.pth

Train Epoch: 213 started
Train Epoch: 213, loss: 0.49888
Validation. Epoch: 213, loss: 0.6622, accuracy: 0.1430
Saved model to model-checkpoints/pointer_generator/italian/low/model_213.pth

Train Epoch: 214 started
Train Epoch: 214, loss: 0.49496
Validation. Epoch: 214, loss: 0.6713, accuracy: 0.1470
Saved model to model-checkpoints/pointer_generator/italian/low/model_214.pth

Train Epoch: 215 started
Train Epoch: 215, loss: 0.48650
Validation. Epoch: 215, loss: 0.6551, accuracy: 0.1500
Saved model to model-checkpoints/pointer_generator/italian/low/model_215.pth

Train Epoch: 216 started
Train Epoch: 216, loss: 0.47988
Validation. Epoch: 216, loss: 0.6738, accuracy: 0.1130
Saved model to model-checkpoints/pointer_generator/italian/low/model_216.pth

Train Epoch: 217 started
Train Epoch: 217, loss: 0.45247
Validation. Epoch: 217, loss: 0.6799, accuracy: 0.1190
Saved model to model-checkpoints/pointer_generator/italian/low/model_217.pth

Train Epoch: 218 started
Train Epoch: 218, loss: 0.47232
Validation. Epoch: 218, loss: 0.6592, accuracy: 0.1410
Saved model to model-checkpoints/pointer_generator/italian/low/model_218.pth

Train Epoch: 219 started
Train Epoch: 219, loss: 0.45500
Validation. Epoch: 219, loss: 0.6570, accuracy: 0.1170
Saved model to model-checkpoints/pointer_generator/italian/low/model_219.pth

Train Epoch: 220 started
Train Epoch: 220, loss: 0.49847
Validation. Epoch: 220, loss: 0.6457, accuracy: 0.1260
Saved model to model-checkpoints/pointer_generator/italian/low/model_220.pth
New best Loss, saved to model-checkpoints/pointer_generator/italian/low/model_best.pth

Train Epoch: 221 started
Train Epoch: 221, loss: 0.47967
Validation. Epoch: 221, loss: 0.6571, accuracy: 0.1030
Saved model to model-checkpoints/pointer_generator/italian/low/model_221.pth

Train Epoch: 222 started
Train Epoch: 222, loss: 0.45605
Validation. Epoch: 222, loss: 0.6536, accuracy: 0.1280
Saved model to model-checkpoints/pointer_generator/italian/low/model_222.pth

Train Epoch: 223 started
Train Epoch: 223, loss: 0.48477
Validation. Epoch: 223, loss: 0.6467, accuracy: 0.1640
Saved model to model-checkpoints/pointer_generator/italian/low/model_223.pth

Train Epoch: 224 started
Train Epoch: 224, loss: 0.42783
Validation. Epoch: 224, loss: 0.6490, accuracy: 0.1600
Saved model to model-checkpoints/pointer_generator/italian/low/model_224.pth

Train Epoch: 225 started
Train Epoch: 225, loss: 0.48166
Validation. Epoch: 225, loss: 0.6371, accuracy: 0.1580
Saved model to model-checkpoints/pointer_generator/italian/low/model_225.pth
New best Loss, saved to model-checkpoints/pointer_generator/italian/low/model_best.pth

Train Epoch: 226 started
Train Epoch: 226, loss: 0.45884
Validation. Epoch: 226, loss: 0.6728, accuracy: 0.1280
Saved model to model-checkpoints/pointer_generator/italian/low/model_226.pth

Train Epoch: 227 started
Train Epoch: 227, loss: 0.47667
Validation. Epoch: 227, loss: 0.6638, accuracy: 0.1430
Saved model to model-checkpoints/pointer_generator/italian/low/model_227.pth

Train Epoch: 228 started
Train Epoch: 228, loss: 0.44878
Validation. Epoch: 228, loss: 0.6466, accuracy: 0.1620
Saved model to model-checkpoints/pointer_generator/italian/low/model_228.pth

Train Epoch: 229 started
Train Epoch: 229, loss: 0.45508
Validation. Epoch: 229, loss: 0.6625, accuracy: 0.1650
Saved model to model-checkpoints/pointer_generator/italian/low/model_229.pth

Train Epoch: 230 started
Train Epoch: 230, loss: 0.47165
Validation. Epoch: 230, loss: 0.6729, accuracy: 0.1450
Saved model to model-checkpoints/pointer_generator/italian/low/model_230.pth

Train Epoch: 231 started
Train Epoch: 231, loss: 0.43059
Validation. Epoch: 231, loss: 0.6384, accuracy: 0.1490
Saved model to model-checkpoints/pointer_generator/italian/low/model_231.pth

Train Epoch: 232 started
Train Epoch: 232, loss: 0.47080
Validation. Epoch: 232, loss: 0.6397, accuracy: 0.1550
Saved model to model-checkpoints/pointer_generator/italian/low/model_232.pth

Train Epoch: 233 started
Train Epoch: 233, loss: 0.44246
Validation. Epoch: 233, loss: 0.6627, accuracy: 0.1390
Saved model to model-checkpoints/pointer_generator/italian/low/model_233.pth

Train Epoch: 234 started
Train Epoch: 234, loss: 0.47154
Validation. Epoch: 234, loss: 0.6374, accuracy: 0.1630
Saved model to model-checkpoints/pointer_generator/italian/low/model_234.pth

Train Epoch: 235 started
Train Epoch: 235, loss: 0.43234
Validation. Epoch: 235, loss: 0.6389, accuracy: 0.1570
Saved model to model-checkpoints/pointer_generator/italian/low/model_235.pth

Train Epoch: 236 started
Train Epoch: 236, loss: 0.46393
Validation. Epoch: 236, loss: 0.6446, accuracy: 0.1660
Saved model to model-checkpoints/pointer_generator/italian/low/model_236.pth

Train Epoch: 237 started
Train Epoch: 237, loss: 0.41969
Validation. Epoch: 237, loss: 0.6633, accuracy: 0.1640
Saved model to model-checkpoints/pointer_generator/italian/low/model_237.pth

Train Epoch: 238 started
Train Epoch: 238, loss: 0.44783
Validation. Epoch: 238, loss: 0.6354, accuracy: 0.1650
Saved model to model-checkpoints/pointer_generator/italian/low/model_238.pth
New best Loss, saved to model-checkpoints/pointer_generator/italian/low/model_best.pth

Train Epoch: 239 started
Train Epoch: 239, loss: 0.43845
Validation. Epoch: 239, loss: 0.6409, accuracy: 0.1550
Saved model to model-checkpoints/pointer_generator/italian/low/model_239.pth

Train Epoch: 240 started
Train Epoch: 240, loss: 0.42250
Validation. Epoch: 240, loss: 0.6437, accuracy: 0.1720
Saved model to model-checkpoints/pointer_generator/italian/low/model_240.pth

Train Epoch: 241 started
Train Epoch: 241, loss: 0.44550
Validation. Epoch: 241, loss: 0.6443, accuracy: 0.1630
Saved model to model-checkpoints/pointer_generator/italian/low/model_241.pth

Train Epoch: 242 started
Train Epoch: 242, loss: 0.41160
Validation. Epoch: 242, loss: 0.6366, accuracy: 0.1720
Saved model to model-checkpoints/pointer_generator/italian/low/model_242.pth

Train Epoch: 243 started
Train Epoch: 243, loss: 0.42690
Validation. Epoch: 243, loss: 0.6390, accuracy: 0.1610
Saved model to model-checkpoints/pointer_generator/italian/low/model_243.pth

Train Epoch: 244 started
Train Epoch: 244, loss: 0.40712
Validation. Epoch: 244, loss: 0.6660, accuracy: 0.1450
Saved model to model-checkpoints/pointer_generator/italian/low/model_244.pth

Train Epoch: 245 started
Train Epoch: 245, loss: 0.44165
Validation. Epoch: 245, loss: 0.6256, accuracy: 0.1610
Saved model to model-checkpoints/pointer_generator/italian/low/model_245.pth
New best Loss, saved to model-checkpoints/pointer_generator/italian/low/model_best.pth

Train Epoch: 246 started
Train Epoch: 246, loss: 0.40881
Validation. Epoch: 246, loss: 0.6317, accuracy: 0.1580
Saved model to model-checkpoints/pointer_generator/italian/low/model_246.pth

Train Epoch: 247 started
Train Epoch: 247, loss: 0.40783
Validation. Epoch: 247, loss: 0.6480, accuracy: 0.1670
Saved model to model-checkpoints/pointer_generator/italian/low/model_247.pth

Train Epoch: 248 started
Train Epoch: 248, loss: 0.44200
Validation. Epoch: 248, loss: 0.6276, accuracy: 0.1750
Saved model to model-checkpoints/pointer_generator/italian/low/model_248.pth

Train Epoch: 249 started
Train Epoch: 249, loss: 0.41781
Validation. Epoch: 249, loss: 0.6047, accuracy: 0.1790
Saved model to model-checkpoints/pointer_generator/italian/low/model_249.pth
New best Loss, saved to model-checkpoints/pointer_generator/italian/low/model_best.pth

Train Epoch: 250 started
Train Epoch: 250, loss: 0.40566
Validation. Epoch: 250, loss: 0.6368, accuracy: 0.1670
Saved model to model-checkpoints/pointer_generator/italian/low/model_250.pth

Train Epoch: 251 started
Train Epoch: 251, loss: 0.42696
Validation. Epoch: 251, loss: 0.6297, accuracy: 0.1730
Saved model to model-checkpoints/pointer_generator/italian/low/model_251.pth

Train Epoch: 252 started
Train Epoch: 252, loss: 0.37347
Validation. Epoch: 252, loss: 0.6427, accuracy: 0.1740
Saved model to model-checkpoints/pointer_generator/italian/low/model_252.pth

Train Epoch: 253 started
Train Epoch: 253, loss: 0.41330
Validation. Epoch: 253, loss: 0.6610, accuracy: 0.1680
Saved model to model-checkpoints/pointer_generator/italian/low/model_253.pth

Train Epoch: 254 started
Train Epoch: 254, loss: 0.40428
Validation. Epoch: 254, loss: 0.6510, accuracy: 0.1630
Saved model to model-checkpoints/pointer_generator/italian/low/model_254.pth

Train Epoch: 255 started
Train Epoch: 255, loss: 0.42607
Validation. Epoch: 255, loss: 0.6475, accuracy: 0.1520
Saved model to model-checkpoints/pointer_generator/italian/low/model_255.pth

Train Epoch: 256 started
Train Epoch: 256, loss: 0.41171
Validation. Epoch: 256, loss: 0.6502, accuracy: 0.1710
Saved model to model-checkpoints/pointer_generator/italian/low/model_256.pth

Train Epoch: 257 started
Train Epoch: 257, loss: 0.41360
Validation. Epoch: 257, loss: 0.6625, accuracy: 0.1740
Saved model to model-checkpoints/pointer_generator/italian/low/model_257.pth

Train Epoch: 258 started
Train Epoch: 258, loss: 0.36868
Validation. Epoch: 258, loss: 0.6418, accuracy: 0.1720
Saved model to model-checkpoints/pointer_generator/italian/low/model_258.pth

Train Epoch: 259 started
Train Epoch: 259, loss: 0.40131
Validation. Epoch: 259, loss: 0.6306, accuracy: 0.1630
Saved model to model-checkpoints/pointer_generator/italian/low/model_259.pth

Train Epoch: 260 started
Train Epoch: 260, loss: 0.38510
Validation. Epoch: 260, loss: 0.6226, accuracy: 0.1600
Saved model to model-checkpoints/pointer_generator/italian/low/model_260.pth

Train Epoch: 261 started
Train Epoch: 261, loss: 0.40066
Validation. Epoch: 261, loss: 0.6261, accuracy: 0.1600
Saved model to model-checkpoints/pointer_generator/italian/low/model_261.pth

Train Epoch: 262 started
Train Epoch: 262, loss: 0.38259
Validation. Epoch: 262, loss: 0.6486, accuracy: 0.1640
Saved model to model-checkpoints/pointer_generator/italian/low/model_262.pth

Train Epoch: 263 started
Train Epoch: 263, loss: 0.37856
Validation. Epoch: 263, loss: 0.6412, accuracy: 0.1710
Saved model to model-checkpoints/pointer_generator/italian/low/model_263.pth

Train Epoch: 264 started
Train Epoch: 264, loss: 0.39048
Validation. Epoch: 264, loss: 0.6275, accuracy: 0.1630
Saved model to model-checkpoints/pointer_generator/italian/low/model_264.pth

Train Epoch: 265 started
Train Epoch: 265, loss: 0.38240
Validation. Epoch: 265, loss: 0.6315, accuracy: 0.1610
Saved model to model-checkpoints/pointer_generator/italian/low/model_265.pth

Train Epoch: 266 started
Train Epoch: 266, loss: 0.38765
Validation. Epoch: 266, loss: 0.6221, accuracy: 0.1830
Saved model to model-checkpoints/pointer_generator/italian/low/model_266.pth

Train Epoch: 267 started
Train Epoch: 267, loss: 0.35873
Validation. Epoch: 267, loss: 0.6355, accuracy: 0.1760
Saved model to model-checkpoints/pointer_generator/italian/low/model_267.pth

Train Epoch: 268 started
Train Epoch: 268, loss: 0.39892
Validation. Epoch: 268, loss: 0.6196, accuracy: 0.1810
Saved model to model-checkpoints/pointer_generator/italian/low/model_268.pth

Train Epoch: 269 started
Train Epoch: 269, loss: 0.41659
Validation. Epoch: 269, loss: 0.6249, accuracy: 0.1620
Saved model to model-checkpoints/pointer_generator/italian/low/model_269.pth

Train Epoch: 270 started
Train Epoch: 270, loss: 0.38486
Validation. Epoch: 270, loss: 0.6257, accuracy: 0.1760
Saved model to model-checkpoints/pointer_generator/italian/low/model_270.pth

Train Epoch: 271 started
Train Epoch: 271, loss: 0.37189
Validation. Epoch: 271, loss: 0.6072, accuracy: 0.1940
Saved model to model-checkpoints/pointer_generator/italian/low/model_271.pth

Train Epoch: 272 started
Train Epoch: 272, loss: 0.38434
Validation. Epoch: 272, loss: 0.6343, accuracy: 0.1800
Saved model to model-checkpoints/pointer_generator/italian/low/model_272.pth

Train Epoch: 273 started
Train Epoch: 273, loss: 0.35467
Validation. Epoch: 273, loss: 0.6297, accuracy: 0.1760
Saved model to model-checkpoints/pointer_generator/italian/low/model_273.pth

Train Epoch: 274 started
Train Epoch: 274, loss: 0.36021
Validation. Epoch: 274, loss: 0.6273, accuracy: 0.1730
Saved model to model-checkpoints/pointer_generator/italian/low/model_274.pth

Train Epoch: 275 started
Train Epoch: 275, loss: 0.34965
Validation. Epoch: 275, loss: 0.6211, accuracy: 0.1830
Saved model to model-checkpoints/pointer_generator/italian/low/model_275.pth

Train Epoch: 276 started
Train Epoch: 276, loss: 0.36542
Validation. Epoch: 276, loss: 0.6237, accuracy: 0.1910
Saved model to model-checkpoints/pointer_generator/italian/low/model_276.pth

Train Epoch: 277 started
Train Epoch: 277, loss: 0.35900
Validation. Epoch: 277, loss: 0.6443, accuracy: 0.1680
Saved model to model-checkpoints/pointer_generator/italian/low/model_277.pth

Train Epoch: 278 started
Train Epoch: 278, loss: 0.33806
Validation. Epoch: 278, loss: 0.6422, accuracy: 0.1650
Saved model to model-checkpoints/pointer_generator/italian/low/model_278.pth

Train Epoch: 279 started
Train Epoch: 279, loss: 0.38146
Validation. Epoch: 279, loss: 0.6470, accuracy: 0.1750
Saved model to model-checkpoints/pointer_generator/italian/low/model_279.pth

Train Epoch: 280 started
Train Epoch: 280, loss: 0.36120
Validation. Epoch: 280, loss: 0.6386, accuracy: 0.1850
Saved model to model-checkpoints/pointer_generator/italian/low/model_280.pth

Train Epoch: 281 started
Train Epoch: 281, loss: 0.35849
Validation. Epoch: 281, loss: 0.6249, accuracy: 0.1960
Saved model to model-checkpoints/pointer_generator/italian/low/model_281.pth

Train Epoch: 282 started
Train Epoch: 282, loss: 0.33450
Validation. Epoch: 282, loss: 0.6339, accuracy: 0.1910
Saved model to model-checkpoints/pointer_generator/italian/low/model_282.pth

Train Epoch: 283 started
Train Epoch: 283, loss: 0.39307
Validation. Epoch: 283, loss: 0.6270, accuracy: 0.1960
Saved model to model-checkpoints/pointer_generator/italian/low/model_283.pth

Train Epoch: 284 started
Train Epoch: 284, loss: 0.34666
Validation. Epoch: 284, loss: 0.6177, accuracy: 0.1940
Saved model to model-checkpoints/pointer_generator/italian/low/model_284.pth

Train Epoch: 285 started
Train Epoch: 285, loss: 0.29567
Validation. Epoch: 285, loss: 0.6250, accuracy: 0.1890
Saved model to model-checkpoints/pointer_generator/italian/low/model_285.pth

Train Epoch: 286 started
Train Epoch: 286, loss: 0.33999
Validation. Epoch: 286, loss: 0.6549, accuracy: 0.1790
Saved model to model-checkpoints/pointer_generator/italian/low/model_286.pth

Train Epoch: 287 started
Train Epoch: 287, loss: 0.34406
Validation. Epoch: 287, loss: 0.6280, accuracy: 0.1860
Saved model to model-checkpoints/pointer_generator/italian/low/model_287.pth

Train Epoch: 288 started
Train Epoch: 288, loss: 0.35705
Validation. Epoch: 288, loss: 0.6207, accuracy: 0.1900
Saved model to model-checkpoints/pointer_generator/italian/low/model_288.pth

Train Epoch: 289 started
Train Epoch: 289, loss: 0.31509
Validation. Epoch: 289, loss: 0.6318, accuracy: 0.1780
Saved model to model-checkpoints/pointer_generator/italian/low/model_289.pth

Train Epoch: 290 started
Train Epoch: 290, loss: 0.33890
Validation. Epoch: 290, loss: 0.6381, accuracy: 0.1860
Saved model to model-checkpoints/pointer_generator/italian/low/model_290.pth

Train Epoch: 291 started
Train Epoch: 291, loss: 0.31372
Validation. Epoch: 291, loss: 0.6333, accuracy: 0.2050
Saved model to model-checkpoints/pointer_generator/italian/low/model_291.pth

Train Epoch: 292 started
Train Epoch: 292, loss: 0.33042
Validation. Epoch: 292, loss: 0.6556, accuracy: 0.1920
Saved model to model-checkpoints/pointer_generator/italian/low/model_292.pth

Train Epoch: 293 started
Train Epoch: 293, loss: 0.33209
Validation. Epoch: 293, loss: 0.6259, accuracy: 0.2030
Saved model to model-checkpoints/pointer_generator/italian/low/model_293.pth

Train Epoch: 294 started
Train Epoch: 294, loss: 0.32568
Validation. Epoch: 294, loss: 0.6322, accuracy: 0.1990
Saved model to model-checkpoints/pointer_generator/italian/low/model_294.pth

Train Epoch: 295 started
Train Epoch: 295, loss: 0.30473
Validation. Epoch: 295, loss: 0.6515, accuracy: 0.1950
Saved model to model-checkpoints/pointer_generator/italian/low/model_295.pth

Train Epoch: 296 started
Train Epoch: 296, loss: 0.33108
Validation. Epoch: 296, loss: 0.6376, accuracy: 0.2070
Saved model to model-checkpoints/pointer_generator/italian/low/model_296.pth

Train Epoch: 297 started
Train Epoch: 297, loss: 0.33290
Validation. Epoch: 297, loss: 0.6322, accuracy: 0.2050
Saved model to model-checkpoints/pointer_generator/italian/low/model_297.pth

Train Epoch: 298 started
Train Epoch: 298, loss: 0.30514
Validation. Epoch: 298, loss: 0.6408, accuracy: 0.1910
Saved model to model-checkpoints/pointer_generator/italian/low/model_298.pth

Train Epoch: 299 started
Train Epoch: 299, loss: 0.30393
Validation. Epoch: 299, loss: 0.6322, accuracy: 0.1910
Saved model to model-checkpoints/pointer_generator/italian/low/model_299.pth

Train Epoch: 300 started
Train Epoch: 300, loss: 0.33949
Validation. Epoch: 300, loss: 0.6362, accuracy: 0.1920
Saved model to model-checkpoints/pointer_generator/italian/low/model_300.pth

Train Epoch: 301 started
Train Epoch: 301, loss: 0.32676
Validation. Epoch: 301, loss: 0.6429, accuracy: 0.2070
Saved model to model-checkpoints/pointer_generator/italian/low/model_301.pth

Train Epoch: 302 started
Train Epoch: 302, loss: 0.31642
Validation. Epoch: 302, loss: 0.6279, accuracy: 0.2100
Saved model to model-checkpoints/pointer_generator/italian/low/model_302.pth

Train Epoch: 303 started
Train Epoch: 303, loss: 0.31062
Validation. Epoch: 303, loss: 0.6209, accuracy: 0.1990
Saved model to model-checkpoints/pointer_generator/italian/low/model_303.pth

Train Epoch: 304 started
Train Epoch: 304, loss: 0.30815
Validation. Epoch: 304, loss: 0.6318, accuracy: 0.2040
Saved model to model-checkpoints/pointer_generator/italian/low/model_304.pth

Train Epoch: 305 started
Train Epoch: 305, loss: 0.30747
Validation. Epoch: 305, loss: 0.6545, accuracy: 0.1910
Saved model to model-checkpoints/pointer_generator/italian/low/model_305.pth

Train Epoch: 306 started
Train Epoch: 306, loss: 0.31748
Validation. Epoch: 306, loss: 0.6470, accuracy: 0.1870
Saved model to model-checkpoints/pointer_generator/italian/low/model_306.pth

Train Epoch: 307 started
Train Epoch: 307, loss: 0.32330
Validation. Epoch: 307, loss: 0.6391, accuracy: 0.1950
Saved model to model-checkpoints/pointer_generator/italian/low/model_307.pth

Train Epoch: 308 started
Train Epoch: 308, loss: 0.29703
Validation. Epoch: 308, loss: 0.6543, accuracy: 0.2120
Saved model to model-checkpoints/pointer_generator/italian/low/model_308.pth

Train Epoch: 309 started
Train Epoch: 309, loss: 0.30517
Validation. Epoch: 309, loss: 0.6430, accuracy: 0.2020
Saved model to model-checkpoints/pointer_generator/italian/low/model_309.pth

Train Epoch: 310 started
Train Epoch: 310, loss: 0.30158
Validation. Epoch: 310, loss: 0.6260, accuracy: 0.2030
Saved model to model-checkpoints/pointer_generator/italian/low/model_310.pth

Train Epoch: 311 started
Train Epoch: 311, loss: 0.31386
Validation. Epoch: 311, loss: 0.6315, accuracy: 0.2050
Saved model to model-checkpoints/pointer_generator/italian/low/model_311.pth

Train Epoch: 312 started
Train Epoch: 312, loss: 0.32424
Validation. Epoch: 312, loss: 0.6573, accuracy: 0.1950
Saved model to model-checkpoints/pointer_generator/italian/low/model_312.pth

Train Epoch: 313 started
Train Epoch: 313, loss: 0.28613
Validation. Epoch: 313, loss: 0.6519, accuracy: 0.2000
Saved model to model-checkpoints/pointer_generator/italian/low/model_313.pth

Train Epoch: 314 started
Train Epoch: 314, loss: 0.33873
Validation. Epoch: 314, loss: 0.6352, accuracy: 0.2030
Saved model to model-checkpoints/pointer_generator/italian/low/model_314.pth

Train Epoch: 315 started
Train Epoch: 315, loss: 0.32056
Validation. Epoch: 315, loss: 0.6377, accuracy: 0.1960
Saved model to model-checkpoints/pointer_generator/italian/low/model_315.pth

Train Epoch: 316 started
Train Epoch: 316, loss: 0.30965
Validation. Epoch: 316, loss: 0.6408, accuracy: 0.1960
Saved model to model-checkpoints/pointer_generator/italian/low/model_316.pth

Train Epoch: 317 started
Train Epoch: 317, loss: 0.27994
Validation. Epoch: 317, loss: 0.6289, accuracy: 0.2130
Saved model to model-checkpoints/pointer_generator/italian/low/model_317.pth

Train Epoch: 318 started
Train Epoch: 318, loss: 0.31616
Validation. Epoch: 318, loss: 0.6476, accuracy: 0.2130
Saved model to model-checkpoints/pointer_generator/italian/low/model_318.pth

Train Epoch: 319 started
Train Epoch: 319, loss: 0.30165
Validation. Epoch: 319, loss: 0.6443, accuracy: 0.2170
Saved model to model-checkpoints/pointer_generator/italian/low/model_319.pth

Train Epoch: 320 started
Train Epoch: 320, loss: 0.28946
Validation. Epoch: 320, loss: 0.6479, accuracy: 0.2120
Saved model to model-checkpoints/pointer_generator/italian/low/model_320.pth

Train Epoch: 321 started
Train Epoch: 321, loss: 0.30227
Validation. Epoch: 321, loss: 0.6378, accuracy: 0.2060
Saved model to model-checkpoints/pointer_generator/italian/low/model_321.pth

Train Epoch: 322 started
Train Epoch: 322, loss: 0.28777
Validation. Epoch: 322, loss: 0.6362, accuracy: 0.1970
Saved model to model-checkpoints/pointer_generator/italian/low/model_322.pth

Train Epoch: 323 started
Train Epoch: 323, loss: 0.29277
Validation. Epoch: 323, loss: 0.6616, accuracy: 0.1910
Saved model to model-checkpoints/pointer_generator/italian/low/model_323.pth

Train Epoch: 324 started
Train Epoch: 324, loss: 0.29431
Validation. Epoch: 324, loss: 0.6665, accuracy: 0.2020
Saved model to model-checkpoints/pointer_generator/italian/low/model_324.pth

Train Epoch: 325 started
Train Epoch: 325, loss: 0.30823
Validation. Epoch: 325, loss: 0.6351, accuracy: 0.2210
Saved model to model-checkpoints/pointer_generator/italian/low/model_325.pth

Train Epoch: 326 started
Train Epoch: 326, loss: 0.31128
Validation. Epoch: 326, loss: 0.6272, accuracy: 0.2120
Saved model to model-checkpoints/pointer_generator/italian/low/model_326.pth

Train Epoch: 327 started
Train Epoch: 327, loss: 0.30128
Validation. Epoch: 327, loss: 0.6411, accuracy: 0.2000
Saved model to model-checkpoints/pointer_generator/italian/low/model_327.pth

Train Epoch: 328 started
Train Epoch: 328, loss: 0.30852
Validation. Epoch: 328, loss: 0.6527, accuracy: 0.1870
Saved model to model-checkpoints/pointer_generator/italian/low/model_328.pth

Train Epoch: 329 started
Train Epoch: 329, loss: 0.30680
Validation. Epoch: 329, loss: 0.6549, accuracy: 0.1950
Saved model to model-checkpoints/pointer_generator/italian/low/model_329.pth

Train Epoch: 330 started
Train Epoch: 330, loss: 0.30321
Validation. Epoch: 330, loss: 0.6559, accuracy: 0.2010
Saved model to model-checkpoints/pointer_generator/italian/low/model_330.pth

Train Epoch: 331 started
Train Epoch: 331, loss: 0.26991
Validation. Epoch: 331, loss: 0.6423, accuracy: 0.2180
Saved model to model-checkpoints/pointer_generator/italian/low/model_331.pth

Train Epoch: 332 started
Train Epoch: 332, loss: 0.30518
Validation. Epoch: 332, loss: 0.6269, accuracy: 0.2150
Saved model to model-checkpoints/pointer_generator/italian/low/model_332.pth

Train Epoch: 333 started
Train Epoch: 333, loss: 0.28670
Validation. Epoch: 333, loss: 0.6352, accuracy: 0.2150
Saved model to model-checkpoints/pointer_generator/italian/low/model_333.pth

Train Epoch: 334 started
Train Epoch: 334, loss: 0.25991
Validation. Epoch: 334, loss: 0.6529, accuracy: 0.1910
Saved model to model-checkpoints/pointer_generator/italian/low/model_334.pth

Train Epoch: 335 started
Train Epoch: 335, loss: 0.26015
Validation. Epoch: 335, loss: 0.6334, accuracy: 0.2080
Saved model to model-checkpoints/pointer_generator/italian/low/model_335.pth

Train Epoch: 336 started
Train Epoch: 336, loss: 0.29547
Validation. Epoch: 336, loss: 0.6492, accuracy: 0.2130
Saved model to model-checkpoints/pointer_generator/italian/low/model_336.pth

Train Epoch: 337 started
Train Epoch: 337, loss: 0.29001
Validation. Epoch: 337, loss: 0.6529, accuracy: 0.2110
Saved model to model-checkpoints/pointer_generator/italian/low/model_337.pth

Train Epoch: 338 started
Train Epoch: 338, loss: 0.29467
Validation. Epoch: 338, loss: 0.6370, accuracy: 0.1970
Saved model to model-checkpoints/pointer_generator/italian/low/model_338.pth

Train Epoch: 339 started
Train Epoch: 339, loss: 0.30314
Validation. Epoch: 339, loss: 0.6325, accuracy: 0.2010
Saved model to model-checkpoints/pointer_generator/italian/low/model_339.pth

Train Epoch: 340 started
Train Epoch: 340, loss: 0.29871
Validation. Epoch: 340, loss: 0.6422, accuracy: 0.2100
Saved model to model-checkpoints/pointer_generator/italian/low/model_340.pth

Train Epoch: 341 started
Train Epoch: 341, loss: 0.26210
Validation. Epoch: 341, loss: 0.6391, accuracy: 0.2060
Saved model to model-checkpoints/pointer_generator/italian/low/model_341.pth

Train Epoch: 342 started
Train Epoch: 342, loss: 0.25553
Validation. Epoch: 342, loss: 0.6199, accuracy: 0.2210
Saved model to model-checkpoints/pointer_generator/italian/low/model_342.pth

Train Epoch: 343 started
Train Epoch: 343, loss: 0.25626
Validation. Epoch: 343, loss: 0.6201, accuracy: 0.2180
Saved model to model-checkpoints/pointer_generator/italian/low/model_343.pth

Train Epoch: 344 started
Train Epoch: 344, loss: 0.30031
Validation. Epoch: 344, loss: 0.6330, accuracy: 0.2130
Saved model to model-checkpoints/pointer_generator/italian/low/model_344.pth

Train Epoch: 345 started
Train Epoch: 345, loss: 0.27267
Validation. Epoch: 345, loss: 0.6213, accuracy: 0.2210
Saved model to model-checkpoints/pointer_generator/italian/low/model_345.pth

Train Epoch: 346 started
Train Epoch: 346, loss: 0.26637
Validation. Epoch: 346, loss: 0.6218, accuracy: 0.2070
Saved model to model-checkpoints/pointer_generator/italian/low/model_346.pth

Train Epoch: 347 started
Train Epoch: 347, loss: 0.24315
Validation. Epoch: 347, loss: 0.6394, accuracy: 0.2020
Saved model to model-checkpoints/pointer_generator/italian/low/model_347.pth

Train Epoch: 348 started
Train Epoch: 348, loss: 0.27618
Validation. Epoch: 348, loss: 0.6352, accuracy: 0.2110
Saved model to model-checkpoints/pointer_generator/italian/low/model_348.pth

Train Epoch: 349 started
Train Epoch: 349, loss: 0.26940
Validation. Epoch: 349, loss: 0.6224, accuracy: 0.2190
Saved model to model-checkpoints/pointer_generator/italian/low/model_349.pth

Train Epoch: 350 started
Train Epoch: 350, loss: 0.25720
Validation. Epoch: 350, loss: 0.6233, accuracy: 0.2200
Saved model to model-checkpoints/pointer_generator/italian/low/model_350.pth

Train Epoch: 351 started
Train Epoch: 351, loss: 0.26503
Validation. Epoch: 351, loss: 0.6340, accuracy: 0.2240
Saved model to model-checkpoints/pointer_generator/italian/low/model_351.pth

Train Epoch: 352 started
Train Epoch: 352, loss: 0.27569
Validation. Epoch: 352, loss: 0.6243, accuracy: 0.2220
Saved model to model-checkpoints/pointer_generator/italian/low/model_352.pth

Train Epoch: 353 started
Train Epoch: 353, loss: 0.21704
Validation. Epoch: 353, loss: 0.6285, accuracy: 0.2180
Saved model to model-checkpoints/pointer_generator/italian/low/model_353.pth

Train Epoch: 354 started
Train Epoch: 354, loss: 0.29650
Validation. Epoch: 354, loss: 0.6465, accuracy: 0.2150
Saved model to model-checkpoints/pointer_generator/italian/low/model_354.pth

Train Epoch: 355 started
Train Epoch: 355, loss: 0.23726
Validation. Epoch: 355, loss: 0.6478, accuracy: 0.2110
Saved model to model-checkpoints/pointer_generator/italian/low/model_355.pth

Train Epoch: 356 started
Train Epoch: 356, loss: 0.28188
Validation. Epoch: 356, loss: 0.6447, accuracy: 0.2100
Saved model to model-checkpoints/pointer_generator/italian/low/model_356.pth

Train Epoch: 357 started
Train Epoch: 357, loss: 0.27207
Validation. Epoch: 357, loss: 0.6473, accuracy: 0.2170
Saved model to model-checkpoints/pointer_generator/italian/low/model_357.pth

Train Epoch: 358 started
Train Epoch: 358, loss: 0.26261
Validation. Epoch: 358, loss: 0.6539, accuracy: 0.2050
Saved model to model-checkpoints/pointer_generator/italian/low/model_358.pth

Train Epoch: 359 started
Train Epoch: 359, loss: 0.23720
Validation. Epoch: 359, loss: 0.6414, accuracy: 0.2110
Saved model to model-checkpoints/pointer_generator/italian/low/model_359.pth

Train Epoch: 360 started
Train Epoch: 360, loss: 0.27905
Validation. Epoch: 360, loss: 0.6296, accuracy: 0.2240
Saved model to model-checkpoints/pointer_generator/italian/low/model_360.pth

Train Epoch: 361 started
Train Epoch: 361, loss: 0.25799
Validation. Epoch: 361, loss: 0.6447, accuracy: 0.2150
Saved model to model-checkpoints/pointer_generator/italian/low/model_361.pth

Train Epoch: 362 started
Train Epoch: 362, loss: 0.22203
Validation. Epoch: 362, loss: 0.6512, accuracy: 0.2140
Saved model to model-checkpoints/pointer_generator/italian/low/model_362.pth

Train Epoch: 363 started
Train Epoch: 363, loss: 0.26836
Validation. Epoch: 363, loss: 0.6443, accuracy: 0.2070
Saved model to model-checkpoints/pointer_generator/italian/low/model_363.pth

Train Epoch: 364 started
Train Epoch: 364, loss: 0.23852
Validation. Epoch: 364, loss: 0.6374, accuracy: 0.2190
Saved model to model-checkpoints/pointer_generator/italian/low/model_364.pth

Train Epoch: 365 started
Train Epoch: 365, loss: 0.21735
Validation. Epoch: 365, loss: 0.6271, accuracy: 0.2140
Saved model to model-checkpoints/pointer_generator/italian/low/model_365.pth

Train Epoch: 366 started
Train Epoch: 366, loss: 0.28881
Validation. Epoch: 366, loss: 0.6334, accuracy: 0.2160
Saved model to model-checkpoints/pointer_generator/italian/low/model_366.pth

Train Epoch: 367 started
Train Epoch: 367, loss: 0.26512
Validation. Epoch: 367, loss: 0.6369, accuracy: 0.2270
Saved model to model-checkpoints/pointer_generator/italian/low/model_367.pth

Train Epoch: 368 started
Train Epoch: 368, loss: 0.23515
Validation. Epoch: 368, loss: 0.6459, accuracy: 0.2170
Saved model to model-checkpoints/pointer_generator/italian/low/model_368.pth

Train Epoch: 369 started
Train Epoch: 369, loss: 0.23482
Validation. Epoch: 369, loss: 0.6723, accuracy: 0.2020
Saved model to model-checkpoints/pointer_generator/italian/low/model_369.pth

Train Epoch: 370 started
Train Epoch: 370, loss: 0.27080
Validation. Epoch: 370, loss: 0.6557, accuracy: 0.2190
Saved model to model-checkpoints/pointer_generator/italian/low/model_370.pth

Train Epoch: 371 started
Train Epoch: 371, loss: 0.24069
Validation. Epoch: 371, loss: 0.6448, accuracy: 0.2300
Saved model to model-checkpoints/pointer_generator/italian/low/model_371.pth

Train Epoch: 372 started
Train Epoch: 372, loss: 0.25273
Validation. Epoch: 372, loss: 0.6458, accuracy: 0.2220
Saved model to model-checkpoints/pointer_generator/italian/low/model_372.pth

Train Epoch: 373 started
Train Epoch: 373, loss: 0.25883
Validation. Epoch: 373, loss: 0.6368, accuracy: 0.2220
Saved model to model-checkpoints/pointer_generator/italian/low/model_373.pth

Train Epoch: 374 started
Train Epoch: 374, loss: 0.21664
Validation. Epoch: 374, loss: 0.6416, accuracy: 0.2270
Saved model to model-checkpoints/pointer_generator/italian/low/model_374.pth

Train Epoch: 375 started
Train Epoch: 375, loss: 0.26592
Validation. Epoch: 375, loss: 0.6546, accuracy: 0.2250
Saved model to model-checkpoints/pointer_generator/italian/low/model_375.pth

Train Epoch: 376 started
Train Epoch: 376, loss: 0.24436
Validation. Epoch: 376, loss: 0.6404, accuracy: 0.2330
Saved model to model-checkpoints/pointer_generator/italian/low/model_376.pth

Train Epoch: 377 started
Train Epoch: 377, loss: 0.21984
Validation. Epoch: 377, loss: 0.6239, accuracy: 0.2320
Saved model to model-checkpoints/pointer_generator/italian/low/model_377.pth

Train Epoch: 378 started
Train Epoch: 378, loss: 0.26811
Validation. Epoch: 378, loss: 0.6208, accuracy: 0.2320
Saved model to model-checkpoints/pointer_generator/italian/low/model_378.pth

Train Epoch: 379 started
Train Epoch: 379, loss: 0.22331
Validation. Epoch: 379, loss: 0.6533, accuracy: 0.2160
Saved model to model-checkpoints/pointer_generator/italian/low/model_379.pth

Train Epoch: 380 started
Train Epoch: 380, loss: 0.27067
Validation. Epoch: 380, loss: 0.6901, accuracy: 0.2110
Saved model to model-checkpoints/pointer_generator/italian/low/model_380.pth

Train Epoch: 381 started
Train Epoch: 381, loss: 0.28809
Validation. Epoch: 381, loss: 0.6476, accuracy: 0.2320
Saved model to model-checkpoints/pointer_generator/italian/low/model_381.pth

Train Epoch: 382 started
Train Epoch: 382, loss: 0.23082
Validation. Epoch: 382, loss: 0.6458, accuracy: 0.2170
Saved model to model-checkpoints/pointer_generator/italian/low/model_382.pth

Train Epoch: 383 started
Train Epoch: 383, loss: 0.27247
Validation. Epoch: 383, loss: 0.6728, accuracy: 0.2070
Saved model to model-checkpoints/pointer_generator/italian/low/model_383.pth

Train Epoch: 384 started
Train Epoch: 384, loss: 0.23973
Validation. Epoch: 384, loss: 0.6733, accuracy: 0.2180
Saved model to model-checkpoints/pointer_generator/italian/low/model_384.pth

Train Epoch: 385 started
Train Epoch: 385, loss: 0.25049
Validation. Epoch: 385, loss: 0.6585, accuracy: 0.2250
Saved model to model-checkpoints/pointer_generator/italian/low/model_385.pth

Train Epoch: 386 started
Train Epoch: 386, loss: 0.25869
Validation. Epoch: 386, loss: 0.6394, accuracy: 0.2320
Saved model to model-checkpoints/pointer_generator/italian/low/model_386.pth

Train Epoch: 387 started
Train Epoch: 387, loss: 0.22726
Validation. Epoch: 387, loss: 0.6445, accuracy: 0.2270
Saved model to model-checkpoints/pointer_generator/italian/low/model_387.pth

Train Epoch: 388 started
Train Epoch: 388, loss: 0.27327
Validation. Epoch: 388, loss: 0.6445, accuracy: 0.2300
Saved model to model-checkpoints/pointer_generator/italian/low/model_388.pth

Train Epoch: 389 started
Train Epoch: 389, loss: 0.24497
Validation. Epoch: 389, loss: 0.6461, accuracy: 0.2260
Saved model to model-checkpoints/pointer_generator/italian/low/model_389.pth

Train Epoch: 390 started
Train Epoch: 390, loss: 0.24563
Validation. Epoch: 390, loss: 0.6486, accuracy: 0.2140
Saved model to model-checkpoints/pointer_generator/italian/low/model_390.pth

Train Epoch: 391 started
Train Epoch: 391, loss: 0.22221
Validation. Epoch: 391, loss: 0.6484, accuracy: 0.2140
Saved model to model-checkpoints/pointer_generator/italian/low/model_391.pth

Train Epoch: 392 started
Train Epoch: 392, loss: 0.24747
Validation. Epoch: 392, loss: 0.6417, accuracy: 0.2200
Saved model to model-checkpoints/pointer_generator/italian/low/model_392.pth

Train Epoch: 393 started
Train Epoch: 393, loss: 0.21894
Validation. Epoch: 393, loss: 0.6612, accuracy: 0.2190
Saved model to model-checkpoints/pointer_generator/italian/low/model_393.pth

Train Epoch: 394 started
Train Epoch: 394, loss: 0.24184
Validation. Epoch: 394, loss: 0.6736, accuracy: 0.2310
Saved model to model-checkpoints/pointer_generator/italian/low/model_394.pth

Train Epoch: 395 started
Train Epoch: 395, loss: 0.21725
Validation. Epoch: 395, loss: 0.6780, accuracy: 0.2240
Saved model to model-checkpoints/pointer_generator/italian/low/model_395.pth

Train Epoch: 396 started
Train Epoch: 396, loss: 0.25729
Validation. Epoch: 396, loss: 0.6789, accuracy: 0.2190
Saved model to model-checkpoints/pointer_generator/italian/low/model_396.pth

Train Epoch: 397 started
Train Epoch: 397, loss: 0.23329
Validation. Epoch: 397, loss: 0.6553, accuracy: 0.2120
Saved model to model-checkpoints/pointer_generator/italian/low/model_397.pth

Train Epoch: 398 started
Train Epoch: 398, loss: 0.24913
Validation. Epoch: 398, loss: 0.6274, accuracy: 0.2190
Saved model to model-checkpoints/pointer_generator/italian/low/model_398.pth

Train Epoch: 399 started
Train Epoch: 399, loss: 0.22978
Validation. Epoch: 399, loss: 0.6352, accuracy: 0.2180
Saved model to model-checkpoints/pointer_generator/italian/low/model_399.pth

Train Epoch: 400 started
Train Epoch: 400, loss: 0.21583
Validation. Epoch: 400, loss: 0.6350, accuracy: 0.2270
Saved model to model-checkpoints/pointer_generator/italian/low/model_400.pth

Finished training, best model on validation set:  249
