
Train Epoch: 1 started
Train Epoch: 1, loss: 3.14674
Validation. Epoch: 1, loss: 2.9374, accuracy: 0.0000
Saved model to model-checkpoints/pointer_generator/french/low/model_1.pth
New best Loss, saved to model-checkpoints/pointer_generator/french/low/model_best.pth

Train Epoch: 2 started
Train Epoch: 2, loss: 2.89047
Validation. Epoch: 2, loss: 2.7816, accuracy: 0.0000
Saved model to model-checkpoints/pointer_generator/french/low/model_2.pth
New best Loss, saved to model-checkpoints/pointer_generator/french/low/model_best.pth

Train Epoch: 3 started
Train Epoch: 3, loss: 2.78519
Validation. Epoch: 3, loss: 2.6369, accuracy: 0.0000
Saved model to model-checkpoints/pointer_generator/french/low/model_3.pth
New best Loss, saved to model-checkpoints/pointer_generator/french/low/model_best.pth

Train Epoch: 4 started
Train Epoch: 4, loss: 2.68872
Validation. Epoch: 4, loss: 2.5927, accuracy: 0.0000
Saved model to model-checkpoints/pointer_generator/french/low/model_4.pth
New best Loss, saved to model-checkpoints/pointer_generator/french/low/model_best.pth

Train Epoch: 5 started
Train Epoch: 5, loss: 2.64702
Validation. Epoch: 5, loss: 2.4974, accuracy: 0.0000
Saved model to model-checkpoints/pointer_generator/french/low/model_5.pth
New best Loss, saved to model-checkpoints/pointer_generator/french/low/model_best.pth

Train Epoch: 6 started
Train Epoch: 6, loss: 2.56417
Validation. Epoch: 6, loss: 2.4474, accuracy: 0.0000
Saved model to model-checkpoints/pointer_generator/french/low/model_6.pth
New best Loss, saved to model-checkpoints/pointer_generator/french/low/model_best.pth

Train Epoch: 7 started
Train Epoch: 7, loss: 2.51451
Validation. Epoch: 7, loss: 2.3822, accuracy: 0.0000
Saved model to model-checkpoints/pointer_generator/french/low/model_7.pth
New best Loss, saved to model-checkpoints/pointer_generator/french/low/model_best.pth

Train Epoch: 8 started
Train Epoch: 8, loss: 2.44126
Validation. Epoch: 8, loss: 2.3073, accuracy: 0.0000
Saved model to model-checkpoints/pointer_generator/french/low/model_8.pth
New best Loss, saved to model-checkpoints/pointer_generator/french/low/model_best.pth

Train Epoch: 9 started
Train Epoch: 9, loss: 2.36527
Validation. Epoch: 9, loss: 2.2506, accuracy: 0.0000
Saved model to model-checkpoints/pointer_generator/french/low/model_9.pth
New best Loss, saved to model-checkpoints/pointer_generator/french/low/model_best.pth

Train Epoch: 10 started
Train Epoch: 10, loss: 2.32180
Validation. Epoch: 10, loss: 2.1804, accuracy: 0.0000
Saved model to model-checkpoints/pointer_generator/french/low/model_10.pth
New best Loss, saved to model-checkpoints/pointer_generator/french/low/model_best.pth

Train Epoch: 11 started
Train Epoch: 11, loss: 2.25206
Validation. Epoch: 11, loss: 2.1307, accuracy: 0.0000
Saved model to model-checkpoints/pointer_generator/french/low/model_11.pth
New best Loss, saved to model-checkpoints/pointer_generator/french/low/model_best.pth

Train Epoch: 12 started
Train Epoch: 12, loss: 2.23419
Validation. Epoch: 12, loss: 2.0802, accuracy: 0.0000
Saved model to model-checkpoints/pointer_generator/french/low/model_12.pth
New best Loss, saved to model-checkpoints/pointer_generator/french/low/model_best.pth

Train Epoch: 13 started
Train Epoch: 13, loss: 2.12923
Validation. Epoch: 13, loss: 2.0054, accuracy: 0.0000
Saved model to model-checkpoints/pointer_generator/french/low/model_13.pth
New best Loss, saved to model-checkpoints/pointer_generator/french/low/model_best.pth

Train Epoch: 14 started
Train Epoch: 14, loss: 2.12392
Validation. Epoch: 14, loss: 1.9398, accuracy: 0.0000
Saved model to model-checkpoints/pointer_generator/french/low/model_14.pth
New best Loss, saved to model-checkpoints/pointer_generator/french/low/model_best.pth

Train Epoch: 15 started
Train Epoch: 15, loss: 2.07645
Validation. Epoch: 15, loss: 1.8819, accuracy: 0.0000
Saved model to model-checkpoints/pointer_generator/french/low/model_15.pth
New best Loss, saved to model-checkpoints/pointer_generator/french/low/model_best.pth

Train Epoch: 16 started
Train Epoch: 16, loss: 1.99463
Validation. Epoch: 16, loss: 1.8275, accuracy: 0.0000
Saved model to model-checkpoints/pointer_generator/french/low/model_16.pth
New best Loss, saved to model-checkpoints/pointer_generator/french/low/model_best.pth

Train Epoch: 17 started
Train Epoch: 17, loss: 1.91948
Validation. Epoch: 17, loss: 1.7892, accuracy: 0.0000
Saved model to model-checkpoints/pointer_generator/french/low/model_17.pth
New best Loss, saved to model-checkpoints/pointer_generator/french/low/model_best.pth

Train Epoch: 18 started
Train Epoch: 18, loss: 1.90718
Validation. Epoch: 18, loss: 1.7480, accuracy: 0.0000
Saved model to model-checkpoints/pointer_generator/french/low/model_18.pth
New best Loss, saved to model-checkpoints/pointer_generator/french/low/model_best.pth

Train Epoch: 19 started
Train Epoch: 19, loss: 1.82762
Validation. Epoch: 19, loss: 1.7456, accuracy: 0.0000
Saved model to model-checkpoints/pointer_generator/french/low/model_19.pth
New best Loss, saved to model-checkpoints/pointer_generator/french/low/model_best.pth

Train Epoch: 20 started
Train Epoch: 20, loss: 1.85566
Validation. Epoch: 20, loss: 1.6984, accuracy: 0.0010
Saved model to model-checkpoints/pointer_generator/french/low/model_20.pth
New best Loss, saved to model-checkpoints/pointer_generator/french/low/model_best.pth

Train Epoch: 21 started
Train Epoch: 21, loss: 1.77229
Validation. Epoch: 21, loss: 1.6761, accuracy: 0.0000
Saved model to model-checkpoints/pointer_generator/french/low/model_21.pth
New best Loss, saved to model-checkpoints/pointer_generator/french/low/model_best.pth

Train Epoch: 22 started
Train Epoch: 22, loss: 1.75135
Validation. Epoch: 22, loss: 1.6540, accuracy: 0.0040
Saved model to model-checkpoints/pointer_generator/french/low/model_22.pth
New best Loss, saved to model-checkpoints/pointer_generator/french/low/model_best.pth

Train Epoch: 23 started
Train Epoch: 23, loss: 1.73326
Validation. Epoch: 23, loss: 1.6102, accuracy: 0.0040
Saved model to model-checkpoints/pointer_generator/french/low/model_23.pth
New best Loss, saved to model-checkpoints/pointer_generator/french/low/model_best.pth

Train Epoch: 24 started
Train Epoch: 24, loss: 1.73305
Validation. Epoch: 24, loss: 1.5650, accuracy: 0.0000
Saved model to model-checkpoints/pointer_generator/french/low/model_24.pth
New best Loss, saved to model-checkpoints/pointer_generator/french/low/model_best.pth

Train Epoch: 25 started
Train Epoch: 25, loss: 1.68711
Validation. Epoch: 25, loss: 1.5541, accuracy: 0.0080
Saved model to model-checkpoints/pointer_generator/french/low/model_25.pth
New best Loss, saved to model-checkpoints/pointer_generator/french/low/model_best.pth

Train Epoch: 26 started
Train Epoch: 26, loss: 1.62369
Validation. Epoch: 26, loss: 1.5566, accuracy: 0.0120
Saved model to model-checkpoints/pointer_generator/french/low/model_26.pth

Train Epoch: 27 started
Train Epoch: 27, loss: 1.67011
Validation. Epoch: 27, loss: 1.5214, accuracy: 0.0000
Saved model to model-checkpoints/pointer_generator/french/low/model_27.pth
New best Loss, saved to model-checkpoints/pointer_generator/french/low/model_best.pth

Train Epoch: 28 started
Train Epoch: 28, loss: 1.60135
Validation. Epoch: 28, loss: 1.4788, accuracy: 0.0080
Saved model to model-checkpoints/pointer_generator/french/low/model_28.pth
New best Loss, saved to model-checkpoints/pointer_generator/french/low/model_best.pth

Train Epoch: 29 started
Train Epoch: 29, loss: 1.56746
Validation. Epoch: 29, loss: 1.4628, accuracy: 0.0060
Saved model to model-checkpoints/pointer_generator/french/low/model_29.pth
New best Loss, saved to model-checkpoints/pointer_generator/french/low/model_best.pth

Train Epoch: 30 started
Train Epoch: 30, loss: 1.59672
Validation. Epoch: 30, loss: 1.4214, accuracy: 0.0040
Saved model to model-checkpoints/pointer_generator/french/low/model_30.pth
New best Loss, saved to model-checkpoints/pointer_generator/french/low/model_best.pth

Train Epoch: 31 started
Train Epoch: 31, loss: 1.50908
Validation. Epoch: 31, loss: 1.3947, accuracy: 0.0050
Saved model to model-checkpoints/pointer_generator/french/low/model_31.pth
New best Loss, saved to model-checkpoints/pointer_generator/french/low/model_best.pth

Train Epoch: 32 started
Train Epoch: 32, loss: 1.53750
Validation. Epoch: 32, loss: 1.3830, accuracy: 0.0070
Saved model to model-checkpoints/pointer_generator/french/low/model_32.pth
New best Loss, saved to model-checkpoints/pointer_generator/french/low/model_best.pth

Train Epoch: 33 started
Train Epoch: 33, loss: 1.49816
Validation. Epoch: 33, loss: 1.3725, accuracy: 0.0040
Saved model to model-checkpoints/pointer_generator/french/low/model_33.pth
New best Loss, saved to model-checkpoints/pointer_generator/french/low/model_best.pth

Train Epoch: 34 started
Train Epoch: 34, loss: 1.48854
Validation. Epoch: 34, loss: 1.3584, accuracy: 0.0180
Saved model to model-checkpoints/pointer_generator/french/low/model_34.pth
New best Loss, saved to model-checkpoints/pointer_generator/french/low/model_best.pth

Train Epoch: 35 started
Train Epoch: 35, loss: 1.46284
Validation. Epoch: 35, loss: 1.3352, accuracy: 0.0170
Saved model to model-checkpoints/pointer_generator/french/low/model_35.pth
New best Loss, saved to model-checkpoints/pointer_generator/french/low/model_best.pth

Train Epoch: 36 started
Train Epoch: 36, loss: 1.44528
Validation. Epoch: 36, loss: 1.3271, accuracy: 0.0000
Saved model to model-checkpoints/pointer_generator/french/low/model_36.pth
New best Loss, saved to model-checkpoints/pointer_generator/french/low/model_best.pth

Train Epoch: 37 started
Train Epoch: 37, loss: 1.39538
Validation. Epoch: 37, loss: 1.3040, accuracy: 0.0030
Saved model to model-checkpoints/pointer_generator/french/low/model_37.pth
New best Loss, saved to model-checkpoints/pointer_generator/french/low/model_best.pth

Train Epoch: 38 started
Train Epoch: 38, loss: 1.42479
Validation. Epoch: 38, loss: 1.3091, accuracy: 0.0130
Saved model to model-checkpoints/pointer_generator/french/low/model_38.pth

Train Epoch: 39 started
Train Epoch: 39, loss: 1.37315
Validation. Epoch: 39, loss: 1.3115, accuracy: 0.0040
Saved model to model-checkpoints/pointer_generator/french/low/model_39.pth

Train Epoch: 40 started
Train Epoch: 40, loss: 1.41222
Validation. Epoch: 40, loss: 1.2722, accuracy: 0.0050
Saved model to model-checkpoints/pointer_generator/french/low/model_40.pth
New best Loss, saved to model-checkpoints/pointer_generator/french/low/model_best.pth

Train Epoch: 41 started
Train Epoch: 41, loss: 1.35534
Validation. Epoch: 41, loss: 1.2688, accuracy: 0.0110
Saved model to model-checkpoints/pointer_generator/french/low/model_41.pth
New best Loss, saved to model-checkpoints/pointer_generator/french/low/model_best.pth

Train Epoch: 42 started
Train Epoch: 42, loss: 1.31976
Validation. Epoch: 42, loss: 1.2756, accuracy: 0.0110
Saved model to model-checkpoints/pointer_generator/french/low/model_42.pth

Train Epoch: 43 started
Train Epoch: 43, loss: 1.33494
Validation. Epoch: 43, loss: 1.2469, accuracy: 0.0110
Saved model to model-checkpoints/pointer_generator/french/low/model_43.pth
New best Loss, saved to model-checkpoints/pointer_generator/french/low/model_best.pth

Train Epoch: 44 started
Train Epoch: 44, loss: 1.29716
Validation. Epoch: 44, loss: 1.2340, accuracy: 0.0180
Saved model to model-checkpoints/pointer_generator/french/low/model_44.pth
New best Loss, saved to model-checkpoints/pointer_generator/french/low/model_best.pth

Train Epoch: 45 started
Train Epoch: 45, loss: 1.29428
Validation. Epoch: 45, loss: 1.2275, accuracy: 0.0170
Saved model to model-checkpoints/pointer_generator/french/low/model_45.pth
New best Loss, saved to model-checkpoints/pointer_generator/french/low/model_best.pth

Train Epoch: 46 started
Train Epoch: 46, loss: 1.25186
Validation. Epoch: 46, loss: 1.2215, accuracy: 0.0160
Saved model to model-checkpoints/pointer_generator/french/low/model_46.pth
New best Loss, saved to model-checkpoints/pointer_generator/french/low/model_best.pth

Train Epoch: 47 started
Train Epoch: 47, loss: 1.26389
Validation. Epoch: 47, loss: 1.2196, accuracy: 0.0190
Saved model to model-checkpoints/pointer_generator/french/low/model_47.pth
New best Loss, saved to model-checkpoints/pointer_generator/french/low/model_best.pth

Train Epoch: 48 started
Train Epoch: 48, loss: 1.28121
Validation. Epoch: 48, loss: 1.2101, accuracy: 0.0190
Saved model to model-checkpoints/pointer_generator/french/low/model_48.pth
New best Loss, saved to model-checkpoints/pointer_generator/french/low/model_best.pth

Train Epoch: 49 started
Train Epoch: 49, loss: 1.21050
Validation. Epoch: 49, loss: 1.2103, accuracy: 0.0020
Saved model to model-checkpoints/pointer_generator/french/low/model_49.pth

Train Epoch: 50 started
Train Epoch: 50, loss: 1.19117
Validation. Epoch: 50, loss: 1.2096, accuracy: 0.0140
Saved model to model-checkpoints/pointer_generator/french/low/model_50.pth
New best Loss, saved to model-checkpoints/pointer_generator/french/low/model_best.pth

Train Epoch: 51 started
Train Epoch: 51, loss: 1.23676
Validation. Epoch: 51, loss: 1.1916, accuracy: 0.0230
Saved model to model-checkpoints/pointer_generator/french/low/model_51.pth
New best Loss, saved to model-checkpoints/pointer_generator/french/low/model_best.pth

Train Epoch: 52 started
Train Epoch: 52, loss: 1.16825
Validation. Epoch: 52, loss: 1.1940, accuracy: 0.0020
Saved model to model-checkpoints/pointer_generator/french/low/model_52.pth

Train Epoch: 53 started
Train Epoch: 53, loss: 1.20585
Validation. Epoch: 53, loss: 1.1577, accuracy: 0.0210
Saved model to model-checkpoints/pointer_generator/french/low/model_53.pth
New best Loss, saved to model-checkpoints/pointer_generator/french/low/model_best.pth

Train Epoch: 54 started
Train Epoch: 54, loss: 1.18228
Validation. Epoch: 54, loss: 1.1869, accuracy: 0.0160
Saved model to model-checkpoints/pointer_generator/french/low/model_54.pth

Train Epoch: 55 started
Train Epoch: 55, loss: 1.22213
Validation. Epoch: 55, loss: 1.1437, accuracy: 0.0180
Saved model to model-checkpoints/pointer_generator/french/low/model_55.pth
New best Loss, saved to model-checkpoints/pointer_generator/french/low/model_best.pth

Train Epoch: 56 started
Train Epoch: 56, loss: 1.16060
Validation. Epoch: 56, loss: 1.1455, accuracy: 0.0080
Saved model to model-checkpoints/pointer_generator/french/low/model_56.pth

Train Epoch: 57 started
Train Epoch: 57, loss: 1.16625
Validation. Epoch: 57, loss: 1.1295, accuracy: 0.0150
Saved model to model-checkpoints/pointer_generator/french/low/model_57.pth
New best Loss, saved to model-checkpoints/pointer_generator/french/low/model_best.pth

Train Epoch: 58 started
Train Epoch: 58, loss: 1.15575
Validation. Epoch: 58, loss: 1.1284, accuracy: 0.0120
Saved model to model-checkpoints/pointer_generator/french/low/model_58.pth
New best Loss, saved to model-checkpoints/pointer_generator/french/low/model_best.pth

Train Epoch: 59 started
Train Epoch: 59, loss: 1.12013
Validation. Epoch: 59, loss: 1.1100, accuracy: 0.0190
Saved model to model-checkpoints/pointer_generator/french/low/model_59.pth
New best Loss, saved to model-checkpoints/pointer_generator/french/low/model_best.pth

Train Epoch: 60 started
Train Epoch: 60, loss: 1.11824
Validation. Epoch: 60, loss: 1.1250, accuracy: 0.0170
Saved model to model-checkpoints/pointer_generator/french/low/model_60.pth

Train Epoch: 61 started
Train Epoch: 61, loss: 1.09451
Validation. Epoch: 61, loss: 1.1198, accuracy: 0.0220
Saved model to model-checkpoints/pointer_generator/french/low/model_61.pth

Train Epoch: 62 started
Train Epoch: 62, loss: 1.11395
Validation. Epoch: 62, loss: 1.0930, accuracy: 0.0180
Saved model to model-checkpoints/pointer_generator/french/low/model_62.pth
New best Loss, saved to model-checkpoints/pointer_generator/french/low/model_best.pth

Train Epoch: 63 started
Train Epoch: 63, loss: 1.11463
Validation. Epoch: 63, loss: 1.0867, accuracy: 0.0280
Saved model to model-checkpoints/pointer_generator/french/low/model_63.pth
New best Loss, saved to model-checkpoints/pointer_generator/french/low/model_best.pth

Train Epoch: 64 started
Train Epoch: 64, loss: 1.08333
Validation. Epoch: 64, loss: 1.0867, accuracy: 0.0200
Saved model to model-checkpoints/pointer_generator/french/low/model_64.pth

Train Epoch: 65 started
Train Epoch: 65, loss: 1.02219
Validation. Epoch: 65, loss: 1.0906, accuracy: 0.0170
Saved model to model-checkpoints/pointer_generator/french/low/model_65.pth

Train Epoch: 66 started
Train Epoch: 66, loss: 1.03889
Validation. Epoch: 66, loss: 1.0748, accuracy: 0.0320
Saved model to model-checkpoints/pointer_generator/french/low/model_66.pth
New best Loss, saved to model-checkpoints/pointer_generator/french/low/model_best.pth

Train Epoch: 67 started
Train Epoch: 67, loss: 1.02542
Validation. Epoch: 67, loss: 1.0786, accuracy: 0.0290
Saved model to model-checkpoints/pointer_generator/french/low/model_67.pth

Train Epoch: 68 started
Train Epoch: 68, loss: 1.06269
Validation. Epoch: 68, loss: 1.0625, accuracy: 0.0330
Saved model to model-checkpoints/pointer_generator/french/low/model_68.pth
New best Loss, saved to model-checkpoints/pointer_generator/french/low/model_best.pth

Train Epoch: 69 started
Train Epoch: 69, loss: 0.99943
Validation. Epoch: 69, loss: 1.0554, accuracy: 0.0250
Saved model to model-checkpoints/pointer_generator/french/low/model_69.pth
New best Loss, saved to model-checkpoints/pointer_generator/french/low/model_best.pth

Train Epoch: 70 started
Train Epoch: 70, loss: 1.00790
Validation. Epoch: 70, loss: 1.0626, accuracy: 0.0170
Saved model to model-checkpoints/pointer_generator/french/low/model_70.pth

Train Epoch: 71 started
Train Epoch: 71, loss: 0.96531
Validation. Epoch: 71, loss: 1.0466, accuracy: 0.0230
Saved model to model-checkpoints/pointer_generator/french/low/model_71.pth
New best Loss, saved to model-checkpoints/pointer_generator/french/low/model_best.pth

Train Epoch: 72 started
Train Epoch: 72, loss: 0.99243
Validation. Epoch: 72, loss: 1.0265, accuracy: 0.0330
Saved model to model-checkpoints/pointer_generator/french/low/model_72.pth
New best Loss, saved to model-checkpoints/pointer_generator/french/low/model_best.pth

Train Epoch: 73 started
Train Epoch: 73, loss: 0.96014
Validation. Epoch: 73, loss: 1.0533, accuracy: 0.0370
Saved model to model-checkpoints/pointer_generator/french/low/model_73.pth

Train Epoch: 74 started
Train Epoch: 74, loss: 0.98346
Validation. Epoch: 74, loss: 1.0084, accuracy: 0.0330
Saved model to model-checkpoints/pointer_generator/french/low/model_74.pth
New best Loss, saved to model-checkpoints/pointer_generator/french/low/model_best.pth

Train Epoch: 75 started
Train Epoch: 75, loss: 0.97728
Validation. Epoch: 75, loss: 1.0062, accuracy: 0.0280
Saved model to model-checkpoints/pointer_generator/french/low/model_75.pth
New best Loss, saved to model-checkpoints/pointer_generator/french/low/model_best.pth

Train Epoch: 76 started
Train Epoch: 76, loss: 0.97698
Validation. Epoch: 76, loss: 1.0706, accuracy: 0.0360
Saved model to model-checkpoints/pointer_generator/french/low/model_76.pth

Train Epoch: 77 started
Train Epoch: 77, loss: 0.95388
Validation. Epoch: 77, loss: 0.9977, accuracy: 0.0330
Saved model to model-checkpoints/pointer_generator/french/low/model_77.pth
New best Loss, saved to model-checkpoints/pointer_generator/french/low/model_best.pth

Train Epoch: 78 started
Train Epoch: 78, loss: 0.92713
Validation. Epoch: 78, loss: 0.9999, accuracy: 0.0400
Saved model to model-checkpoints/pointer_generator/french/low/model_78.pth

Train Epoch: 79 started
Train Epoch: 79, loss: 0.90857
Validation. Epoch: 79, loss: 0.9986, accuracy: 0.0400
Saved model to model-checkpoints/pointer_generator/french/low/model_79.pth

Train Epoch: 80 started
Train Epoch: 80, loss: 0.94498
Validation. Epoch: 80, loss: 0.9961, accuracy: 0.0420
Saved model to model-checkpoints/pointer_generator/french/low/model_80.pth
New best Loss, saved to model-checkpoints/pointer_generator/french/low/model_best.pth

Train Epoch: 81 started
Train Epoch: 81, loss: 0.90397
Validation. Epoch: 81, loss: 0.9820, accuracy: 0.0390
Saved model to model-checkpoints/pointer_generator/french/low/model_81.pth
New best Loss, saved to model-checkpoints/pointer_generator/french/low/model_best.pth

Train Epoch: 82 started
Train Epoch: 82, loss: 0.88320
Validation. Epoch: 82, loss: 0.9741, accuracy: 0.0410
Saved model to model-checkpoints/pointer_generator/french/low/model_82.pth
New best Loss, saved to model-checkpoints/pointer_generator/french/low/model_best.pth

Train Epoch: 83 started
Train Epoch: 83, loss: 0.89056
Validation. Epoch: 83, loss: 0.9750, accuracy: 0.0450
Saved model to model-checkpoints/pointer_generator/french/low/model_83.pth

Train Epoch: 84 started
Train Epoch: 84, loss: 0.92623
Validation. Epoch: 84, loss: 0.9872, accuracy: 0.0530
Saved model to model-checkpoints/pointer_generator/french/low/model_84.pth

Train Epoch: 85 started
Train Epoch: 85, loss: 0.91650
Validation. Epoch: 85, loss: 0.9889, accuracy: 0.0460
Saved model to model-checkpoints/pointer_generator/french/low/model_85.pth

Train Epoch: 86 started
Train Epoch: 86, loss: 0.88464
Validation. Epoch: 86, loss: 0.9834, accuracy: 0.0420
Saved model to model-checkpoints/pointer_generator/french/low/model_86.pth

Train Epoch: 87 started
Train Epoch: 87, loss: 0.88575
Validation. Epoch: 87, loss: 0.9717, accuracy: 0.0420
Saved model to model-checkpoints/pointer_generator/french/low/model_87.pth
New best Loss, saved to model-checkpoints/pointer_generator/french/low/model_best.pth

Train Epoch: 88 started
Train Epoch: 88, loss: 0.83717
Validation. Epoch: 88, loss: 0.9691, accuracy: 0.0530
Saved model to model-checkpoints/pointer_generator/french/low/model_88.pth
New best Loss, saved to model-checkpoints/pointer_generator/french/low/model_best.pth

Train Epoch: 89 started
Train Epoch: 89, loss: 0.84586
Validation. Epoch: 89, loss: 0.9831, accuracy: 0.0430
Saved model to model-checkpoints/pointer_generator/french/low/model_89.pth

Train Epoch: 90 started
Train Epoch: 90, loss: 0.84852
Validation. Epoch: 90, loss: 0.9622, accuracy: 0.0370
Saved model to model-checkpoints/pointer_generator/french/low/model_90.pth
New best Loss, saved to model-checkpoints/pointer_generator/french/low/model_best.pth

Train Epoch: 91 started
Train Epoch: 91, loss: 0.81386
Validation. Epoch: 91, loss: 0.9681, accuracy: 0.0420
Saved model to model-checkpoints/pointer_generator/french/low/model_91.pth

Train Epoch: 92 started
Train Epoch: 92, loss: 0.87152
Validation. Epoch: 92, loss: 0.9691, accuracy: 0.0460
Saved model to model-checkpoints/pointer_generator/french/low/model_92.pth

Train Epoch: 93 started
Train Epoch: 93, loss: 0.81618
Validation. Epoch: 93, loss: 0.9707, accuracy: 0.0530
Saved model to model-checkpoints/pointer_generator/french/low/model_93.pth

Train Epoch: 94 started
Train Epoch: 94, loss: 0.78884
Validation. Epoch: 94, loss: 0.9570, accuracy: 0.0430
Saved model to model-checkpoints/pointer_generator/french/low/model_94.pth
New best Loss, saved to model-checkpoints/pointer_generator/french/low/model_best.pth

Train Epoch: 95 started
Train Epoch: 95, loss: 0.83346
Validation. Epoch: 95, loss: 0.9361, accuracy: 0.0440
Saved model to model-checkpoints/pointer_generator/french/low/model_95.pth
New best Loss, saved to model-checkpoints/pointer_generator/french/low/model_best.pth

Train Epoch: 96 started
Train Epoch: 96, loss: 0.83193
Validation. Epoch: 96, loss: 0.9575, accuracy: 0.0520
Saved model to model-checkpoints/pointer_generator/french/low/model_96.pth

Train Epoch: 97 started
Train Epoch: 97, loss: 0.79776
Validation. Epoch: 97, loss: 0.9347, accuracy: 0.0590
Saved model to model-checkpoints/pointer_generator/french/low/model_97.pth
New best Loss, saved to model-checkpoints/pointer_generator/french/low/model_best.pth

Train Epoch: 98 started
Train Epoch: 98, loss: 0.82728
Validation. Epoch: 98, loss: 0.9407, accuracy: 0.0570
Saved model to model-checkpoints/pointer_generator/french/low/model_98.pth

Train Epoch: 99 started
Train Epoch: 99, loss: 0.78352
Validation. Epoch: 99, loss: 0.9294, accuracy: 0.0500
Saved model to model-checkpoints/pointer_generator/french/low/model_99.pth
New best Loss, saved to model-checkpoints/pointer_generator/french/low/model_best.pth

Train Epoch: 100 started
Train Epoch: 100, loss: 0.73679
Validation. Epoch: 100, loss: 0.9252, accuracy: 0.0630
Saved model to model-checkpoints/pointer_generator/french/low/model_100.pth
New best Loss, saved to model-checkpoints/pointer_generator/french/low/model_best.pth

Train Epoch: 101 started
Train Epoch: 101, loss: 0.75135
Validation. Epoch: 101, loss: 0.9360, accuracy: 0.0590
Saved model to model-checkpoints/pointer_generator/french/low/model_101.pth

Train Epoch: 102 started
Train Epoch: 102, loss: 0.78092
Validation. Epoch: 102, loss: 0.9370, accuracy: 0.0580
Saved model to model-checkpoints/pointer_generator/french/low/model_102.pth

Train Epoch: 103 started
Train Epoch: 103, loss: 0.74829
Validation. Epoch: 103, loss: 0.9106, accuracy: 0.0580
Saved model to model-checkpoints/pointer_generator/french/low/model_103.pth
New best Loss, saved to model-checkpoints/pointer_generator/french/low/model_best.pth

Train Epoch: 104 started
Train Epoch: 104, loss: 0.74823
Validation. Epoch: 104, loss: 0.8980, accuracy: 0.0600
Saved model to model-checkpoints/pointer_generator/french/low/model_104.pth
New best Loss, saved to model-checkpoints/pointer_generator/french/low/model_best.pth

Train Epoch: 105 started
Train Epoch: 105, loss: 0.77695
Validation. Epoch: 105, loss: 0.9143, accuracy: 0.0530
Saved model to model-checkpoints/pointer_generator/french/low/model_105.pth

Train Epoch: 106 started
Train Epoch: 106, loss: 0.73981
Validation. Epoch: 106, loss: 0.9376, accuracy: 0.0550
Saved model to model-checkpoints/pointer_generator/french/low/model_106.pth

Train Epoch: 107 started
Train Epoch: 107, loss: 0.74233
Validation. Epoch: 107, loss: 0.9047, accuracy: 0.0620
Saved model to model-checkpoints/pointer_generator/french/low/model_107.pth

Train Epoch: 108 started
Train Epoch: 108, loss: 0.73749
Validation. Epoch: 108, loss: 0.9082, accuracy: 0.0560
Saved model to model-checkpoints/pointer_generator/french/low/model_108.pth

Train Epoch: 109 started
Train Epoch: 109, loss: 0.70170
Validation. Epoch: 109, loss: 0.9466, accuracy: 0.0460
Saved model to model-checkpoints/pointer_generator/french/low/model_109.pth

Train Epoch: 110 started
Train Epoch: 110, loss: 0.70761
Validation. Epoch: 110, loss: 0.9472, accuracy: 0.0530
Saved model to model-checkpoints/pointer_generator/french/low/model_110.pth

Train Epoch: 111 started
Train Epoch: 111, loss: 0.72783
Validation. Epoch: 111, loss: 0.9246, accuracy: 0.0560
Saved model to model-checkpoints/pointer_generator/french/low/model_111.pth

Train Epoch: 112 started
Train Epoch: 112, loss: 0.70724
Validation. Epoch: 112, loss: 0.9291, accuracy: 0.0580
Saved model to model-checkpoints/pointer_generator/french/low/model_112.pth

Train Epoch: 113 started
Train Epoch: 113, loss: 0.72486
Validation. Epoch: 113, loss: 0.9162, accuracy: 0.0530
Saved model to model-checkpoints/pointer_generator/french/low/model_113.pth

Train Epoch: 114 started
Train Epoch: 114, loss: 0.75162
Validation. Epoch: 114, loss: 0.9066, accuracy: 0.0610
Saved model to model-checkpoints/pointer_generator/french/low/model_114.pth

Train Epoch: 115 started
Train Epoch: 115, loss: 0.72520
Validation. Epoch: 115, loss: 0.9054, accuracy: 0.0620
Saved model to model-checkpoints/pointer_generator/french/low/model_115.pth

Train Epoch: 116 started
Train Epoch: 116, loss: 0.66998
Validation. Epoch: 116, loss: 0.9018, accuracy: 0.0630
Saved model to model-checkpoints/pointer_generator/french/low/model_116.pth

Train Epoch: 117 started
Train Epoch: 117, loss: 0.70173
Validation. Epoch: 117, loss: 0.8803, accuracy: 0.0610
Saved model to model-checkpoints/pointer_generator/french/low/model_117.pth
New best Loss, saved to model-checkpoints/pointer_generator/french/low/model_best.pth

Train Epoch: 118 started
Train Epoch: 118, loss: 0.65845
Validation. Epoch: 118, loss: 0.8889, accuracy: 0.0600
Saved model to model-checkpoints/pointer_generator/french/low/model_118.pth

Train Epoch: 119 started
Train Epoch: 119, loss: 0.64980
Validation. Epoch: 119, loss: 0.9181, accuracy: 0.0590
Saved model to model-checkpoints/pointer_generator/french/low/model_119.pth

Train Epoch: 120 started
Train Epoch: 120, loss: 0.67048
Validation. Epoch: 120, loss: 0.9203, accuracy: 0.0610
Saved model to model-checkpoints/pointer_generator/french/low/model_120.pth

Train Epoch: 121 started
Train Epoch: 121, loss: 0.64806
Validation. Epoch: 121, loss: 0.8985, accuracy: 0.0560
Saved model to model-checkpoints/pointer_generator/french/low/model_121.pth

Train Epoch: 122 started
Train Epoch: 122, loss: 0.66321
Validation. Epoch: 122, loss: 0.9096, accuracy: 0.0550
Saved model to model-checkpoints/pointer_generator/french/low/model_122.pth

Train Epoch: 123 started
Train Epoch: 123, loss: 0.66875
Validation. Epoch: 123, loss: 0.9237, accuracy: 0.0590
Saved model to model-checkpoints/pointer_generator/french/low/model_123.pth

Train Epoch: 124 started
Train Epoch: 124, loss: 0.65523
Validation. Epoch: 124, loss: 0.9262, accuracy: 0.0640
Saved model to model-checkpoints/pointer_generator/french/low/model_124.pth

Train Epoch: 125 started
Train Epoch: 125, loss: 0.64969
Validation. Epoch: 125, loss: 0.8967, accuracy: 0.0690
Saved model to model-checkpoints/pointer_generator/french/low/model_125.pth

Train Epoch: 126 started
Train Epoch: 126, loss: 0.62447
Validation. Epoch: 126, loss: 0.8943, accuracy: 0.0670
Saved model to model-checkpoints/pointer_generator/french/low/model_126.pth

Train Epoch: 127 started
Train Epoch: 127, loss: 0.67417
Validation. Epoch: 127, loss: 0.8904, accuracy: 0.0710
Saved model to model-checkpoints/pointer_generator/french/low/model_127.pth

Train Epoch: 128 started
Train Epoch: 128, loss: 0.66045
Validation. Epoch: 128, loss: 0.8993, accuracy: 0.0730
Saved model to model-checkpoints/pointer_generator/french/low/model_128.pth

Train Epoch: 129 started
Train Epoch: 129, loss: 0.60148
Validation. Epoch: 129, loss: 0.8855, accuracy: 0.0710
Saved model to model-checkpoints/pointer_generator/french/low/model_129.pth

Train Epoch: 130 started
Train Epoch: 130, loss: 0.62172
Validation. Epoch: 130, loss: 0.8722, accuracy: 0.0710
Saved model to model-checkpoints/pointer_generator/french/low/model_130.pth
New best Loss, saved to model-checkpoints/pointer_generator/french/low/model_best.pth

Train Epoch: 131 started
Train Epoch: 131, loss: 0.63190
Validation. Epoch: 131, loss: 0.8801, accuracy: 0.0710
Saved model to model-checkpoints/pointer_generator/french/low/model_131.pth

Train Epoch: 132 started
Train Epoch: 132, loss: 0.59995
Validation. Epoch: 132, loss: 0.8970, accuracy: 0.0780
Saved model to model-checkpoints/pointer_generator/french/low/model_132.pth

Train Epoch: 133 started
Train Epoch: 133, loss: 0.60012
Validation. Epoch: 133, loss: 0.8775, accuracy: 0.0830
Saved model to model-checkpoints/pointer_generator/french/low/model_133.pth

Train Epoch: 134 started
Train Epoch: 134, loss: 0.57777
Validation. Epoch: 134, loss: 0.9028, accuracy: 0.0790
Saved model to model-checkpoints/pointer_generator/french/low/model_134.pth

Train Epoch: 135 started
Train Epoch: 135, loss: 0.60503
Validation. Epoch: 135, loss: 0.9043, accuracy: 0.0740
Saved model to model-checkpoints/pointer_generator/french/low/model_135.pth

Train Epoch: 136 started
Train Epoch: 136, loss: 0.62962
Validation. Epoch: 136, loss: 0.8934, accuracy: 0.0770
Saved model to model-checkpoints/pointer_generator/french/low/model_136.pth

Train Epoch: 137 started
Train Epoch: 137, loss: 0.60799
Validation. Epoch: 137, loss: 0.9142, accuracy: 0.0740
Saved model to model-checkpoints/pointer_generator/french/low/model_137.pth

Train Epoch: 138 started
Train Epoch: 138, loss: 0.59943
Validation. Epoch: 138, loss: 0.9024, accuracy: 0.0720
Saved model to model-checkpoints/pointer_generator/french/low/model_138.pth

Train Epoch: 139 started
Train Epoch: 139, loss: 0.56642
Validation. Epoch: 139, loss: 0.8910, accuracy: 0.0870
Saved model to model-checkpoints/pointer_generator/french/low/model_139.pth

Train Epoch: 140 started
Train Epoch: 140, loss: 0.58009
Validation. Epoch: 140, loss: 0.9120, accuracy: 0.0750
Saved model to model-checkpoints/pointer_generator/french/low/model_140.pth

Train Epoch: 141 started
Train Epoch: 141, loss: 0.58036
Validation. Epoch: 141, loss: 0.9108, accuracy: 0.0790
Saved model to model-checkpoints/pointer_generator/french/low/model_141.pth

Train Epoch: 142 started
Train Epoch: 142, loss: 0.61360
Validation. Epoch: 142, loss: 0.8984, accuracy: 0.0920
Saved model to model-checkpoints/pointer_generator/french/low/model_142.pth

Train Epoch: 143 started
Train Epoch: 143, loss: 0.63807
Validation. Epoch: 143, loss: 0.9055, accuracy: 0.0850
Saved model to model-checkpoints/pointer_generator/french/low/model_143.pth

Train Epoch: 144 started
Train Epoch: 144, loss: 0.57692
Validation. Epoch: 144, loss: 0.9187, accuracy: 0.0850
Saved model to model-checkpoints/pointer_generator/french/low/model_144.pth

Train Epoch: 145 started
Train Epoch: 145, loss: 0.61743
Validation. Epoch: 145, loss: 0.8992, accuracy: 0.0870
Saved model to model-checkpoints/pointer_generator/french/low/model_145.pth

Train Epoch: 146 started
Train Epoch: 146, loss: 0.56367
Validation. Epoch: 146, loss: 0.8908, accuracy: 0.0790
Saved model to model-checkpoints/pointer_generator/french/low/model_146.pth

Train Epoch: 147 started
Train Epoch: 147, loss: 0.56845
Validation. Epoch: 147, loss: 0.8952, accuracy: 0.1000
Saved model to model-checkpoints/pointer_generator/french/low/model_147.pth

Train Epoch: 148 started
Train Epoch: 148, loss: 0.52573
Validation. Epoch: 148, loss: 0.8746, accuracy: 0.0990
Saved model to model-checkpoints/pointer_generator/french/low/model_148.pth

Train Epoch: 149 started
Train Epoch: 149, loss: 0.56217
Validation. Epoch: 149, loss: 0.8641, accuracy: 0.0980
Saved model to model-checkpoints/pointer_generator/french/low/model_149.pth
New best Loss, saved to model-checkpoints/pointer_generator/french/low/model_best.pth

Train Epoch: 150 started
Train Epoch: 150, loss: 0.56831
Validation. Epoch: 150, loss: 0.8853, accuracy: 0.0990
Saved model to model-checkpoints/pointer_generator/french/low/model_150.pth

Train Epoch: 151 started
Train Epoch: 151, loss: 0.55036
Validation. Epoch: 151, loss: 0.8807, accuracy: 0.1040
Saved model to model-checkpoints/pointer_generator/french/low/model_151.pth

Train Epoch: 152 started
Train Epoch: 152, loss: 0.53303
Validation. Epoch: 152, loss: 0.8855, accuracy: 0.0960
Saved model to model-checkpoints/pointer_generator/french/low/model_152.pth

Train Epoch: 153 started
Train Epoch: 153, loss: 0.54559
Validation. Epoch: 153, loss: 0.8977, accuracy: 0.0930
Saved model to model-checkpoints/pointer_generator/french/low/model_153.pth

Train Epoch: 154 started
Train Epoch: 154, loss: 0.54966
Validation. Epoch: 154, loss: 0.8858, accuracy: 0.0850
Saved model to model-checkpoints/pointer_generator/french/low/model_154.pth

Train Epoch: 155 started
Train Epoch: 155, loss: 0.58200
Validation. Epoch: 155, loss: 0.9068, accuracy: 0.0920
Saved model to model-checkpoints/pointer_generator/french/low/model_155.pth

Train Epoch: 156 started
Train Epoch: 156, loss: 0.55167
Validation. Epoch: 156, loss: 0.9253, accuracy: 0.0870
Saved model to model-checkpoints/pointer_generator/french/low/model_156.pth

Train Epoch: 157 started
Train Epoch: 157, loss: 0.55831
Validation. Epoch: 157, loss: 0.8629, accuracy: 0.1040
Saved model to model-checkpoints/pointer_generator/french/low/model_157.pth
New best Loss, saved to model-checkpoints/pointer_generator/french/low/model_best.pth

Train Epoch: 158 started
Train Epoch: 158, loss: 0.52356
Validation. Epoch: 158, loss: 0.8582, accuracy: 0.1000
Saved model to model-checkpoints/pointer_generator/french/low/model_158.pth
New best Loss, saved to model-checkpoints/pointer_generator/french/low/model_best.pth

Train Epoch: 159 started
Train Epoch: 159, loss: 0.52870
Validation. Epoch: 159, loss: 0.9047, accuracy: 0.1050
Saved model to model-checkpoints/pointer_generator/french/low/model_159.pth

Train Epoch: 160 started
Train Epoch: 160, loss: 0.50220
Validation. Epoch: 160, loss: 0.8896, accuracy: 0.1060
Saved model to model-checkpoints/pointer_generator/french/low/model_160.pth

Train Epoch: 161 started
Train Epoch: 161, loss: 0.54262
Validation. Epoch: 161, loss: 0.8755, accuracy: 0.1020
Saved model to model-checkpoints/pointer_generator/french/low/model_161.pth

Train Epoch: 162 started
Train Epoch: 162, loss: 0.53250
Validation. Epoch: 162, loss: 0.8819, accuracy: 0.1160
Saved model to model-checkpoints/pointer_generator/french/low/model_162.pth

Train Epoch: 163 started
Train Epoch: 163, loss: 0.49036
Validation. Epoch: 163, loss: 0.9192, accuracy: 0.1050
Saved model to model-checkpoints/pointer_generator/french/low/model_163.pth

Train Epoch: 164 started
Train Epoch: 164, loss: 0.51099
Validation. Epoch: 164, loss: 0.8502, accuracy: 0.1140
Saved model to model-checkpoints/pointer_generator/french/low/model_164.pth
New best Loss, saved to model-checkpoints/pointer_generator/french/low/model_best.pth

Train Epoch: 165 started
Train Epoch: 165, loss: 0.48732
Validation. Epoch: 165, loss: 0.8714, accuracy: 0.1050
Saved model to model-checkpoints/pointer_generator/french/low/model_165.pth

Train Epoch: 166 started
Train Epoch: 166, loss: 0.53604
Validation. Epoch: 166, loss: 0.8704, accuracy: 0.1250
Saved model to model-checkpoints/pointer_generator/french/low/model_166.pth

Train Epoch: 167 started
Train Epoch: 167, loss: 0.49621
Validation. Epoch: 167, loss: 0.8619, accuracy: 0.1160
Saved model to model-checkpoints/pointer_generator/french/low/model_167.pth

Train Epoch: 168 started
Train Epoch: 168, loss: 0.49812
Validation. Epoch: 168, loss: 0.8719, accuracy: 0.1030
Saved model to model-checkpoints/pointer_generator/french/low/model_168.pth

Train Epoch: 169 started
Train Epoch: 169, loss: 0.49052
Validation. Epoch: 169, loss: 0.8987, accuracy: 0.1120
Saved model to model-checkpoints/pointer_generator/french/low/model_169.pth

Train Epoch: 170 started
Train Epoch: 170, loss: 0.51278
Validation. Epoch: 170, loss: 0.8927, accuracy: 0.1250
Saved model to model-checkpoints/pointer_generator/french/low/model_170.pth

Train Epoch: 171 started
Train Epoch: 171, loss: 0.47523
Validation. Epoch: 171, loss: 0.8815, accuracy: 0.1070
Saved model to model-checkpoints/pointer_generator/french/low/model_171.pth

Train Epoch: 172 started
Train Epoch: 172, loss: 0.52128
Validation. Epoch: 172, loss: 0.8573, accuracy: 0.1020
Saved model to model-checkpoints/pointer_generator/french/low/model_172.pth

Train Epoch: 173 started
Train Epoch: 173, loss: 0.47532
Validation. Epoch: 173, loss: 0.8607, accuracy: 0.1070
Saved model to model-checkpoints/pointer_generator/french/low/model_173.pth

Train Epoch: 174 started
Train Epoch: 174, loss: 0.46341
Validation. Epoch: 174, loss: 0.8791, accuracy: 0.1190
Saved model to model-checkpoints/pointer_generator/french/low/model_174.pth

Train Epoch: 175 started
Train Epoch: 175, loss: 0.48989
Validation. Epoch: 175, loss: 0.8642, accuracy: 0.1370
Saved model to model-checkpoints/pointer_generator/french/low/model_175.pth

Train Epoch: 176 started
Train Epoch: 176, loss: 0.47558
Validation. Epoch: 176, loss: 0.8486, accuracy: 0.1280
Saved model to model-checkpoints/pointer_generator/french/low/model_176.pth
New best Loss, saved to model-checkpoints/pointer_generator/french/low/model_best.pth

Train Epoch: 177 started
Train Epoch: 177, loss: 0.46445
Validation. Epoch: 177, loss: 0.8619, accuracy: 0.1200
Saved model to model-checkpoints/pointer_generator/french/low/model_177.pth

Train Epoch: 178 started
Train Epoch: 178, loss: 0.47861
Validation. Epoch: 178, loss: 0.8826, accuracy: 0.1170
Saved model to model-checkpoints/pointer_generator/french/low/model_178.pth

Train Epoch: 179 started
Train Epoch: 179, loss: 0.48899
Validation. Epoch: 179, loss: 0.8608, accuracy: 0.1220
Saved model to model-checkpoints/pointer_generator/french/low/model_179.pth

Train Epoch: 180 started
Train Epoch: 180, loss: 0.46131
Validation. Epoch: 180, loss: 0.8634, accuracy: 0.1270
Saved model to model-checkpoints/pointer_generator/french/low/model_180.pth

Train Epoch: 181 started
Train Epoch: 181, loss: 0.47906
Validation. Epoch: 181, loss: 0.8662, accuracy: 0.1190
Saved model to model-checkpoints/pointer_generator/french/low/model_181.pth

Train Epoch: 182 started
Train Epoch: 182, loss: 0.42866
Validation. Epoch: 182, loss: 0.8575, accuracy: 0.1180
Saved model to model-checkpoints/pointer_generator/french/low/model_182.pth

Train Epoch: 183 started
Train Epoch: 183, loss: 0.46894
Validation. Epoch: 183, loss: 0.8642, accuracy: 0.1280
Saved model to model-checkpoints/pointer_generator/french/low/model_183.pth

Train Epoch: 184 started
Train Epoch: 184, loss: 0.42756
Validation. Epoch: 184, loss: 0.8548, accuracy: 0.1390
Saved model to model-checkpoints/pointer_generator/french/low/model_184.pth

Train Epoch: 185 started
Train Epoch: 185, loss: 0.43447
Validation. Epoch: 185, loss: 0.8573, accuracy: 0.1400
Saved model to model-checkpoints/pointer_generator/french/low/model_185.pth

Train Epoch: 186 started
Train Epoch: 186, loss: 0.46284
Validation. Epoch: 186, loss: 0.8458, accuracy: 0.1390
Saved model to model-checkpoints/pointer_generator/french/low/model_186.pth
New best Loss, saved to model-checkpoints/pointer_generator/french/low/model_best.pth

Train Epoch: 187 started
Train Epoch: 187, loss: 0.42807
Validation. Epoch: 187, loss: 0.8467, accuracy: 0.1360
Saved model to model-checkpoints/pointer_generator/french/low/model_187.pth

Train Epoch: 188 started
Train Epoch: 188, loss: 0.43938
Validation. Epoch: 188, loss: 0.8635, accuracy: 0.1300
Saved model to model-checkpoints/pointer_generator/french/low/model_188.pth

Train Epoch: 189 started
Train Epoch: 189, loss: 0.42661
Validation. Epoch: 189, loss: 0.8501, accuracy: 0.1390
Saved model to model-checkpoints/pointer_generator/french/low/model_189.pth

Train Epoch: 190 started
Train Epoch: 190, loss: 0.46906
Validation. Epoch: 190, loss: 0.8553, accuracy: 0.1410
Saved model to model-checkpoints/pointer_generator/french/low/model_190.pth

Train Epoch: 191 started
Train Epoch: 191, loss: 0.43739
Validation. Epoch: 191, loss: 0.8644, accuracy: 0.1360
Saved model to model-checkpoints/pointer_generator/french/low/model_191.pth

Train Epoch: 192 started
Train Epoch: 192, loss: 0.44911
Validation. Epoch: 192, loss: 0.8596, accuracy: 0.1440
Saved model to model-checkpoints/pointer_generator/french/low/model_192.pth

Train Epoch: 193 started
Train Epoch: 193, loss: 0.43666
Validation. Epoch: 193, loss: 0.8638, accuracy: 0.1180
Saved model to model-checkpoints/pointer_generator/french/low/model_193.pth

Train Epoch: 194 started
Train Epoch: 194, loss: 0.46175
Validation. Epoch: 194, loss: 0.8726, accuracy: 0.1360
Saved model to model-checkpoints/pointer_generator/french/low/model_194.pth

Train Epoch: 195 started
Train Epoch: 195, loss: 0.42640
Validation. Epoch: 195, loss: 0.8771, accuracy: 0.1570
Saved model to model-checkpoints/pointer_generator/french/low/model_195.pth

Train Epoch: 196 started
Train Epoch: 196, loss: 0.45227
Validation. Epoch: 196, loss: 0.8841, accuracy: 0.1590
Saved model to model-checkpoints/pointer_generator/french/low/model_196.pth

Train Epoch: 197 started
Train Epoch: 197, loss: 0.42633
Validation. Epoch: 197, loss: 0.8571, accuracy: 0.1410
Saved model to model-checkpoints/pointer_generator/french/low/model_197.pth

Train Epoch: 198 started
Train Epoch: 198, loss: 0.43786
Validation. Epoch: 198, loss: 0.8530, accuracy: 0.1170
Saved model to model-checkpoints/pointer_generator/french/low/model_198.pth

Train Epoch: 199 started
Train Epoch: 199, loss: 0.44317
Validation. Epoch: 199, loss: 0.8604, accuracy: 0.1520
Saved model to model-checkpoints/pointer_generator/french/low/model_199.pth

Train Epoch: 200 started
Train Epoch: 200, loss: 0.41146
Validation. Epoch: 200, loss: 0.8637, accuracy: 0.1540
Saved model to model-checkpoints/pointer_generator/french/low/model_200.pth

Train Epoch: 201 started
Train Epoch: 201, loss: 0.43756
Validation. Epoch: 201, loss: 0.8510, accuracy: 0.1310
Saved model to model-checkpoints/pointer_generator/french/low/model_201.pth

Train Epoch: 202 started
Train Epoch: 202, loss: 0.41175
Validation. Epoch: 202, loss: 0.8500, accuracy: 0.1230
Saved model to model-checkpoints/pointer_generator/french/low/model_202.pth

Train Epoch: 203 started
Train Epoch: 203, loss: 0.39474
Validation. Epoch: 203, loss: 0.8720, accuracy: 0.1590
Saved model to model-checkpoints/pointer_generator/french/low/model_203.pth

Train Epoch: 204 started
Train Epoch: 204, loss: 0.44092
Validation. Epoch: 204, loss: 0.8890, accuracy: 0.1500
Saved model to model-checkpoints/pointer_generator/french/low/model_204.pth

Train Epoch: 205 started
Train Epoch: 205, loss: 0.40528
Validation. Epoch: 205, loss: 0.8507, accuracy: 0.1390
Saved model to model-checkpoints/pointer_generator/french/low/model_205.pth

Train Epoch: 206 started
Train Epoch: 206, loss: 0.38532
Validation. Epoch: 206, loss: 0.8437, accuracy: 0.1260
Saved model to model-checkpoints/pointer_generator/french/low/model_206.pth
New best Loss, saved to model-checkpoints/pointer_generator/french/low/model_best.pth

Train Epoch: 207 started
Train Epoch: 207, loss: 0.41426
Validation. Epoch: 207, loss: 0.8568, accuracy: 0.1450
Saved model to model-checkpoints/pointer_generator/french/low/model_207.pth

Train Epoch: 208 started
Train Epoch: 208, loss: 0.39709
Validation. Epoch: 208, loss: 0.8654, accuracy: 0.1510
Saved model to model-checkpoints/pointer_generator/french/low/model_208.pth

Train Epoch: 209 started
Train Epoch: 209, loss: 0.38497
Validation. Epoch: 209, loss: 0.8907, accuracy: 0.1450
Saved model to model-checkpoints/pointer_generator/french/low/model_209.pth

Train Epoch: 210 started
Train Epoch: 210, loss: 0.41052
Validation. Epoch: 210, loss: 0.8908, accuracy: 0.1430
Saved model to model-checkpoints/pointer_generator/french/low/model_210.pth

Train Epoch: 211 started
Train Epoch: 211, loss: 0.40689
Validation. Epoch: 211, loss: 0.8711, accuracy: 0.1390
Saved model to model-checkpoints/pointer_generator/french/low/model_211.pth

Train Epoch: 212 started
Train Epoch: 212, loss: 0.37582
Validation. Epoch: 212, loss: 0.8610, accuracy: 0.1400
Saved model to model-checkpoints/pointer_generator/french/low/model_212.pth

Train Epoch: 213 started
Train Epoch: 213, loss: 0.38683
Validation. Epoch: 213, loss: 0.8579, accuracy: 0.1380
Saved model to model-checkpoints/pointer_generator/french/low/model_213.pth

Train Epoch: 214 started
Train Epoch: 214, loss: 0.40266
Validation. Epoch: 214, loss: 0.8657, accuracy: 0.1610
Saved model to model-checkpoints/pointer_generator/french/low/model_214.pth

Train Epoch: 215 started
Train Epoch: 215, loss: 0.35519
Validation. Epoch: 215, loss: 0.8592, accuracy: 0.1660
Saved model to model-checkpoints/pointer_generator/french/low/model_215.pth

Train Epoch: 216 started
Train Epoch: 216, loss: 0.39934
Validation. Epoch: 216, loss: 0.8450, accuracy: 0.1630
Saved model to model-checkpoints/pointer_generator/french/low/model_216.pth

Train Epoch: 217 started
Train Epoch: 217, loss: 0.38782
Validation. Epoch: 217, loss: 0.8436, accuracy: 0.1650
Saved model to model-checkpoints/pointer_generator/french/low/model_217.pth
New best Loss, saved to model-checkpoints/pointer_generator/french/low/model_best.pth

Train Epoch: 218 started
Train Epoch: 218, loss: 0.37685
Validation. Epoch: 218, loss: 0.8594, accuracy: 0.1710
Saved model to model-checkpoints/pointer_generator/french/low/model_218.pth

Train Epoch: 219 started
Train Epoch: 219, loss: 0.41749
Validation. Epoch: 219, loss: 0.8582, accuracy: 0.1510
Saved model to model-checkpoints/pointer_generator/french/low/model_219.pth

Train Epoch: 220 started
Train Epoch: 220, loss: 0.37387
Validation. Epoch: 220, loss: 0.8886, accuracy: 0.1570
Saved model to model-checkpoints/pointer_generator/french/low/model_220.pth

Train Epoch: 221 started
Train Epoch: 221, loss: 0.37716
Validation. Epoch: 221, loss: 0.8981, accuracy: 0.1460
Saved model to model-checkpoints/pointer_generator/french/low/model_221.pth

Train Epoch: 222 started
Train Epoch: 222, loss: 0.37210
Validation. Epoch: 222, loss: 0.9022, accuracy: 0.1360
Saved model to model-checkpoints/pointer_generator/french/low/model_222.pth

Train Epoch: 223 started
Train Epoch: 223, loss: 0.34667
Validation. Epoch: 223, loss: 0.8871, accuracy: 0.1440
Saved model to model-checkpoints/pointer_generator/french/low/model_223.pth

Train Epoch: 224 started
Train Epoch: 224, loss: 0.34663
Validation. Epoch: 224, loss: 0.8866, accuracy: 0.1550
Saved model to model-checkpoints/pointer_generator/french/low/model_224.pth

Train Epoch: 225 started
Train Epoch: 225, loss: 0.37464
Validation. Epoch: 225, loss: 0.8667, accuracy: 0.1520
Saved model to model-checkpoints/pointer_generator/french/low/model_225.pth

Train Epoch: 226 started
Train Epoch: 226, loss: 0.36664
Validation. Epoch: 226, loss: 0.8640, accuracy: 0.1360
Saved model to model-checkpoints/pointer_generator/french/low/model_226.pth

Train Epoch: 227 started
Train Epoch: 227, loss: 0.36883
Validation. Epoch: 227, loss: 0.8650, accuracy: 0.1610
Saved model to model-checkpoints/pointer_generator/french/low/model_227.pth

Train Epoch: 228 started
Train Epoch: 228, loss: 0.37433
Validation. Epoch: 228, loss: 0.8659, accuracy: 0.1640
Saved model to model-checkpoints/pointer_generator/french/low/model_228.pth

Train Epoch: 229 started
Train Epoch: 229, loss: 0.33532
Validation. Epoch: 229, loss: 0.8689, accuracy: 0.1340
Saved model to model-checkpoints/pointer_generator/french/low/model_229.pth

Train Epoch: 230 started
Train Epoch: 230, loss: 0.34476
Validation. Epoch: 230, loss: 0.8852, accuracy: 0.1420
Saved model to model-checkpoints/pointer_generator/french/low/model_230.pth

Train Epoch: 231 started
Train Epoch: 231, loss: 0.38528
Validation. Epoch: 231, loss: 0.8726, accuracy: 0.1620
Saved model to model-checkpoints/pointer_generator/french/low/model_231.pth

Train Epoch: 232 started
Train Epoch: 232, loss: 0.35453
Validation. Epoch: 232, loss: 0.8763, accuracy: 0.1530
Saved model to model-checkpoints/pointer_generator/french/low/model_232.pth

Train Epoch: 233 started
Train Epoch: 233, loss: 0.35006
Validation. Epoch: 233, loss: 0.8788, accuracy: 0.1420
Saved model to model-checkpoints/pointer_generator/french/low/model_233.pth

Train Epoch: 234 started
Train Epoch: 234, loss: 0.35127
Validation. Epoch: 234, loss: 0.8769, accuracy: 0.1540
Saved model to model-checkpoints/pointer_generator/french/low/model_234.pth

Train Epoch: 235 started
Train Epoch: 235, loss: 0.34117
Validation. Epoch: 235, loss: 0.8632, accuracy: 0.1340
Saved model to model-checkpoints/pointer_generator/french/low/model_235.pth

Train Epoch: 236 started
Train Epoch: 236, loss: 0.33358
Validation. Epoch: 236, loss: 0.8560, accuracy: 0.1620
Saved model to model-checkpoints/pointer_generator/french/low/model_236.pth

Train Epoch: 237 started
Train Epoch: 237, loss: 0.35169
Validation. Epoch: 237, loss: 0.8597, accuracy: 0.1490
Saved model to model-checkpoints/pointer_generator/french/low/model_237.pth

Train Epoch: 238 started
Train Epoch: 238, loss: 0.34742
Validation. Epoch: 238, loss: 0.8447, accuracy: 0.1440
Saved model to model-checkpoints/pointer_generator/french/low/model_238.pth

Train Epoch: 239 started
Train Epoch: 239, loss: 0.35496
Validation. Epoch: 239, loss: 0.8522, accuracy: 0.1630
Saved model to model-checkpoints/pointer_generator/french/low/model_239.pth

Train Epoch: 240 started
Train Epoch: 240, loss: 0.35556
Validation. Epoch: 240, loss: 0.8907, accuracy: 0.1690
Saved model to model-checkpoints/pointer_generator/french/low/model_240.pth

Train Epoch: 241 started
Train Epoch: 241, loss: 0.32944
Validation. Epoch: 241, loss: 0.9107, accuracy: 0.1640
Saved model to model-checkpoints/pointer_generator/french/low/model_241.pth

Train Epoch: 242 started
Train Epoch: 242, loss: 0.35381
Validation. Epoch: 242, loss: 0.9057, accuracy: 0.1580
Saved model to model-checkpoints/pointer_generator/french/low/model_242.pth

Train Epoch: 243 started
Train Epoch: 243, loss: 0.33306
Validation. Epoch: 243, loss: 0.8882, accuracy: 0.1490
Saved model to model-checkpoints/pointer_generator/french/low/model_243.pth

Train Epoch: 244 started
Train Epoch: 244, loss: 0.32956
Validation. Epoch: 244, loss: 0.8685, accuracy: 0.1670
Saved model to model-checkpoints/pointer_generator/french/low/model_244.pth

Train Epoch: 245 started
Train Epoch: 245, loss: 0.32921
Validation. Epoch: 245, loss: 0.8631, accuracy: 0.1800
Saved model to model-checkpoints/pointer_generator/french/low/model_245.pth

Train Epoch: 246 started
Train Epoch: 246, loss: 0.33779
Validation. Epoch: 246, loss: 0.8553, accuracy: 0.1820
Saved model to model-checkpoints/pointer_generator/french/low/model_246.pth

Train Epoch: 247 started
Train Epoch: 247, loss: 0.32342
Validation. Epoch: 247, loss: 0.8656, accuracy: 0.1610
Saved model to model-checkpoints/pointer_generator/french/low/model_247.pth

Train Epoch: 248 started
Train Epoch: 248, loss: 0.33809
Validation. Epoch: 248, loss: 0.8560, accuracy: 0.1760
Saved model to model-checkpoints/pointer_generator/french/low/model_248.pth

Train Epoch: 249 started
Train Epoch: 249, loss: 0.29012
Validation. Epoch: 249, loss: 0.8640, accuracy: 0.1780
Saved model to model-checkpoints/pointer_generator/french/low/model_249.pth

Train Epoch: 250 started
Train Epoch: 250, loss: 0.32725
Validation. Epoch: 250, loss: 0.8710, accuracy: 0.1800
Saved model to model-checkpoints/pointer_generator/french/low/model_250.pth

Train Epoch: 251 started
Train Epoch: 251, loss: 0.32098
Validation. Epoch: 251, loss: 0.8707, accuracy: 0.1620
Saved model to model-checkpoints/pointer_generator/french/low/model_251.pth

Train Epoch: 252 started
Train Epoch: 252, loss: 0.31947
Validation. Epoch: 252, loss: 0.8832, accuracy: 0.1610
Saved model to model-checkpoints/pointer_generator/french/low/model_252.pth

Train Epoch: 253 started
Train Epoch: 253, loss: 0.32055
Validation. Epoch: 253, loss: 0.8694, accuracy: 0.1700
Saved model to model-checkpoints/pointer_generator/french/low/model_253.pth

Train Epoch: 254 started
Train Epoch: 254, loss: 0.34135
Validation. Epoch: 254, loss: 0.8587, accuracy: 0.1850
Saved model to model-checkpoints/pointer_generator/french/low/model_254.pth

Train Epoch: 255 started
Train Epoch: 255, loss: 0.29752
Validation. Epoch: 255, loss: 0.8475, accuracy: 0.1840
Saved model to model-checkpoints/pointer_generator/french/low/model_255.pth

Train Epoch: 256 started
Train Epoch: 256, loss: 0.34136
Validation. Epoch: 256, loss: 0.8557, accuracy: 0.1750
Saved model to model-checkpoints/pointer_generator/french/low/model_256.pth

Train Epoch: 257 started
Train Epoch: 257, loss: 0.30806
Validation. Epoch: 257, loss: 0.8554, accuracy: 0.1930
Saved model to model-checkpoints/pointer_generator/french/low/model_257.pth

Train Epoch: 258 started
Train Epoch: 258, loss: 0.33195
Validation. Epoch: 258, loss: 0.8658, accuracy: 0.1850
Saved model to model-checkpoints/pointer_generator/french/low/model_258.pth

Train Epoch: 259 started
Train Epoch: 259, loss: 0.32224
Validation. Epoch: 259, loss: 0.8783, accuracy: 0.1860
Saved model to model-checkpoints/pointer_generator/french/low/model_259.pth

Train Epoch: 260 started
Train Epoch: 260, loss: 0.33396
Validation. Epoch: 260, loss: 0.8830, accuracy: 0.1780
Saved model to model-checkpoints/pointer_generator/french/low/model_260.pth

Train Epoch: 261 started
Train Epoch: 261, loss: 0.30216
Validation. Epoch: 261, loss: 0.8766, accuracy: 0.1880
Saved model to model-checkpoints/pointer_generator/french/low/model_261.pth

Train Epoch: 262 started
Train Epoch: 262, loss: 0.29270
Validation. Epoch: 262, loss: 0.8534, accuracy: 0.1840
Saved model to model-checkpoints/pointer_generator/french/low/model_262.pth

Train Epoch: 263 started
Train Epoch: 263, loss: 0.28277
Validation. Epoch: 263, loss: 0.8350, accuracy: 0.1740
Saved model to model-checkpoints/pointer_generator/french/low/model_263.pth
New best Loss, saved to model-checkpoints/pointer_generator/french/low/model_best.pth

Train Epoch: 264 started
Train Epoch: 264, loss: 0.27599
Validation. Epoch: 264, loss: 0.8643, accuracy: 0.1720
Saved model to model-checkpoints/pointer_generator/french/low/model_264.pth

Train Epoch: 265 started
Train Epoch: 265, loss: 0.31126
Validation. Epoch: 265, loss: 0.8719, accuracy: 0.1830
Saved model to model-checkpoints/pointer_generator/french/low/model_265.pth

Train Epoch: 266 started
Train Epoch: 266, loss: 0.30307
Validation. Epoch: 266, loss: 0.8704, accuracy: 0.1630
Saved model to model-checkpoints/pointer_generator/french/low/model_266.pth

Train Epoch: 267 started
Train Epoch: 267, loss: 0.30673
Validation. Epoch: 267, loss: 0.8818, accuracy: 0.1570
Saved model to model-checkpoints/pointer_generator/french/low/model_267.pth

Train Epoch: 268 started
Train Epoch: 268, loss: 0.31737
Validation. Epoch: 268, loss: 0.8771, accuracy: 0.1790
Saved model to model-checkpoints/pointer_generator/french/low/model_268.pth

Train Epoch: 269 started
Train Epoch: 269, loss: 0.29307
Validation. Epoch: 269, loss: 0.8550, accuracy: 0.1810
Saved model to model-checkpoints/pointer_generator/french/low/model_269.pth

Train Epoch: 270 started
Train Epoch: 270, loss: 0.30959
Validation. Epoch: 270, loss: 0.8496, accuracy: 0.1850
Saved model to model-checkpoints/pointer_generator/french/low/model_270.pth

Train Epoch: 271 started
Train Epoch: 271, loss: 0.33330
Validation. Epoch: 271, loss: 0.8538, accuracy: 0.1860
Saved model to model-checkpoints/pointer_generator/french/low/model_271.pth

Train Epoch: 272 started
Train Epoch: 272, loss: 0.29192
Validation. Epoch: 272, loss: 0.8580, accuracy: 0.1780
Saved model to model-checkpoints/pointer_generator/french/low/model_272.pth

Train Epoch: 273 started
Train Epoch: 273, loss: 0.30203
Validation. Epoch: 273, loss: 0.8877, accuracy: 0.1800
Saved model to model-checkpoints/pointer_generator/french/low/model_273.pth

Train Epoch: 274 started
Train Epoch: 274, loss: 0.31525
Validation. Epoch: 274, loss: 0.8762, accuracy: 0.1980
Saved model to model-checkpoints/pointer_generator/french/low/model_274.pth

Train Epoch: 275 started
Train Epoch: 275, loss: 0.31996
Validation. Epoch: 275, loss: 0.8672, accuracy: 0.2020
Saved model to model-checkpoints/pointer_generator/french/low/model_275.pth

Train Epoch: 276 started
Train Epoch: 276, loss: 0.29605
Validation. Epoch: 276, loss: 0.8785, accuracy: 0.1900
Saved model to model-checkpoints/pointer_generator/french/low/model_276.pth

Train Epoch: 277 started
Train Epoch: 277, loss: 0.32293
Validation. Epoch: 277, loss: 0.8704, accuracy: 0.1880
Saved model to model-checkpoints/pointer_generator/french/low/model_277.pth

Train Epoch: 278 started
Train Epoch: 278, loss: 0.27935
Validation. Epoch: 278, loss: 0.8618, accuracy: 0.2030
Saved model to model-checkpoints/pointer_generator/french/low/model_278.pth

Train Epoch: 279 started
Train Epoch: 279, loss: 0.29079
Validation. Epoch: 279, loss: 0.8551, accuracy: 0.2060
Saved model to model-checkpoints/pointer_generator/french/low/model_279.pth

Train Epoch: 280 started
Train Epoch: 280, loss: 0.28967
Validation. Epoch: 280, loss: 0.8601, accuracy: 0.1960
Saved model to model-checkpoints/pointer_generator/french/low/model_280.pth

Train Epoch: 281 started
Train Epoch: 281, loss: 0.27263
Validation. Epoch: 281, loss: 0.8577, accuracy: 0.1870
Saved model to model-checkpoints/pointer_generator/french/low/model_281.pth

Train Epoch: 282 started
Train Epoch: 282, loss: 0.24760
Validation. Epoch: 282, loss: 0.8640, accuracy: 0.1820
Saved model to model-checkpoints/pointer_generator/french/low/model_282.pth

Train Epoch: 283 started
Train Epoch: 283, loss: 0.28444
Validation. Epoch: 283, loss: 0.8750, accuracy: 0.1890
Saved model to model-checkpoints/pointer_generator/french/low/model_283.pth

Train Epoch: 284 started
Train Epoch: 284, loss: 0.27791
Validation. Epoch: 284, loss: 0.8709, accuracy: 0.1980
Saved model to model-checkpoints/pointer_generator/french/low/model_284.pth

Train Epoch: 285 started
Train Epoch: 285, loss: 0.28259
Validation. Epoch: 285, loss: 0.8706, accuracy: 0.1740
Saved model to model-checkpoints/pointer_generator/french/low/model_285.pth

Train Epoch: 286 started
Train Epoch: 286, loss: 0.25874
Validation. Epoch: 286, loss: 0.8802, accuracy: 0.2010
Saved model to model-checkpoints/pointer_generator/french/low/model_286.pth

Train Epoch: 287 started
Train Epoch: 287, loss: 0.27918
Validation. Epoch: 287, loss: 0.9001, accuracy: 0.2030
Saved model to model-checkpoints/pointer_generator/french/low/model_287.pth

Train Epoch: 288 started
Train Epoch: 288, loss: 0.28612
Validation. Epoch: 288, loss: 0.8706, accuracy: 0.2030
Saved model to model-checkpoints/pointer_generator/french/low/model_288.pth

Train Epoch: 289 started
Train Epoch: 289, loss: 0.28085
Validation. Epoch: 289, loss: 0.8709, accuracy: 0.1750
Saved model to model-checkpoints/pointer_generator/french/low/model_289.pth

Train Epoch: 290 started
Train Epoch: 290, loss: 0.27602
Validation. Epoch: 290, loss: 0.8667, accuracy: 0.1890
Saved model to model-checkpoints/pointer_generator/french/low/model_290.pth

Train Epoch: 291 started
Train Epoch: 291, loss: 0.31332
Validation. Epoch: 291, loss: 0.8671, accuracy: 0.2170
Saved model to model-checkpoints/pointer_generator/french/low/model_291.pth

Train Epoch: 292 started
Train Epoch: 292, loss: 0.28380
Validation. Epoch: 292, loss: 0.8889, accuracy: 0.1990
Saved model to model-checkpoints/pointer_generator/french/low/model_292.pth

Train Epoch: 293 started
Train Epoch: 293, loss: 0.26340
Validation. Epoch: 293, loss: 0.8825, accuracy: 0.2060
Saved model to model-checkpoints/pointer_generator/french/low/model_293.pth

Train Epoch: 294 started
Train Epoch: 294, loss: 0.27712
Validation. Epoch: 294, loss: 0.8874, accuracy: 0.2080
Saved model to model-checkpoints/pointer_generator/french/low/model_294.pth

Train Epoch: 295 started
Train Epoch: 295, loss: 0.26249
Validation. Epoch: 295, loss: 0.8732, accuracy: 0.1670
Saved model to model-checkpoints/pointer_generator/french/low/model_295.pth

Train Epoch: 296 started
Train Epoch: 296, loss: 0.29999
Validation. Epoch: 296, loss: 0.8756, accuracy: 0.1800
Saved model to model-checkpoints/pointer_generator/french/low/model_296.pth

Train Epoch: 297 started
Train Epoch: 297, loss: 0.21788
Validation. Epoch: 297, loss: 0.9106, accuracy: 0.2000
Saved model to model-checkpoints/pointer_generator/french/low/model_297.pth

Train Epoch: 298 started
Train Epoch: 298, loss: 0.28001
Validation. Epoch: 298, loss: 0.9107, accuracy: 0.2010
Saved model to model-checkpoints/pointer_generator/french/low/model_298.pth

Train Epoch: 299 started
Train Epoch: 299, loss: 0.27559
Validation. Epoch: 299, loss: 0.8980, accuracy: 0.1870
Saved model to model-checkpoints/pointer_generator/french/low/model_299.pth

Train Epoch: 300 started
Train Epoch: 300, loss: 0.28056
Validation. Epoch: 300, loss: 0.9039, accuracy: 0.1750
Saved model to model-checkpoints/pointer_generator/french/low/model_300.pth

Train Epoch: 301 started
Train Epoch: 301, loss: 0.25232
Validation. Epoch: 301, loss: 0.8779, accuracy: 0.1920
Saved model to model-checkpoints/pointer_generator/french/low/model_301.pth

Train Epoch: 302 started
Train Epoch: 302, loss: 0.26993
Validation. Epoch: 302, loss: 0.8856, accuracy: 0.2200
Saved model to model-checkpoints/pointer_generator/french/low/model_302.pth

Train Epoch: 303 started
Train Epoch: 303, loss: 0.23876
Validation. Epoch: 303, loss: 0.8858, accuracy: 0.2030
Saved model to model-checkpoints/pointer_generator/french/low/model_303.pth

Train Epoch: 304 started
Train Epoch: 304, loss: 0.23402
Validation. Epoch: 304, loss: 0.8967, accuracy: 0.2010
Saved model to model-checkpoints/pointer_generator/french/low/model_304.pth

Train Epoch: 305 started
Train Epoch: 305, loss: 0.25463
Validation. Epoch: 305, loss: 0.8962, accuracy: 0.1940
Saved model to model-checkpoints/pointer_generator/french/low/model_305.pth

Train Epoch: 306 started
Train Epoch: 306, loss: 0.26520
Validation. Epoch: 306, loss: 0.8869, accuracy: 0.1960
Saved model to model-checkpoints/pointer_generator/french/low/model_306.pth

Train Epoch: 307 started
Train Epoch: 307, loss: 0.24725
Validation. Epoch: 307, loss: 0.8967, accuracy: 0.2000
Saved model to model-checkpoints/pointer_generator/french/low/model_307.pth

Train Epoch: 308 started
Train Epoch: 308, loss: 0.23912
Validation. Epoch: 308, loss: 0.9126, accuracy: 0.1890
Saved model to model-checkpoints/pointer_generator/french/low/model_308.pth

Train Epoch: 309 started
Train Epoch: 309, loss: 0.26399
Validation. Epoch: 309, loss: 0.9211, accuracy: 0.1910
Saved model to model-checkpoints/pointer_generator/french/low/model_309.pth

Train Epoch: 310 started
Train Epoch: 310, loss: 0.25997
Validation. Epoch: 310, loss: 0.8880, accuracy: 0.1920
Saved model to model-checkpoints/pointer_generator/french/low/model_310.pth

Train Epoch: 311 started
Train Epoch: 311, loss: 0.25031
Validation. Epoch: 311, loss: 0.8771, accuracy: 0.2060
Saved model to model-checkpoints/pointer_generator/french/low/model_311.pth

Train Epoch: 312 started
Train Epoch: 312, loss: 0.26555
Validation. Epoch: 312, loss: 0.8790, accuracy: 0.2060
Saved model to model-checkpoints/pointer_generator/french/low/model_312.pth

Train Epoch: 313 started
Train Epoch: 313, loss: 0.23002
Validation. Epoch: 313, loss: 0.8867, accuracy: 0.2050
Saved model to model-checkpoints/pointer_generator/french/low/model_313.pth

Train Epoch: 314 started
Train Epoch: 314, loss: 0.24149
Validation. Epoch: 314, loss: 0.8926, accuracy: 0.1920
Saved model to model-checkpoints/pointer_generator/french/low/model_314.pth

Train Epoch: 315 started
Train Epoch: 315, loss: 0.25535
Validation. Epoch: 315, loss: 0.9000, accuracy: 0.1940
Saved model to model-checkpoints/pointer_generator/french/low/model_315.pth

Train Epoch: 316 started
Train Epoch: 316, loss: 0.26253
Validation. Epoch: 316, loss: 0.9185, accuracy: 0.1900
Saved model to model-checkpoints/pointer_generator/french/low/model_316.pth

Train Epoch: 317 started
Train Epoch: 317, loss: 0.29906
Validation. Epoch: 317, loss: 0.9387, accuracy: 0.1750
Saved model to model-checkpoints/pointer_generator/french/low/model_317.pth

Train Epoch: 318 started
Train Epoch: 318, loss: 0.24222
Validation. Epoch: 318, loss: 0.9221, accuracy: 0.1860
Saved model to model-checkpoints/pointer_generator/french/low/model_318.pth

Train Epoch: 319 started
Train Epoch: 319, loss: 0.22221
Validation. Epoch: 319, loss: 0.9050, accuracy: 0.1930
Saved model to model-checkpoints/pointer_generator/french/low/model_319.pth

Train Epoch: 320 started
Train Epoch: 320, loss: 0.26469
Validation. Epoch: 320, loss: 0.8959, accuracy: 0.2240
Saved model to model-checkpoints/pointer_generator/french/low/model_320.pth

Train Epoch: 321 started
Train Epoch: 321, loss: 0.25860
Validation. Epoch: 321, loss: 0.8789, accuracy: 0.2230
Saved model to model-checkpoints/pointer_generator/french/low/model_321.pth

Train Epoch: 322 started
Train Epoch: 322, loss: 0.25907
Validation. Epoch: 322, loss: 0.8561, accuracy: 0.2140
Saved model to model-checkpoints/pointer_generator/french/low/model_322.pth

Train Epoch: 323 started
Train Epoch: 323, loss: 0.26785
Validation. Epoch: 323, loss: 0.8664, accuracy: 0.1980
Saved model to model-checkpoints/pointer_generator/french/low/model_323.pth

Train Epoch: 324 started
Train Epoch: 324, loss: 0.24527
Validation. Epoch: 324, loss: 0.9132, accuracy: 0.2000
Saved model to model-checkpoints/pointer_generator/french/low/model_324.pth

Train Epoch: 325 started
Train Epoch: 325, loss: 0.22276
Validation. Epoch: 325, loss: 0.8885, accuracy: 0.2180
Saved model to model-checkpoints/pointer_generator/french/low/model_325.pth

Train Epoch: 326 started
Train Epoch: 326, loss: 0.24519
Validation. Epoch: 326, loss: 0.8755, accuracy: 0.2170
Saved model to model-checkpoints/pointer_generator/french/low/model_326.pth

Train Epoch: 327 started
Train Epoch: 327, loss: 0.26017
Validation. Epoch: 327, loss: 0.8667, accuracy: 0.2210
Saved model to model-checkpoints/pointer_generator/french/low/model_327.pth

Train Epoch: 328 started
Train Epoch: 328, loss: 0.23132
Validation. Epoch: 328, loss: 0.8771, accuracy: 0.2220
Saved model to model-checkpoints/pointer_generator/french/low/model_328.pth

Train Epoch: 329 started
Train Epoch: 329, loss: 0.23116
Validation. Epoch: 329, loss: 0.8850, accuracy: 0.2020
Saved model to model-checkpoints/pointer_generator/french/low/model_329.pth

Train Epoch: 330 started
Train Epoch: 330, loss: 0.22679
Validation. Epoch: 330, loss: 0.8895, accuracy: 0.2030
Saved model to model-checkpoints/pointer_generator/french/low/model_330.pth

Train Epoch: 331 started
Train Epoch: 331, loss: 0.25264
Validation. Epoch: 331, loss: 0.8925, accuracy: 0.2160
Saved model to model-checkpoints/pointer_generator/french/low/model_331.pth

Train Epoch: 332 started
Train Epoch: 332, loss: 0.22370
Validation. Epoch: 332, loss: 0.9037, accuracy: 0.2330
Saved model to model-checkpoints/pointer_generator/french/low/model_332.pth

Train Epoch: 333 started
Train Epoch: 333, loss: 0.19874
Validation. Epoch: 333, loss: 0.9025, accuracy: 0.2200
Saved model to model-checkpoints/pointer_generator/french/low/model_333.pth

Train Epoch: 334 started
Train Epoch: 334, loss: 0.21883
Validation. Epoch: 334, loss: 0.9438, accuracy: 0.2010
Saved model to model-checkpoints/pointer_generator/french/low/model_334.pth

Train Epoch: 335 started
Train Epoch: 335, loss: 0.23126
Validation. Epoch: 335, loss: 0.9265, accuracy: 0.2060
Saved model to model-checkpoints/pointer_generator/french/low/model_335.pth

Train Epoch: 336 started
Train Epoch: 336, loss: 0.23246
Validation. Epoch: 336, loss: 0.9093, accuracy: 0.2320
Saved model to model-checkpoints/pointer_generator/french/low/model_336.pth

Train Epoch: 337 started
Train Epoch: 337, loss: 0.21612
Validation. Epoch: 337, loss: 0.8904, accuracy: 0.2160
Saved model to model-checkpoints/pointer_generator/french/low/model_337.pth

Train Epoch: 338 started
Train Epoch: 338, loss: 0.24200
Validation. Epoch: 338, loss: 0.8810, accuracy: 0.2120
Saved model to model-checkpoints/pointer_generator/french/low/model_338.pth

Train Epoch: 339 started
Train Epoch: 339, loss: 0.24899
Validation. Epoch: 339, loss: 0.9039, accuracy: 0.2120
Saved model to model-checkpoints/pointer_generator/french/low/model_339.pth

Train Epoch: 340 started
Train Epoch: 340, loss: 0.22900
Validation. Epoch: 340, loss: 0.9402, accuracy: 0.2060
Saved model to model-checkpoints/pointer_generator/french/low/model_340.pth

Train Epoch: 341 started
Train Epoch: 341, loss: 0.21977
Validation. Epoch: 341, loss: 0.9403, accuracy: 0.2110
Saved model to model-checkpoints/pointer_generator/french/low/model_341.pth

Train Epoch: 342 started
Train Epoch: 342, loss: 0.22235
Validation. Epoch: 342, loss: 0.9178, accuracy: 0.2040
Saved model to model-checkpoints/pointer_generator/french/low/model_342.pth

Train Epoch: 343 started
Train Epoch: 343, loss: 0.23133
Validation. Epoch: 343, loss: 0.9054, accuracy: 0.2100
Saved model to model-checkpoints/pointer_generator/french/low/model_343.pth

Train Epoch: 344 started
Train Epoch: 344, loss: 0.22549
Validation. Epoch: 344, loss: 0.9226, accuracy: 0.2220
Saved model to model-checkpoints/pointer_generator/french/low/model_344.pth

Train Epoch: 345 started
Train Epoch: 345, loss: 0.24006
Validation. Epoch: 345, loss: 0.9198, accuracy: 0.2230
Saved model to model-checkpoints/pointer_generator/french/low/model_345.pth

Train Epoch: 346 started
Train Epoch: 346, loss: 0.20164
Validation. Epoch: 346, loss: 0.9127, accuracy: 0.2130
Saved model to model-checkpoints/pointer_generator/french/low/model_346.pth

Train Epoch: 347 started
Train Epoch: 347, loss: 0.18120
Validation. Epoch: 347, loss: 0.8956, accuracy: 0.2130
Saved model to model-checkpoints/pointer_generator/french/low/model_347.pth

Train Epoch: 348 started
Train Epoch: 348, loss: 0.21819
Validation. Epoch: 348, loss: 0.9202, accuracy: 0.2010
Saved model to model-checkpoints/pointer_generator/french/low/model_348.pth

Train Epoch: 349 started
Train Epoch: 349, loss: 0.22980
Validation. Epoch: 349, loss: 0.8998, accuracy: 0.2180
Saved model to model-checkpoints/pointer_generator/french/low/model_349.pth

Train Epoch: 350 started
Train Epoch: 350, loss: 0.20617
Validation. Epoch: 350, loss: 0.9154, accuracy: 0.2240
Saved model to model-checkpoints/pointer_generator/french/low/model_350.pth

Train Epoch: 351 started
Train Epoch: 351, loss: 0.21571
Validation. Epoch: 351, loss: 0.8949, accuracy: 0.2250
Saved model to model-checkpoints/pointer_generator/french/low/model_351.pth

Train Epoch: 352 started
Train Epoch: 352, loss: 0.19468
Validation. Epoch: 352, loss: 0.9041, accuracy: 0.2240
Saved model to model-checkpoints/pointer_generator/french/low/model_352.pth

Train Epoch: 353 started
Train Epoch: 353, loss: 0.19932
Validation. Epoch: 353, loss: 0.8989, accuracy: 0.2370
Saved model to model-checkpoints/pointer_generator/french/low/model_353.pth

Train Epoch: 354 started
Train Epoch: 354, loss: 0.20795
Validation. Epoch: 354, loss: 0.8867, accuracy: 0.2370
Saved model to model-checkpoints/pointer_generator/french/low/model_354.pth

Train Epoch: 355 started
Train Epoch: 355, loss: 0.19795
Validation. Epoch: 355, loss: 0.8856, accuracy: 0.2440
Saved model to model-checkpoints/pointer_generator/french/low/model_355.pth

Train Epoch: 356 started
Train Epoch: 356, loss: 0.19886
Validation. Epoch: 356, loss: 0.8870, accuracy: 0.2600
Saved model to model-checkpoints/pointer_generator/french/low/model_356.pth

Train Epoch: 357 started
Train Epoch: 357, loss: 0.21732
Validation. Epoch: 357, loss: 0.8886, accuracy: 0.2570
Saved model to model-checkpoints/pointer_generator/french/low/model_357.pth

Train Epoch: 358 started
Train Epoch: 358, loss: 0.20285
Validation. Epoch: 358, loss: 0.8993, accuracy: 0.2300
Saved model to model-checkpoints/pointer_generator/french/low/model_358.pth

Train Epoch: 359 started
Train Epoch: 359, loss: 0.23545
Validation. Epoch: 359, loss: 0.9174, accuracy: 0.2410
Saved model to model-checkpoints/pointer_generator/french/low/model_359.pth

Train Epoch: 360 started
Train Epoch: 360, loss: 0.20721
Validation. Epoch: 360, loss: 0.9298, accuracy: 0.2230
Saved model to model-checkpoints/pointer_generator/french/low/model_360.pth

Train Epoch: 361 started
Train Epoch: 361, loss: 0.20745
Validation. Epoch: 361, loss: 0.9353, accuracy: 0.2140
Saved model to model-checkpoints/pointer_generator/french/low/model_361.pth

Train Epoch: 362 started
Train Epoch: 362, loss: 0.18065
Validation. Epoch: 362, loss: 0.9168, accuracy: 0.2280
Saved model to model-checkpoints/pointer_generator/french/low/model_362.pth

Train Epoch: 363 started
Train Epoch: 363, loss: 0.16414
Validation. Epoch: 363, loss: 0.9149, accuracy: 0.2300
Saved model to model-checkpoints/pointer_generator/french/low/model_363.pth

Train Epoch: 364 started
Train Epoch: 364, loss: 0.21107
Validation. Epoch: 364, loss: 0.9109, accuracy: 0.2330
Saved model to model-checkpoints/pointer_generator/french/low/model_364.pth

Train Epoch: 365 started
Train Epoch: 365, loss: 0.19016
Validation. Epoch: 365, loss: 0.9146, accuracy: 0.2370
Saved model to model-checkpoints/pointer_generator/french/low/model_365.pth

Train Epoch: 366 started
Train Epoch: 366, loss: 0.17234
Validation. Epoch: 366, loss: 0.9157, accuracy: 0.2290
Saved model to model-checkpoints/pointer_generator/french/low/model_366.pth

Train Epoch: 367 started
Train Epoch: 367, loss: 0.20089
Validation. Epoch: 367, loss: 0.9054, accuracy: 0.2310
Saved model to model-checkpoints/pointer_generator/french/low/model_367.pth

Train Epoch: 368 started
Train Epoch: 368, loss: 0.19817
Validation. Epoch: 368, loss: 0.9232, accuracy: 0.2370
Saved model to model-checkpoints/pointer_generator/french/low/model_368.pth

Train Epoch: 369 started
Train Epoch: 369, loss: 0.20075
Validation. Epoch: 369, loss: 0.9036, accuracy: 0.2360
Saved model to model-checkpoints/pointer_generator/french/low/model_369.pth

Train Epoch: 370 started
Train Epoch: 370, loss: 0.21496
Validation. Epoch: 370, loss: 0.8969, accuracy: 0.2420
Saved model to model-checkpoints/pointer_generator/french/low/model_370.pth

Train Epoch: 371 started
Train Epoch: 371, loss: 0.20578
Validation. Epoch: 371, loss: 0.9062, accuracy: 0.2420
Saved model to model-checkpoints/pointer_generator/french/low/model_371.pth

Train Epoch: 372 started
Train Epoch: 372, loss: 0.19996
Validation. Epoch: 372, loss: 0.9043, accuracy: 0.2250
Saved model to model-checkpoints/pointer_generator/french/low/model_372.pth

Train Epoch: 373 started
Train Epoch: 373, loss: 0.15997
Validation. Epoch: 373, loss: 0.9226, accuracy: 0.2300
Saved model to model-checkpoints/pointer_generator/french/low/model_373.pth

Train Epoch: 374 started
Train Epoch: 374, loss: 0.17527
Validation. Epoch: 374, loss: 0.9279, accuracy: 0.2250
Saved model to model-checkpoints/pointer_generator/french/low/model_374.pth

Train Epoch: 375 started
Train Epoch: 375, loss: 0.18333
Validation. Epoch: 375, loss: 0.9413, accuracy: 0.2250
Saved model to model-checkpoints/pointer_generator/french/low/model_375.pth

Train Epoch: 376 started
Train Epoch: 376, loss: 0.23137
Validation. Epoch: 376, loss: 0.9348, accuracy: 0.2370
Saved model to model-checkpoints/pointer_generator/french/low/model_376.pth

Train Epoch: 377 started
Train Epoch: 377, loss: 0.19627
Validation. Epoch: 377, loss: 0.9222, accuracy: 0.2300
Saved model to model-checkpoints/pointer_generator/french/low/model_377.pth

Train Epoch: 378 started
Train Epoch: 378, loss: 0.17554
Validation. Epoch: 378, loss: 0.9184, accuracy: 0.2300
Saved model to model-checkpoints/pointer_generator/french/low/model_378.pth

Train Epoch: 379 started
Train Epoch: 379, loss: 0.18737
Validation. Epoch: 379, loss: 0.9007, accuracy: 0.2340
Saved model to model-checkpoints/pointer_generator/french/low/model_379.pth

Train Epoch: 380 started
Train Epoch: 380, loss: 0.20536
Validation. Epoch: 380, loss: 0.8892, accuracy: 0.2490
Saved model to model-checkpoints/pointer_generator/french/low/model_380.pth

Train Epoch: 381 started
Train Epoch: 381, loss: 0.19405
Validation. Epoch: 381, loss: 0.8924, accuracy: 0.2530
Saved model to model-checkpoints/pointer_generator/french/low/model_381.pth

Train Epoch: 382 started
Train Epoch: 382, loss: 0.15808
Validation. Epoch: 382, loss: 0.8986, accuracy: 0.2520
Saved model to model-checkpoints/pointer_generator/french/low/model_382.pth

Train Epoch: 383 started
Train Epoch: 383, loss: 0.16660
Validation. Epoch: 383, loss: 0.9063, accuracy: 0.2520
Saved model to model-checkpoints/pointer_generator/french/low/model_383.pth

Train Epoch: 384 started
Train Epoch: 384, loss: 0.18016
Validation. Epoch: 384, loss: 0.9185, accuracy: 0.2390
Saved model to model-checkpoints/pointer_generator/french/low/model_384.pth

Train Epoch: 385 started
Train Epoch: 385, loss: 0.17170
Validation. Epoch: 385, loss: 0.9363, accuracy: 0.2340
Saved model to model-checkpoints/pointer_generator/french/low/model_385.pth

Train Epoch: 386 started
Train Epoch: 386, loss: 0.18895
Validation. Epoch: 386, loss: 0.9247, accuracy: 0.2360
Saved model to model-checkpoints/pointer_generator/french/low/model_386.pth

Train Epoch: 387 started
Train Epoch: 387, loss: 0.14299
Validation. Epoch: 387, loss: 0.9256, accuracy: 0.2290
Saved model to model-checkpoints/pointer_generator/french/low/model_387.pth

Train Epoch: 388 started
Train Epoch: 388, loss: 0.20359
Validation. Epoch: 388, loss: 0.9575, accuracy: 0.2320
Saved model to model-checkpoints/pointer_generator/french/low/model_388.pth

Train Epoch: 389 started
Train Epoch: 389, loss: 0.20713
Validation. Epoch: 389, loss: 0.9555, accuracy: 0.2210
Saved model to model-checkpoints/pointer_generator/french/low/model_389.pth

Train Epoch: 390 started
Train Epoch: 390, loss: 0.18115
Validation. Epoch: 390, loss: 0.9426, accuracy: 0.2020
Saved model to model-checkpoints/pointer_generator/french/low/model_390.pth

Train Epoch: 391 started
Train Epoch: 391, loss: 0.19349
Validation. Epoch: 391, loss: 0.9656, accuracy: 0.2270
Saved model to model-checkpoints/pointer_generator/french/low/model_391.pth

Train Epoch: 392 started
Train Epoch: 392, loss: 0.18907
Validation. Epoch: 392, loss: 0.9588, accuracy: 0.2440
Saved model to model-checkpoints/pointer_generator/french/low/model_392.pth

Train Epoch: 393 started
Train Epoch: 393, loss: 0.17715
Validation. Epoch: 393, loss: 0.9333, accuracy: 0.2400
Saved model to model-checkpoints/pointer_generator/french/low/model_393.pth

Train Epoch: 394 started
Train Epoch: 394, loss: 0.18125
Validation. Epoch: 394, loss: 0.9193, accuracy: 0.2240
Saved model to model-checkpoints/pointer_generator/french/low/model_394.pth

Train Epoch: 395 started
Train Epoch: 395, loss: 0.16715
Validation. Epoch: 395, loss: 0.9221, accuracy: 0.2200
Saved model to model-checkpoints/pointer_generator/french/low/model_395.pth

Train Epoch: 396 started
Train Epoch: 396, loss: 0.19178
Validation. Epoch: 396, loss: 0.9117, accuracy: 0.2640
Saved model to model-checkpoints/pointer_generator/french/low/model_396.pth

Train Epoch: 397 started
Train Epoch: 397, loss: 0.15387
Validation. Epoch: 397, loss: 0.9316, accuracy: 0.2610
Saved model to model-checkpoints/pointer_generator/french/low/model_397.pth

Train Epoch: 398 started
Train Epoch: 398, loss: 0.20052
Validation. Epoch: 398, loss: 0.9194, accuracy: 0.2570
Saved model to model-checkpoints/pointer_generator/french/low/model_398.pth

Train Epoch: 399 started
Train Epoch: 399, loss: 0.17438
Validation. Epoch: 399, loss: 0.9213, accuracy: 0.2290
Saved model to model-checkpoints/pointer_generator/french/low/model_399.pth

Train Epoch: 400 started
Train Epoch: 400, loss: 0.18839
Validation. Epoch: 400, loss: 0.9345, accuracy: 0.2310
Saved model to model-checkpoints/pointer_generator/french/low/model_400.pth

Finished training, best model on validation set:  263
